! 0
{"type":"contests","id":"cd00","op":"create","data":{"id":"3","name":"test","formal_name":"test","start_time":"2021-07-07T19:06:01.000-05","duration":"-449:02:48.296","penalty_time":20}}
{"type":"judgement-types","id":"cd01","op":"create","data":{"id":"AC","name":"correct","penalty":false,"solved":true}}
{"type":"judgement-types","id":"cd02","op":"create","data":{"id":"CE","name":"compiler error","penalty":true,"solved":false}}
{"type":"judgement-types","id":"cd03","op":"create","data":{"id":"MLE","name":"memory limit","penalty":true,"solved":false}}
{"type":"judgement-types","id":"cd04","op":"create","data":{"id":"NO","name":"no output","penalty":true,"solved":false}}
{"type":"judgement-types","id":"cd05","op":"create","data":{"id":"OLE","name":"output limit","penalty":true,"solved":false}}
{"type":"judgement-types","id":"cd06","op":"create","data":{"id":"PE","name":"presentation error","penalty":true,"solved":false}}
{"type":"judgement-types","id":"cd07","op":"create","data":{"id":"RTE","name":"run error","penalty":true,"solved":false}}
{"type":"judgement-types","id":"cd08","op":"create","data":{"id":"TLE","name":"timelimit","penalty":true,"solved":false}}
{"type":"judgement-types","id":"cd09","op":"create","data":{"id":"WA","name":"wrong answer","penalty":true,"solved":false}}
{"type":"languages","id":"cd010","op":"create","data":{"id":"c","name":"C"}}
{"type":"languages","id":"cd011","op":"create","data":{"id":"cpp","name":"C++"}}
{"type":"languages","id":"cd012","op":"create","data":{"id":"csharp","name":"C#"}}
{"type":"languages","id":"cd013","op":"create","data":{"id":"java","name":"Java"}}
{"type":"languages","id":"cd014","op":"create","data":{"id":"pl","name":"Perl"}}
{"type":"languages","id":"cd015","op":"create","data":{"id":"python3","name":"Python 3"}}
{"type":"languages","id":"cd016","op":"create","data":{"id":"sh","name":"POSIX shell"}}
{"type":"problems","id":"cd017","op":"create","data":{"id":"1","label":"A","name":"Hello World","ordinal":0,"test_data_count":1,"time_limit":5}}
{"type":"problems","id":"cd018","op":"create","data":{"id":"2","label":"b","name":"Float special compare test","ordinal":1,"test_data_count":3,"time_limit":5}}
{"type":"problems","id":"cd019","op":"create","data":{"id":"3","label":"c","name":"Boolean switch search","ordinal":2,"test_data_count":1,"time_limit":5}}
{"type":"groups","id":"cd020","op":"create","data":{"id":"1","icpc_id":"1","name":"System","hidden":true}}
{"type":"groups","id":"cd021","op":"create","data":{"id":"2","icpc_id":"2","name":"Self-Registered"}}
{"type":"groups","id":"cd022","op":"create","data":{"id":"3","icpc_id":"3","name":"Participants"}}
{"type":"groups","id":"cd023","op":"create","data":{"id":"4","icpc_id":"4","name":"Observers"}}
{"type":"groups","id":"cd024","op":"create","data":{"id":"5","icpc_id":"5","name":"Organisation","hidden":true}}
{"type":"organizations","id":"cd025","op":"create","data":{"id":"3","icpc_id":"3","name":"UECCI","formal_name":"GPC - UNIECCI","country":"COL"}}
{"type":"teams","id":"cd026","op":"create","data":{"id":"1","name":"DOMjudge","group_ids":["1"]}}
{"type":"teams","id":"cd027","op":"create","data":{"id":"2","name":"Example teamname","group_ids":["3"]}}
{"type":"teams","id":"cd028","op":"create","data":{"id":"3","name":"ARTEMISA","group_ids":["3"],"organization_id":"3"}}
{"type":"state","id":"cd029","op":"create","data":{"started":null,"ended":null,"finalized":null,"end_of_updates":null}}
{"type":"state","id":"cd030","op":"update","data":{"started":"2021-07-07T12:32:56.000-05","ended":null,"finalized":null,"end_of_updates":null}}
{"type":"contests","id":"cd031","op":"update","data":{"id":"3","name":"test","formal_name":"test","start_time":"2021-07-07T12:32:56.000-05","duration":"-442:29:43.296","penalty_time":20}}
{"type":"start-status","id":"cd032","op":"create","data":{"id":"Security","label":"Security","status":0}}
{"type":"start-status","id":"cd033","op":"create","data":{"id":"Sysops","label":"Sysops","status":0}}
{"type":"start-status","id":"cd034","op":"create","data":{"id":"Judges","label":"Judges","status":0}}
{"type":"start-status","id":"cd035","op":"create","data":{"id":"Contest Control","label":"Contest Control","status":0}}
{"type":"start-status","id":"cd036","op":"create","data":{"id":"Executive Director","label":"Executive Director","status":0}}
{"type":"start-status","id":"cd037","op":"create","data":{"id":"Marshalls","label":"Marshalls","status":0}}
{"type":"start-status","id":"cd038","op":"create","data":{"id":"Network Control","label":"Network Control","status":0}}
{"type":"start-status","id":"cd039","op":"create","data":{"id":"Operations","label":"Operations","status":0}}
{"type":"start-status","id":"cd040","op":"create","data":{"id":"Contest Director","label":"Contest Director","status":0}}
{"type":"state","id":"cd041","op":"update","data":{"started":"2021-07-07T12:32:56.000-05","ended":null,"frozen":"2021-07-07T13:03:12.000-05","finalized":null,"end_of_updates":null}}
{"type":"state","id":"cd042","op":"update","data":{"started":"2021-07-07T12:32:56.000-05","ended":"2021-07-07T13:04:09.000-05","frozen":"2021-07-07T13:03:12.000-05","finalized":null,"end_of_updates":null}}
{"type":"contests","id":"cd043","op":"update","data":{"id":"3","name":"test","formal_name":"test","start_time":"2021-07-07T12:32:56.000-05","duration":"0:31:13.000","scoreboard_freeze_duration":"0:00:57.000","penalty_time":20}}
{"type":"state","id":"cd044","op":"update","data":{"started":"2021-07-07T12:32:56.000-05","ended":"2021-07-07T13:04:09.000-05","frozen":"2021-07-07T13:03:12.000-05","thawed":"2021-07-07T13:05:05.000-05","finalized":null,"end_of_updates":null}}
{"type":"state","id":"cd045","op":"update","data":{"started":"2021-07-07T12:32:56.000-05","ended":"2021-07-07T13:04:09.000-05","frozen":"2021-07-07T13:03:12.000-05","thawed":"2021-07-07T13:05:05.000-05","finalized":"2021-07-07T13:05:10.845-05","end_of_updates":null}}
{"type":"state","id":"cd046","op":"update","data":{"started":"2021-07-07T12:32:56.000-05","ended":"2021-07-07T13:04:09.000-05","frozen":"2021-07-07T13:03:12.000-05","thawed":"2021-07-07T13:05:05.000-05","finalized":"2021-07-07T13:05:10.845-05","end_of_updates":"2021-07-07T13:05:10.845-05"}}
{"type":"awards","id":"cd047","op":"create","data":{"id":"gold-medal","citation":"Gold Medalist","team_ids":["3","2"],"count":4}}
{"type":"awards","id":"cd048","op":"create","data":{"id":"silver-medal","count":4}}
{"type":"awards","id":"cd049","op":"create","data":{"id":"bronze-medal","count":4}}
{"type":"awards","id":"cd050","op":"create","data":{"id":"group-winner-2","team_ids":[]}}
{"type":"awards","id":"cd051","op":"create","data":{"id":"group-winner-3","team_ids":[]}}
{"type":"awards","id":"cd052","op":"create","data":{"id":"group-winner-4","team_ids":[]}}
{"type":"awards","id":"cd053","op":"create","data":{"id":"first-to-solve-1","team_ids":[]}}
{"type":"awards","id":"cd054","op":"create","data":{"id":"first-to-solve-2","team_ids":[]}}
{"type":"awards","id":"cd055","op":"create","data":{"id":"first-to-solve-3","team_ids":[]}}

!Connection closed normally after event cd055
