---- ICPC Resolver (2.3.491) ----
OS:  Windows 10 (amd64/10.0)
JRE: Oracle Corporation (12.0.2)
Folder: C:\Users\diego\Documents\DomJudge\resolver
Host: ROCA12ULTRA / 192.168.0.3
Locale/TZ: es_CO / hora estándar de Colombia
Args: https://localhost:8443/api/contests/3/ admin adm1n --presenter --test 
Log started 2021.07.07 13:04.15

2021.07.07 13:04.15 I Option found: --presenter 
2021.07.07 13:04.15 I Option found: --test 
2021.07.07 13:04.16 I Contest source verified
2021.07.07 13:04.16 I Loading from RESTContestSource[admin|adm1n@https://localhost:8443/api/contests/3]
2021.07.07 13:04.16 I Contest source verified
2021.07.07 13:04.16 I Loading contest from RESTContestSource[admin|adm1n@https://localhost:8443/api/contests/3]
2021.07.07 13:04.16 I Checking feed cache: C:\Users\diego\Documents\DomJudge\resolver\logs\events-3-admin.log
2021.07.07 13:04.16 I First comment: ! 0
2021.07.07 13:04.16 I Found feed cache up to event id: cdM40
2021.07.07 13:04.16 W Contest has been reset! Throwing out cache and reconnecting
2021.07.07 13:04.16 E Error reading event feed: Contest has been reset
2021.07.07 13:04.16 I Waiting to reconnect
2021.07.07 13:04.21 I Checking feed cache: C:\Users\diego\Documents\DomJudge\resolver\logs\events-3-admin.log
2021.07.07 13:04.21 I First comment: null
2021.07.07 13:04.21 I Found feed cache up to event id: null
2021.07.07 13:04.22 I Reading feed cache
2021.07.07 13:04.22 I Done reading feed cache
2021.07.07 13:04.28 I Removing 0 invalid submissions
2021.07.07 13:04.28 W Test mode active, 0 unjudged submissions discarded.
2021.07.07 13:04.28 W Contest is not valid. Run "eventFeed --validate" for details
2021.07.07 13:04.28 Scoreboard written to C:\Users\diego\Documents\DomJudge\resolver\logs\scoreboard.json
2021.07.07 13:04.28 I Checking for predetermined steps
2021.07.07 13:04.28 I Download https://localhost:8443/api/resolver.tsv to C:\Users\diego\AppData\Local\Temp\org.icpc.tools.cache.localhostapicontests3\resolver.tsv (200) (9.9kb in 55ms)
2021.07.07 13:04.28 I Predetermined steps found in C:\Users\diego\AppData\Local\Temp\org.icpc.tools.cache.localhostapicontests3\resolver.tsv
2021.07.07 13:04.28 I Initializing resolver...
2021.07.07 13:04.28 Generating awards
