---- ICPC Resolver (2.3.491) ----
OS:  Windows 10 (amd64/10.0)
JRE: Oracle Corporation (12.0.2)
Folder: C:\Users\diego\Documents\DomJudge\resolver
Host: ROCA12ULTRA / 192.168.0.3
Locale/TZ: es_CO / hora estándar de Colombia
Args: https://localhost:8443/api/contests/3/ admin adm1n --presenter --test 
Log started 2021.07.07 13:05.16

2021.07.07 13:05.16 I Option found: --presenter 
2021.07.07 13:05.16 I Option found: --test 
2021.07.07 13:05.17 I Contest source verified
2021.07.07 13:05.17 I Loading from RESTContestSource[admin|adm1n@https://localhost:8443/api/contests/3]
2021.07.07 13:05.17 I Contest source verified
2021.07.07 13:05.17 I Loading contest from RESTContestSource[admin|adm1n@https://localhost:8443/api/contests/3]
2021.07.07 13:05.17 I Checking feed cache: C:\Users\diego\Documents\DomJudge\resolver\logs\events-3-admin.log
2021.07.07 13:05.17 I First comment: ! 0
2021.07.07 13:05.17 I Found feed cache up to event id: cdX43
2021.07.07 13:05.17 W Contest has been reset! Throwing out cache and reconnecting
2021.07.07 13:05.17 E Error reading event feed: Contest has been reset
2021.07.07 13:05.17 I Waiting to reconnect
2021.07.07 13:05.22 I Checking feed cache: C:\Users\diego\Documents\DomJudge\resolver\logs\events-3-admin.log
2021.07.07 13:05.22 I First comment: null
2021.07.07 13:05.22 I Found feed cache up to event id: null
2021.07.07 13:05.23 I Reading feed cache
2021.07.07 13:05.23 I Done reading feed cache
2021.07.07 13:05.23 I Contest loaded
2021.07.07 13:05.23 E Test mode cannot be used on contests that are done updating.
