---- ICPC Resolver (2.3.491) ----
OS:  Windows 10 (amd64/10.0)
JRE: Oracle Corporation (12.0.2)
Folder: C:\Users\diego\Documents\DomJudge\resolver
Host: ROCA12ULTRA / 192.168.0.3
Locale/TZ: es_CO / hora estándar de Colombia
Args: https://localhost:8443/api/contests/3/ admin adm1n --client --test 
Log started 2021.07.07 13:07.44

2021.07.07 13:07.44 I Option found: --client 
2021.07.07 13:07.44 I Option found: --test 
2021.07.07 13:07.45 I Contest source verified
2021.07.07 13:07.45 I Loading from RESTContestSource[admin|adm1n@https://localhost:8443/api/contests/3]
2021.07.07 13:07.45 I Contest source verified
2021.07.07 13:07.45 I Loading contest from RESTContestSource[admin|adm1n@https://localhost:8443/api/contests/3]
2021.07.07 13:07.45 I Checking feed cache: C:\Users\diego\Documents\DomJudge\resolver\logs\events-3-admin.log
2021.07.07 13:07.45 I First comment: ! 0
2021.07.07 13:07.45 I Found feed cache up to event id: cd[46
2021.07.07 13:07.45 W Contest has been reset! Throwing out cache and reconnecting
2021.07.07 13:07.45 E Error reading event feed: Contest has been reset
2021.07.07 13:07.45 I Waiting to reconnect
2021.07.07 13:07.50 I Checking feed cache: C:\Users\diego\Documents\DomJudge\resolver\logs\events-3-admin.log
2021.07.07 13:07.50 I First comment: null
2021.07.07 13:07.50 I Found feed cache up to event id: null
2021.07.07 13:07.51 I Reading feed cache
2021.07.07 13:07.51 I Done reading feed cache
2021.07.07 13:07.51 I Contest loaded
2021.07.07 13:08.01 E Test mode cannot be used on contests that are done updating.
