---- ICPC Presentation Client (2.3.491) ----
OS:  Windows 10 (amd64/10.0)
JRE: Oracle Corporation (12.0.2)
Folder: C:\Users\diego\Documents\DomJudge\presentations
Host: ROCA12ULTRA / 192.168.0.3
Locale/TZ: es_CO / hora estándar de Colombia
Args: https://192.168.0.3:8443/api/contests/5/ presentation presentat1on 
Log started 2021.07.07 14:02.14

2021.07.07 14:02.15 I Contest source verified
2021.07.07 14:02.15 I Download https://192.168.0.3:8443/presentation/ to C:\Users\diego\AppData\Local\Temp\org.icpc.tools.cache.19216803apicontests5\presentation\listing.dir (200) (7.8kb in 144ms)
2021.07.07 14:02.15 I Updates found on CDS: 1
2021.07.07 14:02.15 I Version check: 2.3.491 (local) vs 2.3.491 (remote)
2021.07.07 14:02.15 I Display 1 found, modes:
2021.07.07 14:02.16 I    1366x768 @ 60hz in 32bit
2021.07.07 14:02.16 I    1280x720 @ 60hz in 32bit
2021.07.07 14:02.16 I    1024x768 @ 60hz in 32bit
2021.07.07 14:02.16 I    800x600 @ 60hz in 32bit
2021.07.07 14:02.16 I    640x480 @ 60hz in 32bit
2021.07.07 14:02.16 I    Config: false, true, true, DirectColorModel
2021.07.07 14:02.16 I Display 2 found, modes:
2021.07.07 14:02.16 I    1920x1080 @ 75hz in 32bit
2021.07.07 14:02.16 I    1920x1080 @ 60hz in 32bit
2021.07.07 14:02.16 I    1920x1080 @ 59hz in 32bit
2021.07.07 14:02.16 I    1920x1080 @ 50hz in 32bit
2021.07.07 14:02.16 I    1680x1050 @ 75hz in 32bit
2021.07.07 14:02.16 I    1680x1050 @ 60hz in 32bit
2021.07.07 14:02.16 I    1600x900 @ 75hz in 32bit
2021.07.07 14:02.16 I    1600x900 @ 60hz in 32bit
2021.07.07 14:02.16 I    1440x900 @ 75hz in 32bit
2021.07.07 14:02.16 I    1440x900 @ 60hz in 32bit
2021.07.07 14:02.16 I    1366x768 @ 75hz in 32bit
2021.07.07 14:02.16 I    1366x768 @ 60hz in 32bit
2021.07.07 14:02.16 I    1280x1024 @ 75hz in 32bit
2021.07.07 14:02.16 I    1280x1024 @ 60hz in 32bit
2021.07.07 14:02.16 I    1280x800 @ 75hz in 32bit
2021.07.07 14:02.16 I    1280x800 @ 60hz in 32bit
2021.07.07 14:02.16 I    1280x720 @ 75hz in 32bit
2021.07.07 14:02.16 I    1280x720 @ 60hz in 32bit
2021.07.07 14:02.16 I    1280x720 @ 59hz in 32bit
2021.07.07 14:02.16 I    1280x720 @ 50hz in 32bit
2021.07.07 14:02.16 I    1024x768 @ 75hz in 32bit
2021.07.07 14:02.16 I    1024x768 @ 60hz in 32bit
2021.07.07 14:02.16 I    800x600 @ 75hz in 32bit
2021.07.07 14:02.16 I    800x600 @ 60hz in 32bit
2021.07.07 14:02.16 I    720x576 @ 75hz in 32bit
2021.07.07 14:02.16 I    720x576 @ 60hz in 32bit
2021.07.07 14:02.16 I    720x576 @ 59hz in 32bit
2021.07.07 14:02.16 I    720x576 @ 50hz in 32bit
2021.07.07 14:02.16 I    720x480 @ 75hz in 32bit
2021.07.07 14:02.16 I    720x480 @ 60hz in 32bit
2021.07.07 14:02.16 I    720x480 @ 59hz in 32bit
2021.07.07 14:02.16 I    720x400 @ 75hz in 32bit
2021.07.07 14:02.16 I    720x400 @ 70hz in 32bit
2021.07.07 14:02.16 I    720x400 @ 60hz in 32bit
2021.07.07 14:02.16 I    720x400 @ 59hz in 32bit
2021.07.07 14:02.16 I    640x480 @ 75hz in 32bit
2021.07.07 14:02.16 I    640x480 @ 60hz in 32bit
2021.07.07 14:02.16 I    640x480 @ 59hz in 32bit
2021.07.07 14:02.16 I    Config: false, true, true, DirectColorModel
2021.07.07 14:02.16 I Presentation Client [192.168.0.3] connecting to RESTContestSource[presentation|presentat1on@https://192.168.0.3:8443/api/contests/5]
2021.07.07 14:02.16 192.168.0.3 connecting...
2021.07.07 14:02.16 192.168.0.3 connected
2021.07.07 14:02.16 I < {"type":"ping"}
2021.07.07 14:02.16 I > {"type":"ping"}
2021.07.07 14:02.16 I Applying display config DisplayConfig 1 (r=java.awt.Rectangle[x=1920,y=313,width=1366,height=768],in=java.awt.Insets[top=0,left=0,bottom=40,right=0])
2021.07.07 14:02.16 I > {"type":"info","source":"b833456f","width":1366,"height":768,"hidden":false,"display":"1w"}
2021.07.07 14:02.16 I > {"type":"info","source":"b833456f","client.type":"presentation","version":"2.3.491","os.name":"Windows 10","os.version...
2021.07.07 14:02.16 I > {"type":"info","source":"b833456f","presentation":null,"fps":0,"image":"/9j/4AAQSkZJRgABAgAAAQABAAD/2wBDAAgGBgcGBQgHBw...
2021.07.07 14:02.17 I < {"type":"ping"}
2021.07.07 14:02.17 I > {"type":"ping"}
2021.07.07 14:02.17 I < {"type":"ping"}
2021.07.07 14:02.17 I > {"type":"ping"}
2021.07.07 14:02.17 I < {"type":"time","time":1625684537516}
2021.07.07 14:02.17 I Nano time diff: 1625669661118
2021.07.07 14:02.17 I Nano time diff: 11
2021.07.07 14:02.17 I > {"type":"ping"}
2021.07.07 14:02.26 I > {"type":"info","source":"b833456f","presentation":null,"fps":0,"image":"/9j/4AAQSkZJRgABAgAAAQABAAD/2wBDAAgGBgcGBQgHBw...
2021.07.07 14:02.36 I < {"type":"properties","props":{"presentation":"1100|org.icpc.tools.presentation.contest.internal.presentations.BetterFi...
2021.07.07 14:02.36 presentation: 1100|org.icpc.tools.presentation.contest.internal.presentations.BetterFireworksPresentation
2021.07.07 14:02.36 I Attempting to load class: org.icpc.tools.presentation.contest.internal.presentations.BetterFireworksPresentation
2021.07.07 14:02.36 I Class loaded ok
2021.07.07 14:02.36 I New presentation plan now
2021.07.07 14:02.36 I Initializing presentation BetterFireworksPresentation
2021.07.07 14:02.36 I Building presentation plan
2021.07.07 14:02.36 I Building presentation plan
2021.07.07 14:02.36 I Next presentation plan: Presentation plan 1100 -> 9223372036854775807, 315360000000
  Segment [0 -> 315360000000, BetterFireworksPresentation > null > null, 0]
2021.07.07 14:02.36 I Switching presentation plans: null -> Presentation plan 1100 -> 9223372036854775807, 315360000000
  Segment [0 -> 315360000000, BetterFireworksPresentation > null > null, 0]
2021.07.07 14:02.36 I > {"type":"info","source":"b833456f","presentation":"BetterFireworksPresentation","fps":1,"image":"/9j/4AAQSkZJRgABAgAAA...
2021.07.07 14:02.40 I > {"type":"info","source":"b833456f","presentation":"BetterFireworksPresentation","fps":47,"image":"/9j/4AAQSkZJRgABAgAA...
2021.07.07 14:02.41 I < {"type":"ping"}
2021.07.07 14:02.41 I > {"type":"ping"}
2021.07.07 14:02.41 I < {"type":"properties","props":{"presentation":"1100|org.icpc.tools.presentation.contest.internal.presentations.ICPCTool...
2021.07.07 14:02.41 presentation: 1100|org.icpc.tools.presentation.contest.internal.presentations.ICPCToolsPresentation
2021.07.07 14:02.41 I Attempting to load class: org.icpc.tools.presentation.contest.internal.presentations.ICPCToolsPresentation
2021.07.07 14:02.41 I Class loaded ok
2021.07.07 14:02.41 I New presentation plan now
2021.07.07 14:02.41 I Initializing presentation ICPCToolsPresentation
2021.07.07 14:02.41 I Building presentation plan
2021.07.07 14:02.41 I Building presentation plan
2021.07.07 14:02.41 I Next presentation plan: Presentation plan 1100 -> 9223372036854775807, 10000
  Segment [0 -> 10000, ICPCToolsPresentation > null > null, 0]
2021.07.07 14:02.41 I Ending presentation plan: null
2021.07.07 14:02.41 I Switching presentation plans: null -> Presentation plan 1100 -> 9223372036854775807, 10000
  Segment [0 -> 10000, ICPCToolsPresentation > null > null, 0]
2021.07.07 14:02.44 I > {"type":"info","source":"b833456f","presentation":"ICPCToolsPresentation","fps":61,"image":"/9j/4AAQSkZJRgABAgAAAQABAA...
2021.07.07 14:02.47 I < {"type":"properties","props":{"presentation":"1100|org.icpc.tools.presentation.contest.internal.chart.JudgeQueueDepthC...
2021.07.07 14:02.47 presentation: 1100|org.icpc.tools.presentation.contest.internal.chart.JudgeQueueDepthChart
2021.07.07 14:02.47 I Attempting to load class: org.icpc.tools.presentation.contest.internal.chart.JudgeQueueDepthChart
2021.07.07 14:02.47 I Loading contest from RESTContestSource[presentation|presentat1on@https://192.168.0.3:8443/api/contests/5]
2021.07.07 14:02.47 I Checking feed cache: C:\Users\diego\Documents\DomJudge\presentations\logs\events-5-presentation.log
2021.07.07 14:02.47 I First comment: ! 0
2021.07.07 14:02.47 I Found feed cache up to event id: cdR35
2021.07.07 14:02.48 I > {"type":"info","source":"b833456f","presentation":"ICPCToolsPresentation","fps":62,"image":"/9j/4AAQSkZJRgABAgAAAQABAA...
2021.07.07 14:02.48 I Reading feed cache
2021.07.07 14:02.48 I Done reading feed cache
2021.07.07 14:02.49 I Contest buffering: 2.36
2021.07.07 14:02.51 I Class loaded ok
2021.07.07 14:02.51 I New presentation plan now
2021.07.07 14:02.51 I Initializing presentation JudgeQueueDepthChart
2021.07.07 14:02.51 I Building presentation plan
2021.07.07 14:02.51 I Building presentation plan
2021.07.07 14:02.51 I Next presentation plan: Presentation plan 1100 -> 9223372036854775807, 15000
  Segment [0 -> 15000, JudgeQueueDepthChart > null > null, 0]
2021.07.07 14:02.51 I < {"type":"properties","props":{"presentation":"1100|org.icpc.tools.presentation.contest.internal.chart.HistoricalCompar...
2021.07.07 14:02.51 presentation: 1100|org.icpc.tools.presentation.contest.internal.chart.HistoricalComparisonChart
2021.07.07 14:02.51 I Attempting to load class: org.icpc.tools.presentation.contest.internal.chart.HistoricalComparisonChart
2021.07.07 14:02.51 I Ending presentation plan: null
2021.07.07 14:02.51 I Switching presentation plans: null -> Presentation plan 1100 -> 9223372036854775807, 15000
  Segment [0 -> 15000, JudgeQueueDepthChart > null > null, 0]
2021.07.07 14:02.51 I Class loaded ok
2021.07.07 14:02.51 I New presentation plan now
2021.07.07 14:02.51 I Initializing presentation HistoricalComparisonChart
2021.07.07 14:02.51 I Download https://192.168.0.3:8443/presentation/historical/events2013.json to C:\Users\diego\AppData\Local\Temp\org.icpc.tools.cache.19216803apicontests5\presentation\historical\events2013.json (404)
2021.07.07 14:02.51 E Error loading past contest
java.io.FileNotFoundException: C:\Users\diego\AppData\Local\Temp\org.icpc.tools.cache.19216803apicontests5\presentation\historical\events2013.json (El sistema no puede encontrar la ruta especificada)
	at java.base/java.io.FileInputStream.open0(Native Method)
	at java.base/java.io.FileInputStream.open(FileInputStream.java:213)
	at java.base/java.io.FileInputStream.<init>(FileInputStream.java:155)
	at org.icpc.tools.presentation.contest.internal.chart.HistoricalComparisonChart.init(HistoricalComparisonChart.java:67)
	at org.icpc.tools.presentation.core.internal.PresentationWindowImpl.setPresentations(PresentationWindowImpl.java:446)
	at org.icpc.tools.presentation.contest.internal.PresentationClient.setPresentations(PresentationClient.java:217)
	at org.icpc.tools.presentation.contest.internal.PresentationClient.handleProperty(PresentationClient.java:129)
	at org.icpc.tools.presentation.contest.internal.PresentationClient$3.propertyUpdated(PresentationClient.java:86)
	at org.icpc.tools.client.core.BasicClient.firePropertyChangedEvent(BasicClient.java:541)
	at org.icpc.tools.client.core.BasicClient.handleProperties(BasicClient.java:206)
	at org.icpc.tools.client.core.BasicClient.onMessage(BasicClient.java:700)
	at org.icpc.tools.client.core.BasicClient.access$000(BasicClient.java:45)
	at org.icpc.tools.client.core.BasicClient$WSClientEndpoint$1.onMessage(BasicClient.java:89)
	at org.icpc.tools.client.core.BasicClient$WSClientEndpoint$1.onMessage(BasicClient.java:85)
	at org.glassfish.tyrus.core.TyrusSession.notifyMessageHandlers(TyrusSession.java:559)
	at org.glassfish.tyrus.core.TyrusEndpointWrapper.onMessage(TyrusEndpointWrapper.java:855)
	at org.glassfish.tyrus.core.TyrusWebSocket.onMessage(TyrusWebSocket.java:196)
	at org.glassfish.tyrus.core.frame.TextFrame.respond(TextFrame.java:115)
	at org.glassfish.tyrus.core.ProtocolHandler.process(ProtocolHandler.java:819)
	at org.glassfish.tyrus.client.TyrusClientEngine$TyrusReadHandler.handle(TyrusClientEngine.java:724)
	at org.glassfish.tyrus.container.grizzly.client.GrizzlyClientFilter$ProcessTask.execute(GrizzlyClientFilter.java:452)
	at org.glassfish.tyrus.container.grizzly.client.TaskProcessor.processTask(TaskProcessor.java:91)
	at org.glassfish.tyrus.container.grizzly.client.TaskProcessor.processTask(TaskProcessor.java:68)
	at org.glassfish.tyrus.container.grizzly.client.GrizzlyClientFilter.handleRead(GrizzlyClientFilter.java:248)
	at org.glassfish.grizzly.filterchain.ExecutorResolver$9.execute(ExecutorResolver.java:119)
	at org.glassfish.grizzly.filterchain.DefaultFilterChain.executeFilter(DefaultFilterChain.java:283)
	at org.glassfish.grizzly.filterchain.DefaultFilterChain.executeChainPart(DefaultFilterChain.java:200)
	at org.glassfish.grizzly.filterchain.DefaultFilterChain.execute(DefaultFilterChain.java:132)
	at org.glassfish.grizzly.filterchain.DefaultFilterChain.process(DefaultFilterChain.java:111)
	at org.glassfish.grizzly.ProcessorExecutor.execute(ProcessorExecutor.java:77)
	at org.glassfish.grizzly.nio.transport.TCPNIOTransport.fireIOEvent(TCPNIOTransport.java:536)
	at org.glassfish.grizzly.strategies.AbstractIOStrategy.fireIOEvent(AbstractIOStrategy.java:112)
	at org.glassfish.grizzly.strategies.WorkerThreadIOStrategy.run0(WorkerThreadIOStrategy.java:117)
	at org.glassfish.grizzly.strategies.WorkerThreadIOStrategy.access$100(WorkerThreadIOStrategy.java:56)
	at org.glassfish.grizzly.strategies.WorkerThreadIOStrategy$WorkerThreadRunnable.run(WorkerThreadIOStrategy.java:137)
	at org.glassfish.grizzly.threadpool.AbstractThreadPool$Worker.doWork(AbstractThreadPool.java:591)
	at org.glassfish.grizzly.threadpool.AbstractThreadPool$Worker.run(AbstractThreadPool.java:571)
	at java.base/java.lang.Thread.run(Thread.java:835)
2021.07.07 14:02.51 I Download https://192.168.0.3:8443/presentation/historical/events2014.json to C:\Users\diego\AppData\Local\Temp\org.icpc.tools.cache.19216803apicontests5\presentation\historical\events2014.json (404)
Logging second instance of exception, will not log again
2021.07.07 14:02.51 E Error loading past contest
java.io.FileNotFoundException: C:\Users\diego\AppData\Local\Temp\org.icpc.tools.cache.19216803apicontests5\presentation\historical\events2014.json (El sistema no puede encontrar la ruta especificada)
	at java.base/java.io.FileInputStream.open0(Native Method)
	at java.base/java.io.FileInputStream.open(FileInputStream.java:213)
	at java.base/java.io.FileInputStream.<init>(FileInputStream.java:155)
	at org.icpc.tools.presentation.contest.internal.chart.HistoricalComparisonChart.init(HistoricalComparisonChart.java:67)
	at org.icpc.tools.presentation.core.internal.PresentationWindowImpl.setPresentations(PresentationWindowImpl.java:446)
	at org.icpc.tools.presentation.contest.internal.PresentationClient.setPresentations(PresentationClient.java:217)
	at org.icpc.tools.presentation.contest.internal.PresentationClient.handleProperty(PresentationClient.java:129)
	at org.icpc.tools.presentation.contest.internal.PresentationClient$3.propertyUpdated(PresentationClient.java:86)
	at org.icpc.tools.client.core.BasicClient.firePropertyChangedEvent(BasicClient.java:541)
	at org.icpc.tools.client.core.BasicClient.handleProperties(BasicClient.java:206)
	at org.icpc.tools.client.core.BasicClient.onMessage(BasicClient.java:700)
	at org.icpc.tools.client.core.BasicClient.access$000(BasicClient.java:45)
	at org.icpc.tools.client.core.BasicClient$WSClientEndpoint$1.onMessage(BasicClient.java:89)
	at org.icpc.tools.client.core.BasicClient$WSClientEndpoint$1.onMessage(BasicClient.java:85)
	at org.glassfish.tyrus.core.TyrusSession.notifyMessageHandlers(TyrusSession.java:559)
	at org.glassfish.tyrus.core.TyrusEndpointWrapper.onMessage(TyrusEndpointWrapper.java:855)
	at org.glassfish.tyrus.core.TyrusWebSocket.onMessage(TyrusWebSocket.java:196)
	at org.glassfish.tyrus.core.frame.TextFrame.respond(TextFrame.java:115)
	at org.glassfish.tyrus.core.ProtocolHandler.process(ProtocolHandler.java:819)
	at org.glassfish.tyrus.client.TyrusClientEngine$TyrusReadHandler.handle(TyrusClientEngine.java:724)
	at org.glassfish.tyrus.container.grizzly.client.GrizzlyClientFilter$ProcessTask.execute(GrizzlyClientFilter.java:452)
	at org.glassfish.tyrus.container.grizzly.client.TaskProcessor.processTask(TaskProcessor.java:91)
	at org.glassfish.tyrus.container.grizzly.client.TaskProcessor.processTask(TaskProcessor.java:68)
	at org.glassfish.tyrus.container.grizzly.client.GrizzlyClientFilter.handleRead(GrizzlyClientFilter.java:248)
	at org.glassfish.grizzly.filterchain.ExecutorResolver$9.execute(ExecutorResolver.java:119)
	at org.glassfish.grizzly.filterchain.DefaultFilterChain.executeFilter(DefaultFilterChain.java:283)
	at org.glassfish.grizzly.filterchain.DefaultFilterChain.executeChainPart(DefaultFilterChain.java:200)
	at org.glassfish.grizzly.filterchain.DefaultFilterChain.execute(DefaultFilterChain.java:132)
	at org.glassfish.grizzly.filterchain.DefaultFilterChain.process(DefaultFilterChain.java:111)
	at org.glassfish.grizzly.ProcessorExecutor.execute(ProcessorExecutor.java:77)
	at org.glassfish.grizzly.nio.transport.TCPNIOTransport.fireIOEvent(TCPNIOTransport.java:536)
	at org.glassfish.grizzly.strategies.AbstractIOStrategy.fireIOEvent(AbstractIOStrategy.java:112)
	at org.glassfish.grizzly.strategies.WorkerThreadIOStrategy.run0(WorkerThreadIOStrategy.java:117)
	at org.glassfish.grizzly.strategies.WorkerThreadIOStrategy.access$100(WorkerThreadIOStrategy.java:56)
	at org.glassfish.grizzly.strategies.WorkerThreadIOStrategy$WorkerThreadRunnable.run(WorkerThreadIOStrategy.java:137)
	at org.glassfish.grizzly.threadpool.AbstractThreadPool$Worker.doWork(AbstractThreadPool.java:591)
	at org.glassfish.grizzly.threadpool.AbstractThreadPool$Worker.run(AbstractThreadPool.java:571)
	at java.base/java.lang.Thread.run(Thread.java:835)
2021.07.07 14:02.51 I Download https://192.168.0.3:8443/presentation/historical/events2015.json to C:\Users\diego\AppData\Local\Temp\org.icpc.tools.cache.19216803apicontests5\presentation\historical\events2015.json (404)
2021.07.07 14:02.51 I Download https://192.168.0.3:8443/presentation/historical/events2016.json to C:\Users\diego\AppData\Local\Temp\org.icpc.tools.cache.19216803apicontests5\presentation\historical\events2016.json (404)
2021.07.07 14:02.51 I Building presentation plan
2021.07.07 14:02.51 I Building presentation plan
2021.07.07 14:02.51 I Next presentation plan: Presentation plan 1100 -> 9223372036854775807, 15000
  Segment [0 -> 15000, HistoricalComparisonChart > null > null, 0]
2021.07.07 14:02.51 I < {"type":"properties","props":{"presentation":"1100|org.icpc.tools.presentation.contest.internal.chart.JudgementChart"}...
2021.07.07 14:02.51 presentation: 1100|org.icpc.tools.presentation.contest.internal.chart.JudgementChart
2021.07.07 14:02.51 I Attempting to load class: org.icpc.tools.presentation.contest.internal.chart.JudgementChart
2021.07.07 14:02.51 I Class loaded ok
2021.07.07 14:02.51 I New presentation plan now
2021.07.07 14:02.51 I Initializing presentation JudgementChart
2021.07.07 14:02.51 I Building presentation plan
2021.07.07 14:02.51 I Building presentation plan
2021.07.07 14:02.51 I Next presentation plan: Presentation plan 1100 -> 9223372036854775807, 15000
  Segment [0 -> 15000, JudgementChart > null > null, 0]
2021.07.07 14:02.51 I < {"type":"properties","props":{"presentation":"1100|org.icpc.tools.presentation.contest.internal.chart.JudgementChart"}...
2021.07.07 14:02.51 presentation: 1100|org.icpc.tools.presentation.contest.internal.chart.JudgementChart
2021.07.07 14:02.51 I Attempting to load class: org.icpc.tools.presentation.contest.internal.chart.JudgementChart
2021.07.07 14:02.51 I Class loaded ok
2021.07.07 14:02.51 I New presentation plan now
2021.07.07 14:02.51 I Initializing presentation JudgementChart
2021.07.07 14:02.51 I Building presentation plan
2021.07.07 14:02.51 I Building presentation plan
2021.07.07 14:02.51 I Next presentation plan: Presentation plan 1100 -> 9223372036854775807, 15000
  Segment [0 -> 15000, JudgementChart > null > null, 0]
2021.07.07 14:02.51 I Ending presentation plan: null
2021.07.07 14:02.51 I Switching presentation plans: null -> Presentation plan 1100 -> 9223372036854775807, 15000
  Segment [0 -> 15000, JudgementChart > null > null, 0]
2021.07.07 14:02.52 I > {"type":"info","source":"b833456f","presentation":"JudgementChart","fps":29,"image":"/9j/4AAQSkZJRgABAgAAAQABAAD/2wBDA...
2021.07.07 14:02.56 I > {"type":"info","source":"b833456f","presentation":"JudgementChart","fps":62,"image":"/9j/4AAQSkZJRgABAgAAAQABAAD/2wBDA...
2021.07.07 14:03.00 I > {"type":"info","source":"b833456f","presentation":"JudgementChart","fps":62,"image":"/9j/4AAQSkZJRgABAgAAAQABAAD/2wBDA...
2021.07.07 14:03.04 I > {"type":"info","source":"b833456f","presentation":"JudgementChart","fps":61,"image":"/9j/4AAQSkZJRgABAgAAAQABAAD/2wBDA...
2021.07.07 14:03.08 I > {"type":"info","source":"b833456f","presentation":"JudgementChart","fps":63,"image":"/9j/4AAQSkZJRgABAgAAAQABAAD/2wBDA...
2021.07.07 14:03.11 I < {"type":"ping"}
2021.07.07 14:03.11 I > {"type":"ping"}
2021.07.07 14:03.12 I > {"type":"info","source":"b833456f","presentation":"JudgementChart","fps":62,"image":"/9j/4AAQSkZJRgABAgAAAQABAAD/2wBDA...
2021.07.07 14:03.16 I > {"type":"info","source":"b833456f","presentation":"JudgementChart","fps":61,"image":"/9j/4AAQSkZJRgABAgAAAQABAAD/2wBDA...
2021.07.07 14:03.20 I > {"type":"info","source":"b833456f","presentation":"JudgementChart","fps":62,"image":"/9j/4AAQSkZJRgABAgAAAQABAAD/2wBDA...
2021.07.07 14:03.24 I > {"type":"info","source":"b833456f","presentation":"JudgementChart","fps":64,"image":"/9j/4AAQSkZJRgABAgAAAQABAAD/2wBDA...
2021.07.07 14:03.28 I < {"type":"properties","props":{"presentation":"1100|org.icpc.tools.presentation.contest.internal.chart.TotalProblemsCha...
2021.07.07 14:03.28 presentation: 1100|org.icpc.tools.presentation.contest.internal.chart.TotalProblemsChart
2021.07.07 14:03.28 I Attempting to load class: org.icpc.tools.presentation.contest.internal.chart.TotalProblemsChart
2021.07.07 14:03.28 I Class loaded ok
2021.07.07 14:03.28 I New presentation plan now
2021.07.07 14:03.28 I Initializing presentation TotalProblemsChart
2021.07.07 14:03.28 I Building presentation plan
2021.07.07 14:03.28 I Building presentation plan
2021.07.07 14:03.28 I Next presentation plan: Presentation plan 1100 -> 9223372036854775807, 15000
  Segment [0 -> 15000, TotalProblemsChart > null > null, 0]
2021.07.07 14:03.28 I Ending presentation plan: null
2021.07.07 14:03.28 I Switching presentation plans: null -> Presentation plan 1100 -> 9223372036854775807, 15000
  Segment [0 -> 15000, TotalProblemsChart > null > null, 0]
2021.07.07 14:03.29 I > {"type":"info","source":"b833456f","presentation":"TotalProblemsChart","fps":63,"image":"/9j/4AAQSkZJRgABAgAAAQABAAD/2...
2021.07.07 14:03.31 I < {"type":"properties","props":{"presentation":"1100|org.icpc.tools.presentation.contest.internal.chart.ScoreboardChart"...
2021.07.07 14:03.31 presentation: 1100|org.icpc.tools.presentation.contest.internal.chart.ScoreboardChart
2021.07.07 14:03.31 I Attempting to load class: org.icpc.tools.presentation.contest.internal.chart.ScoreboardChart
2021.07.07 14:03.31 I Class loaded ok
2021.07.07 14:03.31 I New presentation plan now
2021.07.07 14:03.31 I Initializing presentation ScoreboardChart
2021.07.07 14:03.31 I Building presentation plan
2021.07.07 14:03.31 I Building presentation plan
2021.07.07 14:03.31 I Next presentation plan: Presentation plan 1100 -> 9223372036854775807, 15000
  Segment [0 -> 15000, ScoreboardChart > null > null, 0]
2021.07.07 14:03.31 I Ending presentation plan: null
2021.07.07 14:03.31 I Switching presentation plans: null -> Presentation plan 1100 -> 9223372036854775807, 15000
  Segment [0 -> 15000, ScoreboardChart > null > null, 0]
2021.07.07 14:03.33 I > {"type":"info","source":"b833456f","presentation":"ScoreboardChart","fps":62,"image":"/9j/4AAQSkZJRgABAgAAAQABAAD/2wBD...
2021.07.07 14:03.33 I < {"type":"properties","props":{"presentation":"1100|org.icpc.tools.presentation.contest.internal.chart.ProblemSummaryCh...
2021.07.07 14:03.33 presentation: 1100|org.icpc.tools.presentation.contest.internal.chart.ProblemSummaryChart
2021.07.07 14:03.33 I Attempting to load class: org.icpc.tools.presentation.contest.internal.chart.ProblemSummaryChart
2021.07.07 14:03.33 I Class loaded ok
2021.07.07 14:03.33 I New presentation plan now
2021.07.07 14:03.33 I Initializing presentation ProblemSummaryChart
2021.07.07 14:03.33 I Building presentation plan
2021.07.07 14:03.33 I Building presentation plan
2021.07.07 14:03.33 I Next presentation plan: Presentation plan 1100 -> 9223372036854775807, 15000
  Segment [0 -> 15000, ProblemSummaryChart > null > null, 0]
2021.07.07 14:03.33 I Ending presentation plan: null
2021.07.07 14:03.33 I Switching presentation plans: null -> Presentation plan 1100 -> 9223372036854775807, 15000
  Segment [0 -> 15000, ProblemSummaryChart > null > null, 0]
2021.07.07 14:03.36 I < {"type":"properties","props":{"presentation":"1100|org.icpc.tools.presentation.contest.internal.chart.ProblemDetailCha...
2021.07.07 14:03.36 presentation: 1100|org.icpc.tools.presentation.contest.internal.chart.ProblemDetailChart
2021.07.07 14:03.36 I Attempting to load class: org.icpc.tools.presentation.contest.internal.chart.ProblemDetailChart
2021.07.07 14:03.36 I Class loaded ok
2021.07.07 14:03.36 I New presentation plan now
2021.07.07 14:03.36 I Initializing presentation ProblemDetailChart
2021.07.07 14:03.36 I Building presentation plan
2021.07.07 14:03.36 I Building presentation plan
2021.07.07 14:03.36 I Next presentation plan: Presentation plan 1100 -> 9223372036854775807, 15000
  Segment [0 -> 15000, ProblemDetailChart > null > null, 0]
2021.07.07 14:03.36 I Ending presentation plan: null
2021.07.07 14:03.36 I Switching presentation plans: null -> Presentation plan 1100 -> 9223372036854775807, 15000
  Segment [0 -> 15000, ProblemDetailChart > null > null, 0]
2021.07.07 14:03.37 I > {"type":"info","source":"b833456f","presentation":"ProblemDetailChart","fps":62,"image":"/9j/4AAQSkZJRgABAgAAAQABAAD/2...
2021.07.07 14:03.38 I < {"type":"properties","props":{"presentation":"1100|org.icpc.tools.presentation.contest.internal.chart.ProblemCompariso...
2021.07.07 14:03.38 presentation: 1100|org.icpc.tools.presentation.contest.internal.chart.ProblemComparisonChart
2021.07.07 14:03.38 I Attempting to load class: org.icpc.tools.presentation.contest.internal.chart.ProblemComparisonChart
2021.07.07 14:03.38 I Class loaded ok
2021.07.07 14:03.38 I New presentation plan now
2021.07.07 14:03.38 I Initializing presentation ProblemComparisonChart
2021.07.07 14:03.38 I Building presentation plan
2021.07.07 14:03.38 I Building presentation plan
2021.07.07 14:03.38 I Next presentation plan: Presentation plan 1100 -> 9223372036854775807, 15000
  Segment [0 -> 15000, ProblemComparisonChart > null > null, 0]
2021.07.07 14:03.38 I Ending presentation plan: null
2021.07.07 14:03.38 I Switching presentation plans: null -> Presentation plan 1100 -> 9223372036854775807, 15000
  Segment [0 -> 15000, ProblemComparisonChart > null > null, 0]
2021.07.07 14:03.39 I < {"type":"properties","props":{"presentation":"1100|org.icpc.tools.presentation.contest.internal.chart.LanguageSummaryC...
2021.07.07 14:03.39 presentation: 1100|org.icpc.tools.presentation.contest.internal.chart.LanguageSummaryChart
2021.07.07 14:03.39 I Attempting to load class: org.icpc.tools.presentation.contest.internal.chart.LanguageSummaryChart
2021.07.07 14:03.39 I Class loaded ok
2021.07.07 14:03.39 I New presentation plan now
2021.07.07 14:03.39 I Initializing presentation LanguageSummaryChart
2021.07.07 14:03.39 I Building presentation plan
2021.07.07 14:03.39 I Building presentation plan
2021.07.07 14:03.39 I Next presentation plan: Presentation plan 1100 -> 9223372036854775807, 15000
  Segment [0 -> 15000, LanguageSummaryChart > null > null, 0]
2021.07.07 14:03.39 I Ending presentation plan: null
2021.07.07 14:03.39 I Switching presentation plans: null -> Presentation plan 1100 -> 9223372036854775807, 15000
  Segment [0 -> 15000, LanguageSummaryChart > null > null, 0]
2021.07.07 14:03.41 I < {"type":"ping"}
2021.07.07 14:03.41 I > {"type":"ping"}
2021.07.07 14:03.41 I > {"type":"info","source":"b833456f","presentation":"LanguageSummaryChart","fps":63,"image":"/9j/4AAQSkZJRgABAgAAAQABAAD...
2021.07.07 14:03.41 I < {"type":"properties","props":{"presentation":"1100|org.icpc.tools.presentation.contest.internal.chart.JudgementChart"}...
2021.07.07 14:03.41 presentation: 1100|org.icpc.tools.presentation.contest.internal.chart.JudgementChart
2021.07.07 14:03.41 I Attempting to load class: org.icpc.tools.presentation.contest.internal.chart.JudgementChart
2021.07.07 14:03.41 I Class loaded ok
2021.07.07 14:03.41 I New presentation plan now
2021.07.07 14:03.41 I Initializing presentation JudgementChart
2021.07.07 14:03.41 I Building presentation plan
2021.07.07 14:03.41 I Building presentation plan
2021.07.07 14:03.41 I Next presentation plan: Presentation plan 1100 -> 9223372036854775807, 15000
  Segment [0 -> 15000, JudgementChart > null > null, 0]
2021.07.07 14:03.41 I Ending presentation plan: null
2021.07.07 14:03.41 I Switching presentation plans: null -> Presentation plan 1100 -> 9223372036854775807, 15000
  Segment [0 -> 15000, JudgementChart > null > null, 0]
2021.07.07 14:03.42 I < {"type":"properties","props":{"presentation":"1100|org.icpc.tools.presentation.contest.internal.chart.JudgeQueueDepthC...
2021.07.07 14:03.42 presentation: 1100|org.icpc.tools.presentation.contest.internal.chart.JudgeQueueDepthChart
2021.07.07 14:03.42 I Attempting to load class: org.icpc.tools.presentation.contest.internal.chart.JudgeQueueDepthChart
2021.07.07 14:03.42 I Class loaded ok
2021.07.07 14:03.42 I New presentation plan now
2021.07.07 14:03.42 I Initializing presentation JudgeQueueDepthChart
2021.07.07 14:03.42 I Building presentation plan
2021.07.07 14:03.42 I Building presentation plan
2021.07.07 14:03.42 I Next presentation plan: Presentation plan 1100 -> 9223372036854775807, 15000
  Segment [0 -> 15000, JudgeQueueDepthChart > null > null, 0]
2021.07.07 14:03.42 I Ending presentation plan: null
2021.07.07 14:03.42 I Switching presentation plans: null -> Presentation plan 1100 -> 9223372036854775807, 15000
  Segment [0 -> 15000, JudgeQueueDepthChart > null > null, 0]
2021.07.07 14:03.43 I < {"type":"properties","props":{"presentation":"1100|org.icpc.tools.presentation.contest.internal.chart.HistoricalCompar...
2021.07.07 14:03.43 presentation: 1100|org.icpc.tools.presentation.contest.internal.chart.HistoricalComparisonChart
2021.07.07 14:03.43 I Attempting to load class: org.icpc.tools.presentation.contest.internal.chart.HistoricalComparisonChart
2021.07.07 14:03.43 I Class loaded ok
2021.07.07 14:03.43 I New presentation plan now
2021.07.07 14:03.43 I Initializing presentation HistoricalComparisonChart
2021.07.07 14:03.44 I Download https://192.168.0.3:8443/presentation/historical/events2013.json to C:\Users\diego\AppData\Local\Temp\org.icpc.tools.cache.19216803apicontests5\presentation\historical\events2013.json (404)
2021.07.07 14:03.44 I Download https://192.168.0.3:8443/presentation/historical/events2014.json to C:\Users\diego\AppData\Local\Temp\org.icpc.tools.cache.19216803apicontests5\presentation\historical\events2014.json (404)
2021.07.07 14:03.44 I Download https://192.168.0.3:8443/presentation/historical/events2015.json to C:\Users\diego\AppData\Local\Temp\org.icpc.tools.cache.19216803apicontests5\presentation\historical\events2015.json (404)
2021.07.07 14:03.44 I Download https://192.168.0.3:8443/presentation/historical/events2016.json to C:\Users\diego\AppData\Local\Temp\org.icpc.tools.cache.19216803apicontests5\presentation\historical\events2016.json (404)
2021.07.07 14:03.44 I Building presentation plan
2021.07.07 14:03.44 I Building presentation plan
2021.07.07 14:03.44 I Next presentation plan: Presentation plan 1100 -> 9223372036854775807, 15000
  Segment [0 -> 15000, HistoricalComparisonChart > null > null, 0]
2021.07.07 14:03.44 I Ending presentation plan: null
2021.07.07 14:03.44 I Switching presentation plans: null -> Presentation plan 1100 -> 9223372036854775807, 15000
  Segment [0 -> 15000, HistoricalComparisonChart > null > null, 0]
2021.07.07 14:03.45 I > {"type":"info","source":"b833456f","presentation":"HistoricalComparisonChart","fps":33,"image":"/9j/4AAQSkZJRgABAgAAAQ...
2021.07.07 14:03.45 I < {"type":"properties","props":{"presentation":"1100|org.icpc.tools.presentation.contest.internal.presentations.old.Floo...
2021.07.07 14:03.45 presentation: 1100|org.icpc.tools.presentation.contest.internal.presentations.old.FloorPresentation
2021.07.07 14:03.45 I Attempting to load class: org.icpc.tools.presentation.contest.internal.presentations.old.FloorPresentation
2021.07.07 14:03.45 I Class loaded ok
2021.07.07 14:03.45 I New presentation plan now
2021.07.07 14:03.45 I Initializing presentation FloorPresentation
2021.07.07 14:03.45 I Building presentation plan
2021.07.07 14:03.45 I Building presentation plan
2021.07.07 14:03.45 I Next presentation plan: Presentation plan 1100 -> 9223372036854775807, 315360000000
  Segment [0 -> 315360000000, FloorPresentation > null > null, 0]
2021.07.07 14:03.45 I Ending presentation plan: null
2021.07.07 14:03.45 I Switching presentation plans: null -> Presentation plan 1100 -> 9223372036854775807, 315360000000
  Segment [0 -> 315360000000, FloorPresentation > null > null, 0]
2021.07.07 14:03.45 E Error painting
java.lang.NullPointerException
	at org.icpc.tools.contest.model.FloorMap.drawFloor(FloorMap.java:693)
	at org.icpc.tools.presentation.contest.internal.presentations.old.FloorPresentation.paint(FloorPresentation.java:63)
	at org.icpc.tools.presentation.core.internal.PresentationWindowImpl.paintPresentations(PresentationWindowImpl.java:748)
	at org.icpc.tools.presentation.core.internal.PresentationWindowImpl.paintImpl(PresentationWindowImpl.java:817)
	at org.icpc.tools.presentation.core.internal.PresentationWindowImpl.paintImmediately(PresentationWindowImpl.java:870)
	at org.icpc.tools.presentation.core.internal.PresentationWindowImpl$2.run(PresentationWindowImpl.java:345)
2021.07.07 14:03.46 I < {"type":"properties","props":{"presentation":"1100|org.icpc.tools.presentation.contest.internal.presentations.floor.Co...
2021.07.07 14:03.46 presentation: 1100|org.icpc.tools.presentation.contest.internal.presentations.floor.ContestFloorPresentation
2021.07.07 14:03.46 I Attempting to load class: org.icpc.tools.presentation.contest.internal.presentations.floor.ContestFloorPresentation
2021.07.07 14:03.46 I Class loaded ok
2021.07.07 14:03.46 I New presentation plan now
2021.07.07 14:03.46 I Initializing presentation ContestFloorPresentation
2021.07.07 14:03.46 I Building presentation plan
2021.07.07 14:03.46 I Building presentation plan
2021.07.07 14:03.46 I Next presentation plan: Presentation plan 1100 -> 9223372036854775807, 4000
  Segment [0 -> 4000, ContestFloorPresentation > null > null, 0]
2021.07.07 14:03.46 I Ending presentation plan: null
2021.07.07 14:03.46 I Switching presentation plans: null -> Presentation plan 1100 -> 9223372036854775807, 4000
  Segment [0 -> 4000, ContestFloorPresentation > null > null, 0]
2021.07.07 14:03.55 I < {"type":"properties","props":{"presentation":"1100|org.icpc.tools.presentation.contest.internal.tile.TilePictureScoreb...
2021.07.07 14:03.55 presentation: 1100|org.icpc.tools.presentation.contest.internal.tile.TilePictureScoreboardPresentation
2021.07.07 14:03.55 I Attempting to load class: org.icpc.tools.presentation.contest.internal.tile.TilePictureScoreboardPresentation
2021.07.07 14:03.55 I Class loaded ok
2021.07.07 14:03.55 I New presentation plan now
2021.07.07 14:03.55 I Initializing presentation TilePictureScoreboardPresentation
2021.07.07 14:03.55 I Building presentation plan
2021.07.07 14:03.55 I Building presentation plan
2021.07.07 14:03.55 I Next presentation plan: Presentation plan 1100 -> 9223372036854775807, 315360000000
  Segment [0 -> 315360000000, TilePictureScoreboardPresentation > null > null, 0]
2021.07.07 14:03.55 I Ending presentation plan: null
2021.07.07 14:03.55 I Switching presentation plans: null -> Presentation plan 1100 -> 9223372036854775807, 315360000000
  Segment [0 -> 315360000000, TilePictureScoreboardPresentation > null > null, 0]
2021.07.07 14:03.57 I > {"type":"info","source":"b833456f","presentation":"TilePictureScoreboardPresentation","fps":55,"image":"/9j/4AAQSkZJRg...
2021.07.07 14:03.57 I < {"type":"properties","props":{"presentation":"1100|org.icpc.tools.presentation.contest.internal.tile.TileListScoreboar...
2021.07.07 14:03.57 presentation: 1100|org.icpc.tools.presentation.contest.internal.tile.TileListScoreboardPresentation
2021.07.07 14:03.57 I Attempting to load class: org.icpc.tools.presentation.contest.internal.tile.TileListScoreboardPresentation
2021.07.07 14:03.57 I Class loaded ok
2021.07.07 14:03.57 I New presentation plan now
2021.07.07 14:03.57 I Initializing presentation TileListScoreboardPresentation
2021.07.07 14:03.57 I Building presentation plan
2021.07.07 14:03.57 I Building presentation plan
2021.07.07 14:03.57 I Next presentation plan: Presentation plan 1100 -> 9223372036854775807, 14000
  Segment [0 -> 14000, TileListScoreboardPresentation > null > null, 0]
2021.07.07 14:03.57 I Ending presentation plan: null
2021.07.07 14:03.57 I Switching presentation plans: null -> Presentation plan 1100 -> 9223372036854775807, 14000
  Segment [0 -> 14000, TileListScoreboardPresentation > null > null, 0]
2021.07.07 14:04.01 I > {"type":"info","source":"b833456f","presentation":"TileListScoreboardPresentation","fps":63,"image":"/9j/4AAQSkZJRgABA...
2021.07.07 14:04.04 I < {"type":"properties","props":{"presentation":"1100|org.icpc.tools.presentation.contest.internal.tile.TileRankScoreboar...
2021.07.07 14:04.04 presentation: 1100|org.icpc.tools.presentation.contest.internal.tile.TileRankScoreboardPresentation
2021.07.07 14:04.04 I Attempting to load class: org.icpc.tools.presentation.contest.internal.tile.TileRankScoreboardPresentation
2021.07.07 14:04.04 I Class loaded ok
2021.07.07 14:04.04 I New presentation plan now
2021.07.07 14:04.04 I Initializing presentation TileRankScoreboardPresentation
2021.07.07 14:04.04 I Building presentation plan
2021.07.07 14:04.04 I Building presentation plan
2021.07.07 14:04.04 I Next presentation plan: Presentation plan 1100 -> 9223372036854775807, 7857
  Segment [0 -> 7857, TileRankScoreboardPresentation > null > null, 0]
2021.07.07 14:04.04 I Ending presentation plan: null
2021.07.07 14:04.04 I Switching presentation plans: null -> Presentation plan 1100 -> 9223372036854775807, 7857
  Segment [0 -> 7857, TileRankScoreboardPresentation > null > null, 0]
2021.07.07 14:04.05 I > {"type":"info","source":"b833456f","presentation":"TileRankScoreboardPresentation","fps":63,"image":"/9j/4AAQSkZJRgABA...
2021.07.07 14:04.06 I < {"type":"properties","props":{"presentation":"1100|org.icpc.tools.presentation.contest.internal.tile.TileScoreboardPre...
2021.07.07 14:04.06 presentation: 1100|org.icpc.tools.presentation.contest.internal.tile.TileScoreboardPresentation
2021.07.07 14:04.06 I Attempting to load class: org.icpc.tools.presentation.contest.internal.tile.TileScoreboardPresentation
2021.07.07 14:04.06 I Class loaded ok
2021.07.07 14:04.06 I New presentation plan now
2021.07.07 14:04.06 I Initializing presentation TileScoreboardPresentation
2021.07.07 14:04.06 I Building presentation plan
2021.07.07 14:04.06 I Building presentation plan
2021.07.07 14:04.06 I Next presentation plan: Presentation plan 1100 -> 9223372036854775807, 14000
  Segment [0 -> 14000, TileScoreboardPresentation > null > null, 0]
2021.07.07 14:04.06 I Ending presentation plan: null
2021.07.07 14:04.06 I Switching presentation plans: null -> Presentation plan 1100 -> 9223372036854775807, 14000
  Segment [0 -> 14000, TileScoreboardPresentation > null > null, 0]
2021.07.07 14:04.09 I > {"type":"info","source":"b833456f","presentation":"TileScoreboardPresentation","fps":62,"image":"/9j/4AAQSkZJRgABAgAAA...
2021.07.07 14:04.11 I < {"type":"ping"}
2021.07.07 14:04.11 I > {"type":"ping"}
2021.07.07 14:04.13 I > {"type":"info","source":"b833456f","presentation":"TileScoreboardPresentation","fps":62,"image":"/9j/4AAQSkZJRgABAgAAA...
2021.07.07 14:04.17 I > {"type":"info","source":"b833456f","presentation":"TileScoreboardPresentation","fps":61,"image":"/9j/4AAQSkZJRgABAgAAA...
2021.07.07 14:04.21 I > {"type":"info","source":"b833456f","presentation":"TileScoreboardPresentation","fps":61,"image":"/9j/4AAQSkZJRgABAgAAA...
2021.07.07 14:04.25 I > {"type":"info","source":"b833456f","presentation":"TileScoreboardPresentation","fps":61,"image":"/9j/4AAQSkZJRgABAgAAA...
2021.07.07 14:04.29 I > {"type":"info","source":"b833456f","presentation":"TileScoreboardPresentation","fps":61,"image":"/9j/4AAQSkZJRgABAgAAA...
2021.07.07 14:04.33 I > {"type":"info","source":"b833456f","presentation":"TileScoreboardPresentation","fps":61,"image":"/9j/4AAQSkZJRgABAgAAA...
2021.07.07 14:04.37 I > {"type":"info","source":"b833456f","presentation":"TileScoreboardPresentation","fps":61,"image":"/9j/4AAQSkZJRgABAgAAA...
2021.07.07 14:04.41 I < {"type":"ping"}
2021.07.07 14:04.41 I > {"type":"ping"}
2021.07.07 14:04.41 I > {"type":"info","source":"b833456f","presentation":"TileScoreboardPresentation","fps":61,"image":"/9j/4AAQSkZJRgABAgAAA...
2021.07.07 14:04.45 I > {"type":"info","source":"b833456f","presentation":"TileScoreboardPresentation","fps":61,"image":"/9j/4AAQSkZJRgABAgAAA...
2021.07.07 14:04.49 I > {"type":"info","source":"b833456f","presentation":"TileScoreboardPresentation","fps":61,"image":"/9j/4AAQSkZJRgABAgAAA...
2021.07.07 14:04.53 I > {"type":"info","source":"b833456f","presentation":"TileScoreboardPresentation","fps":61,"image":"/9j/4AAQSkZJRgABAgAAA...
2021.07.07 14:04.57 I > {"type":"info","source":"b833456f","presentation":"TileScoreboardPresentation","fps":61,"image":"/9j/4AAQSkZJRgABAgAAA...
2021.07.07 14:05.01 I > {"type":"info","source":"b833456f","presentation":"TileScoreboardPresentation","fps":61,"image":"/9j/4AAQSkZJRgABAgAAA...
2021.07.07 14:05.05 I > {"type":"info","source":"b833456f","presentation":"TileScoreboardPresentation","fps":61,"image":"/9j/4AAQSkZJRgABAgAAA...
2021.07.07 14:05.09 I > {"type":"info","source":"b833456f","presentation":"TileScoreboardPresentation","fps":61,"image":"/9j/4AAQSkZJRgABAgAAA...
2021.07.07 14:05.11 I < {"type":"ping"}
2021.07.07 14:05.11 I > {"type":"ping"}
2021.07.07 14:05.13 I > {"type":"info","source":"b833456f","presentation":"TileScoreboardPresentation","fps":61,"image":"/9j/4AAQSkZJRgABAgAAA...
2021.07.07 14:05.17 I > {"type":"info","source":"b833456f","presentation":"TileScoreboardPresentation","fps":61,"image":"/9j/4AAQSkZJRgABAgAAA...
2021.07.07 14:05.21 I > {"type":"info","source":"b833456f","presentation":"TileScoreboardPresentation","fps":61,"image":"/9j/4AAQSkZJRgABAgAAA...
2021.07.07 14:05.25 I > {"type":"info","source":"b833456f","presentation":"TileScoreboardPresentation","fps":61,"image":"/9j/4AAQSkZJRgABAgAAA...
2021.07.07 14:05.29 I > {"type":"info","source":"b833456f","presentation":"TileScoreboardPresentation","fps":62,"image":"/9j/4AAQSkZJRgABAgAAA...
2021.07.07 14:05.33 I > {"type":"info","source":"b833456f","presentation":"TileScoreboardPresentation","fps":61,"image":"/9j/4AAQSkZJRgABAgAAA...
2021.07.07 14:05.37 I > {"type":"info","source":"b833456f","presentation":"TileScoreboardPresentation","fps":61,"image":"/9j/4AAQSkZJRgABAgAAA...
2021.07.07 14:05.41 I < {"type":"ping"}
2021.07.07 14:05.41 I > {"type":"ping"}
2021.07.07 14:05.41 I > {"type":"info","source":"b833456f","presentation":"TileScoreboardPresentation","fps":61,"image":"/9j/4AAQSkZJRgABAgAAA...
2021.07.07 14:05.45 I > {"type":"info","source":"b833456f","presentation":"TileScoreboardPresentation","fps":62,"image":"/9j/4AAQSkZJRgABAgAAA...
2021.07.07 14:05.49 I > {"type":"info","source":"b833456f","presentation":"TileScoreboardPresentation","fps":62,"image":"/9j/4AAQSkZJRgABAgAAA...
2021.07.07 14:05.53 I > {"type":"info","source":"b833456f","presentation":"TileScoreboardPresentation","fps":62,"image":"/9j/4AAQSkZJRgABAgAAA...
2021.07.07 14:05.57 I > {"type":"info","source":"b833456f","presentation":"TileScoreboardPresentation","fps":62,"image":"/9j/4AAQSkZJRgABAgAAA...
2021.07.07 14:06.01 I > {"type":"info","source":"b833456f","presentation":"TileScoreboardPresentation","fps":61,"image":"/9j/4AAQSkZJRgABAgAAA...
2021.07.07 14:06.05 I > {"type":"info","source":"b833456f","presentation":"TileScoreboardPresentation","fps":62,"image":"/9j/4AAQSkZJRgABAgAAA...
2021.07.07 14:06.09 I > {"type":"info","source":"b833456f","presentation":"TileScoreboardPresentation","fps":62,"image":"/9j/4AAQSkZJRgABAgAAA...
2021.07.07 14:06.11 I < {"type":"ping"}
2021.07.07 14:06.11 I > {"type":"ping"}
2021.07.07 14:06.13 I > {"type":"info","source":"b833456f","presentation":"TileScoreboardPresentation","fps":62,"image":"/9j/4AAQSkZJRgABAgAAA...
2021.07.07 14:06.17 I > {"type":"info","source":"b833456f","presentation":"TileScoreboardPresentation","fps":62,"image":"/9j/4AAQSkZJRgABAgAAA...
2021.07.07 14:06.21 I > {"type":"info","source":"b833456f","presentation":"TileScoreboardPresentation","fps":62,"image":"/9j/4AAQSkZJRgABAgAAA...
2021.07.07 14:06.25 I > {"type":"info","source":"b833456f","presentation":"TileScoreboardPresentation","fps":62,"image":"/9j/4AAQSkZJRgABAgAAA...
2021.07.07 14:06.29 I > {"type":"info","source":"b833456f","presentation":"TileScoreboardPresentation","fps":61,"image":"/9j/4AAQSkZJRgABAgAAA...
2021.07.07 14:06.33 I > {"type":"info","source":"b833456f","presentation":"TileScoreboardPresentation","fps":62,"image":"/9j/4AAQSkZJRgABAgAAA...
2021.07.07 14:06.37 I > {"type":"info","source":"b833456f","presentation":"TileScoreboardPresentation","fps":62,"image":"/9j/4AAQSkZJRgABAgAAA...
2021.07.07 14:06.41 I < {"type":"ping"}
2021.07.07 14:06.41 I > {"type":"ping"}
2021.07.07 14:06.41 I > {"type":"info","source":"b833456f","presentation":"TileScoreboardPresentation","fps":62,"image":"/9j/4AAQSkZJRgABAgAAA...
2021.07.07 14:06.45 I > {"type":"info","source":"b833456f","presentation":"TileScoreboardPresentation","fps":61,"image":"/9j/4AAQSkZJRgABAgAAA...
2021.07.07 14:06.49 I > {"type":"info","source":"b833456f","presentation":"TileScoreboardPresentation","fps":61,"image":"/9j/4AAQSkZJRgABAgAAA...
2021.07.07 14:06.53 I > {"type":"info","source":"b833456f","presentation":"TileScoreboardPresentation","fps":62,"image":"/9j/4AAQSkZJRgABAgAAA...
2021.07.07 14:06.57 I > {"type":"info","source":"b833456f","presentation":"TileScoreboardPresentation","fps":61,"image":"/9j/4AAQSkZJRgABAgAAA...
2021.07.07 14:06.59 I < {"type":"properties","props":{"presentation":"1100|org.icpc.tools.presentation.contest.internal.chart.TotalProblemsCha...
2021.07.07 14:06.59 presentation: 1100|org.icpc.tools.presentation.contest.internal.chart.TotalProblemsChart
2021.07.07 14:06.59 I Attempting to load class: org.icpc.tools.presentation.contest.internal.chart.TotalProblemsChart
2021.07.07 14:06.59 I Class loaded ok
2021.07.07 14:06.59 I New presentation plan now
2021.07.07 14:06.59 I Initializing presentation TotalProblemsChart
2021.07.07 14:06.59 I Building presentation plan
2021.07.07 14:06.59 I Building presentation plan
2021.07.07 14:06.59 I Next presentation plan: Presentation plan 1100 -> 9223372036854775807, 15000
  Segment [0 -> 15000, TotalProblemsChart > null > null, 0]
2021.07.07 14:06.59 I Ending presentation plan: null
2021.07.07 14:06.59 I Switching presentation plans: null -> Presentation plan 1100 -> 9223372036854775807, 15000
  Segment [0 -> 15000, TotalProblemsChart > null > null, 0]
2021.07.07 14:07.01 I > {"type":"info","source":"b833456f","presentation":"TotalProblemsChart","fps":62,"image":"/9j/4AAQSkZJRgABAgAAAQABAAD/2...
2021.07.07 14:07.05 I > {"type":"info","source":"b833456f","presentation":"TotalProblemsChart","fps":61,"image":"/9j/4AAQSkZJRgABAgAAAQABAAD/2...
2021.07.07 14:07.09 I > {"type":"info","source":"b833456f","presentation":"TotalProblemsChart","fps":62,"image":"/9j/4AAQSkZJRgABAgAAAQABAAD/2...
2021.07.07 14:07.11 I < {"type":"ping"}
2021.07.07 14:07.11 I > {"type":"ping"}
2021.07.07 14:07.13 I > {"type":"info","source":"b833456f","presentation":"TotalProblemsChart","fps":62,"image":"/9j/4AAQSkZJRgABAgAAAQABAAD/2...
2021.07.07 14:07.17 I > {"type":"info","source":"b833456f","presentation":"TotalProblemsChart","fps":62,"image":"/9j/4AAQSkZJRgABAgAAAQABAAD/2...
2021.07.07 14:07.21 I > {"type":"info","source":"b833456f","presentation":"TotalProblemsChart","fps":61,"image":"/9j/4AAQSkZJRgABAgAAAQABAAD/2...
2021.07.07 14:07.25 I > {"type":"info","source":"b833456f","presentation":"TotalProblemsChart","fps":62,"image":"/9j/4AAQSkZJRgABAgAAAQABAAD/2...
2021.07.07 14:07.29 I > {"type":"info","source":"b833456f","presentation":"TotalProblemsChart","fps":62,"image":"/9j/4AAQSkZJRgABAgAAAQABAAD/2...
2021.07.07 14:07.33 I > {"type":"info","source":"b833456f","presentation":"TotalProblemsChart","fps":62,"image":"/9j/4AAQSkZJRgABAgAAAQABAAD/2...
2021.07.07 14:07.37 I > {"type":"info","source":"b833456f","presentation":"TotalProblemsChart","fps":62,"image":"/9j/4AAQSkZJRgABAgAAAQABAAD/2...
2021.07.07 14:07.41 I < {"type":"ping"}
2021.07.07 14:07.41 I > {"type":"ping"}
2021.07.07 14:07.41 I > {"type":"info","source":"b833456f","presentation":"TotalProblemsChart","fps":62,"image":"/9j/4AAQSkZJRgABAgAAAQABAAD/2...
2021.07.07 14:07.45 I > {"type":"info","source":"b833456f","presentation":"TotalProblemsChart","fps":62,"image":"/9j/4AAQSkZJRgABAgAAAQABAAD/2...
2021.07.07 14:07.49 I > {"type":"info","source":"b833456f","presentation":"TotalProblemsChart","fps":62,"image":"/9j/4AAQSkZJRgABAgAAAQABAAD/2...
2021.07.07 14:07.53 I > {"type":"info","source":"b833456f","presentation":"TotalProblemsChart","fps":61,"image":"/9j/4AAQSkZJRgABAgAAAQABAAD/2...
2021.07.07 14:07.57 I > {"type":"info","source":"b833456f","presentation":"TotalProblemsChart","fps":62,"image":"/9j/4AAQSkZJRgABAgAAAQABAAD/2...
2021.07.07 14:08.01 I > {"type":"info","source":"b833456f","presentation":"TotalProblemsChart","fps":62,"image":"/9j/4AAQSkZJRgABAgAAAQABAAD/2...
2021.07.07 14:08.05 I > {"type":"info","source":"b833456f","presentation":"TotalProblemsChart","fps":62,"image":"/9j/4AAQSkZJRgABAgAAAQABAAD/2...
2021.07.07 14:08.09 I > {"type":"info","source":"b833456f","presentation":"TotalProblemsChart","fps":62,"image":"/9j/4AAQSkZJRgABAgAAAQABAAD/2...
2021.07.07 14:08.11 I < {"type":"ping"}
2021.07.07 14:08.11 I > {"type":"ping"}
2021.07.07 14:08.13 I > {"type":"info","source":"b833456f","presentation":"TotalProblemsChart","fps":61,"image":"/9j/4AAQSkZJRgABAgAAAQABAAD/2...
2021.07.07 14:08.17 I > {"type":"info","source":"b833456f","presentation":"TotalProblemsChart","fps":62,"image":"/9j/4AAQSkZJRgABAgAAAQABAAD/2...
2021.07.07 14:08.21 I > {"type":"info","source":"b833456f","presentation":"TotalProblemsChart","fps":62,"image":"/9j/4AAQSkZJRgABAgAAAQABAAD/2...
2021.07.07 14:08.25 I > {"type":"info","source":"b833456f","presentation":"TotalProblemsChart","fps":62,"image":"/9j/4AAQSkZJRgABAgAAAQABAAD/2...
2021.07.07 14:08.29 I > {"type":"info","source":"b833456f","presentation":"TotalProblemsChart","fps":62,"image":"/9j/4AAQSkZJRgABAgAAAQABAAD/2...
2021.07.07 14:08.33 I > {"type":"info","source":"b833456f","presentation":"TotalProblemsChart","fps":62,"image":"/9j/4AAQSkZJRgABAgAAAQABAAD/2...
2021.07.07 14:08.37 I > {"type":"info","source":"b833456f","presentation":"TotalProblemsChart","fps":61,"image":"/9j/4AAQSkZJRgABAgAAAQABAAD/2...
2021.07.07 14:08.41 I < {"type":"ping"}
2021.07.07 14:08.41 I > {"type":"ping"}
2021.07.07 14:08.41 I > {"type":"info","source":"b833456f","presentation":"TotalProblemsChart","fps":62,"image":"/9j/4AAQSkZJRgABAgAAAQABAAD/2...
2021.07.07 14:08.45 I > {"type":"info","source":"b833456f","presentation":"TotalProblemsChart","fps":61,"image":"/9j/4AAQSkZJRgABAgAAAQABAAD/2...
2021.07.07 14:08.49 I > {"type":"info","source":"b833456f","presentation":"TotalProblemsChart","fps":62,"image":"/9j/4AAQSkZJRgABAgAAAQABAAD/2...
2021.07.07 14:08.51 I < {"type":"properties","props":{"presentation":"1100|org.icpc.tools.presentation.contest.internal.presentations.BillPres...
2021.07.07 14:08.51 presentation: 1100|org.icpc.tools.presentation.contest.internal.presentations.BillPresentation
2021.07.07 14:08.51 I Attempting to load class: org.icpc.tools.presentation.contest.internal.presentations.BillPresentation
2021.07.07 14:08.51 I Class loaded ok
2021.07.07 14:08.51 I New presentation plan now
2021.07.07 14:08.51 I Initializing presentation BillPresentation
2021.07.07 14:08.51 I Building presentation plan
2021.07.07 14:08.51 I Building presentation plan
2021.07.07 14:08.51 I Next presentation plan: Presentation plan 1100 -> 9223372036854775807, 315360000000
  Segment [0 -> 315360000000, BillPresentation > null > null, 0]
2021.07.07 14:08.51 I Ending presentation plan: null
2021.07.07 14:08.51 I Switching presentation plans: null -> Presentation plan 1100 -> 9223372036854775807, 315360000000
  Segment [0 -> 315360000000, BillPresentation > null > null, 0]
2021.07.07 14:08.51 I > {"type":"info","source":"b833456f","presentation":"BillPresentation","fps":0,"image":"/9j/4AAQSkZJRgABAgAAAQABAAD/2wBD...
2021.07.07 14:08.53 I < {"type":"properties","props":{"presentation":"1100|org.icpc.tools.presentation.contest.internal.tile.TileScoreboardPre...
2021.07.07 14:08.53 presentation: 1100|org.icpc.tools.presentation.contest.internal.tile.TileScoreboardPresentation
2021.07.07 14:08.53 I Attempting to load class: org.icpc.tools.presentation.contest.internal.tile.TileScoreboardPresentation
2021.07.07 14:08.53 I Class loaded ok
2021.07.07 14:08.53 I New presentation plan now
2021.07.07 14:08.53 I Initializing presentation TileScoreboardPresentation
2021.07.07 14:08.53 I Building presentation plan
2021.07.07 14:08.53 I Building presentation plan
2021.07.07 14:08.53 I Next presentation plan: Presentation plan 1100 -> 9223372036854775807, 14000
  Segment [0 -> 14000, TileScoreboardPresentation > null > null, 0]
2021.07.07 14:08.53 I Ending presentation plan: null
2021.07.07 14:08.53 I Switching presentation plans: null -> Presentation plan 1100 -> 9223372036854775807, 14000
  Segment [0 -> 14000, TileScoreboardPresentation > null > null, 0]
2021.07.07 14:08.53 I > {"type":"info","source":"b833456f","presentation":"TileScoreboardPresentation","fps":0,"image":"/9j/4AAQSkZJRgABAgAAAQ...
2021.07.07 14:08.57 I < {"type":"properties","props":{"presentation":"1100|org.icpc.tools.presentation.contest.internal.tile.TileRankScoreboar...
2021.07.07 14:08.57 presentation: 1100|org.icpc.tools.presentation.contest.internal.tile.TileRankScoreboardPresentation
2021.07.07 14:08.57 I Attempting to load class: org.icpc.tools.presentation.contest.internal.tile.TileRankScoreboardPresentation
2021.07.07 14:08.57 I Class loaded ok
2021.07.07 14:08.57 I New presentation plan now
2021.07.07 14:08.57 I Initializing presentation TileRankScoreboardPresentation
2021.07.07 14:08.57 I Building presentation plan
2021.07.07 14:08.57 I Building presentation plan
2021.07.07 14:08.57 I Next presentation plan: Presentation plan 1100 -> 9223372036854775807, 7857
  Segment [0 -> 7857, TileRankScoreboardPresentation > null > null, 0]
2021.07.07 14:08.57 I Ending presentation plan: null
2021.07.07 14:08.57 I Switching presentation plans: null -> Presentation plan 1100 -> 9223372036854775807, 7857
  Segment [0 -> 7857, TileRankScoreboardPresentation > null > null, 0]
2021.07.07 14:08.57 I > {"type":"info","source":"b833456f","presentation":"TileRankScoreboardPresentation","fps":62,"image":"/9j/4AAQSkZJRgABA...
2021.07.07 14:09.00 I < {"type":"properties","props":{"presentation":"1100|org.icpc.tools.presentation.contest.internal.tile.TileRankScoreboar...
2021.07.07 14:09.00 presentation: 1100|org.icpc.tools.presentation.contest.internal.tile.TileRankScoreboardPresentation
2021.07.07 14:09.00 I Attempting to load class: org.icpc.tools.presentation.contest.internal.tile.TileRankScoreboardPresentation
2021.07.07 14:09.00 I Class loaded ok
2021.07.07 14:09.00 I New presentation plan now
2021.07.07 14:09.00 I Initializing presentation TileRankScoreboardPresentation
2021.07.07 14:09.00 I Building presentation plan
2021.07.07 14:09.00 I Building presentation plan
2021.07.07 14:09.00 I Next presentation plan: Presentation plan 1100 -> 9223372036854775807, 7857
  Segment [0 -> 7857, TileRankScoreboardPresentation > null > null, 0]
2021.07.07 14:09.00 I Ending presentation plan: null
2021.07.07 14:09.00 I Switching presentation plans: null -> Presentation plan 1100 -> 9223372036854775807, 7857
  Segment [0 -> 7857, TileRankScoreboardPresentation > null > null, 0]
2021.07.07 14:09.01 I > {"type":"info","source":"b833456f","presentation":"TileRankScoreboardPresentation","fps":62,"image":"/9j/4AAQSkZJRgABA...
2021.07.07 14:09.02 I < {"type":"properties","props":{"presentation":"1100|org.icpc.tools.presentation.contest.internal.tile.TileListScoreboar...
2021.07.07 14:09.02 presentation: 1100|org.icpc.tools.presentation.contest.internal.tile.TileListScoreboardPresentation
2021.07.07 14:09.02 I Attempting to load class: org.icpc.tools.presentation.contest.internal.tile.TileListScoreboardPresentation
2021.07.07 14:09.02 I Class loaded ok
2021.07.07 14:09.02 I New presentation plan now
2021.07.07 14:09.02 I Initializing presentation TileListScoreboardPresentation
2021.07.07 14:09.02 I Building presentation plan
2021.07.07 14:09.02 I Building presentation plan
2021.07.07 14:09.02 I Next presentation plan: Presentation plan 1100 -> 9223372036854775807, 14000
  Segment [0 -> 14000, TileListScoreboardPresentation > null > null, 0]
2021.07.07 14:09.02 I Ending presentation plan: null
2021.07.07 14:09.02 I Switching presentation plans: null -> Presentation plan 1100 -> 9223372036854775807, 14000
  Segment [0 -> 14000, TileListScoreboardPresentation > null > null, 0]
2021.07.07 14:09.04 I < {"type":"properties","props":{"presentation":"1100|org.icpc.tools.presentation.contest.internal.tile.TilePictureScoreb...
2021.07.07 14:09.04 presentation: 1100|org.icpc.tools.presentation.contest.internal.tile.TilePictureScoreboardPresentation
2021.07.07 14:09.04 I Attempting to load class: org.icpc.tools.presentation.contest.internal.tile.TilePictureScoreboardPresentation
2021.07.07 14:09.04 I Class loaded ok
2021.07.07 14:09.04 I New presentation plan now
2021.07.07 14:09.04 I Initializing presentation TilePictureScoreboardPresentation
2021.07.07 14:09.04 I Building presentation plan
2021.07.07 14:09.04 I Building presentation plan
2021.07.07 14:09.04 I Next presentation plan: Presentation plan 1100 -> 9223372036854775807, 315360000000
  Segment [0 -> 315360000000, TilePictureScoreboardPresentation > null > null, 0]
2021.07.07 14:09.04 I Ending presentation plan: null
2021.07.07 14:09.04 I Switching presentation plans: null -> Presentation plan 1100 -> 9223372036854775807, 315360000000
  Segment [0 -> 315360000000, TilePictureScoreboardPresentation > null > null, 0]
2021.07.07 14:09.05 I > {"type":"info","source":"b833456f","presentation":"TilePictureScoreboardPresentation","fps":62,"image":"/9j/4AAQSkZJRg...
2021.07.07 14:09.09 I > {"type":"info","source":"b833456f","presentation":"TilePictureScoreboardPresentation","fps":61,"image":"/9j/4AAQSkZJRg...
2021.07.07 14:09.11 I < {"type":"ping"}
2021.07.07 14:09.11 I > {"type":"ping"}
2021.07.07 14:09.11 I < {"type":"properties","props":{"presentation":"1100|org.icpc.tools.presentation.contest.internal.tile.TileListScoreboar...
2021.07.07 14:09.11 presentation: 1100|org.icpc.tools.presentation.contest.internal.tile.TileListScoreboardPresentation
2021.07.07 14:09.11 I Attempting to load class: org.icpc.tools.presentation.contest.internal.tile.TileListScoreboardPresentation
2021.07.07 14:09.11 I Class loaded ok
2021.07.07 14:09.11 I New presentation plan now
2021.07.07 14:09.11 I Initializing presentation TileListScoreboardPresentation
2021.07.07 14:09.11 I Building presentation plan
2021.07.07 14:09.11 I Building presentation plan
2021.07.07 14:09.11 I Next presentation plan: Presentation plan 1100 -> 9223372036854775807, 14000
  Segment [0 -> 14000, TileListScoreboardPresentation > null > null, 0]
2021.07.07 14:09.11 I Ending presentation plan: null
2021.07.07 14:09.11 I Switching presentation plans: null -> Presentation plan 1100 -> 9223372036854775807, 14000
  Segment [0 -> 14000, TileListScoreboardPresentation > null > null, 0]
2021.07.07 14:09.13 I < {"type":"properties","props":{"presentation":"1100|org.icpc.tools.presentation.contest.internal.presentations.test.Tes...
2021.07.07 14:09.13 presentation: 1100|org.icpc.tools.presentation.contest.internal.presentations.test.TestSyncPresentation
2021.07.07 14:09.13 I Attempting to load class: org.icpc.tools.presentation.contest.internal.presentations.test.TestSyncPresentation
2021.07.07 14:09.13 I Class loaded ok
2021.07.07 14:09.13 I New presentation plan now
2021.07.07 14:09.13 I Initializing presentation TestSyncPresentation
2021.07.07 14:09.13 I Building presentation plan
2021.07.07 14:09.13 I Building presentation plan
2021.07.07 14:09.13 I Next presentation plan: Presentation plan 1100 -> 9223372036854775807, 8000
  Segment [0 -> 8000, TestSyncPresentation > null > null, 0]
2021.07.07 14:09.13 I Ending presentation plan: null
2021.07.07 14:09.13 I Switching presentation plans: null -> Presentation plan 1100 -> 9223372036854775807, 8000
  Segment [0 -> 8000, TestSyncPresentation > null > null, 0]
2021.07.07 14:09.13 I > {"type":"info","source":"b833456f","presentation":"TestSyncPresentation","fps":62,"image":"/9j/4AAQSkZJRgABAgAAAQABAAD...
2021.07.07 14:09.18 I > {"type":"info","source":"b833456f","presentation":"TestSyncPresentation","fps":61,"image":"/9j/4AAQSkZJRgABAgAAAQABAAD...
2021.07.07 14:09.20 I < {"type":"command","source":"CDS","action":"restart"}
