---- ICPC Presentation Client (2.3.491) ----
OS:  Windows 10 (amd64/10.0)
JRE: Oracle Corporation (12.0.2)
Folder: C:\Users\diego\Documents\DomJudge\presentations
Host: ROCA12ULTRA / 192.168.0.3
Locale/TZ: es_CO / hora estándar de Colombia
Args: https://192.168.0.3:8443/api/contests/5/ presentation presentat1on 
Log started 2021.07.07 14:09.21

2021.07.07 14:09.21 I Contest source verified
2021.07.07 14:09.21 I Download https://192.168.0.3:8443/presentation/ to C:\Users\diego\AppData\Local\Temp\org.icpc.tools.cache.19216803apicontests5\presentation\listing.dir (200) (7.8kb in 98ms)
2021.07.07 14:09.22 I Updates found on CDS: 1
2021.07.07 14:09.22 I Version check: 2.3.491 (local) vs 2.3.491 (remote)
2021.07.07 14:09.22 I Display 1 found, modes:
2021.07.07 14:09.22 I    1366x768 @ 60hz in 32bit
2021.07.07 14:09.22 I    1280x720 @ 60hz in 32bit
2021.07.07 14:09.22 I    1024x768 @ 60hz in 32bit
2021.07.07 14:09.22 I    800x600 @ 60hz in 32bit
2021.07.07 14:09.22 I    640x480 @ 60hz in 32bit
2021.07.07 14:09.22 I    Config: false, true, true, DirectColorModel
2021.07.07 14:09.22 I Display 2 found, modes:
2021.07.07 14:09.22 I    1920x1080 @ 75hz in 32bit
2021.07.07 14:09.22 I    1920x1080 @ 60hz in 32bit
2021.07.07 14:09.22 I    1920x1080 @ 59hz in 32bit
2021.07.07 14:09.22 I    1920x1080 @ 50hz in 32bit
2021.07.07 14:09.22 I    1680x1050 @ 75hz in 32bit
2021.07.07 14:09.22 I    1680x1050 @ 60hz in 32bit
2021.07.07 14:09.22 I    1600x900 @ 75hz in 32bit
2021.07.07 14:09.22 I    1600x900 @ 60hz in 32bit
2021.07.07 14:09.22 I    1440x900 @ 75hz in 32bit
2021.07.07 14:09.22 I    1440x900 @ 60hz in 32bit
2021.07.07 14:09.22 I    1366x768 @ 75hz in 32bit
2021.07.07 14:09.22 I    1366x768 @ 60hz in 32bit
2021.07.07 14:09.22 I    1280x1024 @ 75hz in 32bit
2021.07.07 14:09.22 I    1280x1024 @ 60hz in 32bit
2021.07.07 14:09.22 I    1280x800 @ 75hz in 32bit
2021.07.07 14:09.22 I    1280x800 @ 60hz in 32bit
2021.07.07 14:09.22 I    1280x720 @ 75hz in 32bit
2021.07.07 14:09.22 I    1280x720 @ 60hz in 32bit
2021.07.07 14:09.22 I    1280x720 @ 59hz in 32bit
2021.07.07 14:09.22 I    1280x720 @ 50hz in 32bit
2021.07.07 14:09.22 I    1024x768 @ 75hz in 32bit
2021.07.07 14:09.22 I    1024x768 @ 60hz in 32bit
2021.07.07 14:09.22 I    800x600 @ 75hz in 32bit
2021.07.07 14:09.22 I    800x600 @ 60hz in 32bit
2021.07.07 14:09.22 I    720x576 @ 75hz in 32bit
2021.07.07 14:09.22 I    720x576 @ 60hz in 32bit
2021.07.07 14:09.22 I    720x576 @ 59hz in 32bit
2021.07.07 14:09.22 I    720x576 @ 50hz in 32bit
2021.07.07 14:09.22 I    720x480 @ 75hz in 32bit
2021.07.07 14:09.22 I    720x480 @ 60hz in 32bit
2021.07.07 14:09.22 I    720x480 @ 59hz in 32bit
2021.07.07 14:09.22 I    720x400 @ 75hz in 32bit
2021.07.07 14:09.22 I    720x400 @ 70hz in 32bit
2021.07.07 14:09.22 I    720x400 @ 60hz in 32bit
2021.07.07 14:09.22 I    720x400 @ 59hz in 32bit
2021.07.07 14:09.22 I    640x480 @ 75hz in 32bit
2021.07.07 14:09.22 I    640x480 @ 60hz in 32bit
2021.07.07 14:09.22 I    640x480 @ 59hz in 32bit
2021.07.07 14:09.22 I    Config: false, true, true, DirectColorModel
2021.07.07 14:09.22 I Presentation Client [192.168.0.3] connecting to RESTContestSource[presentation|presentat1on@https://192.168.0.3:8443/api/contests/5]
2021.07.07 14:09.22 192.168.0.3 connecting...
2021.07.07 14:09.22 192.168.0.3 connected
2021.07.07 14:09.22 I < {"type":"ping"}
2021.07.07 14:09.22 I > {"type":"ping"}
2021.07.07 14:09.22 I Applying display config DisplayConfig 1 (r=java.awt.Rectangle[x=1920,y=313,width=1366,height=768],in=java.awt.Insets[top=0,left=0,bottom=40,right=0])
2021.07.07 14:09.23 I > {"type":"info","source":"b833456f","width":1366,"height":768,"hidden":false,"display":"1w"}
2021.07.07 14:09.23 I > {"type":"info","source":"b833456f","client.type":"presentation","version":"2.3.491","os.name":"Windows 10","os.version...
2021.07.07 14:09.23 I > {"type":"info","source":"b833456f","presentation":null,"fps":0,"image":"/9j/4AAQSkZJRgABAgAAAQABAAD/2wBDAAgGBgcGBQgHBw...
2021.07.07 14:09.23 I < {"type":"ping"}
2021.07.07 14:09.23 I > {"type":"ping"}
2021.07.07 14:09.23 I < {"type":"ping"}
2021.07.07 14:09.23 I > {"type":"ping"}
2021.07.07 14:09.23 I < {"type":"time","time":1625684963956}
2021.07.07 14:09.23 I Nano time diff: 1625669661117
2021.07.07 14:09.23 I Nano time diff: 11
2021.07.07 14:09.23 I > {"type":"ping"}
2021.07.07 14:09.26 I < {"type":"properties","props":{"presentation":"1100|org.icpc.tools.presentation.contest.internal.scoreboard.FirstToSolv...
2021.07.07 14:09.26 presentation: 1100|org.icpc.tools.presentation.contest.internal.scoreboard.FirstToSolvePresentation
2021.07.07 14:09.26 I Attempting to load class: org.icpc.tools.presentation.contest.internal.scoreboard.FirstToSolvePresentation
2021.07.07 14:09.26 I Loading contest from RESTContestSource[presentation|presentat1on@https://192.168.0.3:8443/api/contests/5]
2021.07.07 14:09.26 I Checking feed cache: C:\Users\diego\Documents\DomJudge\presentations\logs\events-5-presentation.log
2021.07.07 14:09.26 I First comment: ! 0
2021.07.07 14:09.26 I Found feed cache up to event id: cdR35
2021.07.07 14:09.27 I Reading feed cache
2021.07.07 14:09.27 I Done reading feed cache
2021.07.07 14:09.27 I Contest buffering: 2.36
2021.07.07 14:09.29 I Class loaded ok
2021.07.07 14:09.29 I New presentation plan now
2021.07.07 14:09.29 I Initializing presentation FirstToSolvePresentation
2021.07.07 14:09.29 I Building presentation plan
2021.07.07 14:09.29 I Building presentation plan
2021.07.07 14:09.29 I Next presentation plan: Presentation plan 1100 -> 9223372036854775807, 315360000000
  Segment [0 -> 315360000000, FirstToSolvePresentation > null > null, 0]
2021.07.07 14:09.29 I Switching presentation plans: null -> Presentation plan 1100 -> 9223372036854775807, 315360000000
  Segment [0 -> 315360000000, FirstToSolvePresentation > null > null, 0]
2021.07.07 14:09.29 I < {"type":"properties","props":{"presentation":"1100|org.icpc.tools.presentation.contest.internal.scoreboard.FirstToSolv...
2021.07.07 14:09.29 presentation: 1100|org.icpc.tools.presentation.contest.internal.scoreboard.FirstToSolvePresentation
2021.07.07 14:09.29 I Attempting to load class: org.icpc.tools.presentation.contest.internal.scoreboard.FirstToSolvePresentation
2021.07.07 14:09.29 I Class loaded ok
2021.07.07 14:09.29 I New presentation plan now
2021.07.07 14:09.29 I Initializing presentation FirstToSolvePresentation
2021.07.07 14:09.29 I Building presentation plan
2021.07.07 14:09.29 I Building presentation plan
2021.07.07 14:09.29 I Next presentation plan: Presentation plan 1100 -> 9223372036854775807, 315360000000
  Segment [0 -> 315360000000, FirstToSolvePresentation > null > null, 0]
2021.07.07 14:09.29 I < {"type":"properties","props":{"presentation":"1100|org.icpc.tools.presentation.contest.internal.scoreboard.FirstSoluti...
2021.07.07 14:09.29 presentation: 1100|org.icpc.tools.presentation.contest.internal.scoreboard.FirstSolutionPresentation
2021.07.07 14:09.29 I Attempting to load class: org.icpc.tools.presentation.contest.internal.scoreboard.FirstSolutionPresentation
2021.07.07 14:09.29 I Class loaded ok
2021.07.07 14:09.29 I New presentation plan now
2021.07.07 14:09.29 I Initializing presentation FirstSolutionPresentation
2021.07.07 14:09.29 I Building presentation plan
2021.07.07 14:09.29 I Building presentation plan
2021.07.07 14:09.29 I Next presentation plan: Presentation plan 1100 -> 9223372036854775807, 315360000000
  Segment [0 -> 315360000000, FirstSolutionPresentation > null > null, 0]
2021.07.07 14:09.29 I Ending presentation plan: null
2021.07.07 14:09.29 I Switching presentation plans: null -> Presentation plan 1100 -> 9223372036854775807, 315360000000
  Segment [0 -> 315360000000, FirstSolutionPresentation > null > null, 0]
2021.07.07 14:09.29 I Download https://192.168.0.3:8443/presentation/fts/2013.png to C:\Users\diego\AppData\Local\Temp\org.icpc.tools.cache.19216803apicontests5\presentation\fts\2013.png (404)
2021.07.07 14:09.29 I > {"type":"info","source":"b833456f","presentation":"FirstSolutionPresentation","fps":2,"image":"/9j/4AAQSkZJRgABAgAAAQA...
2021.07.07 14:09.29 I Download https://192.168.0.3:8443/presentation/fts/2014.png to C:\Users\diego\AppData\Local\Temp\org.icpc.tools.cache.19216803apicontests5\presentation\fts\2014.png (404)
2021.07.07 14:09.29 I Download https://192.168.0.3:8443/presentation/fts/2015.png to C:\Users\diego\AppData\Local\Temp\org.icpc.tools.cache.19216803apicontests5\presentation\fts\2015.png (404)
2021.07.07 14:09.29 I Download https://192.168.0.3:8443/presentation/fts/2016.png to C:\Users\diego\AppData\Local\Temp\org.icpc.tools.cache.19216803apicontests5\presentation\fts\2016.png (404)
2021.07.07 14:09.30 I Download https://192.168.0.3:8443/presentation/fts/2017.png to C:\Users\diego\AppData\Local\Temp\org.icpc.tools.cache.19216803apicontests5\presentation\fts\2017.png (404)
2021.07.07 14:09.30 I < {"type":"properties","props":{"presentation":"1100|org.icpc.tools.presentation.contest.internal.scoreboard.FirstSoluti...
2021.07.07 14:09.30 presentation: 1100|org.icpc.tools.presentation.contest.internal.scoreboard.FirstSolutionPresentation
2021.07.07 14:09.30 I Attempting to load class: org.icpc.tools.presentation.contest.internal.scoreboard.FirstSolutionPresentation
2021.07.07 14:09.30 I Class loaded ok
2021.07.07 14:09.30 I New presentation plan now
2021.07.07 14:09.30 I Initializing presentation FirstSolutionPresentation
2021.07.07 14:09.30 I Building presentation plan
2021.07.07 14:09.30 I Building presentation plan
2021.07.07 14:09.30 I Next presentation plan: Presentation plan 1100 -> 9223372036854775807, 315360000000
  Segment [0 -> 315360000000, FirstSolutionPresentation > null > null, 0]
2021.07.07 14:09.30 I Download https://192.168.0.3:8443/presentation/fts/2018.png to C:\Users\diego\AppData\Local\Temp\org.icpc.tools.cache.19216803apicontests5\presentation\fts\2018.png (404)
2021.07.07 14:09.30 I Ending presentation plan: null
2021.07.07 14:09.30 I Switching presentation plans: null -> Presentation plan 1100 -> 9223372036854775807, 315360000000
  Segment [0 -> 315360000000, FirstSolutionPresentation > null > null, 0]
2021.07.07 14:09.30 I Download https://192.168.0.3:8443/presentation/fts/2013.png to C:\Users\diego\AppData\Local\Temp\org.icpc.tools.cache.19216803apicontests5\presentation\fts\2013.png (404)
2021.07.07 14:09.30 I Download https://192.168.0.3:8443/presentation/fts/2014.png to C:\Users\diego\AppData\Local\Temp\org.icpc.tools.cache.19216803apicontests5\presentation\fts\2014.png (404)
2021.07.07 14:09.30 I Download https://192.168.0.3:8443/presentation/fts/2015.png to C:\Users\diego\AppData\Local\Temp\org.icpc.tools.cache.19216803apicontests5\presentation\fts\2015.png (404)
2021.07.07 14:09.30 I Download https://192.168.0.3:8443/presentation/fts/2016.png to C:\Users\diego\AppData\Local\Temp\org.icpc.tools.cache.19216803apicontests5\presentation\fts\2016.png (404)
2021.07.07 14:09.30 I Download https://192.168.0.3:8443/presentation/fts/2017.png to C:\Users\diego\AppData\Local\Temp\org.icpc.tools.cache.19216803apicontests5\presentation\fts\2017.png (404)
2021.07.07 14:09.30 I Download https://192.168.0.3:8443/presentation/fts/2018.png to C:\Users\diego\AppData\Local\Temp\org.icpc.tools.cache.19216803apicontests5\presentation\fts\2018.png (404)
2021.07.07 14:09.31 I < {"type":"properties","props":{"presentation":"1100|org.icpc.tools.presentation.contest.internal.scoreboard.FirstToSolv...
2021.07.07 14:09.31 presentation: 1100|org.icpc.tools.presentation.contest.internal.scoreboard.FirstToSolvePresentation
2021.07.07 14:09.31 I Attempting to load class: org.icpc.tools.presentation.contest.internal.scoreboard.FirstToSolvePresentation
2021.07.07 14:09.31 I Class loaded ok
2021.07.07 14:09.31 I New presentation plan now
2021.07.07 14:09.31 I Initializing presentation FirstToSolvePresentation
2021.07.07 14:09.31 I Building presentation plan
2021.07.07 14:09.31 I Building presentation plan
2021.07.07 14:09.31 I Next presentation plan: Presentation plan 1100 -> 9223372036854775807, 315360000000
  Segment [0 -> 315360000000, FirstToSolvePresentation > null > null, 0]
2021.07.07 14:09.31 I Ending presentation plan: null
2021.07.07 14:09.31 I Switching presentation plans: null -> Presentation plan 1100 -> 9223372036854775807, 315360000000
  Segment [0 -> 315360000000, FirstToSolvePresentation > null > null, 0]
2021.07.07 14:09.32 I < {"type":"properties","props":{"presentation":"1100|org.icpc.tools.presentation.contest.internal.scoreboard.GroupLeader...
2021.07.07 14:09.32 presentation: 1100|org.icpc.tools.presentation.contest.internal.scoreboard.GroupLeaderboardPresentation
2021.07.07 14:09.32 I Attempting to load class: org.icpc.tools.presentation.contest.internal.scoreboard.GroupLeaderboardPresentation
2021.07.07 14:09.32 I Class loaded ok
2021.07.07 14:09.32 I New presentation plan now
2021.07.07 14:09.32 I Initializing presentation GroupLeaderboardPresentation
2021.07.07 14:09.32 I Building presentation plan
2021.07.07 14:09.32 I Building presentation plan
2021.07.07 14:09.32 I Next presentation plan: Presentation plan 1100 -> 9223372036854775807, 315360000000
  Segment [0 -> 315360000000, GroupLeaderboardPresentation > null > null, 0]
2021.07.07 14:09.32 I Ending presentation plan: null
2021.07.07 14:09.32 I Switching presentation plans: null -> Presentation plan 1100 -> 9223372036854775807, 315360000000
  Segment [0 -> 315360000000, GroupLeaderboardPresentation > null > null, 0]
2021.07.07 14:09.33 I > {"type":"info","source":"b833456f","presentation":"GroupLeaderboardPresentation","fps":62,"image":"/9j/4AAQSkZJRgABAgA...
2021.07.07 14:09.36 I < {"type":"properties","props":{"presentation":"1100|org.icpc.tools.presentation.contest.internal.scoreboard.GroupLeader...
2021.07.07 14:09.36 presentation: 1100|org.icpc.tools.presentation.contest.internal.scoreboard.GroupLeaderboardPresentation
2021.07.07 14:09.36 I Attempting to load class: org.icpc.tools.presentation.contest.internal.scoreboard.GroupLeaderboardPresentation
2021.07.07 14:09.36 I Class loaded ok
2021.07.07 14:09.36 I New presentation plan now
2021.07.07 14:09.36 I Initializing presentation GroupLeaderboardPresentation
2021.07.07 14:09.36 I Building presentation plan
2021.07.07 14:09.36 I Building presentation plan
2021.07.07 14:09.36 I Next presentation plan: Presentation plan 1100 -> 9223372036854775807, 315360000000
  Segment [0 -> 315360000000, GroupLeaderboardPresentation > null > null, 0]
2021.07.07 14:09.37 I Ending presentation plan: null
2021.07.07 14:09.37 I Switching presentation plans: null -> Presentation plan 1100 -> 9223372036854775807, 315360000000
  Segment [0 -> 315360000000, GroupLeaderboardPresentation > null > null, 0]
2021.07.07 14:09.37 I > {"type":"info","source":"b833456f","presentation":"GroupLeaderboardPresentation","fps":63,"image":"/9j/4AAQSkZJRgABAgA...
2021.07.07 14:09.39 I < {"type":"properties","props":{"presentation":"1100|org.icpc.tools.presentation.contest.internal.scoreboard.FirstToSolv...
2021.07.07 14:09.39 presentation: 1100|org.icpc.tools.presentation.contest.internal.scoreboard.FirstToSolvePresentation
2021.07.07 14:09.39 I Attempting to load class: org.icpc.tools.presentation.contest.internal.scoreboard.FirstToSolvePresentation
2021.07.07 14:09.39 I Class loaded ok
2021.07.07 14:09.39 I New presentation plan now
2021.07.07 14:09.39 I Initializing presentation FirstToSolvePresentation
2021.07.07 14:09.39 I Building presentation plan
2021.07.07 14:09.39 I Building presentation plan
2021.07.07 14:09.39 I Next presentation plan: Presentation plan 1100 -> 9223372036854775807, 315360000000
  Segment [0 -> 315360000000, FirstToSolvePresentation > null > null, 0]
2021.07.07 14:09.39 I Ending presentation plan: null
2021.07.07 14:09.39 I Switching presentation plans: null -> Presentation plan 1100 -> 9223372036854775807, 315360000000
  Segment [0 -> 315360000000, FirstToSolvePresentation > null > null, 0]
2021.07.07 14:09.41 I < {"type":"ping"}
2021.07.07 14:09.41 I > {"type":"ping"}
2021.07.07 14:09.41 I > {"type":"info","source":"b833456f","presentation":"FirstToSolvePresentation","fps":62,"image":"/9j/4AAQSkZJRgABAgAAAQA...
2021.07.07 14:09.41 I < {"type":"properties","props":{"presentation":"1100|org.icpc.tools.presentation.contest.internal.scoreboard.FirstSoluti...
2021.07.07 14:09.41 presentation: 1100|org.icpc.tools.presentation.contest.internal.scoreboard.FirstSolutionPresentation
2021.07.07 14:09.41 I Attempting to load class: org.icpc.tools.presentation.contest.internal.scoreboard.FirstSolutionPresentation
2021.07.07 14:09.41 I Class loaded ok
2021.07.07 14:09.41 I New presentation plan now
2021.07.07 14:09.41 I Initializing presentation FirstSolutionPresentation
2021.07.07 14:09.41 I Building presentation plan
2021.07.07 14:09.41 I Building presentation plan
2021.07.07 14:09.41 I Next presentation plan: Presentation plan 1100 -> 9223372036854775807, 315360000000
  Segment [0 -> 315360000000, FirstSolutionPresentation > null > null, 0]
2021.07.07 14:09.41 I Ending presentation plan: null
2021.07.07 14:09.41 I Switching presentation plans: null -> Presentation plan 1100 -> 9223372036854775807, 315360000000
  Segment [0 -> 315360000000, FirstSolutionPresentation > null > null, 0]
2021.07.07 14:09.41 I Download https://192.168.0.3:8443/presentation/fts/2013.png to C:\Users\diego\AppData\Local\Temp\org.icpc.tools.cache.19216803apicontests5\presentation\fts\2013.png (404)
2021.07.07 14:09.41 I Download https://192.168.0.3:8443/presentation/fts/2014.png to C:\Users\diego\AppData\Local\Temp\org.icpc.tools.cache.19216803apicontests5\presentation\fts\2014.png (404)
2021.07.07 14:09.41 I Download https://192.168.0.3:8443/presentation/fts/2015.png to C:\Users\diego\AppData\Local\Temp\org.icpc.tools.cache.19216803apicontests5\presentation\fts\2015.png (404)
2021.07.07 14:09.42 I Download https://192.168.0.3:8443/presentation/fts/2016.png to C:\Users\diego\AppData\Local\Temp\org.icpc.tools.cache.19216803apicontests5\presentation\fts\2016.png (404)
2021.07.07 14:09.42 I Download https://192.168.0.3:8443/presentation/fts/2017.png to C:\Users\diego\AppData\Local\Temp\org.icpc.tools.cache.19216803apicontests5\presentation\fts\2017.png (404)
2021.07.07 14:09.42 I Download https://192.168.0.3:8443/presentation/fts/2018.png to C:\Users\diego\AppData\Local\Temp\org.icpc.tools.cache.19216803apicontests5\presentation\fts\2018.png (404)
2021.07.07 14:09.45 I > {"type":"info","source":"b833456f","presentation":"FirstSolutionPresentation","fps":62,"image":"/9j/4AAQSkZJRgABAgAAAQ...
2021.07.07 14:09.49 I > {"type":"info","source":"b833456f","presentation":"FirstSolutionPresentation","fps":62,"image":"/9j/4AAQSkZJRgABAgAAAQ...
2021.07.07 14:09.50 I < {"type":"properties","props":{"presentation":"1100|org.icpc.tools.presentation.contest.internal.scoreboard.AllGroupsLe...
2021.07.07 14:09.50 presentation: 1100|org.icpc.tools.presentation.contest.internal.scoreboard.AllGroupsLeaderboardPresentation
2021.07.07 14:09.50 I Attempting to load class: org.icpc.tools.presentation.contest.internal.scoreboard.AllGroupsLeaderboardPresentation
2021.07.07 14:09.50 I Class loaded ok
2021.07.07 14:09.50 I New presentation plan now
2021.07.07 14:09.50 I Initializing presentation AllGroupsLeaderboardPresentation
2021.07.07 14:09.50 I Building presentation plan
2021.07.07 14:09.50 I Building presentation plan
2021.07.07 14:09.50 I Next presentation plan: Presentation plan 1100 -> 9223372036854775807, 315360000000
  Segment [0 -> 315360000000, AllGroupsLeaderboardPresentation > null > null, 0]
2021.07.07 14:09.50 I Ending presentation plan: null
2021.07.07 14:09.50 I Switching presentation plans: null -> Presentation plan 1100 -> 9223372036854775807, 315360000000
  Segment [0 -> 315360000000, AllGroupsLeaderboardPresentation > null > null, 0]
2021.07.07 14:09.52 I < {"type":"properties","props":{"presentation":"1100|org.icpc.tools.presentation.contest.internal.scoreboard.FirstSoluti...
2021.07.07 14:09.52 presentation: 1100|org.icpc.tools.presentation.contest.internal.scoreboard.FirstSolutionPresentation
2021.07.07 14:09.52 I Attempting to load class: org.icpc.tools.presentation.contest.internal.scoreboard.FirstSolutionPresentation
2021.07.07 14:09.52 I Class loaded ok
2021.07.07 14:09.52 I New presentation plan now
2021.07.07 14:09.52 I Initializing presentation FirstSolutionPresentation
2021.07.07 14:09.52 I Building presentation plan
2021.07.07 14:09.52 I Building presentation plan
2021.07.07 14:09.52 I Next presentation plan: Presentation plan 1100 -> 9223372036854775807, 315360000000
  Segment [0 -> 315360000000, FirstSolutionPresentation > null > null, 0]
2021.07.07 14:09.52 I Ending presentation plan: null
2021.07.07 14:09.52 I Switching presentation plans: null -> Presentation plan 1100 -> 9223372036854775807, 315360000000
  Segment [0 -> 315360000000, FirstSolutionPresentation > null > null, 0]
2021.07.07 14:09.52 I Download https://192.168.0.3:8443/presentation/fts/2013.png to C:\Users\diego\AppData\Local\Temp\org.icpc.tools.cache.19216803apicontests5\presentation\fts\2013.png (404)
2021.07.07 14:09.52 I Download https://192.168.0.3:8443/presentation/fts/2014.png to C:\Users\diego\AppData\Local\Temp\org.icpc.tools.cache.19216803apicontests5\presentation\fts\2014.png (404)
2021.07.07 14:09.52 I Download https://192.168.0.3:8443/presentation/fts/2015.png to C:\Users\diego\AppData\Local\Temp\org.icpc.tools.cache.19216803apicontests5\presentation\fts\2015.png (404)
2021.07.07 14:09.52 I Download https://192.168.0.3:8443/presentation/fts/2016.png to C:\Users\diego\AppData\Local\Temp\org.icpc.tools.cache.19216803apicontests5\presentation\fts\2016.png (404)
2021.07.07 14:09.52 I Download https://192.168.0.3:8443/presentation/fts/2017.png to C:\Users\diego\AppData\Local\Temp\org.icpc.tools.cache.19216803apicontests5\presentation\fts\2017.png (404)
2021.07.07 14:09.52 I Download https://192.168.0.3:8443/presentation/fts/2018.png to C:\Users\diego\AppData\Local\Temp\org.icpc.tools.cache.19216803apicontests5\presentation\fts\2018.png (404)
2021.07.07 14:09.53 I < {"type":"properties","props":{"presentation":"1100|org.icpc.tools.presentation.contest.internal.scoreboard.FirstToSolv...
2021.07.07 14:09.53 presentation: 1100|org.icpc.tools.presentation.contest.internal.scoreboard.FirstToSolvePresentation
2021.07.07 14:09.53 I Attempting to load class: org.icpc.tools.presentation.contest.internal.scoreboard.FirstToSolvePresentation
2021.07.07 14:09.53 I Class loaded ok
2021.07.07 14:09.53 I New presentation plan now
2021.07.07 14:09.53 I Initializing presentation FirstToSolvePresentation
2021.07.07 14:09.53 I Building presentation plan
2021.07.07 14:09.53 I Building presentation plan
2021.07.07 14:09.53 I Next presentation plan: Presentation plan 1100 -> 9223372036854775807, 315360000000
  Segment [0 -> 315360000000, FirstToSolvePresentation > null > null, 0]
2021.07.07 14:09.53 I Ending presentation plan: null
2021.07.07 14:09.53 I Switching presentation plans: null -> Presentation plan 1100 -> 9223372036854775807, 315360000000
  Segment [0 -> 315360000000, FirstToSolvePresentation > null > null, 0]
2021.07.07 14:09.53 I > {"type":"info","source":"b833456f","presentation":"FirstToSolvePresentation","fps":60,"image":"/9j/4AAQSkZJRgABAgAAAQA...
2021.07.07 14:09.54 I < {"type":"properties","props":{"presentation":"1100|org.icpc.tools.presentation.contest.internal.scoreboard.GroupLeader...
2021.07.07 14:09.54 presentation: 1100|org.icpc.tools.presentation.contest.internal.scoreboard.GroupLeaderboardPresentation
2021.07.07 14:09.54 I Attempting to load class: org.icpc.tools.presentation.contest.internal.scoreboard.GroupLeaderboardPresentation
2021.07.07 14:09.54 I Class loaded ok
2021.07.07 14:09.54 I New presentation plan now
2021.07.07 14:09.54 I Initializing presentation GroupLeaderboardPresentation
2021.07.07 14:09.54 I Building presentation plan
2021.07.07 14:09.54 I Building presentation plan
2021.07.07 14:09.54 I Next presentation plan: Presentation plan 1100 -> 9223372036854775807, 315360000000
  Segment [0 -> 315360000000, GroupLeaderboardPresentation > null > null, 0]
2021.07.07 14:09.54 I Ending presentation plan: null
2021.07.07 14:09.54 I Switching presentation plans: null -> Presentation plan 1100 -> 9223372036854775807, 315360000000
  Segment [0 -> 315360000000, GroupLeaderboardPresentation > null > null, 0]
2021.07.07 14:09.54 I < {"type":"properties","props":{"presentation":"1100|org.icpc.tools.presentation.contest.internal.scoreboard.JudgePresen...
2021.07.07 14:09.54 presentation: 1100|org.icpc.tools.presentation.contest.internal.scoreboard.JudgePresentation
2021.07.07 14:09.54 I Attempting to load class: org.icpc.tools.presentation.contest.internal.scoreboard.JudgePresentation
2021.07.07 14:09.54 I Class loaded ok
2021.07.07 14:09.54 I New presentation plan now
2021.07.07 14:09.54 I Initializing presentation JudgePresentation
2021.07.07 14:09.54 I Building presentation plan
2021.07.07 14:09.54 I Building presentation plan
2021.07.07 14:09.54 I Next presentation plan: Presentation plan 1100 -> 9223372036854775807, 315360000000
  Segment [0 -> 315360000000, JudgePresentation > null > null, 0]
2021.07.07 14:09.54 I Ending presentation plan: null
2021.07.07 14:09.54 I Switching presentation plans: null -> Presentation plan 1100 -> 9223372036854775807, 315360000000
  Segment [0 -> 315360000000, JudgePresentation > null > null, 0]
2021.07.07 14:09.55 I < {"type":"properties","props":{"presentation":"1100|org.icpc.tools.presentation.contest.internal.scoreboard.Leaderboard...
2021.07.07 14:09.55 presentation: 1100|org.icpc.tools.presentation.contest.internal.scoreboard.LeaderboardPresentation
2021.07.07 14:09.55 I Attempting to load class: org.icpc.tools.presentation.contest.internal.scoreboard.LeaderboardPresentation
2021.07.07 14:09.55 I Class loaded ok
2021.07.07 14:09.55 I New presentation plan now
2021.07.07 14:09.55 I Initializing presentation LeaderboardPresentation
2021.07.07 14:09.55 I Building presentation plan
2021.07.07 14:09.55 I Building presentation plan
2021.07.07 14:09.55 I Next presentation plan: Presentation plan 1100 -> 9223372036854775807, 315360000000
  Segment [0 -> 315360000000, LeaderboardPresentation > null > null, 0]
2021.07.07 14:09.55 I Ending presentation plan: null
2021.07.07 14:09.55 I Switching presentation plans: null -> Presentation plan 1100 -> 9223372036854775807, 315360000000
  Segment [0 -> 315360000000, LeaderboardPresentation > null > null, 0]
2021.07.07 14:09.57 I < {"type":"properties","props":{"presentation":"1100|org.icpc.tools.presentation.contest.internal.scoreboard.ScoreboardP...
2021.07.07 14:09.57 presentation: 1100|org.icpc.tools.presentation.contest.internal.scoreboard.ScoreboardPresentation
2021.07.07 14:09.57 I Attempting to load class: org.icpc.tools.presentation.contest.internal.scoreboard.ScoreboardPresentation
2021.07.07 14:09.57 I Class loaded ok
2021.07.07 14:09.57 I New presentation plan now
2021.07.07 14:09.57 I Initializing presentation ScoreboardPresentation
2021.07.07 14:09.57 I Building presentation plan
2021.07.07 14:09.57 I Building presentation plan
2021.07.07 14:09.57 I Next presentation plan: Presentation plan 1100 -> 9223372036854775807, 16000
  Segment [0 -> 16000, ScoreboardPresentation > null > null, 0]
2021.07.07 14:09.57 I Ending presentation plan: null
2021.07.07 14:09.57 I Switching presentation plans: null -> Presentation plan 1100 -> 9223372036854775807, 16000
  Segment [0 -> 16000, ScoreboardPresentation > null > null, 0]
2021.07.07 14:09.57 I > {"type":"info","source":"b833456f","presentation":"ScoreboardPresentation","fps":62,"image":"/9j/4AAQSkZJRgABAgAAAQABA...
2021.07.07 14:09.59 I < {"type":"properties","props":{"presentation":"1100|org.icpc.tools.presentation.contest.internal.presentations.TeamJudg...
2021.07.07 14:09.59 presentation: 1100|org.icpc.tools.presentation.contest.internal.presentations.TeamJudgePresentation
2021.07.07 14:09.59 I Attempting to load class: org.icpc.tools.presentation.contest.internal.presentations.TeamJudgePresentation
2021.07.07 14:09.59 I Class loaded ok
2021.07.07 14:09.59 I New presentation plan now
2021.07.07 14:09.59 I Initializing presentation TeamJudgePresentation
2021.07.07 14:09.59 I Building presentation plan
2021.07.07 14:09.59 I Building presentation plan
2021.07.07 14:09.59 I Next presentation plan: Presentation plan 1100 -> 9223372036854775807, 315360000000
  Segment [0 -> 315360000000, TeamJudgePresentation > null > null, 0]
2021.07.07 14:09.59 I Ending presentation plan: null
2021.07.07 14:09.59 I Switching presentation plans: null -> Presentation plan 1100 -> 9223372036854775807, 315360000000
  Segment [0 -> 315360000000, TeamJudgePresentation > null > null, 0]
2021.07.07 14:10.00 I < {"type":"properties","props":{"presentation":"1100|org.icpc.tools.presentation.contest.internal.scoreboard.Leaderboard...
2021.07.07 14:10.00 presentation: 1100|org.icpc.tools.presentation.contest.internal.scoreboard.LeaderboardPresentation
2021.07.07 14:10.00 I Attempting to load class: org.icpc.tools.presentation.contest.internal.scoreboard.LeaderboardPresentation
2021.07.07 14:10.00 I Class loaded ok
2021.07.07 14:10.00 I New presentation plan now
2021.07.07 14:10.00 I Initializing presentation LeaderboardPresentation
2021.07.07 14:10.00 I Building presentation plan
2021.07.07 14:10.00 I Building presentation plan
2021.07.07 14:10.00 I Next presentation plan: Presentation plan 1100 -> 9223372036854775807, 315360000000
  Segment [0 -> 315360000000, LeaderboardPresentation > null > null, 0]
2021.07.07 14:10.00 I Ending presentation plan: null
2021.07.07 14:10.00 I Switching presentation plans: null -> Presentation plan 1100 -> 9223372036854775807, 315360000000
  Segment [0 -> 315360000000, LeaderboardPresentation > null > null, 0]
2021.07.07 14:10.00 I < {"type":"properties","props":{"presentation":"1100|org.icpc.tools.presentation.contest.internal.presentations.TeamJudg...
2021.07.07 14:10.00 presentation: 1100|org.icpc.tools.presentation.contest.internal.presentations.TeamJudgePresentation
2021.07.07 14:10.00 I Attempting to load class: org.icpc.tools.presentation.contest.internal.presentations.TeamJudgePresentation
2021.07.07 14:10.00 I Class loaded ok
2021.07.07 14:10.00 I New presentation plan now
2021.07.07 14:10.00 I Initializing presentation TeamJudgePresentation
2021.07.07 14:10.00 I Building presentation plan
2021.07.07 14:10.00 I Building presentation plan
2021.07.07 14:10.00 I Next presentation plan: Presentation plan 1100 -> 9223372036854775807, 315360000000
  Segment [0 -> 315360000000, TeamJudgePresentation > null > null, 0]
2021.07.07 14:10.00 I Ending presentation plan: null
2021.07.07 14:10.00 I Switching presentation plans: null -> Presentation plan 1100 -> 9223372036854775807, 315360000000
  Segment [0 -> 315360000000, TeamJudgePresentation > null > null, 0]
2021.07.07 14:10.01 I > {"type":"info","source":"b833456f","presentation":"TeamJudgePresentation","fps":62,"image":"/9j/4AAQSkZJRgABAgAAAQABAA...
2021.07.07 14:10.01 I < {"type":"properties","props":{"presentation":"1100|org.icpc.tools.presentation.contest.internal.scoreboard.TimelinePre...
2021.07.07 14:10.01 presentation: 1100|org.icpc.tools.presentation.contest.internal.scoreboard.TimelinePresentation
2021.07.07 14:10.01 I Attempting to load class: org.icpc.tools.presentation.contest.internal.scoreboard.TimelinePresentation
2021.07.07 14:10.01 I Class loaded ok
2021.07.07 14:10.01 I New presentation plan now
2021.07.07 14:10.01 I Initializing presentation TimelinePresentation
2021.07.07 14:10.01 I Building presentation plan
2021.07.07 14:10.01 I Building presentation plan
2021.07.07 14:10.01 I Next presentation plan: Presentation plan 1100 -> 9223372036854775807, 16000
  Segment [0 -> 16000, TimelinePresentation > null > null, 0]
2021.07.07 14:10.01 I Ending presentation plan: null
2021.07.07 14:10.01 I Switching presentation plans: null -> Presentation plan 1100 -> 9223372036854775807, 16000
  Segment [0 -> 16000, TimelinePresentation > null > null, 0]
2021.07.07 14:10.05 I > {"type":"info","source":"b833456f","presentation":"TimelinePresentation","fps":62,"image":"/9j/4AAQSkZJRgABAgAAAQABAAD...
2021.07.07 14:10.08 I < {"type":"properties","props":{"presentation":"1100|org.icpc.tools.presentation.contest.internal.scoreboard.TimelinePre...
2021.07.07 14:10.08 presentation: 1100|org.icpc.tools.presentation.contest.internal.scoreboard.TimelinePresentation
2021.07.07 14:10.08 I Attempting to load class: org.icpc.tools.presentation.contest.internal.scoreboard.TimelinePresentation
2021.07.07 14:10.08 I Class loaded ok
2021.07.07 14:10.08 I New presentation plan now
2021.07.07 14:10.08 I Initializing presentation TimelinePresentation
2021.07.07 14:10.08 I Building presentation plan
2021.07.07 14:10.08 I Building presentation plan
2021.07.07 14:10.08 I Next presentation plan: Presentation plan 1100 -> 9223372036854775807, 16000
  Segment [0 -> 16000, TimelinePresentation > null > null, 0]
2021.07.07 14:10.08 I Ending presentation plan: null
2021.07.07 14:10.08 I Switching presentation plans: null -> Presentation plan 1100 -> 9223372036854775807, 16000
  Segment [0 -> 16000, TimelinePresentation > null > null, 0]
2021.07.07 14:10.09 I > {"type":"info","source":"b833456f","presentation":"TimelinePresentation","fps":62,"image":"/9j/4AAQSkZJRgABAgAAAQABAAD...
2021.07.07 14:10.10 I < {"type":"properties","props":{"presentation":"1100|org.icpc.tools.presentation.contest.internal.presentations.TeamDisp...
2021.07.07 14:10.10 presentation: 1100|org.icpc.tools.presentation.contest.internal.presentations.TeamDisplayPresentation
2021.07.07 14:10.10 I Attempting to load class: org.icpc.tools.presentation.contest.internal.presentations.TeamDisplayPresentation
2021.07.07 14:10.10 I Class loaded ok
2021.07.07 14:10.10 I New presentation plan now
2021.07.07 14:10.10 I Initializing presentation TeamDisplayPresentation
2021.07.07 14:10.10 I Floor map team: teams
  id: 3
  name: ARTEMISA
  icpc_id: null
  group_ids: ["3"]
  organization_id: 3
  photo: null
  video: null
  backup: null
  key_log: null
  tool_data: null
  desktop: null
  webcam: null
  audio: null
2021.07.07 14:10.10 I -1 < > -1
2021.07.07 14:10.10 I Building presentation plan
2021.07.07 14:10.10 I Building presentation plan
2021.07.07 14:10.10 I Next presentation plan: Presentation plan 1100 -> 9223372036854775807, 315360000000
  Segment [0 -> 315360000000, TeamDisplayPresentation > null > null, 0]
2021.07.07 14:10.10 I Ending presentation plan: null
2021.07.07 14:10.10 I Switching presentation plans: null -> Presentation plan 1100 -> 9223372036854775807, 315360000000
  Segment [0 -> 315360000000, TeamDisplayPresentation > null > null, 0]
2021.07.07 14:10.10 I Getting contest object from https://192.168.0.3:8443/api/contests/5/teams/3 - TEAM
2021.07.07 14:10.10 I Getting contest object from https://192.168.0.3:8443/api/contests/5/organizations/3 - ORGANIZATION
2021.07.07 14:10.10 I < {"type":"properties","props":{"presentation":"1100|org.icpc.tools.presentation.contest.internal.presentations.StaticLo...
2021.07.07 14:10.10 presentation: 1100|org.icpc.tools.presentation.contest.internal.presentations.StaticLogoPresentation
2021.07.07 14:10.10 I Attempting to load class: org.icpc.tools.presentation.contest.internal.presentations.StaticLogoPresentation
2021.07.07 14:10.10 I Class loaded ok
2021.07.07 14:10.10 I New presentation plan now
2021.07.07 14:10.10 I Initializing presentation StaticLogoPresentation
2021.07.07 14:10.10 I Building presentation plan
2021.07.07 14:10.10 I Building presentation plan
2021.07.07 14:10.10 I Next presentation plan: Presentation plan 1100 -> 9223372036854775807, 315360000000
  Segment [0 -> 315360000000, StaticLogoPresentation > null > null, 0]
2021.07.07 14:10.10 I Ending presentation plan: null
2021.07.07 14:10.10 I Switching presentation plans: null -> Presentation plan 1100 -> 9223372036854775807, 315360000000
  Segment [0 -> 315360000000, StaticLogoPresentation > null > null, 0]
2021.07.07 14:10.11 I < {"type":"ping"}
2021.07.07 14:10.11 I > {"type":"ping"}
2021.07.07 14:10.11 I < {"type":"properties","props":{"presentation":"1100|org.icpc.tools.presentation.contest.internal.presentations.SnakePre...
2021.07.07 14:10.11 presentation: 1100|org.icpc.tools.presentation.contest.internal.presentations.SnakePresentation
2021.07.07 14:10.11 I Attempting to load class: org.icpc.tools.presentation.contest.internal.presentations.SnakePresentation
2021.07.07 14:10.11 I Class loaded ok
2021.07.07 14:10.11 I New presentation plan now
2021.07.07 14:10.11 I Initializing presentation SnakePresentation
2021.07.07 14:10.11 I Team position: 2 -> 3 3
2021.07.07 14:10.11 I Building presentation plan
2021.07.07 14:10.11 I Building presentation plan
2021.07.07 14:10.11 I Next presentation plan: Presentation plan 1100 -> 9223372036854775807, 8500
  Segment [0 -> 8500, SnakePresentation > null > null, 0]
2021.07.07 14:10.11 I Ending presentation plan: null
2021.07.07 14:10.11 I Switching presentation plans: null -> Presentation plan 1100 -> 9223372036854775807, 8500
  Segment [0 -> 8500, SnakePresentation > null > null, 0]
2021.07.07 14:10.12 I < {"type":"properties","props":{"presentation":"1100|org.icpc.tools.presentation.contest.internal.presentations.ICPCTeam...
2021.07.07 14:10.12 presentation: 1100|org.icpc.tools.presentation.contest.internal.presentations.ICPCTeamPresentation
2021.07.07 14:10.12 I Attempting to load class: org.icpc.tools.presentation.contest.internal.presentations.ICPCTeamPresentation
2021.07.07 14:10.12 I Class loaded ok
2021.07.07 14:10.12 I New presentation plan now
2021.07.07 14:10.12 I Initializing presentation ICPCTeamPresentation
2021.07.07 14:10.12 I Building presentation plan
2021.07.07 14:10.12 I Building presentation plan
2021.07.07 14:10.12 I Next presentation plan: Presentation plan 1100 -> 9223372036854775807, 315360000000
  Segment [0 -> 315360000000, ICPCTeamPresentation > null > null, 0]
2021.07.07 14:10.12 I Ending presentation plan: null
2021.07.07 14:10.12 I Switching presentation plans: null -> Presentation plan 1100 -> 9223372036854775807, 315360000000
  Segment [0 -> 315360000000, ICPCTeamPresentation > null > null, 0]
2021.07.07 14:10.12 I < {"type":"properties","props":{"presentation":"1100|org.icpc.tools.presentation.contest.internal.presentations.TeamVide...
2021.07.07 14:10.12 presentation: 1100|org.icpc.tools.presentation.contest.internal.presentations.TeamVideoPresentation
2021.07.07 14:10.12 I Attempting to load class: org.icpc.tools.presentation.contest.internal.presentations.TeamVideoPresentation
2021.07.07 14:10.12 I Class loaded ok
2021.07.07 14:10.12 I New presentation plan now
2021.07.07 14:10.12 I Initializing presentation TeamVideoPresentation
2021.07.07 14:10.12 E Error setting new presentation
java.lang.UnsatisfiedLinkError: Unable to load library 'libvlc':
No se puede encontrar el módulo especificado.

No se puede encontrar el módulo especificado.

No se puede encontrar el módulo especificado.

Native library (win32-x86-64/libvlc.dll) not found in resource path (C:\Users\diego\Documents\DomJudge\presentations\\lib\contestModel.jar;C:\Users\diego\Documents\DomJudge\presentations\\lib\jna-5.2.0.jar;C:\Users\diego\Documents\DomJudge\presentations\\lib\jna-platform-5.2.0.jar;C:\Users\diego\Documents\DomJudge\presentations\\lib\presentations.jar;C:\Users\diego\Documents\DomJudge\presentations\\lib\presentCore.jar;C:\Users\diego\Documents\DomJudge\presentations\\lib\snakeyaml-1.27.jar;C:\Users\diego\Documents\DomJudge\presentations\\lib\tyrus-standalone-client-1.17.jar;C:\Users\diego\Documents\DomJudge\presentations\\lib\vlcj-4.7.0.jar;C:\Users\diego\Documents\DomJudge\presentations\\lib\vlcj-natives-4.1.0.jar)
	at com.sun.jna.NativeLibrary.loadLibrary(NativeLibrary.java:302)
	at com.sun.jna.NativeLibrary.getInstance(NativeLibrary.java:455)
	at com.sun.jna.Native.register(Native.java:1716)
	at com.sun.jna.Native.register(Native.java:1437)
	at uk.co.caprica.vlcj.binding.LibVlc.<clinit>(LibVlc.java:98)
	at uk.co.caprica.vlcj.support.version.LibVlcVersion.<init>(LibVlcVersion.java:49)
	at uk.co.caprica.vlcj.factory.MediaPlayerFactory.checkVersion(MediaPlayerFactory.java:195)
	at uk.co.caprica.vlcj.factory.MediaPlayerFactory.discoverNativeLibrary(MediaPlayerFactory.java:181)
	at uk.co.caprica.vlcj.factory.MediaPlayerFactory.<init>(MediaPlayerFactory.java:108)
	at uk.co.caprica.vlcj.factory.MediaPlayerFactory.<init>(MediaPlayerFactory.java:163)
	at org.icpc.tools.presentation.contest.internal.presentations.TeamVideoPresentation.init(TeamVideoPresentation.java:31)
	at org.icpc.tools.presentation.core.internal.PresentationWindowImpl.setPresentations(PresentationWindowImpl.java:446)
	at org.icpc.tools.presentation.contest.internal.PresentationClient.setPresentations(PresentationClient.java:217)
	at org.icpc.tools.presentation.contest.internal.PresentationClient.handleProperty(PresentationClient.java:129)
	at org.icpc.tools.presentation.contest.internal.PresentationClient$3.propertyUpdated(PresentationClient.java:86)
	at org.icpc.tools.client.core.BasicClient.firePropertyChangedEvent(BasicClient.java:541)
	at org.icpc.tools.client.core.BasicClient.handleProperties(BasicClient.java:206)
	at org.icpc.tools.client.core.BasicClient.onMessage(BasicClient.java:700)
	at org.icpc.tools.client.core.BasicClient.access$000(BasicClient.java:45)
	at org.icpc.tools.client.core.BasicClient$WSClientEndpoint$1.onMessage(BasicClient.java:89)
	at org.icpc.tools.client.core.BasicClient$WSClientEndpoint$1.onMessage(BasicClient.java:85)
	at org.glassfish.tyrus.core.TyrusSession.notifyMessageHandlers(TyrusSession.java:559)
	at org.glassfish.tyrus.core.TyrusEndpointWrapper.onMessage(TyrusEndpointWrapper.java:855)
	at org.glassfish.tyrus.core.TyrusWebSocket.onMessage(TyrusWebSocket.java:196)
	at org.glassfish.tyrus.core.frame.TextFrame.respond(TextFrame.java:115)
	at org.glassfish.tyrus.core.ProtocolHandler.process(ProtocolHandler.java:819)
	at org.glassfish.tyrus.client.TyrusClientEngine$TyrusReadHandler.handle(TyrusClientEngine.java:724)
	at org.glassfish.tyrus.container.grizzly.client.GrizzlyClientFilter$ProcessTask.execute(GrizzlyClientFilter.java:452)
	at org.glassfish.tyrus.container.grizzly.client.TaskProcessor.processTask(TaskProcessor.java:91)
	at org.glassfish.tyrus.container.grizzly.client.TaskProcessor.processTask(TaskProcessor.java:68)
	at org.glassfish.tyrus.container.grizzly.client.GrizzlyClientFilter.handleRead(GrizzlyClientFilter.java:248)
	at org.glassfish.grizzly.filterchain.ExecutorResolver$9.execute(ExecutorResolver.java:119)
	at org.glassfish.grizzly.filterchain.DefaultFilterChain.executeFilter(DefaultFilterChain.java:283)
	at org.glassfish.grizzly.filterchain.DefaultFilterChain.executeChainPart(DefaultFilterChain.java:200)
	at org.glassfish.grizzly.filterchain.DefaultFilterChain.execute(DefaultFilterChain.java:132)
	at org.glassfish.grizzly.filterchain.DefaultFilterChain.process(DefaultFilterChain.java:111)
	at org.glassfish.grizzly.ProcessorExecutor.execute(ProcessorExecutor.java:77)
	at org.glassfish.grizzly.nio.transport.TCPNIOTransport.fireIOEvent(TCPNIOTransport.java:536)
	at org.glassfish.grizzly.strategies.AbstractIOStrategy.fireIOEvent(AbstractIOStrategy.java:112)
	at org.glassfish.grizzly.strategies.WorkerThreadIOStrategy.run0(WorkerThreadIOStrategy.java:117)
	at org.glassfish.grizzly.strategies.WorkerThreadIOStrategy.access$100(WorkerThreadIOStrategy.java:56)
	at org.glassfish.grizzly.strategies.WorkerThreadIOStrategy$WorkerThreadRunnable.run(WorkerThreadIOStrategy.java:137)
	at org.glassfish.grizzly.threadpool.AbstractThreadPool$Worker.doWork(AbstractThreadPool.java:591)
	at org.glassfish.grizzly.threadpool.AbstractThreadPool$Worker.run(AbstractThreadPool.java:571)
	at java.base/java.lang.Thread.run(Thread.java:835)
	Suppressed: java.lang.UnsatisfiedLinkError: No se puede encontrar el módulo especificado.

		at com.sun.jna.Native.open(Native Method)
		at com.sun.jna.NativeLibrary.loadLibrary(NativeLibrary.java:191)
		... 44 more
	Suppressed: java.lang.UnsatisfiedLinkError: No se puede encontrar el módulo especificado.

		at com.sun.jna.Native.open(Native Method)
		at com.sun.jna.NativeLibrary.loadLibrary(NativeLibrary.java:204)
		... 44 more
	Suppressed: java.lang.UnsatisfiedLinkError: No se puede encontrar el módulo especificado.

		at com.sun.jna.Native.open(Native Method)
		at com.sun.jna.NativeLibrary.loadLibrary(NativeLibrary.java:265)
		... 44 more
	Suppressed: java.io.IOException: Native library (win32-x86-64/libvlc.dll) not found in resource path (C:\Users\diego\Documents\DomJudge\presentations\\lib\contestModel.jar;C:\Users\diego\Documents\DomJudge\presentations\\lib\jna-5.2.0.jar;C:\Users\diego\Documents\DomJudge\presentations\\lib\jna-platform-5.2.0.jar;C:\Users\diego\Documents\DomJudge\presentations\\lib\presentations.jar;C:\Users\diego\Documents\DomJudge\presentations\\lib\presentCore.jar;C:\Users\diego\Documents\DomJudge\presentations\\lib\snakeyaml-1.27.jar;C:\Users\diego\Documents\DomJudge\presentations\\lib\tyrus-standalone-client-1.17.jar;C:\Users\diego\Documents\DomJudge\presentations\\lib\vlcj-4.7.0.jar;C:\Users\diego\Documents\DomJudge\presentations\\lib\vlcj-natives-4.1.0.jar)
		at com.sun.jna.Native.extractFromResourcePath(Native.java:1089)
		at com.sun.jna.NativeLibrary.loadLibrary(NativeLibrary.java:276)
		... 44 more
2021.07.07 14:10.13 I < {"type":"properties","props":{"presentation":"1100|org.icpc.tools.presentation.contest.internal.presentations.WavePres...
2021.07.07 14:10.13 presentation: 1100|org.icpc.tools.presentation.contest.internal.presentations.WavePresentation
2021.07.07 14:10.13 I Attempting to load class: org.icpc.tools.presentation.contest.internal.presentations.WavePresentation
2021.07.07 14:10.13 I Class loaded ok
2021.07.07 14:10.13 I New presentation plan now
2021.07.07 14:10.13 I Initializing presentation WavePresentation
2021.07.07 14:10.13 I Floor map team: NaN -> NaN NaN
2021.07.07 14:10.13 I Building presentation plan
2021.07.07 14:10.13 I Building presentation plan
2021.07.07 14:10.13 I Next presentation plan: Presentation plan 1100 -> 9223372036854775807, 31500
  Segment [0 -> 31500, WavePresentation > null > null, 0]
2021.07.07 14:10.13 I Ending presentation plan: null
2021.07.07 14:10.13 I Switching presentation plans: null -> Presentation plan 1100 -> 9223372036854775807, 31500
  Segment [0 -> 31500, WavePresentation > null > null, 0]
2021.07.07 14:10.13 I > {"type":"info","source":"b833456f","presentation":"WavePresentation","fps":19,"image":"/9j/4AAQSkZJRgABAgAAAQABAAD/2wB...
2021.07.07 14:10.13 I < {"type":"properties","props":{"presentation":"1100|org.icpc.tools.presentation.contest.internal.presentations.test.Tes...
2021.07.07 14:10.13 presentation: 1100|org.icpc.tools.presentation.contest.internal.presentations.test.TestAlignmentPresentation
2021.07.07 14:10.13 I Attempting to load class: org.icpc.tools.presentation.contest.internal.presentations.test.TestAlignmentPresentation
2021.07.07 14:10.13 I Class loaded ok
2021.07.07 14:10.13 I New presentation plan now
2021.07.07 14:10.13 I Initializing presentation TestAlignmentPresentation
2021.07.07 14:10.13 I Building presentation plan
2021.07.07 14:10.13 I Building presentation plan
2021.07.07 14:10.13 I Next presentation plan: Presentation plan 1100 -> 9223372036854775807, 315360000000
  Segment [0 -> 315360000000, TestAlignmentPresentation > null > null, 0]
2021.07.07 14:10.13 I Ending presentation plan: null
2021.07.07 14:10.13 I Switching presentation plans: null -> Presentation plan 1100 -> 9223372036854775807, 315360000000
  Segment [0 -> 315360000000, TestAlignmentPresentation > null > null, 0]
2021.07.07 14:10.13 I > {"type":"info","source":"b833456f","presentation":"TestAlignmentPresentation","fps":0,"image":"/9j/4AAQSkZJRgABAgAAAQA...
2021.07.07 14:10.16 I < {"type":"properties","props":{"presentation":"1100|org.icpc.tools.presentation.contest.internal.presentations.test.BSo...
2021.07.07 14:10.16 presentation: 1100|org.icpc.tools.presentation.contest.internal.presentations.test.BSoDPresentation
2021.07.07 14:10.16 I Attempting to load class: org.icpc.tools.presentation.contest.internal.presentations.test.BSoDPresentation
2021.07.07 14:10.16 I Class loaded ok
2021.07.07 14:10.16 I New presentation plan now
2021.07.07 14:10.16 I Initializing presentation BSoDPresentation
2021.07.07 14:10.16 I Building presentation plan
2021.07.07 14:10.16 I Building presentation plan
2021.07.07 14:10.16 I Next presentation plan: Presentation plan 1100 -> 9223372036854775807, 315360000000
  Segment [0 -> 315360000000, BSoDPresentation > null > null, 0]
2021.07.07 14:10.16 I Ending presentation plan: null
2021.07.07 14:10.16 I Switching presentation plans: null -> Presentation plan 1100 -> 9223372036854775807, 315360000000
  Segment [0 -> 315360000000, BSoDPresentation > null > null, 0]
2021.07.07 14:10.16 I > {"type":"info","source":"b833456f","presentation":"BSoDPresentation","fps":0,"image":"/9j/4AAQSkZJRgABAgAAAQABAAD/2wBD...
2021.07.07 14:10.16 I < {"type":"properties","props":{"presentation":"1100|org.icpc.tools.presentation.contest.internal.presentations.test.Tes...
2021.07.07 14:10.16 presentation: 1100|org.icpc.tools.presentation.contest.internal.presentations.test.TestAlignmentPresentation
2021.07.07 14:10.16 I Attempting to load class: org.icpc.tools.presentation.contest.internal.presentations.test.TestAlignmentPresentation
2021.07.07 14:10.16 I Class loaded ok
2021.07.07 14:10.16 I New presentation plan now
2021.07.07 14:10.16 I Initializing presentation TestAlignmentPresentation
2021.07.07 14:10.16 I Building presentation plan
2021.07.07 14:10.16 I Building presentation plan
2021.07.07 14:10.16 I Next presentation plan: Presentation plan 1100 -> 9223372036854775807, 315360000000
  Segment [0 -> 315360000000, TestAlignmentPresentation > null > null, 0]
2021.07.07 14:10.16 I Ending presentation plan: null
2021.07.07 14:10.16 I Switching presentation plans: null -> Presentation plan 1100 -> 9223372036854775807, 315360000000
  Segment [0 -> 315360000000, TestAlignmentPresentation > null > null, 0]
2021.07.07 14:10.16 I > {"type":"info","source":"b833456f","presentation":"TestAlignmentPresentation","fps":0,"image":"/9j/4AAQSkZJRgABAgAAAQA...
2021.07.07 14:10.18 I < {"type":"properties","props":{"presentation":"1100|org.icpc.tools.presentation.contest.internal.tile.TilePictureScoreb...
2021.07.07 14:10.18 presentation: 1100|org.icpc.tools.presentation.contest.internal.tile.TilePictureScoreboardPresentation
2021.07.07 14:10.18 I Attempting to load class: org.icpc.tools.presentation.contest.internal.tile.TilePictureScoreboardPresentation
2021.07.07 14:10.18 I Class loaded ok
2021.07.07 14:10.18 I New presentation plan now
2021.07.07 14:10.18 I Initializing presentation TilePictureScoreboardPresentation
2021.07.07 14:10.18 I Building presentation plan
2021.07.07 14:10.18 I Building presentation plan
2021.07.07 14:10.18 I Next presentation plan: Presentation plan 1100 -> 9223372036854775807, 315360000000
  Segment [0 -> 315360000000, TilePictureScoreboardPresentation > null > null, 0]
2021.07.07 14:10.18 I Ending presentation plan: null
2021.07.07 14:10.18 I Switching presentation plans: null -> Presentation plan 1100 -> 9223372036854775807, 315360000000
  Segment [0 -> 315360000000, TilePictureScoreboardPresentation > null > null, 0]
2021.07.07 14:10.18 I > {"type":"info","source":"b833456f","presentation":"TilePictureScoreboardPresentation","fps":0,"image":"/9j/4AAQSkZJRgA...
2021.07.07 14:10.18 I < {"type":"properties","props":{"presentation":"1100|org.icpc.tools.presentation.contest.internal.tile.TileListScoreboar...
2021.07.07 14:10.18 presentation: 1100|org.icpc.tools.presentation.contest.internal.tile.TileListScoreboardPresentation
2021.07.07 14:10.18 I Attempting to load class: org.icpc.tools.presentation.contest.internal.tile.TileListScoreboardPresentation
2021.07.07 14:10.18 I Class loaded ok
2021.07.07 14:10.18 I New presentation plan now
2021.07.07 14:10.18 I Initializing presentation TileListScoreboardPresentation
2021.07.07 14:10.18 I Building presentation plan
2021.07.07 14:10.18 I Building presentation plan
2021.07.07 14:10.18 I Next presentation plan: Presentation plan 1100 -> 9223372036854775807, 14000
  Segment [0 -> 14000, TileListScoreboardPresentation > null > null, 0]
2021.07.07 14:10.18 I Ending presentation plan: null
2021.07.07 14:10.18 I Switching presentation plans: null -> Presentation plan 1100 -> 9223372036854775807, 14000
  Segment [0 -> 14000, TileListScoreboardPresentation > null > null, 0]
2021.07.07 14:10.20 I < {"type":"properties","props":{"presentation":"1100|org.icpc.tools.presentation.contest.internal.tile.TileRankScoreboar...
2021.07.07 14:10.20 presentation: 1100|org.icpc.tools.presentation.contest.internal.tile.TileRankScoreboardPresentation
2021.07.07 14:10.20 I Attempting to load class: org.icpc.tools.presentation.contest.internal.tile.TileRankScoreboardPresentation
2021.07.07 14:10.20 I Class loaded ok
2021.07.07 14:10.20 I New presentation plan now
2021.07.07 14:10.20 I Initializing presentation TileRankScoreboardPresentation
2021.07.07 14:10.20 I Building presentation plan
2021.07.07 14:10.20 I Building presentation plan
2021.07.07 14:10.20 I Next presentation plan: Presentation plan 1100 -> 9223372036854775807, 7857
  Segment [0 -> 7857, TileRankScoreboardPresentation > null > null, 0]
2021.07.07 14:10.20 I Ending presentation plan: null
2021.07.07 14:10.20 I Switching presentation plans: null -> Presentation plan 1100 -> 9223372036854775807, 7857
  Segment [0 -> 7857, TileRankScoreboardPresentation > null > null, 0]
2021.07.07 14:10.21 I < {"type":"properties","props":{"presentation":"1100|org.icpc.tools.presentation.contest.internal.tile.TileScoreboardPre...
2021.07.07 14:10.21 presentation: 1100|org.icpc.tools.presentation.contest.internal.tile.TileScoreboardPresentation
2021.07.07 14:10.21 I Attempting to load class: org.icpc.tools.presentation.contest.internal.tile.TileScoreboardPresentation
2021.07.07 14:10.21 I Class loaded ok
2021.07.07 14:10.21 I New presentation plan now
2021.07.07 14:10.21 I Initializing presentation TileScoreboardPresentation
2021.07.07 14:10.21 I Building presentation plan
2021.07.07 14:10.21 I Building presentation plan
2021.07.07 14:10.21 I Next presentation plan: Presentation plan 1100 -> 9223372036854775807, 14000
  Segment [0 -> 14000, TileScoreboardPresentation > null > null, 0]
2021.07.07 14:10.21 I Ending presentation plan: null
2021.07.07 14:10.21 I Switching presentation plans: null -> Presentation plan 1100 -> 9223372036854775807, 14000
  Segment [0 -> 14000, TileScoreboardPresentation > null > null, 0]
2021.07.07 14:10.22 I > {"type":"info","source":"b833456f","presentation":"TileScoreboardPresentation","fps":62,"image":"/9j/4AAQSkZJRgABAgAAA...
2021.07.07 14:10.26 I > {"type":"info","source":"b833456f","presentation":"TileScoreboardPresentation","fps":61,"image":"/9j/4AAQSkZJRgABAgAAA...
2021.07.07 14:10.30 I > {"type":"info","source":"b833456f","presentation":"TileScoreboardPresentation","fps":62,"image":"/9j/4AAQSkZJRgABAgAAA...
2021.07.07 14:10.34 I > {"type":"info","source":"b833456f","presentation":"TileScoreboardPresentation","fps":61,"image":"/9j/4AAQSkZJRgABAgAAA...
