---- ICPC Presentation Client (2.3.491) ----
OS:  Windows 10 (amd64/10.0)
JRE: Oracle Corporation (12.0.2)
Folder: C:\Users\diego\Documents\DomJudge\presentations
Host: ROCA12ULTRA / 192.168.0.3
Locale/TZ: es_CO / hora estándar de Colombia
Args: https://192.168.0.3:8443/api/contests/5/ presentation presentat1on 
Log started 2021.07.07 14:14.27

2021.07.07 14:14.27 I Contest source verified
2021.07.07 14:14.28 I Download https://192.168.0.3:8443/presentation/ to C:\Users\diego\AppData\Local\Temp\org.icpc.tools.cache.19216803apicontests5\presentation\listing.dir (200) (7.8kb in 125ms)
2021.07.07 14:14.28 I Updates found on CDS: 1
2021.07.07 14:14.28 I Version check: 2.3.491 (local) vs 2.3.491 (remote)
2021.07.07 14:14.28 I Display 1 found, modes:
2021.07.07 14:14.28 I    1366x768 @ 60hz in 32bit
2021.07.07 14:14.28 I    1280x720 @ 60hz in 32bit
2021.07.07 14:14.28 I    1024x768 @ 60hz in 32bit
2021.07.07 14:14.28 I    800x600 @ 60hz in 32bit
2021.07.07 14:14.28 I    640x480 @ 60hz in 32bit
2021.07.07 14:14.28 I    Config: false, true, true, DirectColorModel
2021.07.07 14:14.28 I Display 2 found, modes:
2021.07.07 14:14.28 I    1920x1080 @ 75hz in 32bit
2021.07.07 14:14.28 I    1920x1080 @ 60hz in 32bit
2021.07.07 14:14.28 I    1920x1080 @ 59hz in 32bit
2021.07.07 14:14.28 I    1920x1080 @ 50hz in 32bit
2021.07.07 14:14.28 I    1680x1050 @ 75hz in 32bit
2021.07.07 14:14.28 I    1680x1050 @ 60hz in 32bit
2021.07.07 14:14.28 I    1600x900 @ 75hz in 32bit
2021.07.07 14:14.28 I    1600x900 @ 60hz in 32bit
2021.07.07 14:14.28 I    1440x900 @ 75hz in 32bit
2021.07.07 14:14.28 I    1440x900 @ 60hz in 32bit
2021.07.07 14:14.28 I    1366x768 @ 75hz in 32bit
2021.07.07 14:14.28 I    1366x768 @ 60hz in 32bit
2021.07.07 14:14.28 I    1280x1024 @ 75hz in 32bit
2021.07.07 14:14.28 I    1280x1024 @ 60hz in 32bit
2021.07.07 14:14.28 I    1280x800 @ 75hz in 32bit
2021.07.07 14:14.28 I    1280x800 @ 60hz in 32bit
2021.07.07 14:14.28 I    1280x720 @ 75hz in 32bit
2021.07.07 14:14.28 I    1280x720 @ 60hz in 32bit
2021.07.07 14:14.28 I    1280x720 @ 59hz in 32bit
2021.07.07 14:14.28 I    1280x720 @ 50hz in 32bit
2021.07.07 14:14.28 I    1024x768 @ 75hz in 32bit
2021.07.07 14:14.28 I    1024x768 @ 60hz in 32bit
2021.07.07 14:14.28 I    800x600 @ 75hz in 32bit
2021.07.07 14:14.28 I    800x600 @ 60hz in 32bit
2021.07.07 14:14.28 I    720x576 @ 75hz in 32bit
2021.07.07 14:14.28 I    720x576 @ 60hz in 32bit
2021.07.07 14:14.28 I    720x576 @ 59hz in 32bit
2021.07.07 14:14.28 I    720x576 @ 50hz in 32bit
2021.07.07 14:14.28 I    720x480 @ 75hz in 32bit
2021.07.07 14:14.28 I    720x480 @ 60hz in 32bit
2021.07.07 14:14.28 I    720x480 @ 59hz in 32bit
2021.07.07 14:14.28 I    720x400 @ 75hz in 32bit
2021.07.07 14:14.28 I    720x400 @ 70hz in 32bit
2021.07.07 14:14.28 I    720x400 @ 60hz in 32bit
2021.07.07 14:14.28 I    720x400 @ 59hz in 32bit
2021.07.07 14:14.28 I    640x480 @ 75hz in 32bit
2021.07.07 14:14.28 I    640x480 @ 60hz in 32bit
2021.07.07 14:14.28 I    640x480 @ 59hz in 32bit
2021.07.07 14:14.28 I    Config: false, true, true, DirectColorModel
2021.07.07 14:14.28 I Presentation Client [192.168.0.3] connecting to RESTContestSource[presentation|presentat1on@https://192.168.0.3:8443/api/contests/5]
2021.07.07 14:14.28 192.168.0.3 connecting...
2021.07.07 14:14.29 192.168.0.3 connected
2021.07.07 14:14.29 I < {"type":"ping"}
2021.07.07 14:14.29 I Applying display config DisplayConfig 1 (r=java.awt.Rectangle[x=1920,y=313,width=1366,height=768],in=java.awt.Insets[top=0,left=0,bottom=40,right=0])
2021.07.07 14:14.29 I > {"type":"ping"}
2021.07.07 14:14.29 I > {"type":"info","source":"b833456f","width":1366,"height":768,"hidden":false,"display":"1w"}
2021.07.07 14:14.29 I > {"type":"info","source":"b833456f","client.type":"presentation","version":"2.3.491","os.name":"Windows 10","os.version...
2021.07.07 14:14.29 I > {"type":"info","source":"b833456f","presentation":null,"fps":0,"image":"/9j/4AAQSkZJRgABAgAAAQABAAD/2wBDAAgGBgcGBQgHBw...
2021.07.07 14:14.29 I < {"type":"ping"}
2021.07.07 14:14.29 I > {"type":"ping"}
2021.07.07 14:14.30 I < {"type":"ping"}
2021.07.07 14:14.30 I > {"type":"ping"}
2021.07.07 14:14.30 I < {"type":"time","time":1625685270133}
2021.07.07 14:14.30 I Nano time diff: 1625669661116
2021.07.07 14:14.30 I Nano time diff: 11
2021.07.07 14:14.30 I > {"type":"ping"}
2021.07.07 14:14.36 I < {"type":"properties","props":{"presentation":"1100|org.icpc.tools.presentation.contest.internal.chart.HistoricalCompar...
2021.07.07 14:14.36 presentation: 1100|org.icpc.tools.presentation.contest.internal.chart.HistoricalComparisonChart
2021.07.07 14:14.36 I Attempting to load class: org.icpc.tools.presentation.contest.internal.chart.HistoricalComparisonChart
2021.07.07 14:14.37 I Loading contest from RESTContestSource[presentation|presentat1on@https://192.168.0.3:8443/api/contests/5]
2021.07.07 14:14.37 I Checking feed cache: C:\Users\diego\Documents\DomJudge\presentations\logs\events-5-presentation.log
2021.07.07 14:14.37 I First comment: ! 0
2021.07.07 14:14.37 I Found feed cache up to event id: cdR35
2021.07.07 14:14.38 I Reading feed cache
2021.07.07 14:14.38 I Done reading feed cache
2021.07.07 14:14.38 I Contest buffering: 2.36
2021.07.07 14:14.39 I > {"type":"info","source":"b833456f","presentation":null,"fps":0,"image":"/9j/4AAQSkZJRgABAgAAAQABAAD/2wBDAAgGBgcGBQgHBw...
2021.07.07 14:14.40 I Class loaded ok
2021.07.07 14:14.40 I New presentation plan now
2021.07.07 14:14.40 I Initializing presentation HistoricalComparisonChart
2021.07.07 14:14.40 I Download https://192.168.0.3:8443/presentation/historical/events2013.json to C:\Users\diego\AppData\Local\Temp\org.icpc.tools.cache.19216803apicontests5\presentation\historical\events2013.json (404)
2021.07.07 14:14.40 E Error loading past contest
java.io.FileNotFoundException: C:\Users\diego\AppData\Local\Temp\org.icpc.tools.cache.19216803apicontests5\presentation\historical\events2013.json (El sistema no puede encontrar la ruta especificada)
	at java.base/java.io.FileInputStream.open0(Native Method)
	at java.base/java.io.FileInputStream.open(FileInputStream.java:213)
	at java.base/java.io.FileInputStream.<init>(FileInputStream.java:155)
	at org.icpc.tools.presentation.contest.internal.chart.HistoricalComparisonChart.init(HistoricalComparisonChart.java:67)
	at org.icpc.tools.presentation.core.internal.PresentationWindowImpl.setPresentations(PresentationWindowImpl.java:446)
	at org.icpc.tools.presentation.contest.internal.PresentationClient.setPresentations(PresentationClient.java:217)
	at org.icpc.tools.presentation.contest.internal.PresentationClient.handleProperty(PresentationClient.java:129)
	at org.icpc.tools.presentation.contest.internal.PresentationClient$3.propertyUpdated(PresentationClient.java:86)
	at org.icpc.tools.client.core.BasicClient.firePropertyChangedEvent(BasicClient.java:541)
	at org.icpc.tools.client.core.BasicClient.handleProperties(BasicClient.java:206)
	at org.icpc.tools.client.core.BasicClient.onMessage(BasicClient.java:700)
	at org.icpc.tools.client.core.BasicClient.access$000(BasicClient.java:45)
	at org.icpc.tools.client.core.BasicClient$WSClientEndpoint$1.onMessage(BasicClient.java:89)
	at org.icpc.tools.client.core.BasicClient$WSClientEndpoint$1.onMessage(BasicClient.java:85)
	at org.glassfish.tyrus.core.TyrusSession.notifyMessageHandlers(TyrusSession.java:559)
	at org.glassfish.tyrus.core.TyrusEndpointWrapper.onMessage(TyrusEndpointWrapper.java:855)
	at org.glassfish.tyrus.core.TyrusWebSocket.onMessage(TyrusWebSocket.java:196)
	at org.glassfish.tyrus.core.frame.TextFrame.respond(TextFrame.java:115)
	at org.glassfish.tyrus.core.ProtocolHandler.process(ProtocolHandler.java:819)
	at org.glassfish.tyrus.client.TyrusClientEngine$TyrusReadHandler.handle(TyrusClientEngine.java:724)
	at org.glassfish.tyrus.container.grizzly.client.GrizzlyClientFilter$ProcessTask.execute(GrizzlyClientFilter.java:452)
	at org.glassfish.tyrus.container.grizzly.client.TaskProcessor.processTask(TaskProcessor.java:91)
	at org.glassfish.tyrus.container.grizzly.client.TaskProcessor.processTask(TaskProcessor.java:68)
	at org.glassfish.tyrus.container.grizzly.client.GrizzlyClientFilter.handleRead(GrizzlyClientFilter.java:248)
	at org.glassfish.grizzly.filterchain.ExecutorResolver$9.execute(ExecutorResolver.java:119)
	at org.glassfish.grizzly.filterchain.DefaultFilterChain.executeFilter(DefaultFilterChain.java:283)
	at org.glassfish.grizzly.filterchain.DefaultFilterChain.executeChainPart(DefaultFilterChain.java:200)
	at org.glassfish.grizzly.filterchain.DefaultFilterChain.execute(DefaultFilterChain.java:132)
	at org.glassfish.grizzly.filterchain.DefaultFilterChain.process(DefaultFilterChain.java:111)
	at org.glassfish.grizzly.ProcessorExecutor.execute(ProcessorExecutor.java:77)
	at org.glassfish.grizzly.nio.transport.TCPNIOTransport.fireIOEvent(TCPNIOTransport.java:536)
	at org.glassfish.grizzly.strategies.AbstractIOStrategy.fireIOEvent(AbstractIOStrategy.java:112)
	at org.glassfish.grizzly.strategies.WorkerThreadIOStrategy.run0(WorkerThreadIOStrategy.java:117)
	at org.glassfish.grizzly.strategies.WorkerThreadIOStrategy.access$100(WorkerThreadIOStrategy.java:56)
	at org.glassfish.grizzly.strategies.WorkerThreadIOStrategy$WorkerThreadRunnable.run(WorkerThreadIOStrategy.java:137)
	at org.glassfish.grizzly.threadpool.AbstractThreadPool$Worker.doWork(AbstractThreadPool.java:591)
	at org.glassfish.grizzly.threadpool.AbstractThreadPool$Worker.run(AbstractThreadPool.java:571)
	at java.base/java.lang.Thread.run(Thread.java:835)
2021.07.07 14:14.40 I Download https://192.168.0.3:8443/presentation/historical/events2014.json to C:\Users\diego\AppData\Local\Temp\org.icpc.tools.cache.19216803apicontests5\presentation\historical\events2014.json (404)
Logging second instance of exception, will not log again
2021.07.07 14:14.40 E Error loading past contest
java.io.FileNotFoundException: C:\Users\diego\AppData\Local\Temp\org.icpc.tools.cache.19216803apicontests5\presentation\historical\events2014.json (El sistema no puede encontrar la ruta especificada)
	at java.base/java.io.FileInputStream.open0(Native Method)
	at java.base/java.io.FileInputStream.open(FileInputStream.java:213)
	at java.base/java.io.FileInputStream.<init>(FileInputStream.java:155)
	at org.icpc.tools.presentation.contest.internal.chart.HistoricalComparisonChart.init(HistoricalComparisonChart.java:67)
	at org.icpc.tools.presentation.core.internal.PresentationWindowImpl.setPresentations(PresentationWindowImpl.java:446)
	at org.icpc.tools.presentation.contest.internal.PresentationClient.setPresentations(PresentationClient.java:217)
	at org.icpc.tools.presentation.contest.internal.PresentationClient.handleProperty(PresentationClient.java:129)
	at org.icpc.tools.presentation.contest.internal.PresentationClient$3.propertyUpdated(PresentationClient.java:86)
	at org.icpc.tools.client.core.BasicClient.firePropertyChangedEvent(BasicClient.java:541)
	at org.icpc.tools.client.core.BasicClient.handleProperties(BasicClient.java:206)
	at org.icpc.tools.client.core.BasicClient.onMessage(BasicClient.java:700)
	at org.icpc.tools.client.core.BasicClient.access$000(BasicClient.java:45)
	at org.icpc.tools.client.core.BasicClient$WSClientEndpoint$1.onMessage(BasicClient.java:89)
	at org.icpc.tools.client.core.BasicClient$WSClientEndpoint$1.onMessage(BasicClient.java:85)
	at org.glassfish.tyrus.core.TyrusSession.notifyMessageHandlers(TyrusSession.java:559)
	at org.glassfish.tyrus.core.TyrusEndpointWrapper.onMessage(TyrusEndpointWrapper.java:855)
	at org.glassfish.tyrus.core.TyrusWebSocket.onMessage(TyrusWebSocket.java:196)
	at org.glassfish.tyrus.core.frame.TextFrame.respond(TextFrame.java:115)
	at org.glassfish.tyrus.core.ProtocolHandler.process(ProtocolHandler.java:819)
	at org.glassfish.tyrus.client.TyrusClientEngine$TyrusReadHandler.handle(TyrusClientEngine.java:724)
	at org.glassfish.tyrus.container.grizzly.client.GrizzlyClientFilter$ProcessTask.execute(GrizzlyClientFilter.java:452)
	at org.glassfish.tyrus.container.grizzly.client.TaskProcessor.processTask(TaskProcessor.java:91)
	at org.glassfish.tyrus.container.grizzly.client.TaskProcessor.processTask(TaskProcessor.java:68)
	at org.glassfish.tyrus.container.grizzly.client.GrizzlyClientFilter.handleRead(GrizzlyClientFilter.java:248)
	at org.glassfish.grizzly.filterchain.ExecutorResolver$9.execute(ExecutorResolver.java:119)
	at org.glassfish.grizzly.filterchain.DefaultFilterChain.executeFilter(DefaultFilterChain.java:283)
	at org.glassfish.grizzly.filterchain.DefaultFilterChain.executeChainPart(DefaultFilterChain.java:200)
	at org.glassfish.grizzly.filterchain.DefaultFilterChain.execute(DefaultFilterChain.java:132)
	at org.glassfish.grizzly.filterchain.DefaultFilterChain.process(DefaultFilterChain.java:111)
	at org.glassfish.grizzly.ProcessorExecutor.execute(ProcessorExecutor.java:77)
	at org.glassfish.grizzly.nio.transport.TCPNIOTransport.fireIOEvent(TCPNIOTransport.java:536)
	at org.glassfish.grizzly.strategies.AbstractIOStrategy.fireIOEvent(AbstractIOStrategy.java:112)
	at org.glassfish.grizzly.strategies.WorkerThreadIOStrategy.run0(WorkerThreadIOStrategy.java:117)
	at org.glassfish.grizzly.strategies.WorkerThreadIOStrategy.access$100(WorkerThreadIOStrategy.java:56)
	at org.glassfish.grizzly.strategies.WorkerThreadIOStrategy$WorkerThreadRunnable.run(WorkerThreadIOStrategy.java:137)
	at org.glassfish.grizzly.threadpool.AbstractThreadPool$Worker.doWork(AbstractThreadPool.java:591)
	at org.glassfish.grizzly.threadpool.AbstractThreadPool$Worker.run(AbstractThreadPool.java:571)
	at java.base/java.lang.Thread.run(Thread.java:835)
2021.07.07 14:14.40 I Download https://192.168.0.3:8443/presentation/historical/events2015.json to C:\Users\diego\AppData\Local\Temp\org.icpc.tools.cache.19216803apicontests5\presentation\historical\events2015.json (404)
2021.07.07 14:14.41 I Download https://192.168.0.3:8443/presentation/historical/events2016.json to C:\Users\diego\AppData\Local\Temp\org.icpc.tools.cache.19216803apicontests5\presentation\historical\events2016.json (404)
2021.07.07 14:14.41 I Building presentation plan
2021.07.07 14:14.41 I Building presentation plan
2021.07.07 14:14.41 I Next presentation plan: Presentation plan 1100 -> 9223372036854775807, 15000
  Segment [0 -> 15000, HistoricalComparisonChart > null > null, 0]
2021.07.07 14:14.41 I Switching presentation plans: null -> Presentation plan 1100 -> 9223372036854775807, 15000
  Segment [0 -> 15000, HistoricalComparisonChart > null > null, 0]
2021.07.07 14:14.41 I < {"type":"ping"}
2021.07.07 14:14.41 I > {"type":"ping"}
2021.07.07 14:14.42 I < {"type":"properties","props":{"presentation":"1100|org.icpc.tools.presentation.contest.internal.chart.JudgeQueueDepthC...
2021.07.07 14:14.42 presentation: 1100|org.icpc.tools.presentation.contest.internal.chart.JudgeQueueDepthChart
2021.07.07 14:14.42 I Attempting to load class: org.icpc.tools.presentation.contest.internal.chart.JudgeQueueDepthChart
2021.07.07 14:14.42 I Class loaded ok
2021.07.07 14:14.42 I New presentation plan now
2021.07.07 14:14.42 I Initializing presentation JudgeQueueDepthChart
2021.07.07 14:14.42 I Building presentation plan
2021.07.07 14:14.42 I Building presentation plan
2021.07.07 14:14.42 I Next presentation plan: Presentation plan 1100 -> 9223372036854775807, 15000
  Segment [0 -> 15000, JudgeQueueDepthChart > null > null, 0]
2021.07.07 14:14.42 I Ending presentation plan: null
2021.07.07 14:14.42 I Switching presentation plans: null -> Presentation plan 1100 -> 9223372036854775807, 15000
  Segment [0 -> 15000, JudgeQueueDepthChart > null > null, 0]
2021.07.07 14:14.43 I > {"type":"info","source":"b833456f","presentation":"JudgeQueueDepthChart","fps":39,"image":"/9j/4AAQSkZJRgABAgAAAQABAAD...
2021.07.07 14:14.44 I < {"type":"properties","props":{"presentation":"1100|org.icpc.tools.presentation.contest.internal.chart.LanguageSummaryC...
2021.07.07 14:14.44 presentation: 1100|org.icpc.tools.presentation.contest.internal.chart.LanguageSummaryChart
2021.07.07 14:14.44 I Attempting to load class: org.icpc.tools.presentation.contest.internal.chart.LanguageSummaryChart
2021.07.07 14:14.44 I Class loaded ok
2021.07.07 14:14.44 I New presentation plan now
2021.07.07 14:14.44 I Initializing presentation LanguageSummaryChart
2021.07.07 14:14.44 I Building presentation plan
2021.07.07 14:14.44 I Building presentation plan
2021.07.07 14:14.44 I Next presentation plan: Presentation plan 1100 -> 9223372036854775807, 15000
  Segment [0 -> 15000, LanguageSummaryChart > null > null, 0]
2021.07.07 14:14.44 I Ending presentation plan: null
2021.07.07 14:14.44 I Switching presentation plans: null -> Presentation plan 1100 -> 9223372036854775807, 15000
  Segment [0 -> 15000, LanguageSummaryChart > null > null, 0]
2021.07.07 14:14.46 I < {"type":"properties","props":{"presentation":"1100|org.icpc.tools.presentation.contest.internal.chart.ProblemCompariso...
2021.07.07 14:14.46 presentation: 1100|org.icpc.tools.presentation.contest.internal.chart.ProblemComparisonChart
2021.07.07 14:14.46 I Attempting to load class: org.icpc.tools.presentation.contest.internal.chart.ProblemComparisonChart
2021.07.07 14:14.46 I Class loaded ok
2021.07.07 14:14.46 I New presentation plan now
2021.07.07 14:14.46 I Initializing presentation ProblemComparisonChart
2021.07.07 14:14.46 I Building presentation plan
2021.07.07 14:14.46 I Building presentation plan
2021.07.07 14:14.46 I Next presentation plan: Presentation plan 1100 -> 9223372036854775807, 15000
  Segment [0 -> 15000, ProblemComparisonChart > null > null, 0]
2021.07.07 14:14.46 I Ending presentation plan: null
2021.07.07 14:14.46 I Switching presentation plans: null -> Presentation plan 1100 -> 9223372036854775807, 15000
  Segment [0 -> 15000, ProblemComparisonChart > null > null, 0]
2021.07.07 14:14.47 I > {"type":"info","source":"b833456f","presentation":"ProblemComparisonChart","fps":62,"image":"/9j/4AAQSkZJRgABAgAAAQABA...
2021.07.07 14:14.47 I < {"type":"properties","props":{"presentation":"1100|org.icpc.tools.presentation.contest.internal.chart.ProblemDetailCha...
2021.07.07 14:14.47 presentation: 1100|org.icpc.tools.presentation.contest.internal.chart.ProblemDetailChart
2021.07.07 14:14.47 I Attempting to load class: org.icpc.tools.presentation.contest.internal.chart.ProblemDetailChart
2021.07.07 14:14.47 I Class loaded ok
2021.07.07 14:14.47 I New presentation plan now
2021.07.07 14:14.47 I Initializing presentation ProblemDetailChart
2021.07.07 14:14.47 I Building presentation plan
2021.07.07 14:14.47 I Building presentation plan
2021.07.07 14:14.47 I Next presentation plan: Presentation plan 1100 -> 9223372036854775807, 15000
  Segment [0 -> 15000, ProblemDetailChart > null > null, 0]
2021.07.07 14:14.47 I Ending presentation plan: null
2021.07.07 14:14.47 I Switching presentation plans: null -> Presentation plan 1100 -> 9223372036854775807, 15000
  Segment [0 -> 15000, ProblemDetailChart > null > null, 0]
2021.07.07 14:14.49 I < {"type":"properties","props":{"presentation":"1100|org.icpc.tools.presentation.contest.internal.chart.ProblemSummaryCh...
2021.07.07 14:14.49 presentation: 1100|org.icpc.tools.presentation.contest.internal.chart.ProblemSummaryChart
2021.07.07 14:14.49 I Attempting to load class: org.icpc.tools.presentation.contest.internal.chart.ProblemSummaryChart
2021.07.07 14:14.49 I Class loaded ok
2021.07.07 14:14.49 I New presentation plan now
2021.07.07 14:14.49 I Initializing presentation ProblemSummaryChart
2021.07.07 14:14.49 I Building presentation plan
2021.07.07 14:14.49 I Building presentation plan
2021.07.07 14:14.49 I Next presentation plan: Presentation plan 1100 -> 9223372036854775807, 15000
  Segment [0 -> 15000, ProblemSummaryChart > null > null, 0]
2021.07.07 14:14.49 I Ending presentation plan: null
2021.07.07 14:14.49 I Switching presentation plans: null -> Presentation plan 1100 -> 9223372036854775807, 15000
  Segment [0 -> 15000, ProblemSummaryChart > null > null, 0]
2021.07.07 14:14.49 I < {"type":"properties","props":{"presentation":"1100|org.icpc.tools.presentation.contest.internal.chart.ScoreboardChart"...
2021.07.07 14:14.49 presentation: 1100|org.icpc.tools.presentation.contest.internal.chart.ScoreboardChart
2021.07.07 14:14.49 I Attempting to load class: org.icpc.tools.presentation.contest.internal.chart.ScoreboardChart
2021.07.07 14:14.49 I Class loaded ok
2021.07.07 14:14.49 I New presentation plan now
2021.07.07 14:14.49 I Initializing presentation ScoreboardChart
2021.07.07 14:14.49 I Building presentation plan
2021.07.07 14:14.49 I Building presentation plan
2021.07.07 14:14.49 I Next presentation plan: Presentation plan 1100 -> 9223372036854775807, 15000
  Segment [0 -> 15000, ScoreboardChart > null > null, 0]
2021.07.07 14:14.49 I Ending presentation plan: null
2021.07.07 14:14.49 I Switching presentation plans: null -> Presentation plan 1100 -> 9223372036854775807, 15000
  Segment [0 -> 15000, ScoreboardChart > null > null, 0]
2021.07.07 14:14.51 I > {"type":"info","source":"b833456f","presentation":"ScoreboardChart","fps":62,"image":"/9j/4AAQSkZJRgABAgAAAQABAAD/2wBD...
2021.07.07 14:14.52 I < {"type":"properties","props":{"presentation":"1100|org.icpc.tools.presentation.contest.internal.tile.TileScoreboardPre...
2021.07.07 14:14.52 presentation: 1100|org.icpc.tools.presentation.contest.internal.tile.TileScoreboardPresentation
2021.07.07 14:14.52 I Attempting to load class: org.icpc.tools.presentation.contest.internal.tile.TileScoreboardPresentation
2021.07.07 14:14.52 I Class loaded ok
2021.07.07 14:14.52 I New presentation plan now
2021.07.07 14:14.52 I Initializing presentation TileScoreboardPresentation
2021.07.07 14:14.52 I Building presentation plan
2021.07.07 14:14.52 I Building presentation plan
2021.07.07 14:14.52 I Next presentation plan: Presentation plan 1100 -> 9223372036854775807, 14000
  Segment [0 -> 14000, TileScoreboardPresentation > null > null, 0]
2021.07.07 14:14.52 I Ending presentation plan: null
2021.07.07 14:14.52 I Switching presentation plans: null -> Presentation plan 1100 -> 9223372036854775807, 14000
  Segment [0 -> 14000, TileScoreboardPresentation > null > null, 0]
2021.07.07 14:14.54 I < {"type":"properties","props":{"presentation":"1100|org.icpc.tools.presentation.contest.internal.tile.TileRankScoreboar...
2021.07.07 14:14.54 presentation: 1100|org.icpc.tools.presentation.contest.internal.tile.TileRankScoreboardPresentation
2021.07.07 14:14.54 I Attempting to load class: org.icpc.tools.presentation.contest.internal.tile.TileRankScoreboardPresentation
2021.07.07 14:14.54 I Class loaded ok
2021.07.07 14:14.54 I New presentation plan now
2021.07.07 14:14.54 I Initializing presentation TileRankScoreboardPresentation
2021.07.07 14:14.54 I Building presentation plan
2021.07.07 14:14.54 I Building presentation plan
2021.07.07 14:14.54 I Next presentation plan: Presentation plan 1100 -> 9223372036854775807, 7857
  Segment [0 -> 7857, TileRankScoreboardPresentation > null > null, 0]
2021.07.07 14:14.54 I Ending presentation plan: null
2021.07.07 14:14.54 I Switching presentation plans: null -> Presentation plan 1100 -> 9223372036854775807, 7857
  Segment [0 -> 7857, TileRankScoreboardPresentation > null > null, 0]
2021.07.07 14:14.55 I > {"type":"info","source":"b833456f","presentation":"TileRankScoreboardPresentation","fps":62,"image":"/9j/4AAQSkZJRgABA...
2021.07.07 14:14.55 I < {"type":"properties","props":{"presentation":"1100|org.icpc.tools.presentation.contest.internal.tile.TileListScoreboar...
2021.07.07 14:14.55 presentation: 1100|org.icpc.tools.presentation.contest.internal.tile.TileListScoreboardPresentation
2021.07.07 14:14.55 I Attempting to load class: org.icpc.tools.presentation.contest.internal.tile.TileListScoreboardPresentation
2021.07.07 14:14.55 I Class loaded ok
2021.07.07 14:14.55 I New presentation plan now
2021.07.07 14:14.55 I Initializing presentation TileListScoreboardPresentation
2021.07.07 14:14.55 I Building presentation plan
2021.07.07 14:14.55 I Building presentation plan
2021.07.07 14:14.55 I Next presentation plan: Presentation plan 1100 -> 9223372036854775807, 14000
  Segment [0 -> 14000, TileListScoreboardPresentation > null > null, 0]
2021.07.07 14:14.55 I Ending presentation plan: null
2021.07.07 14:14.55 I Switching presentation plans: null -> Presentation plan 1100 -> 9223372036854775807, 14000
  Segment [0 -> 14000, TileListScoreboardPresentation > null > null, 0]
2021.07.07 14:14.56 I < {"type":"properties","props":{"presentation":"1100|org.icpc.tools.presentation.contest.internal.tile.TilePictureScoreb...
2021.07.07 14:14.56 presentation: 1100|org.icpc.tools.presentation.contest.internal.tile.TilePictureScoreboardPresentation
2021.07.07 14:14.56 I Attempting to load class: org.icpc.tools.presentation.contest.internal.tile.TilePictureScoreboardPresentation
2021.07.07 14:14.56 I Class loaded ok
2021.07.07 14:14.56 I New presentation plan now
2021.07.07 14:14.56 I Initializing presentation TilePictureScoreboardPresentation
2021.07.07 14:14.56 I Building presentation plan
2021.07.07 14:14.56 I Building presentation plan
2021.07.07 14:14.56 I Next presentation plan: Presentation plan 1100 -> 9223372036854775807, 315360000000
  Segment [0 -> 315360000000, TilePictureScoreboardPresentation > null > null, 0]
2021.07.07 14:14.56 I Ending presentation plan: null
2021.07.07 14:14.56 I Switching presentation plans: null -> Presentation plan 1100 -> 9223372036854775807, 315360000000
  Segment [0 -> 315360000000, TilePictureScoreboardPresentation > null > null, 0]
2021.07.07 14:14.57 I < {"type":"properties","props":{"presentation":"1100|org.icpc.tools.presentation.contest.internal.presentations.test.Tes...
2021.07.07 14:14.57 presentation: 1100|org.icpc.tools.presentation.contest.internal.presentations.test.TestSyncPresentation
2021.07.07 14:14.57 I Attempting to load class: org.icpc.tools.presentation.contest.internal.presentations.test.TestSyncPresentation
2021.07.07 14:14.57 I Class loaded ok
2021.07.07 14:14.57 I New presentation plan now
2021.07.07 14:14.57 I Initializing presentation TestSyncPresentation
2021.07.07 14:14.57 I Building presentation plan
2021.07.07 14:14.57 I Building presentation plan
2021.07.07 14:14.57 I Next presentation plan: Presentation plan 1100 -> 9223372036854775807, 8000
  Segment [0 -> 8000, TestSyncPresentation > null > null, 0]
2021.07.07 14:14.57 I Ending presentation plan: null
2021.07.07 14:14.57 I Switching presentation plans: null -> Presentation plan 1100 -> 9223372036854775807, 8000
  Segment [0 -> 8000, TestSyncPresentation > null > null, 0]
2021.07.07 14:14.59 I > {"type":"info","source":"b833456f","presentation":"TestSyncPresentation","fps":61,"image":"/9j/4AAQSkZJRgABAgAAAQABAAD...
2021.07.07 14:15.00 I < {"type":"properties","props":{"presentation":"1100|org.icpc.tools.presentation.contest.internal.scoreboard.FirstSoluti...
2021.07.07 14:15.00 presentation: 1100|org.icpc.tools.presentation.contest.internal.scoreboard.FirstSolutionPresentation
2021.07.07 14:15.00 I Attempting to load class: org.icpc.tools.presentation.contest.internal.scoreboard.FirstSolutionPresentation
2021.07.07 14:15.00 I Class loaded ok
2021.07.07 14:15.00 I New presentation plan now
2021.07.07 14:15.00 I Initializing presentation FirstSolutionPresentation
2021.07.07 14:15.00 I Building presentation plan
2021.07.07 14:15.00 I Building presentation plan
2021.07.07 14:15.00 I Next presentation plan: Presentation plan 1100 -> 9223372036854775807, 315360000000
  Segment [0 -> 315360000000, FirstSolutionPresentation > null > null, 0]
2021.07.07 14:15.00 I Ending presentation plan: null
2021.07.07 14:15.00 I Switching presentation plans: null -> Presentation plan 1100 -> 9223372036854775807, 315360000000
  Segment [0 -> 315360000000, FirstSolutionPresentation > null > null, 0]
2021.07.07 14:15.00 I Download https://192.168.0.3:8443/presentation/fts/2013.png to C:\Users\diego\AppData\Local\Temp\org.icpc.tools.cache.19216803apicontests5\presentation\fts\2013.png (404)
2021.07.07 14:15.00 I Download https://192.168.0.3:8443/presentation/fts/2014.png to C:\Users\diego\AppData\Local\Temp\org.icpc.tools.cache.19216803apicontests5\presentation\fts\2014.png (404)
2021.07.07 14:15.00 I Download https://192.168.0.3:8443/presentation/fts/2015.png to C:\Users\diego\AppData\Local\Temp\org.icpc.tools.cache.19216803apicontests5\presentation\fts\2015.png (404)
2021.07.07 14:15.00 I Download https://192.168.0.3:8443/presentation/fts/2016.png to C:\Users\diego\AppData\Local\Temp\org.icpc.tools.cache.19216803apicontests5\presentation\fts\2016.png (404)
2021.07.07 14:15.00 I Download https://192.168.0.3:8443/presentation/fts/2017.png to C:\Users\diego\AppData\Local\Temp\org.icpc.tools.cache.19216803apicontests5\presentation\fts\2017.png (404)
2021.07.07 14:15.00 I Download https://192.168.0.3:8443/presentation/fts/2018.png to C:\Users\diego\AppData\Local\Temp\org.icpc.tools.cache.19216803apicontests5\presentation\fts\2018.png (404)
2021.07.07 14:15.02 I < {"type":"properties","props":{"presentation":"1100|org.icpc.tools.presentation.contest.internal.scoreboard.FirstToSolv...
2021.07.07 14:15.02 presentation: 1100|org.icpc.tools.presentation.contest.internal.scoreboard.FirstToSolvePresentation
2021.07.07 14:15.02 I Attempting to load class: org.icpc.tools.presentation.contest.internal.scoreboard.FirstToSolvePresentation
2021.07.07 14:15.02 I Class loaded ok
2021.07.07 14:15.02 I New presentation plan now
2021.07.07 14:15.02 I Initializing presentation FirstToSolvePresentation
2021.07.07 14:15.02 I Building presentation plan
2021.07.07 14:15.02 I Building presentation plan
2021.07.07 14:15.02 I Next presentation plan: Presentation plan 1100 -> 9223372036854775807, 315360000000
  Segment [0 -> 315360000000, FirstToSolvePresentation > null > null, 0]
2021.07.07 14:15.02 I Ending presentation plan: null
2021.07.07 14:15.02 I Switching presentation plans: null -> Presentation plan 1100 -> 9223372036854775807, 315360000000
  Segment [0 -> 315360000000, FirstToSolvePresentation > null > null, 0]
2021.07.07 14:15.03 I > {"type":"info","source":"b833456f","presentation":"FirstToSolvePresentation","fps":62,"image":"/9j/4AAQSkZJRgABAgAAAQA...
2021.07.07 14:15.04 I < {"type":"properties","props":{"presentation":"1100|org.icpc.tools.presentation.contest.internal.scoreboard.JudgePresen...
2021.07.07 14:15.04 presentation: 1100|org.icpc.tools.presentation.contest.internal.scoreboard.JudgePresentation
2021.07.07 14:15.04 I Attempting to load class: org.icpc.tools.presentation.contest.internal.scoreboard.JudgePresentation
2021.07.07 14:15.04 I Class loaded ok
2021.07.07 14:15.04 I New presentation plan now
2021.07.07 14:15.04 I Initializing presentation JudgePresentation
2021.07.07 14:15.04 I Building presentation plan
2021.07.07 14:15.04 I Building presentation plan
2021.07.07 14:15.04 I Next presentation plan: Presentation plan 1100 -> 9223372036854775807, 315360000000
  Segment [0 -> 315360000000, JudgePresentation > null > null, 0]
2021.07.07 14:15.04 I Ending presentation plan: null
2021.07.07 14:15.04 I Switching presentation plans: null -> Presentation plan 1100 -> 9223372036854775807, 315360000000
  Segment [0 -> 315360000000, JudgePresentation > null > null, 0]
2021.07.07 14:15.05 I < {"type":"properties","props":{"presentation":"1100|org.icpc.tools.presentation.contest.internal.scoreboard.ScoreboardP...
2021.07.07 14:15.05 presentation: 1100|org.icpc.tools.presentation.contest.internal.scoreboard.ScoreboardPresentation
2021.07.07 14:15.05 I Attempting to load class: org.icpc.tools.presentation.contest.internal.scoreboard.ScoreboardPresentation
2021.07.07 14:15.05 I Class loaded ok
2021.07.07 14:15.05 I New presentation plan now
2021.07.07 14:15.05 I Initializing presentation ScoreboardPresentation
2021.07.07 14:15.05 I Building presentation plan
2021.07.07 14:15.05 I Building presentation plan
2021.07.07 14:15.05 I Next presentation plan: Presentation plan 1100 -> 9223372036854775807, 16000
  Segment [0 -> 16000, ScoreboardPresentation > null > null, 0]
2021.07.07 14:15.05 I Ending presentation plan: null
2021.07.07 14:15.05 I Switching presentation plans: null -> Presentation plan 1100 -> 9223372036854775807, 16000
  Segment [0 -> 16000, ScoreboardPresentation > null > null, 0]
2021.07.07 14:15.07 I < {"type":"properties","props":{"presentation":"1100|org.icpc.tools.presentation.contest.internal.presentations.TeamJudg...
2021.07.07 14:15.07 presentation: 1100|org.icpc.tools.presentation.contest.internal.presentations.TeamJudgePresentation
2021.07.07 14:15.07 I Attempting to load class: org.icpc.tools.presentation.contest.internal.presentations.TeamJudgePresentation
2021.07.07 14:15.07 I Class loaded ok
2021.07.07 14:15.07 I New presentation plan now
2021.07.07 14:15.07 I Initializing presentation TeamJudgePresentation
2021.07.07 14:15.07 I Building presentation plan
2021.07.07 14:15.07 I Building presentation plan
2021.07.07 14:15.07 I Next presentation plan: Presentation plan 1100 -> 9223372036854775807, 315360000000
  Segment [0 -> 315360000000, TeamJudgePresentation > null > null, 0]
2021.07.07 14:15.07 I Ending presentation plan: null
2021.07.07 14:15.07 I Switching presentation plans: null -> Presentation plan 1100 -> 9223372036854775807, 315360000000
  Segment [0 -> 315360000000, TeamJudgePresentation > null > null, 0]
2021.07.07 14:15.07 I > {"type":"info","source":"b833456f","presentation":"TeamJudgePresentation","fps":62,"image":"/9j/4AAQSkZJRgABAgAAAQABAA...
2021.07.07 14:15.08 I < {"type":"properties","props":{"presentation":"1100|org.icpc.tools.presentation.contest.internal.scoreboard.TimelinePre...
2021.07.07 14:15.08 presentation: 1100|org.icpc.tools.presentation.contest.internal.scoreboard.TimelinePresentation
2021.07.07 14:15.08 I Attempting to load class: org.icpc.tools.presentation.contest.internal.scoreboard.TimelinePresentation
2021.07.07 14:15.08 I Class loaded ok
2021.07.07 14:15.08 I New presentation plan now
2021.07.07 14:15.08 I Initializing presentation TimelinePresentation
2021.07.07 14:15.08 I Building presentation plan
2021.07.07 14:15.08 I Building presentation plan
2021.07.07 14:15.08 I Next presentation plan: Presentation plan 1100 -> 9223372036854775807, 16000
  Segment [0 -> 16000, TimelinePresentation > null > null, 0]
2021.07.07 14:15.08 I Ending presentation plan: null
2021.07.07 14:15.08 I Switching presentation plans: null -> Presentation plan 1100 -> 9223372036854775807, 16000
  Segment [0 -> 16000, TimelinePresentation > null > null, 0]
2021.07.07 14:15.09 I < {"type":"properties","props":{"presentation":"1100|org.icpc.tools.presentation.contest.internal.presentations.TeamDisp...
2021.07.07 14:15.09 presentation: 1100|org.icpc.tools.presentation.contest.internal.presentations.TeamDisplayPresentation
2021.07.07 14:15.09 I Attempting to load class: org.icpc.tools.presentation.contest.internal.presentations.TeamDisplayPresentation
2021.07.07 14:15.09 I Class loaded ok
2021.07.07 14:15.09 I New presentation plan now
2021.07.07 14:15.09 I Initializing presentation TeamDisplayPresentation
2021.07.07 14:15.09 I Floor map team: teams
  id: 3
  name: ARTEMISA
  icpc_id: null
  group_ids: ["3"]
  organization_id: 3
  photo: null
  video: null
  backup: null
  key_log: null
  tool_data: null
  desktop: null
  webcam: null
  audio: null
2021.07.07 14:15.09 I -1 < > -1
2021.07.07 14:15.09 I Building presentation plan
2021.07.07 14:15.09 I Building presentation plan
2021.07.07 14:15.09 I Next presentation plan: Presentation plan 1100 -> 9223372036854775807, 315360000000
  Segment [0 -> 315360000000, TeamDisplayPresentation > null > null, 0]
2021.07.07 14:15.09 I Ending presentation plan: null
2021.07.07 14:15.09 I Switching presentation plans: null -> Presentation plan 1100 -> 9223372036854775807, 315360000000
  Segment [0 -> 315360000000, TeamDisplayPresentation > null > null, 0]
2021.07.07 14:15.09 I Getting contest object from https://192.168.0.3:8443/api/contests/5/teams/3 - TEAM
2021.07.07 14:15.09 I Getting contest object from https://192.168.0.3:8443/api/contests/5/organizations/3 - ORGANIZATION
2021.07.07 14:15.11 I < {"type":"ping"}
2021.07.07 14:15.11 I > {"type":"ping"}
2021.07.07 14:15.11 I > {"type":"info","source":"b833456f","presentation":"TeamDisplayPresentation","fps":20,"image":"/9j/4AAQSkZJRgABAgAAAQAB...
2021.07.07 14:15.12 I < {"type":"properties","props":{"presentation":"1100|org.icpc.tools.presentation.contest.internal.presentations.StaticLo...
2021.07.07 14:15.12 presentation: 1100|org.icpc.tools.presentation.contest.internal.presentations.StaticLogoPresentation
2021.07.07 14:15.12 I Attempting to load class: org.icpc.tools.presentation.contest.internal.presentations.StaticLogoPresentation
2021.07.07 14:15.12 I Class loaded ok
2021.07.07 14:15.12 I New presentation plan now
2021.07.07 14:15.12 I Initializing presentation StaticLogoPresentation
2021.07.07 14:15.12 I Building presentation plan
2021.07.07 14:15.12 I Building presentation plan
2021.07.07 14:15.12 I Next presentation plan: Presentation plan 1100 -> 9223372036854775807, 315360000000
  Segment [0 -> 315360000000, StaticLogoPresentation > null > null, 0]
2021.07.07 14:15.12 I Ending presentation plan: null
2021.07.07 14:15.12 I Switching presentation plans: null -> Presentation plan 1100 -> 9223372036854775807, 315360000000
  Segment [0 -> 315360000000, StaticLogoPresentation > null > null, 0]
2021.07.07 14:15.15 I > {"type":"info","source":"b833456f","presentation":"StaticLogoPresentation","fps":4,"image":"/9j/4AAQSkZJRgABAgAAAQABAA...
2021.07.07 14:15.19 I > {"type":"info","source":"b833456f","presentation":"StaticLogoPresentation","fps":4,"image":"/9j/4AAQSkZJRgABAgAAAQABAA...
2021.07.07 14:15.23 I > {"type":"info","source":"b833456f","presentation":"StaticLogoPresentation","fps":4,"image":"/9j/4AAQSkZJRgABAgAAAQABAA...
2021.07.07 14:15.27 I > {"type":"info","source":"b833456f","presentation":"StaticLogoPresentation","fps":4,"image":"/9j/4AAQSkZJRgABAgAAAQABAA...
2021.07.07 14:15.31 I > {"type":"info","source":"b833456f","presentation":"StaticLogoPresentation","fps":4,"image":"/9j/4AAQSkZJRgABAgAAAQABAA...
2021.07.07 14:15.35 I > {"type":"info","source":"b833456f","presentation":"StaticLogoPresentation","fps":4,"image":"/9j/4AAQSkZJRgABAgAAAQABAA...
2021.07.07 14:15.39 I > {"type":"info","source":"b833456f","presentation":"StaticLogoPresentation","fps":4,"image":"/9j/4AAQSkZJRgABAgAAAQABAA...
2021.07.07 14:15.41 I < {"type":"ping"}
2021.07.07 14:15.41 I > {"type":"ping"}
