Lanzando cds (Open Liberty 21.0.0.1/wlp-1.0.48.cl210120210113-1459) en Java HotSpot(TM) 64-Bit Server VM, versión 12.0.2+10 (es_CO)
[AUDITAR ] CWWKE0001I: El servidor cds se ha lanzado.
[AUDITAR ] CWWKG0028A: El proceso ha incluido el recurso de configuración: C:\Users\diego\Documents\DomJudge\0. CDS server\usr\servers\cds\users.xml
[AUDITAR ] CWWKZ0058I: Supervisando aplicaciones de dropins.
WARNING: An illegal reflective access operation has occurred
WARNING: Illegal reflective access by org.apache.aries.jndi.startup.Activator (file:/C:/Users/diego/Documents/DomJudge/0. CDS server/lib/com.ibm.ws.org.apache.aries.jndi.core_1.1.48.jar) to field javax.naming.spi.NamingManager.initctx_factory_builder
WARNING: Please consider reporting this to the maintainers of org.apache.aries.jndi.startup.Activator
WARNING: Use --illegal-access=warn to enable warnings of further illegal reflective access operations
WARNING: All illegal access operations will be denied in a future release
[AUDITAR ] CWWKT0016I: Aplicación web disponible (default_host): http://roca12ultra:8080/
--- CDS (2.3.491) ---
Loading CDS configuration from: C:\Users\diego\Documents\DomJudge\0. CDS server\usr\servers\cds\config\cdsConfig.xml
Configured contests:
   5 on disk at /home/myuser/contests/test - CCS configured (score@http://192.168.0.4/domjudge/api/contests/5), Not recording reactions
[err] Could not read from CDS config! No contests loaded
[AUDITAR ] CWWKZ0001I: La aplicación CDS se ha iniciado en 6,501 segundos.
[AUDITAR ] CWWKF0012I: El servidor ha instalado las características siguientes: [appSecurity-3.0, cdi-2.0, distributedMap-1.0, el-3.0, jndi-1.0, jsp-2.3, servlet-4.0, ssl-1.0, websocket-1.1].
[AUDITAR ] CWWKF0011I: El servidor cds está preparado para ejecutar un planeta más inteligente. El servidor cds se ha iniciado en 42,199 segundos.
Loading contest from RESTContestSource[score|score@http://192.168.0.4/domjudge/api/contests/5]
Importing contest info
Contest config file (contest.yaml) not found
Importing problem set
Problem config file (problemset.yaml) not found
Importing groups
Group config file (groups.json/groups.tsv) not found
Importing organizations
Institutions config file (institutions.json/institutions2.tsv/institutions.tsv) not found
Importing teams
Team config file (teams.json/teams2.tsv/teams.tsv) not found
Importing team-members
Team member config file (members.json/members.tsv) not found
Importing contest floor map
Reading contest: 5
Reading feed cache
Done reading feed cache
Unknown property ignored: contests/end_time
Unknown property ignored: contests/external_id
Unknown property ignored: contests/shortname
Unknown property ignored: languages/extensions
Unknown property ignored: languages/allow_judge
Unknown property ignored: languages/time_factor
Unknown property ignored: languages/require_entry_point
Unknown property ignored: languages/entry_point_description
Unknown property ignored: problems/short_name
Unknown property ignored: problems/externalid
Unknown property ignored: groups/sortorder
Unknown property ignored: groups/color
Unknown property ignored: organizations/shortname
Unknown property ignored: teams/externalid
Unknown property ignored: teams/affiliation
Unknown property ignored: teams/nationality
Unknown property ignored: teams/members
Contest started: 5
Unknown property ignored: submissions/externalid
Unknown property ignored: judgements/valid
Unknown property ignored: judgements/judgehost
Contest freeze! Cutting off unauthorized video feeds
Contest frozen: 5
Contest unfrozen: 5
Contest unfrozen: 5
Contest finalized: 5
Contest unfrozen: 5
Contest end of updates: 5
[AUDITAR ] CWWKS1100A: La autenticación no se ha ejecutado correctamente para el ID de usuario admin. Se ha especificado un ID de usuario o una contraseña no válidos.
Client connected: 192.168.0.3 [uid b833456f]
b833456f > {"type":"properties","props":{"presentation":"1100|org.icpc.tools.presentation.contest.internal.presentations.BetterFi...
Client disconnected: 192.168.0.3 [uid b833456f]
Client connected: 192.168.0.3 [uid b833456f]
b833456f > {"type":"properties","props":{"presentation":"1100|org.icpc.tools.presentation.contest.internal.presentations.BetterFi...
b833456f < {"type":"info","source":"b833456f","width":1366,"height":768,"hidden":false,"display":"1w"}
b833456f < {"type":"info","source":"b833456f","client.type":"presentation","version":"2.3.491","os.name":"Windows 10","os.version...
b833456f < {"type":"info","source":"b833456f","presentation":null,"fps":0,"image":"/9j/4AAQSkZJRgABAgAAAQABAAD/2wBDAAgGBgcGBQgHBw...
b833456f < {"type":"info","source":"b833456f","presentation":"ProblemSummaryChart","fps":60,"image":"/9j/4AAQSkZJRgABAgAAAQABAAD/...
b833456f - Syncing time to 2ms. Recent pings: [1581ms, 2ms, 2ms, 3ms]
b833456f > {"type":"time","time":1625951721939}
b833456f < {"type":"info","source":"b833456f","presentation":"ProblemSummaryChart","fps":61,"image":"/9j/4AAQSkZJRgABAgAAAQABAAD/...
b833456f < {"type":"info","source":"b833456f","presentation":"ProblemSummaryChart","fps":60,"image":"/9j/4AAQSkZJRgABAgAAAQABAAD/...
b833456f < {"type":"info","source":"b833456f","presentation":"TotalProblemsChart","fps":63,"image":"/9j/4AAQSkZJRgABAgAAAQABAAD/2...
b833456f < {"type":"info","source":"b833456f","presentation":"TotalProblemsChart","fps":62,"image":"/9j/4AAQSkZJRgABAgAAAQABAAD/2...
b833456f < {"type":"info","source":"b833456f","presentation":"TotalProblemsChart","fps":62,"image":"/9j/4AAQSkZJRgABAgAAAQABAAD/2...
b833456f < {"type":"info","source":"b833456f","presentation":"BetterFireworksPresentation","fps":40,"image":"/9j/4AAQSkZJRgABAgAA...
b833456f < {"type":"info","source":"b833456f","presentation":"BetterFireworksPresentation","fps":25,"image":"/9j/4AAQSkZJRgABAgAA...
b833456f < {"type":"info","source":"b833456f","presentation":"JudgeQueueDepthChart","fps":8,"image":"/9j/4AAQSkZJRgABAgAAAQABAAD/...
Setting presentation org.icpc.tools.presentation.contest.internal.tile.TilePictureScoreboardPresentation to 1 clients
Setting property: presentation=1100|org.icpc.tools.presentation.contest.internal.tile.TilePictureScoreboardPresentation
b833456f > {"type":"properties","props":{"presentation":"1100|org.icpc.tools.presentation.contest.internal.tile.TilePictureScoreb...
b833456f < {"type":"info","source":"b833456f","presentation":"TilePictureScoreboardPresentation","fps":45,"image":"/9j/4AAQSkZJRg...
Setting presentation org.icpc.tools.presentation.contest.internal.tile.TileListScoreboardPresentation to 1 clients
Setting property: presentation=1100|org.icpc.tools.presentation.contest.internal.tile.TileListScoreboardPresentation
b833456f > {"type":"properties","props":{"presentation":"1100|org.icpc.tools.presentation.contest.internal.tile.TileListScoreboar...
b833456f < {"type":"info","source":"b833456f","presentation":"TileListScoreboardPresentation","fps":62,"image":"/9j/4AAQSkZJRgABA...
b833456f < {"type":"info","source":"b833456f","presentation":"TileListScoreboardPresentation","fps":62,"image":"/9j/4AAQSkZJRgABA...
Setting presentation org.icpc.tools.presentation.contest.internal.tile.TileRankScoreboardPresentation to 1 clients
Setting property: presentation=1100|org.icpc.tools.presentation.contest.internal.tile.TileRankScoreboardPresentation
b833456f > {"type":"properties","props":{"presentation":"1100|org.icpc.tools.presentation.contest.internal.tile.TileRankScoreboar...
b833456f < {"type":"info","source":"b833456f","presentation":"TileRankScoreboardPresentation","fps":62,"image":"/9j/4AAQSkZJRgABA...
b833456f < {"type":"info","source":"b833456f","presentation":"TileRankScoreboardPresentation","fps":62,"image":"/9j/4AAQSkZJRgABA...
Setting presentation org.icpc.tools.presentation.contest.internal.tile.TileScoreboardPresentation to 1 clients
Setting property: presentation=1100|org.icpc.tools.presentation.contest.internal.tile.TileScoreboardPresentation
b833456f > {"type":"properties","props":{"presentation":"1100|org.icpc.tools.presentation.contest.internal.tile.TileScoreboardPre...
b833456f < {"type":"info","source":"b833456f","presentation":"TileScoreboardPresentation","fps":62,"image":"/9j/4AAQSkZJRgABAgAAA...
b833456f < {"type":"info","source":"b833456f","presentation":"TileScoreboardPresentation","fps":62,"image":"/9j/4AAQSkZJRgABAgAAA...
b833456f < {"type":"info","source":"b833456f","presentation":"TileScoreboardPresentation","fps":62,"image":"/9j/4AAQSkZJRgABAgAAA...
b833456f < {"type":"info","source":"b833456f","presentation":"TileScoreboardPresentation","fps":62,"image":"/9j/4AAQSkZJRgABAgAAA...
b833456f < {"type":"info","source":"b833456f","presentation":"TileScoreboardPresentation","fps":62,"image":"/9j/4AAQSkZJRgABAgAAA...
Setting presentation org.icpc.tools.presentation.contest.internal.chart.HistoricalComparisonChart to 1 clients
Setting property: presentation=1100|org.icpc.tools.presentation.contest.internal.chart.HistoricalComparisonChart
b833456f > {"type":"properties","props":{"presentation":"1100|org.icpc.tools.presentation.contest.internal.chart.HistoricalCompar...
b833456f < {"type":"info","source":"b833456f","presentation":"HistoricalComparisonChart","fps":31,"image":"/9j/4AAQSkZJRgABAgAAAQ...
Setting presentation org.icpc.tools.presentation.contest.internal.chart.JudgementChart to 1 clients
Setting property: presentation=1100|org.icpc.tools.presentation.contest.internal.chart.JudgementChart
b833456f > {"type":"properties","props":{"presentation":"1100|org.icpc.tools.presentation.contest.internal.chart.JudgementChart"}...
b833456f < {"type":"info","source":"b833456f","presentation":"JudgementChart","fps":62,"image":"/9j/4AAQSkZJRgABAgAAAQABAAD/2wBDA...
b833456f < {"type":"info","source":"b833456f","presentation":"JudgementChart","fps":62,"image":"/9j/4AAQSkZJRgABAgAAAQABAAD/2wBDA...
b833456f < {"type":"info","source":"b833456f","presentation":"JudgementChart","fps":62,"image":"/9j/4AAQSkZJRgABAgAAAQABAAD/2wBDA...
Setting presentation org.icpc.tools.presentation.contest.internal.chart.LanguageSummaryChart to 1 clients
Setting property: presentation=1100|org.icpc.tools.presentation.contest.internal.chart.LanguageSummaryChart
b833456f > {"type":"properties","props":{"presentation":"1100|org.icpc.tools.presentation.contest.internal.chart.LanguageSummaryC...
b833456f < {"type":"info","source":"b833456f","presentation":"LanguageSummaryChart","fps":62,"image":"/9j/4AAQSkZJRgABAgAAAQABAAD...
Setting presentation org.icpc.tools.presentation.contest.internal.chart.ProblemComparisonChart to 1 clients
Setting property: presentation=1100|org.icpc.tools.presentation.contest.internal.chart.ProblemComparisonChart
b833456f > {"type":"properties","props":{"presentation":"1100|org.icpc.tools.presentation.contest.internal.chart.ProblemCompariso...
b833456f < {"type":"info","source":"b833456f","presentation":"ProblemComparisonChart","fps":62,"image":"/9j/4AAQSkZJRgABAgAAAQABA...
Setting presentation org.icpc.tools.presentation.contest.internal.chart.ProblemDetailChart to 1 clients
Setting property: presentation=1100|org.icpc.tools.presentation.contest.internal.chart.ProblemDetailChart
b833456f > {"type":"properties","props":{"presentation":"1100|org.icpc.tools.presentation.contest.internal.chart.ProblemDetailCha...
Setting presentation org.icpc.tools.presentation.contest.internal.chart.ProblemSummaryChart to 1 clients
Setting property: presentation=1100|org.icpc.tools.presentation.contest.internal.chart.ProblemSummaryChart
b833456f > {"type":"properties","props":{"presentation":"1100|org.icpc.tools.presentation.contest.internal.chart.ProblemSummaryCh...
b833456f < {"type":"info","source":"b833456f","presentation":"ProblemSummaryChart","fps":62,"image":"/9j/4AAQSkZJRgABAgAAAQABAAD/...
Setting presentation org.icpc.tools.presentation.contest.internal.chart.TotalProblemsChart to 1 clients
Setting property: presentation=1100|org.icpc.tools.presentation.contest.internal.chart.TotalProblemsChart
b833456f > {"type":"properties","props":{"presentation":"1100|org.icpc.tools.presentation.contest.internal.chart.TotalProblemsCha...
b833456f < {"type":"info","source":"b833456f","presentation":"TotalProblemsChart","fps":62,"image":"/9j/4AAQSkZJRgABAgAAAQABAAD/2...
Setting presentation org.icpc.tools.presentation.contest.internal.presentations.clock.ClockPresentation to 1 clients
Setting property: presentation=1100|org.icpc.tools.presentation.contest.internal.presentations.clock.ClockPresentation
b833456f > {"type":"properties","props":{"presentation":"1100|org.icpc.tools.presentation.contest.internal.presentations.clock.Cl...
b833456f < {"type":"info","source":"b833456f","presentation":"ClockPresentation","fps":60,"image":"/9j/4AAQSkZJRgABAgAAAQABAAD/2w...
b833456f < {"type":"info","source":"b833456f","presentation":"ClockPresentation","fps":62,"image":"/9j/4AAQSkZJRgABAgAAAQABAAD/2w...
Setting presentation org.icpc.tools.presentation.contest.internal.presentations.map.BalloonMapPresentation to 1 clients
Setting property: presentation=1100|org.icpc.tools.presentation.contest.internal.presentations.map.BalloonMapPresentation
b833456f > {"type":"properties","props":{"presentation":"1100|org.icpc.tools.presentation.contest.internal.presentations.map.Ball...
b833456f < {"type":"info","source":"b833456f","presentation":"ClockPresentation","fps":62,"image":"/9j/4AAQSkZJRgABAgAAAQABAAD/2w...
Setting presentation org.icpc.tools.presentation.contest.internal.presentations.map.BalloonMapPresentation to 1 clients
Setting property: presentation=1100|org.icpc.tools.presentation.contest.internal.presentations.map.BalloonMapPresentation
b833456f > {"type":"properties","props":{"presentation":"1100|org.icpc.tools.presentation.contest.internal.presentations.map.Ball...
b833456f < {"type":"info","source":"b833456f","presentation":"BalloonMapPresentation","fps":62,"image":"/9j/4AAQSkZJRgABAgAAAQABA...
b833456f < {"type":"info","source":"b833456f","presentation":"BalloonMapPresentation","fps":62,"image":"/9j/4AAQSkZJRgABAgAAAQABA...
Setting presentation org.icpc.tools.presentation.contest.internal.scoreboard.FirstSolutionPresentation to 1 clients
Setting property: presentation=1100|org.icpc.tools.presentation.contest.internal.scoreboard.FirstSolutionPresentation
b833456f > {"type":"properties","props":{"presentation":"1100|org.icpc.tools.presentation.contest.internal.scoreboard.FirstSoluti...
b833456f < {"type":"info","source":"b833456f","presentation":"FirstSolutionPresentation","fps":62,"image":"/9j/4AAQSkZJRgABAgAAAQ...
b833456f < {"type":"info","source":"b833456f","presentation":"FirstSolutionPresentation","fps":62,"image":"/9j/4AAQSkZJRgABAgAAAQ...
b833456f < {"type":"info","source":"b833456f","presentation":"FirstSolutionPresentation","fps":62,"image":"/9j/4AAQSkZJRgABAgAAAQ...
Setting presentation org.icpc.tools.presentation.contest.internal.scoreboard.FirstToSolvePresentation to 1 clients
Setting property: presentation=1100|org.icpc.tools.presentation.contest.internal.scoreboard.FirstToSolvePresentation
b833456f > {"type":"properties","props":{"presentation":"1100|org.icpc.tools.presentation.contest.internal.scoreboard.FirstToSolv...
Setting presentation org.icpc.tools.presentation.contest.internal.scoreboard.FirstSolutionPresentation to 1 clients
Setting property: presentation=1100|org.icpc.tools.presentation.contest.internal.scoreboard.FirstSolutionPresentation
b833456f < {"type":"info","source":"b833456f","presentation":"FirstToSolvePresentation","fps":62,"image":"/9j/4AAQSkZJRgABAgAAAQA...
b833456f > {"type":"properties","props":{"presentation":"1100|org.icpc.tools.presentation.contest.internal.scoreboard.FirstSoluti...
Setting presentation org.icpc.tools.presentation.contest.internal.scoreboard.GroupLeaderboardPresentation to 1 clients
Setting property: presentation=1100|org.icpc.tools.presentation.contest.internal.scoreboard.GroupLeaderboardPresentation
b833456f > {"type":"properties","props":{"presentation":"1100|org.icpc.tools.presentation.contest.internal.scoreboard.GroupLeader...
b833456f < {"type":"info","source":"b833456f","presentation":"GroupLeaderboardPresentation","fps":62,"image":"/9j/4AAQSkZJRgABAgA...
Setting presentation org.icpc.tools.presentation.contest.internal.scoreboard.JudgePresentation to 1 clients
Setting property: presentation=1100|org.icpc.tools.presentation.contest.internal.scoreboard.JudgePresentation
b833456f > {"type":"properties","props":{"presentation":"1100|org.icpc.tools.presentation.contest.internal.scoreboard.JudgePresen...
b833456f < {"type":"info","source":"b833456f","presentation":"JudgePresentation","fps":62,"image":"/9j/4AAQSkZJRgABAgAAAQABAAD/2w...
b833456f < {"type":"info","source":"b833456f","presentation":"JudgePresentation","fps":62,"image":"/9j/4AAQSkZJRgABAgAAAQABAAD/2w...
b833456f < {"type":"info","source":"b833456f","presentation":"JudgePresentation","fps":62,"image":"/9j/4AAQSkZJRgABAgAAAQABAAD/2w...
Setting presentation org.icpc.tools.presentation.contest.internal.scoreboard.TimelinePresentation to 1 clients
Setting property: presentation=1100|org.icpc.tools.presentation.contest.internal.scoreboard.TimelinePresentation
b833456f > {"type":"properties","props":{"presentation":"1100|org.icpc.tools.presentation.contest.internal.scoreboard.TimelinePre...
b833456f < {"type":"info","source":"b833456f","presentation":"TimelinePresentation","fps":62,"image":"/9j/4AAQSkZJRgABAgAAAQABAAD...
b833456f < {"type":"info","source":"b833456f","presentation":"TimelinePresentation","fps":62,"image":"/9j/4AAQSkZJRgABAgAAAQABAAD...
b833456f < {"type":"info","source":"b833456f","presentation":"TimelinePresentation","fps":62,"image":"/9j/4AAQSkZJRgABAgAAAQABAAD...
b833456f < {"type":"info","source":"b833456f","presentation":"TimelinePresentation","fps":62,"image":"/9j/4AAQSkZJRgABAgAAAQABAAD...
b833456f < {"type":"info","source":"b833456f","presentation":"TimelinePresentation","fps":62,"image":"/9j/4AAQSkZJRgABAgAAAQABAAD...
Setting presentation org.icpc.tools.presentation.contest.internal.presentations.TeamDisplayPresentation to 1 clients
Setting property: presentation=1100|org.icpc.tools.presentation.contest.internal.presentations.TeamDisplayPresentation
b833456f > {"type":"properties","props":{"presentation":"1100|org.icpc.tools.presentation.contest.internal.presentations.TeamDisp...
b833456f < {"type":"info","source":"b833456f","presentation":"TeamDisplayPresentation","fps":62,"image":"/9j/4AAQSkZJRgABAgAAAQAB...
b833456f < {"type":"info","source":"b833456f","presentation":"TeamDisplayPresentation","fps":20,"image":"/9j/4AAQSkZJRgABAgAAAQAB...
b833456f < {"type":"info","source":"b833456f","presentation":"TeamDisplayPresentation","fps":20,"image":"/9j/4AAQSkZJRgABAgAAAQAB...
b833456f < {"type":"info","source":"b833456f","presentation":"TeamDisplayPresentation","fps":20,"image":"/9j/4AAQSkZJRgABAgAAAQAB...
b833456f < {"type":"info","source":"b833456f","presentation":"TeamDisplayPresentation","fps":20,"image":"/9j/4AAQSkZJRgABAgAAAQAB...
Setting presentation org.icpc.tools.presentation.contest.internal.presentations.test.BSoDPresentation to 1 clients
Setting property: presentation=1100|org.icpc.tools.presentation.contest.internal.presentations.test.BSoDPresentation
b833456f > {"type":"properties","props":{"presentation":"1100|org.icpc.tools.presentation.contest.internal.presentations.test.BSo...
b833456f < {"type":"info","source":"b833456f","presentation":"BSoDPresentation","fps":0,"image":"/9j/4AAQSkZJRgABAgAAAQABAAD/2wBD...
b833456f < {"type":"info","source":"b833456f","presentation":"BSoDPresentation","fps":0,"image":"/9j/4AAQSkZJRgABAgAAAQABAAD/2wBD...
b833456f < {"type":"info","source":"b833456f","presentation":"BSoDPresentation","fps":0,"image":"/9j/4AAQSkZJRgABAgAAAQABAAD/2wBD...
Client disconnected: 192.168.0.3 [uid b833456f]
[AUDITAR ] CWWKE0055I: Conclusión del servidor solicitada el sábado, 10 de julio de 2021 a las 4:29 p. m.. El servidor cds se está cerrando.
[AUDITAR ] CWWKE1100I: Esperando hasta 30 segundos para que el servidor se desactive temporalmente.
[AUDITAR ] CWWKT0017I: Aplicación web eliminada (default_host): https://roca12ultra:8443/
Shutting down
Metrics for contest 5 [REST:27,Feed:3,WS:0,Web:18,Dwnld:0,Scr:2,XML:0,Desktop:0,Webcam:0,Audio:0,Total:50]
[AUDITAR ] CWWKZ0009I: La aplicación CDS se ha detenido correctamente.
[AUDITAR ] CWWKE0036I: El servidor cds se ha detenido después de 17 minutos, 22,828 segundos.
