********************************************************************************
product = Open Liberty 21.0.0.1 (wlp-1.0.48.cl210120210113-1459)
wlp.install.dir = C:/Users/diego/Documents/GitHub/DomJudgeTools/0. CDS server/
java.home = C:\Program Files\Java\jdk-11.0.11
java.version = 11.0.11
java.runtime = Java(TM) SE Runtime Environment (11.0.11+9-LTS-194)
os = Windows 10 (10.0; amd64) (es_CO)
process = 6492@roca12red
********************************************************************************
[18/05/22, 15:54:11:590 COT] 00000001 com.ibm.ws.kernel.launch.internal.FrameworkManager           A CWWKE0001I: El servidor cds se ha lanzado.
[18/05/22, 15:54:14:270 COT] 00000017 com.ibm.ws.config.xml.internal.XMLConfigParser               A CWWKG0028A: El proceso ha incluido el recurso de configuración: C:\Users\diego\Documents\GitHub\DomJudgeTools\0. CDS server\usr\servers\cds\users.xml
[18/05/22, 15:54:15:272 COT] 00000001 com.ibm.ws.kernel.launch.internal.FrameworkManager           I CWWKE0002I: El kernel se ha iniciado después de 4,33 segundos
[18/05/22, 15:54:15:446 COT] 00000022 com.ibm.ws.kernel.feature.internal.FeatureManager            I CWWKF0007I: La actualización de características se ha iniciado.
[18/05/22, 15:54:19:350 COT] 00000016 com.ibm.ws.security.ready.internal.SecurityReadyServiceImpl  I CWWKS0007I: El servicio de seguridad se está iniciando...
[18/05/22, 15:54:20:546 COT] 00000017 com.ibm.ws.app.manager.internal.monitor.DropinMonitor        A CWWKZ0058I: Supervisando aplicaciones de dropins.
[18/05/22, 15:54:22:187 COT] 00000018 com.ibm.ws.cache.ServerCache                                 I DYNA1001I: La instancia de memoria caché dinámica de WebSphere con nombre baseCache se ha inicializado correctamente.
[18/05/22, 15:54:22:198 COT] 00000018 com.ibm.ws.cache.ServerCache                                 I DYNA1071I: Se está utilizando el proveedor de memoria caché default.
[18/05/22, 15:54:22:200 COT] 00000018 com.ibm.ws.cache.CacheServiceImpl                            I DYNA1056I: La memoria caché dinámica (memoria caché de objeto) se ha inicializado correctamente.
[18/05/22, 15:54:23:162 COT] 00000016 ibm.ws.security.authentication.internal.jaas.JAASServiceImpl I CWWKS1123I: Se ha activado el plugin de autenticación colectivo con el nombre de clase NullCollectiveAuthenticationPlugin. 
[18/05/22, 15:54:23:243 COT] 00000024 com.ibm.ws.security.ready.internal.SecurityReadyServiceImpl  I CWWKS0008I: El servicio de seguridad está listo.
[18/05/22, 15:54:23:251 COT] 00000024 com.ibm.ws.security.token.ltpa.internal.LTPAKeyCreateTask    I CWWKS4105I: La configuración de LTPA estará lista después de 0,265 segundos.
[18/05/22, 15:54:23:914 COT] 0000001e com.ibm.ws.ssl.config.WSKeyStore                             I Successfully loaded default keystore: C:/Users/diego/Documents/GitHub/DomJudgeTools/0. CDS server/usr/servers/cds/resources/security/key.jks of type: JKS
[18/05/22, 15:54:24:053 COT] 00000016 com.ibm.ws.security.jaspi.AuthConfigFactoryWrapper           I CWWKS1655I: Se está utilizando la clase AuthConfigFactory com.ibm.ws.security.jaspi.ProviderRegistry de JASPIC (Java Authentication SPI for Containers) predeterminada porque la propiedad de seguridad Java authconfigprovider.factory no está establecida. 
[18/05/22, 15:54:24:972 COT] 00000029 com.ibm.ws.app.manager.AppMessageHelper                      I CWWKZ0018I: Iniciando la aplicación CDS.
[18/05/22, 15:54:24:976 COT] 00000029 bm.ws.app.manager.war.internal.WARDeployedAppInfoFactoryImpl I CWWKZ0136I: La aplicación CDS está utilizando el archivo de archivado en la ubicación C:\Users\diego\Documents\GitHub\DomJudgeTools\0. CDS server\usr\servers\cds\apps\CDS.war.
[18/05/22, 15:54:28:104 COT] 00000029 com.ibm.ws.session.WASSessionCore                            I SESN8501I: El gestor de sesiones no ha encontrado una ubicación de almacenamiento persistente; los objetos HttpSession se almacenarán en la memoria del servidor de aplicaciones local.
[18/05/22, 15:54:28:211 COT] 00000029 org.jboss.weld.Version                                       I WELD-000900: 3.1.4 (Final)
[18/05/22, 15:54:29:480 COT] 00000029 com.ibm.ws.webcontainer.osgi.webapp.WebGroup                 I SRVE0169I: Cargando módulo web: CDS.
[18/05/22, 15:54:29:488 COT] 00000029 com.ibm.ws.webcontainer                                      I SRVE0250I: El módulo web CDS se ha enlazado con default_host.
[18/05/22, 15:54:29:492 COT] 00000029 com.ibm.ws.http.internal.VirtualHostImpl                     A CWWKT0016I: Aplicación web disponible (default_host): http://roca12red:8080/
[18/05/22, 15:54:29:766 COT] 00000024 com.ibm.ws.session.WASSessionCore                            I SESN0176I: Se creará un nuevo contexto de sesión para la clave de aplicación default_host/
[18/05/22, 15:54:29:790 COT] 00000024 com.ibm.ws.util                                              I SESN0172I: El gestor de sesiones está utilizando la implementación de SecureRandom Java por omisión para la generación del ID de sesión.
[18/05/22, 15:54:29:945 COT] 00000024 com.ibm.ws.cache.CacheServiceImpl                            I DYNA1056I: La memoria caché dinámica (memoria caché de objeto) se ha inicializado correctamente.
[18/05/22, 15:54:29:995 COT] 00000024 com.ibm.ws.wsoc.EndpointManager                              I CWWKH0046I: Añadiendo un ServerEndpoint de WebSocket con el siguiente URI: /contests/{id}/startstatus
[18/05/22, 15:54:30:000 COT] 00000024 com.ibm.ws.wsoc.EndpointManager                              I CWWKH0046I: Añadiendo un ServerEndpoint de WebSocket con el siguiente URI: /presentation/ws
[18/05/22, 15:54:30:076 COT] 00000024 SystemOut                                                    O --- CDS (2.3.491) ---
[18/05/22, 15:54:30:271 COT] 00000024 SystemOut                                                    O Loading CDS configuration from: C:\Users\diego\Documents\GitHub\DomJudgeTools\0. CDS server\usr\servers\cds\config\cdsConfig.xml
[18/05/22, 15:54:30:344 COT] 00000024 SystemOut                                                    O Configured contests:
[18/05/22, 15:54:30:345 COT] 00000024 SystemOut                                                    O    6 on disk at /home/myuser/contests/test - CCS configured (score@http://domjudgeroca12.sa.ngrok.io/domjudge/api/contests/6), Not recording reactions
[18/05/22, 15:54:30:350 COT] 00000024 SystemErr                                                    R Could not read from CDS config! No contests loaded
[18/05/22, 15:54:30:358 COT] 00000024 com.ibm.ws.app.manager.AppMessageHelper                      A CWWKZ0001I: La aplicación CDS se ha iniciado en 5,387 segundos.
[18/05/22, 15:54:30:407 COT] 00000022 com.ibm.ws.tcpchannel.internal.TCPPort                       I CWWKO0219I: El canal TCP defaultHttpEndpoint se ha iniciado y ahora está a la escucha de solicitudes en el host *  (IPv6) puerto 8080.
[18/05/22, 15:54:30:413 COT] 00000022 com.ibm.ws.tcpchannel.internal.TCPPort                       I CWWKO0219I: El canal TCP defaultHttpEndpoint-ssl se ha iniciado y ahora está a la escucha de solicitudes en el host *  (IPv6) puerto 8443.
[18/05/22, 15:54:30:505 COT] 00000022 com.ibm.ws.kernel.feature.internal.FeatureManager            A CWWKF0012I: El servidor ha instalado las características siguientes: [appSecurity-3.0, cdi-2.0, distributedMap-1.0, el-3.0, jndi-1.0, jsp-2.3, servlet-4.0, ssl-1.0, websocket-1.1].
[18/05/22, 15:54:30:506 COT] 00000022 com.ibm.ws.kernel.feature.internal.FeatureManager            I CWWKF0008I: La actualización de características se ha completado en 15,240 segundos.
[18/05/22, 15:54:30:507 COT] 00000022 com.ibm.ws.kernel.feature.internal.FeatureManager            A CWWKF0011I: El servidor cds está preparado para ejecutar un planeta más inteligente. El servidor cds se ha iniciado en 19,570 segundos.
[18/05/22, 15:54:31:290 COT] 00000025 com.ibm.ws.webcontainer.servlet                              I SRVE0242I: [CDS] [/] [org.icpc.tools.cds.web.WelcomeServlet]: Inicialización satisfactoria.
[18/05/22, 15:54:32:360 COT] 00000029 com.ibm.ws.webcontainer.osgi.mbeans.PluginGenerator          I SRVE9103I: Se ha generado automáticamente un archivo de configuración para un plug-in de servidor web para este servidor en C:\Users\diego\Documents\GitHub\DomJudgeTools\0. CDS server\usr\servers\cds\logs\state\plugin-cfg.xml.
[18/05/22, 15:54:34:173 COT] 00000025 com.ibm.ws.webcontainer.servlet                              I SRVE0242I: [CDS] [/] [/WEB-INF/jsps/welcome.jsp]: Inicialización satisfactoria.
[18/05/22, 15:54:34:714 COT] 00000038 SystemOut                                                    O Loading contest from RESTContestSource[score|score@http://domjudgeroca12.sa.ngrok.io/domjudge/api/contests/6]
[18/05/22, 15:54:34:717 COT] 00000038 SystemOut                                                    O Importing contest info
[18/05/22, 15:54:34:752 COT] 00000038 SystemOut                                                    O Contest config file (contest.yaml) not found
[18/05/22, 15:54:34:754 COT] 00000038 SystemOut                                                    O Importing problem set
[18/05/22, 15:54:34:755 COT] 00000038 SystemOut                                                    O Problem config file (problemset.yaml) not found
[18/05/22, 15:54:34:756 COT] 00000038 SystemOut                                                    O Importing groups
[18/05/22, 15:54:34:757 COT] 00000038 SystemOut                                                    O Group config file (groups.json/groups.tsv) not found
[18/05/22, 15:54:34:757 COT] 00000038 SystemOut                                                    O Importing organizations
[18/05/22, 15:54:34:757 COT] 00000038 SystemOut                                                    O Institutions config file (institutions.json/institutions2.tsv/institutions.tsv) not found
[18/05/22, 15:54:34:758 COT] 00000038 SystemOut                                                    O Importing teams
[18/05/22, 15:54:34:758 COT] 00000038 SystemOut                                                    O Team config file (teams.json/teams2.tsv/teams.tsv) not found
[18/05/22, 15:54:34:759 COT] 00000038 SystemOut                                                    O Importing team-members
[18/05/22, 15:54:34:759 COT] 00000038 SystemOut                                                    O Team member config file (members.json/members.tsv) not found
[18/05/22, 15:54:34:760 COT] 00000038 SystemOut                                                    O Importing contest floor map
[18/05/22, 15:54:34:764 COT] 00000038 SystemOut                                                    O Reading contest: 6
[18/05/22, 15:54:37:908 COT] 00000038 SystemOut                                                    O Reading feed cache
[18/05/22, 15:54:37:909 COT] 00000038 SystemOut                                                    O Done reading feed cache
[18/05/22, 15:54:37:943 COT] 00000038 SystemOut                                                    O Unknown property ignored: contests/end_time
[18/05/22, 15:54:37:947 COT] 00000038 SystemOut                                                    O Unknown property ignored: contests/external_id
[18/05/22, 15:54:37:947 COT] 00000038 SystemOut                                                    O Unknown property ignored: contests/shortname
[18/05/22, 15:54:38:013 COT] 00000038 SystemOut                                                    O Unknown property ignored: languages/extensions
[18/05/22, 15:54:38:014 COT] 00000038 SystemOut                                                    O Unknown property ignored: languages/filter_compiler_files
[18/05/22, 15:54:38:014 COT] 00000038 SystemOut                                                    O Unknown property ignored: languages/allow_judge
[18/05/22, 15:54:38:014 COT] 00000038 SystemOut                                                    O Unknown property ignored: languages/time_factor
[18/05/22, 15:54:38:014 COT] 00000038 SystemOut                                                    O Unknown property ignored: languages/require_entry_point
[18/05/22, 15:54:38:015 COT] 00000038 SystemOut                                                    O Unknown property ignored: languages/entry_point_description
[18/05/22, 15:54:38:025 COT] 00000038 SystemOut                                                    O Unknown property ignored: groups/sortorder
[18/05/22, 15:54:38:025 COT] 00000038 SystemOut                                                    O Unknown property ignored: groups/color
[18/05/22, 15:54:38:029 COT] 00000038 SystemOut                                                    O Unknown property ignored: organizations/shortname
[18/05/22, 15:54:38:114 COT] 00000038 SystemOut                                                    O Unknown property ignored: teams/affiliation
[18/05/22, 15:54:38:115 COT] 00000038 SystemOut                                                    O Unknown property ignored: teams/nationality
[18/05/22, 15:54:38:116 COT] 00000038 SystemOut                                                    O Unknown property ignored: teams/members
[18/05/22, 15:54:38:595 COT] 00000038 SystemOut                                                    O Unknown property ignored: problems/short_name
[18/05/22, 15:54:38:603 COT] 00000038 SystemOut                                                    O Unknown property ignored: problems/externalid
[18/05/22, 15:54:38:610 COT] 00000038 SystemOut                                                    O Unknown property ignored: submissions/externalid
[18/05/22, 15:54:40:110 COT] 00000038 SystemOut                                                    O Connection failed to http://domjudgeroca12.sa.ngrok.io/domjudge/api/contests/6/submissions/49/files, trying again
[18/05/22, 15:54:40:111 COT] 00000038 SystemErr                                                    R    java.io.FileNotFoundException: https://domjudgeroca12.sa.ngrok.io/domjudge/api/contests/6/submissions/49/files
[18/05/22, 15:54:40:112 COT] 00000038 SystemErr                                                    R    at org.icpc.tools.contest.model.feed.RESTContestSource.downloadIfNecessaryImpl(RESTContestSource.java:536)
[18/05/22, 15:54:40:112 COT] 00000038 SystemErr                                                    R    java.io.FileNotFoundException: https://domjudgeroca12.sa.ngrok.io/domjudge/api/contests/6/submissions/49/files
[18/05/22, 15:54:40:112 COT] 00000038 SystemErr                                                    R    at org.icpc.tools.contest.model.feed.RESTContestSource.downloadIfNecessaryImpl(RESTContestSource.java:520)
[18/05/22, 15:54:41:994 COT] 00000038 SystemOut                                                    O Connection failed to http://domjudgeroca12.sa.ngrok.io/domjudge/api/contests/6/submissions/49/files again, trying again after 500ms
[18/05/22, 15:54:41:994 COT] 00000038 SystemErr                                                    R    java.io.FileNotFoundException: https://domjudgeroca12.sa.ngrok.io/domjudge/api/contests/6/submissions/49/files
[18/05/22, 15:54:41:994 COT] 00000038 SystemErr                                                    R    at org.icpc.tools.contest.model.feed.RESTContestSource.downloadIfNecessaryImpl(RESTContestSource.java:536)
[18/05/22, 15:54:41:994 COT] 00000038 SystemErr                                                    R    java.io.FileNotFoundException: https://domjudgeroca12.sa.ngrok.io/domjudge/api/contests/6/submissions/49/files
[18/05/22, 15:54:41:994 COT] 00000038 SystemErr                                                    R    at org.icpc.tools.contest.model.feed.RESTContestSource.downloadIfNecessaryImpl(RESTContestSource.java:520)
[18/05/22, 15:54:43:472 COT] 00000038 SystemErr                                                    R Error downloading file: SUBMISSION: 49
[18/05/22, 15:54:43:472 COT] 00000038 SystemErr                                                    R    java.io.FileNotFoundException: https://domjudgeroca12.sa.ngrok.io/domjudge/api/contests/6/submissions/49/files
[18/05/22, 15:54:43:473 COT] 00000038 SystemErr                                                    R    at org.icpc.tools.contest.model.feed.RESTContestSource.downloadIfNecessaryImpl(RESTContestSource.java:536)
[18/05/22, 15:54:43:473 COT] 00000038 SystemErr                                                    R    java.io.FileNotFoundException: https://domjudgeroca12.sa.ngrok.io/domjudge/api/contests/6/submissions/49/files
[18/05/22, 15:54:43:473 COT] 00000038 SystemErr                                                    R    at org.icpc.tools.contest.model.feed.RESTContestSource.downloadIfNecessaryImpl(RESTContestSource.java:520)
[18/05/22, 15:54:43:476 COT] 00000038 SystemOut                                                    O Unknown property ignored: judgements/valid
[18/05/22, 15:54:43:476 COT] 00000038 SystemOut                                                    O Unknown property ignored: judgements/judgehost
[18/05/22, 15:54:44:770 COT] 00000038 SystemOut                                                    O Connection failed to http://domjudgeroca12.sa.ngrok.io/domjudge/api/contests/6/submissions/50/files, trying again
[18/05/22, 15:54:44:771 COT] 00000038 SystemErr                                                    R    java.io.FileNotFoundException: https://domjudgeroca12.sa.ngrok.io/domjudge/api/contests/6/submissions/50/files
[18/05/22, 15:54:44:772 COT] 00000038 SystemErr                                                    R    at org.icpc.tools.contest.model.feed.RESTContestSource.downloadIfNecessaryImpl(RESTContestSource.java:536)
[18/05/22, 15:54:44:772 COT] 00000038 SystemErr                                                    R    java.io.FileNotFoundException: https://domjudgeroca12.sa.ngrok.io/domjudge/api/contests/6/submissions/50/files
[18/05/22, 15:54:44:772 COT] 00000038 SystemErr                                                    R    at org.icpc.tools.contest.model.feed.RESTContestSource.downloadIfNecessaryImpl(RESTContestSource.java:520)
[18/05/22, 15:54:46:474 COT] 00000038 SystemOut                                                    O Connection failed to http://domjudgeroca12.sa.ngrok.io/domjudge/api/contests/6/submissions/50/files again, trying again after 500ms
[18/05/22, 15:54:46:474 COT] 00000038 SystemErr                                                    R    java.io.FileNotFoundException: https://domjudgeroca12.sa.ngrok.io/domjudge/api/contests/6/submissions/50/files
[18/05/22, 15:54:46:475 COT] 00000038 SystemErr                                                    R    at org.icpc.tools.contest.model.feed.RESTContestSource.downloadIfNecessaryImpl(RESTContestSource.java:536)
[18/05/22, 15:54:46:475 COT] 00000038 SystemErr                                                    R    java.io.FileNotFoundException: https://domjudgeroca12.sa.ngrok.io/domjudge/api/contests/6/submissions/50/files
[18/05/22, 15:54:46:475 COT] 00000038 SystemErr                                                    R    at org.icpc.tools.contest.model.feed.RESTContestSource.downloadIfNecessaryImpl(RESTContestSource.java:520)
[18/05/22, 15:54:47:693 COT] 00000038 SystemErr                                                    R Logging second instance of exception, will not log again
[18/05/22, 15:54:47:694 COT] 00000038 SystemErr                                                    R Error downloading file: SUBMISSION: 50
[18/05/22, 15:54:47:694 COT] 00000038 SystemErr                                                    R    java.io.FileNotFoundException: https://domjudgeroca12.sa.ngrok.io/domjudge/api/contests/6/submissions/50/files
[18/05/22, 15:54:47:694 COT] 00000038 SystemErr                                                    R    at org.icpc.tools.contest.model.feed.RESTContestSource.downloadIfNecessaryImpl(RESTContestSource.java:536)
[18/05/22, 15:54:47:695 COT] 00000038 SystemErr                                                    R    java.io.FileNotFoundException: https://domjudgeroca12.sa.ngrok.io/domjudge/api/contests/6/submissions/50/files
[18/05/22, 15:54:47:695 COT] 00000038 SystemErr                                                    R    at org.icpc.tools.contest.model.feed.RESTContestSource.downloadIfNecessaryImpl(RESTContestSource.java:520)
[18/05/22, 15:54:48:931 COT] 00000038 SystemOut                                                    O Connection failed to http://domjudgeroca12.sa.ngrok.io/domjudge/api/contests/6/submissions/51/files, trying again
[18/05/22, 15:54:48:931 COT] 00000038 SystemErr                                                    R    java.io.FileNotFoundException: https://domjudgeroca12.sa.ngrok.io/domjudge/api/contests/6/submissions/51/files
[18/05/22, 15:54:48:932 COT] 00000038 SystemErr                                                    R    at org.icpc.tools.contest.model.feed.RESTContestSource.downloadIfNecessaryImpl(RESTContestSource.java:536)
[18/05/22, 15:54:48:932 COT] 00000038 SystemErr                                                    R    java.io.FileNotFoundException: https://domjudgeroca12.sa.ngrok.io/domjudge/api/contests/6/submissions/51/files
[18/05/22, 15:54:48:932 COT] 00000038 SystemErr                                                    R    at org.icpc.tools.contest.model.feed.RESTContestSource.downloadIfNecessaryImpl(RESTContestSource.java:520)
[18/05/22, 15:54:50:687 COT] 00000038 SystemOut                                                    O Connection failed to http://domjudgeroca12.sa.ngrok.io/domjudge/api/contests/6/submissions/51/files again, trying again after 500ms
[18/05/22, 15:54:50:687 COT] 00000038 SystemErr                                                    R    java.io.FileNotFoundException: https://domjudgeroca12.sa.ngrok.io/domjudge/api/contests/6/submissions/51/files
[18/05/22, 15:54:50:688 COT] 00000038 SystemErr                                                    R    at org.icpc.tools.contest.model.feed.RESTContestSource.downloadIfNecessaryImpl(RESTContestSource.java:536)
[18/05/22, 15:54:50:688 COT] 00000038 SystemErr                                                    R    java.io.FileNotFoundException: https://domjudgeroca12.sa.ngrok.io/domjudge/api/contests/6/submissions/51/files
[18/05/22, 15:54:50:689 COT] 00000038 SystemErr                                                    R    at org.icpc.tools.contest.model.feed.RESTContestSource.downloadIfNecessaryImpl(RESTContestSource.java:520)
[18/05/22, 15:54:51:946 COT] 00000038 SystemErr                                                    R Error downloading file: SUBMISSION: 51
[18/05/22, 15:54:51:946 COT] 00000038 SystemErr                                                    R    java.io.FileNotFoundException: https://domjudgeroca12.sa.ngrok.io/domjudge/api/contests/6/submissions/51/files
[18/05/22, 15:54:51:947 COT] 00000038 SystemErr                                                    R    at org.icpc.tools.contest.model.feed.RESTContestSource.downloadIfNecessaryImpl(RESTContestSource.java:536)
[18/05/22, 15:54:51:948 COT] 00000038 SystemErr                                                    R    java.io.FileNotFoundException: https://domjudgeroca12.sa.ngrok.io/domjudge/api/contests/6/submissions/51/files
[18/05/22, 15:54:51:948 COT] 00000038 SystemErr                                                    R    at org.icpc.tools.contest.model.feed.RESTContestSource.downloadIfNecessaryImpl(RESTContestSource.java:520)
[18/05/22, 15:54:53:441 COT] 00000038 SystemOut                                                    O Connection failed to http://domjudgeroca12.sa.ngrok.io/domjudge/api/contests/6/submissions/52/files, trying again
[18/05/22, 15:54:53:441 COT] 00000038 SystemErr                                                    R    java.io.FileNotFoundException: https://domjudgeroca12.sa.ngrok.io/domjudge/api/contests/6/submissions/52/files
[18/05/22, 15:54:53:441 COT] 00000038 SystemErr                                                    R    at org.icpc.tools.contest.model.feed.RESTContestSource.downloadIfNecessaryImpl(RESTContestSource.java:536)
[18/05/22, 15:54:53:441 COT] 00000038 SystemErr                                                    R    java.io.FileNotFoundException: https://domjudgeroca12.sa.ngrok.io/domjudge/api/contests/6/submissions/52/files
[18/05/22, 15:54:53:442 COT] 00000038 SystemErr                                                    R    at org.icpc.tools.contest.model.feed.RESTContestSource.downloadIfNecessaryImpl(RESTContestSource.java:520)
[18/05/22, 15:54:55:156 COT] 00000038 SystemOut                                                    O Connection failed to http://domjudgeroca12.sa.ngrok.io/domjudge/api/contests/6/submissions/52/files again, trying again after 500ms
[18/05/22, 15:54:55:156 COT] 00000038 SystemErr                                                    R    java.io.FileNotFoundException: https://domjudgeroca12.sa.ngrok.io/domjudge/api/contests/6/submissions/52/files
[18/05/22, 15:54:55:157 COT] 00000038 SystemErr                                                    R    at org.icpc.tools.contest.model.feed.RESTContestSource.downloadIfNecessaryImpl(RESTContestSource.java:536)
[18/05/22, 15:54:55:157 COT] 00000038 SystemErr                                                    R    java.io.FileNotFoundException: https://domjudgeroca12.sa.ngrok.io/domjudge/api/contests/6/submissions/52/files
[18/05/22, 15:54:55:157 COT] 00000038 SystemErr                                                    R    at org.icpc.tools.contest.model.feed.RESTContestSource.downloadIfNecessaryImpl(RESTContestSource.java:520)
[18/05/22, 15:54:57:633 COT] 00000038 SystemOut                                                    O Connection failed to http://domjudgeroca12.sa.ngrok.io/domjudge/api/contests/6/submissions/53/files, trying again
[18/05/22, 15:54:57:634 COT] 00000038 SystemErr                                                    R    java.io.FileNotFoundException: https://domjudgeroca12.sa.ngrok.io/domjudge/api/contests/6/submissions/53/files
[18/05/22, 15:54:57:634 COT] 00000038 SystemErr                                                    R    at org.icpc.tools.contest.model.feed.RESTContestSource.downloadIfNecessaryImpl(RESTContestSource.java:536)
[18/05/22, 15:54:57:635 COT] 00000038 SystemErr                                                    R    java.io.FileNotFoundException: https://domjudgeroca12.sa.ngrok.io/domjudge/api/contests/6/submissions/53/files
[18/05/22, 15:54:57:635 COT] 00000038 SystemErr                                                    R    at org.icpc.tools.contest.model.feed.RESTContestSource.downloadIfNecessaryImpl(RESTContestSource.java:520)
[18/05/22, 15:54:58:720 COT] 00000026 com.ibm.ws.channel.ssl.internal.SSLHandshakeErrorTracker     E CWWKO0801E: No se ha podido inicializar la conexión SSL. Se ha denegado el acceso no autorizado o los valores de seguridad han caducado. La excepción es javax.net.ssl.SSLHandshakeException: Received fatal alert: certificate_unknown
	at java.base/sun.security.ssl.Alert.createSSLException(Alert.java:131)
	at java.base/sun.security.ssl.Alert.createSSLException(Alert.java:117)
	at java.base/sun.security.ssl.TransportContext.fatal(TransportContext.java:356)
	at java.base/sun.security.ssl.Alert$AlertConsumer.consume(Alert.java:293)
	at java.base/sun.security.ssl.TransportContext.dispatch(TransportContext.java:202)
	at java.base/sun.security.ssl.SSLTransport.decode(SSLTransport.java:171)
	at java.base/sun.security.ssl.SSLEngineImpl.decode(SSLEngineImpl.java:688)
	at java.base/sun.security.ssl.SSLEngineImpl.readRecord(SSLEngineImpl.java:643)
	at java.base/sun.security.ssl.SSLEngineImpl.unwrap(SSLEngineImpl.java:461)
	at java.base/sun.security.ssl.SSLEngineImpl.unwrap(SSLEngineImpl.java:440)
	at java.base/javax.net.ssl.SSLEngine.unwrap(SSLEngine.java:637)
	at com.ibm.ws.channel.ssl.internal.SSLUtils.handleHandshake(SSLUtils.java:904)
	at com.ibm.ws.channel.ssl.internal.SSLConnectionLink.readyInbound(SSLConnectionLink.java:589)
	at com.ibm.ws.channel.ssl.internal.SSLConnectionLink.ready(SSLConnectionLink.java:336)
	at com.ibm.ws.tcpchannel.internal.NewConnectionInitialReadCallback.sendToDiscriminators(NewConnectionInitialReadCallback.java:167)
	at com.ibm.ws.tcpchannel.internal.NewConnectionInitialReadCallback.complete(NewConnectionInitialReadCallback.java:75)
	at com.ibm.ws.tcpchannel.internal.WorkQueueManager.requestComplete(WorkQueueManager.java:504)
	at com.ibm.ws.tcpchannel.internal.WorkQueueManager.attemptIO(WorkQueueManager.java:574)
	at com.ibm.ws.tcpchannel.internal.WorkQueueManager.workerRun(WorkQueueManager.java:958)
	at com.ibm.ws.tcpchannel.internal.WorkQueueManager$Worker.run(WorkQueueManager.java:1047)
	at com.ibm.ws.threading.internal.ExecutorServiceImpl$RunnableWrapper.run(ExecutorServiceImpl.java:239)
	at java.base/java.util.concurrent.ThreadPoolExecutor.runWorker(ThreadPoolExecutor.java:1128)
	at java.base/java.util.concurrent.ThreadPoolExecutor$Worker.run(ThreadPoolExecutor.java:628)
	at java.base/java.lang.Thread.run(Thread.java:834)
.
[18/05/22, 15:54:59:004 COT] 0000002a com.ibm.ws.webcontainer.servlet                              I SRVE0242I: [CDS] [/] [org.icpc.tools.cds.service.LoginServlet]: Inicialización satisfactoria.
[18/05/22, 15:54:59:211 COT] 0000002a com.ibm.ws.webcontainer.servlet                              I SRVE0242I: [CDS] [/] [/WEB-INF/jsps/login.jsp]: Inicialización satisfactoria.
[18/05/22, 15:54:59:727 COT] 00000038 SystemOut                                                    O Connection failed to http://domjudgeroca12.sa.ngrok.io/domjudge/api/contests/6/submissions/53/files again, trying again after 500ms
[18/05/22, 15:54:59:727 COT] 00000038 SystemErr                                                    R    java.io.FileNotFoundException: https://domjudgeroca12.sa.ngrok.io/domjudge/api/contests/6/submissions/53/files
[18/05/22, 15:54:59:728 COT] 00000038 SystemErr                                                    R    at org.icpc.tools.contest.model.feed.RESTContestSource.downloadIfNecessaryImpl(RESTContestSource.java:536)
[18/05/22, 15:54:59:728 COT] 00000038 SystemErr                                                    R    java.io.FileNotFoundException: https://domjudgeroca12.sa.ngrok.io/domjudge/api/contests/6/submissions/53/files
[18/05/22, 15:54:59:728 COT] 00000038 SystemErr                                                    R    at org.icpc.tools.contest.model.feed.RESTContestSource.downloadIfNecessaryImpl(RESTContestSource.java:520)
[18/05/22, 15:55:02:372 COT] 00000038 SystemOut                                                    O Connection failed to http://domjudgeroca12.sa.ngrok.io/domjudge/api/contests/6/submissions/54/files, trying again
[18/05/22, 15:55:02:373 COT] 00000038 SystemErr                                                    R    java.io.FileNotFoundException: https://domjudgeroca12.sa.ngrok.io/domjudge/api/contests/6/submissions/54/files
[18/05/22, 15:55:02:373 COT] 00000038 SystemErr                                                    R    at org.icpc.tools.contest.model.feed.RESTContestSource.downloadIfNecessaryImpl(RESTContestSource.java:536)
[18/05/22, 15:55:02:373 COT] 00000038 SystemErr                                                    R    java.io.FileNotFoundException: https://domjudgeroca12.sa.ngrok.io/domjudge/api/contests/6/submissions/54/files
[18/05/22, 15:55:02:374 COT] 00000038 SystemErr                                                    R    at org.icpc.tools.contest.model.feed.RESTContestSource.downloadIfNecessaryImpl(RESTContestSource.java:520)
[18/05/22, 15:55:04:063 COT] 00000038 SystemOut                                                    O Connection failed to http://domjudgeroca12.sa.ngrok.io/domjudge/api/contests/6/submissions/54/files again, trying again after 500ms
[18/05/22, 15:55:04:066 COT] 00000038 SystemErr                                                    R    java.io.FileNotFoundException: https://domjudgeroca12.sa.ngrok.io/domjudge/api/contests/6/submissions/54/files
[18/05/22, 15:55:04:067 COT] 00000038 SystemErr                                                    R    at org.icpc.tools.contest.model.feed.RESTContestSource.downloadIfNecessaryImpl(RESTContestSource.java:536)
[18/05/22, 15:55:04:067 COT] 00000038 SystemErr                                                    R    java.io.FileNotFoundException: https://domjudgeroca12.sa.ngrok.io/domjudge/api/contests/6/submissions/54/files
[18/05/22, 15:55:04:068 COT] 00000038 SystemErr                                                    R    at org.icpc.tools.contest.model.feed.RESTContestSource.downloadIfNecessaryImpl(RESTContestSource.java:520)
[18/05/22, 15:55:06:611 COT] 00000038 SystemOut                                                    O Connection failed to http://domjudgeroca12.sa.ngrok.io/domjudge/api/contests/6/submissions/55/files, trying again
[18/05/22, 15:55:06:611 COT] 00000038 SystemErr                                                    R    java.io.FileNotFoundException: https://domjudgeroca12.sa.ngrok.io/domjudge/api/contests/6/submissions/55/files
[18/05/22, 15:55:06:612 COT] 00000038 SystemErr                                                    R    at org.icpc.tools.contest.model.feed.RESTContestSource.downloadIfNecessaryImpl(RESTContestSource.java:536)
[18/05/22, 15:55:06:612 COT] 00000038 SystemErr                                                    R    java.io.FileNotFoundException: https://domjudgeroca12.sa.ngrok.io/domjudge/api/contests/6/submissions/55/files
[18/05/22, 15:55:06:613 COT] 00000038 SystemErr                                                    R    at org.icpc.tools.contest.model.feed.RESTContestSource.downloadIfNecessaryImpl(RESTContestSource.java:520)
[18/05/22, 15:55:08:424 COT] 00000038 SystemOut                                                    O Connection failed to http://domjudgeroca12.sa.ngrok.io/domjudge/api/contests/6/submissions/55/files again, trying again after 500ms
[18/05/22, 15:55:08:424 COT] 00000038 SystemErr                                                    R    java.io.FileNotFoundException: https://domjudgeroca12.sa.ngrok.io/domjudge/api/contests/6/submissions/55/files
[18/05/22, 15:55:08:424 COT] 00000038 SystemErr                                                    R    at org.icpc.tools.contest.model.feed.RESTContestSource.downloadIfNecessaryImpl(RESTContestSource.java:536)
[18/05/22, 15:55:08:424 COT] 00000038 SystemErr                                                    R    java.io.FileNotFoundException: https://domjudgeroca12.sa.ngrok.io/domjudge/api/contests/6/submissions/55/files
[18/05/22, 15:55:08:424 COT] 00000038 SystemErr                                                    R    at org.icpc.tools.contest.model.feed.RESTContestSource.downloadIfNecessaryImpl(RESTContestSource.java:520)
[18/05/22, 15:55:09:275 COT] 00000026 com.ibm.ws.webcontainer.servlet                              I SRVE0242I: [CDS] [/] [org.icpc.tools.cds.service.ContestWebService]: Inicialización satisfactoria.
[18/05/22, 15:55:09:814 COT] 00000026 com.ibm.ws.webcontainer.servlet                              I SRVE0242I: [CDS] [/] [/WEB-INF/jsps/admin.jsp]: Inicialización satisfactoria.
[18/05/22, 15:55:10:695 COT] 00000024 com.ibm.ws.webcontainer.servlet                              I SRVE0242I: [CDS] [/] [org.icpc.tools.cds.service.ContestRESTService]: Inicialización satisfactoria.
[18/05/22, 15:55:10:978 COT] 00000038 SystemOut                                                    O Connection failed to http://domjudgeroca12.sa.ngrok.io/domjudge/api/contests/6/submissions/56/files, trying again
[18/05/22, 15:55:10:979 COT] 00000038 SystemErr                                                    R    java.io.FileNotFoundException: https://domjudgeroca12.sa.ngrok.io/domjudge/api/contests/6/submissions/56/files
[18/05/22, 15:55:10:979 COT] 00000038 SystemErr                                                    R    at org.icpc.tools.contest.model.feed.RESTContestSource.downloadIfNecessaryImpl(RESTContestSource.java:536)
[18/05/22, 15:55:10:979 COT] 00000038 SystemErr                                                    R    java.io.FileNotFoundException: https://domjudgeroca12.sa.ngrok.io/domjudge/api/contests/6/submissions/56/files
[18/05/22, 15:55:10:979 COT] 00000038 SystemErr                                                    R    at org.icpc.tools.contest.model.feed.RESTContestSource.downloadIfNecessaryImpl(RESTContestSource.java:520)
[18/05/22, 15:55:12:728 COT] 00000038 SystemOut                                                    O Connection failed to http://domjudgeroca12.sa.ngrok.io/domjudge/api/contests/6/submissions/56/files again, trying again after 500ms
[18/05/22, 15:55:12:728 COT] 00000038 SystemErr                                                    R    java.io.FileNotFoundException: https://domjudgeroca12.sa.ngrok.io/domjudge/api/contests/6/submissions/56/files
[18/05/22, 15:55:12:728 COT] 00000038 SystemErr                                                    R    at org.icpc.tools.contest.model.feed.RESTContestSource.downloadIfNecessaryImpl(RESTContestSource.java:536)
[18/05/22, 15:55:12:729 COT] 00000038 SystemErr                                                    R    java.io.FileNotFoundException: https://domjudgeroca12.sa.ngrok.io/domjudge/api/contests/6/submissions/56/files
[18/05/22, 15:55:12:729 COT] 00000038 SystemErr                                                    R    at org.icpc.tools.contest.model.feed.RESTContestSource.downloadIfNecessaryImpl(RESTContestSource.java:520)
[18/05/22, 15:55:15:331 COT] 00000038 SystemOut                                                    O Connection failed to http://domjudgeroca12.sa.ngrok.io/domjudge/api/contests/6/submissions/57/files, trying again
[18/05/22, 15:55:15:332 COT] 00000038 SystemErr                                                    R    java.io.FileNotFoundException: https://domjudgeroca12.sa.ngrok.io/domjudge/api/contests/6/submissions/57/files
[18/05/22, 15:55:15:332 COT] 00000038 SystemErr                                                    R    at org.icpc.tools.contest.model.feed.RESTContestSource.downloadIfNecessaryImpl(RESTContestSource.java:536)
[18/05/22, 15:55:15:332 COT] 00000038 SystemErr                                                    R    java.io.FileNotFoundException: https://domjudgeroca12.sa.ngrok.io/domjudge/api/contests/6/submissions/57/files
[18/05/22, 15:55:15:332 COT] 00000038 SystemErr                                                    R    at org.icpc.tools.contest.model.feed.RESTContestSource.downloadIfNecessaryImpl(RESTContestSource.java:520)
[18/05/22, 15:55:16:659 COT] 00000024 com.ibm.ws.webcontainer.servlet                              I SRVE0242I: [CDS] [/] [/WEB-INF/jsps/overview.jsp]: Inicialización satisfactoria.
[18/05/22, 15:55:17:144 COT] 00000038 SystemOut                                                    O Connection failed to http://domjudgeroca12.sa.ngrok.io/domjudge/api/contests/6/submissions/57/files again, trying again after 500ms
[18/05/22, 15:55:17:144 COT] 00000038 SystemErr                                                    R    java.io.FileNotFoundException: https://domjudgeroca12.sa.ngrok.io/domjudge/api/contests/6/submissions/57/files
[18/05/22, 15:55:17:150 COT] 00000038 SystemErr                                                    R    at org.icpc.tools.contest.model.feed.RESTContestSource.downloadIfNecessaryImpl(RESTContestSource.java:536)
[18/05/22, 15:55:17:150 COT] 00000038 SystemErr                                                    R    java.io.FileNotFoundException: https://domjudgeroca12.sa.ngrok.io/domjudge/api/contests/6/submissions/57/files
[18/05/22, 15:55:17:150 COT] 00000038 SystemErr                                                    R    at org.icpc.tools.contest.model.feed.RESTContestSource.downloadIfNecessaryImpl(RESTContestSource.java:520)
[18/05/22, 15:55:19:652 COT] 00000038 SystemOut                                                    O Connection failed to http://domjudgeroca12.sa.ngrok.io/domjudge/api/contests/6/submissions/58/files, trying again
[18/05/22, 15:55:19:653 COT] 00000038 SystemErr                                                    R    java.io.FileNotFoundException: https://domjudgeroca12.sa.ngrok.io/domjudge/api/contests/6/submissions/58/files
[18/05/22, 15:55:19:653 COT] 00000038 SystemErr                                                    R    at org.icpc.tools.contest.model.feed.RESTContestSource.downloadIfNecessaryImpl(RESTContestSource.java:536)
[18/05/22, 15:55:19:653 COT] 00000038 SystemErr                                                    R    java.io.FileNotFoundException: https://domjudgeroca12.sa.ngrok.io/domjudge/api/contests/6/submissions/58/files
[18/05/22, 15:55:19:653 COT] 00000038 SystemErr                                                    R    at org.icpc.tools.contest.model.feed.RESTContestSource.downloadIfNecessaryImpl(RESTContestSource.java:520)
[18/05/22, 15:55:21:429 COT] 00000038 SystemOut                                                    O Connection failed to http://domjudgeroca12.sa.ngrok.io/domjudge/api/contests/6/submissions/58/files again, trying again after 500ms
[18/05/22, 15:55:21:429 COT] 00000038 SystemErr                                                    R    java.io.FileNotFoundException: https://domjudgeroca12.sa.ngrok.io/domjudge/api/contests/6/submissions/58/files
[18/05/22, 15:55:21:431 COT] 00000038 SystemErr                                                    R    at org.icpc.tools.contest.model.feed.RESTContestSource.downloadIfNecessaryImpl(RESTContestSource.java:536)
[18/05/22, 15:55:21:431 COT] 00000038 SystemErr                                                    R    java.io.FileNotFoundException: https://domjudgeroca12.sa.ngrok.io/domjudge/api/contests/6/submissions/58/files
[18/05/22, 15:55:21:431 COT] 00000038 SystemErr                                                    R    at org.icpc.tools.contest.model.feed.RESTContestSource.downloadIfNecessaryImpl(RESTContestSource.java:520)
[18/05/22, 15:55:23:802 COT] 00000038 SystemOut                                                    O Connection failed to http://domjudgeroca12.sa.ngrok.io/domjudge/api/contests/6/submissions/59/files, trying again
[18/05/22, 15:55:23:802 COT] 00000038 SystemErr                                                    R    java.io.FileNotFoundException: https://domjudgeroca12.sa.ngrok.io/domjudge/api/contests/6/submissions/59/files
[18/05/22, 15:55:23:803 COT] 00000038 SystemErr                                                    R    at org.icpc.tools.contest.model.feed.RESTContestSource.downloadIfNecessaryImpl(RESTContestSource.java:536)
[18/05/22, 15:55:23:803 COT] 00000038 SystemErr                                                    R    java.io.FileNotFoundException: https://domjudgeroca12.sa.ngrok.io/domjudge/api/contests/6/submissions/59/files
[18/05/22, 15:55:23:803 COT] 00000038 SystemErr                                                    R    at org.icpc.tools.contest.model.feed.RESTContestSource.downloadIfNecessaryImpl(RESTContestSource.java:520)
[18/05/22, 15:55:24:332 COT] 00000028 com.ibm.ws.webcontainer.servlet                              I SRVE0242I: [CDS] [/] [/WEB-INF/jsps/freeze.jsp]: Inicialización satisfactoria.
[18/05/22, 15:55:25:826 COT] 00000038 SystemOut                                                    O Connection failed to http://domjudgeroca12.sa.ngrok.io/domjudge/api/contests/6/submissions/59/files again, trying again after 500ms
[18/05/22, 15:55:25:826 COT] 00000038 SystemErr                                                    R    java.io.FileNotFoundException: https://domjudgeroca12.sa.ngrok.io/domjudge/api/contests/6/submissions/59/files
[18/05/22, 15:55:25:826 COT] 00000038 SystemErr                                                    R    at org.icpc.tools.contest.model.feed.RESTContestSource.downloadIfNecessaryImpl(RESTContestSource.java:536)
[18/05/22, 15:55:25:827 COT] 00000038 SystemErr                                                    R    java.io.FileNotFoundException: https://domjudgeroca12.sa.ngrok.io/domjudge/api/contests/6/submissions/59/files
[18/05/22, 15:55:25:827 COT] 00000038 SystemErr                                                    R    at org.icpc.tools.contest.model.feed.RESTContestSource.downloadIfNecessaryImpl(RESTContestSource.java:520)
[18/05/22, 15:55:28:275 COT] 00000038 SystemOut                                                    O Connection failed to http://domjudgeroca12.sa.ngrok.io/domjudge/api/contests/6/submissions/60/files, trying again
[18/05/22, 15:55:28:275 COT] 00000038 SystemErr                                                    R    java.io.FileNotFoundException: https://domjudgeroca12.sa.ngrok.io/domjudge/api/contests/6/submissions/60/files
[18/05/22, 15:55:28:276 COT] 00000038 SystemErr                                                    R    at org.icpc.tools.contest.model.feed.RESTContestSource.downloadIfNecessaryImpl(RESTContestSource.java:536)
[18/05/22, 15:55:28:276 COT] 00000038 SystemErr                                                    R    java.io.FileNotFoundException: https://domjudgeroca12.sa.ngrok.io/domjudge/api/contests/6/submissions/60/files
[18/05/22, 15:55:28:276 COT] 00000038 SystemErr                                                    R    at org.icpc.tools.contest.model.feed.RESTContestSource.downloadIfNecessaryImpl(RESTContestSource.java:520)
[18/05/22, 15:55:29:941 COT] 00000038 SystemOut                                                    O Connection failed to http://domjudgeroca12.sa.ngrok.io/domjudge/api/contests/6/submissions/60/files again, trying again after 500ms
[18/05/22, 15:55:29:942 COT] 00000038 SystemErr                                                    R    java.io.FileNotFoundException: https://domjudgeroca12.sa.ngrok.io/domjudge/api/contests/6/submissions/60/files
[18/05/22, 15:55:29:943 COT] 00000038 SystemErr                                                    R    at org.icpc.tools.contest.model.feed.RESTContestSource.downloadIfNecessaryImpl(RESTContestSource.java:536)
[18/05/22, 15:55:29:943 COT] 00000038 SystemErr                                                    R    java.io.FileNotFoundException: https://domjudgeroca12.sa.ngrok.io/domjudge/api/contests/6/submissions/60/files
[18/05/22, 15:55:29:944 COT] 00000038 SystemErr                                                    R    at org.icpc.tools.contest.model.feed.RESTContestSource.downloadIfNecessaryImpl(RESTContestSource.java:520)
[18/05/22, 15:55:32:267 COT] 00000038 SystemOut                                                    O Connection failed to http://domjudgeroca12.sa.ngrok.io/domjudge/api/contests/6/submissions/61/files, trying again
[18/05/22, 15:55:32:267 COT] 00000038 SystemErr                                                    R    java.io.FileNotFoundException: https://domjudgeroca12.sa.ngrok.io/domjudge/api/contests/6/submissions/61/files
[18/05/22, 15:55:32:268 COT] 00000038 SystemErr                                                    R    at org.icpc.tools.contest.model.feed.RESTContestSource.downloadIfNecessaryImpl(RESTContestSource.java:536)
[18/05/22, 15:55:32:268 COT] 00000038 SystemErr                                                    R    java.io.FileNotFoundException: https://domjudgeroca12.sa.ngrok.io/domjudge/api/contests/6/submissions/61/files
[18/05/22, 15:55:32:268 COT] 00000038 SystemErr                                                    R    at org.icpc.tools.contest.model.feed.RESTContestSource.downloadIfNecessaryImpl(RESTContestSource.java:520)
[18/05/22, 15:55:33:992 COT] 00000038 SystemOut                                                    O Connection failed to http://domjudgeroca12.sa.ngrok.io/domjudge/api/contests/6/submissions/61/files again, trying again after 500ms
[18/05/22, 15:55:33:992 COT] 00000038 SystemErr                                                    R    java.io.FileNotFoundException: https://domjudgeroca12.sa.ngrok.io/domjudge/api/contests/6/submissions/61/files
[18/05/22, 15:55:33:993 COT] 00000038 SystemErr                                                    R    at org.icpc.tools.contest.model.feed.RESTContestSource.downloadIfNecessaryImpl(RESTContestSource.java:536)
[18/05/22, 15:55:33:993 COT] 00000038 SystemErr                                                    R    java.io.FileNotFoundException: https://domjudgeroca12.sa.ngrok.io/domjudge/api/contests/6/submissions/61/files
[18/05/22, 15:55:33:993 COT] 00000038 SystemErr                                                    R    at org.icpc.tools.contest.model.feed.RESTContestSource.downloadIfNecessaryImpl(RESTContestSource.java:520)
[18/05/22, 15:55:36:289 COT] 00000038 SystemOut                                                    O Connection failed to http://domjudgeroca12.sa.ngrok.io/domjudge/api/contests/6/submissions/62/files, trying again
[18/05/22, 15:55:36:290 COT] 00000038 SystemErr                                                    R    java.io.FileNotFoundException: https://domjudgeroca12.sa.ngrok.io/domjudge/api/contests/6/submissions/62/files
[18/05/22, 15:55:36:291 COT] 00000038 SystemErr                                                    R    at org.icpc.tools.contest.model.feed.RESTContestSource.downloadIfNecessaryImpl(RESTContestSource.java:536)
[18/05/22, 15:55:36:291 COT] 00000038 SystemErr                                                    R    java.io.FileNotFoundException: https://domjudgeroca12.sa.ngrok.io/domjudge/api/contests/6/submissions/62/files
[18/05/22, 15:55:36:291 COT] 00000038 SystemErr                                                    R    at org.icpc.tools.contest.model.feed.RESTContestSource.downloadIfNecessaryImpl(RESTContestSource.java:520)
[18/05/22, 15:55:38:017 COT] 00000038 SystemOut                                                    O Connection failed to http://domjudgeroca12.sa.ngrok.io/domjudge/api/contests/6/submissions/62/files again, trying again after 500ms
[18/05/22, 15:55:38:017 COT] 00000038 SystemErr                                                    R    java.io.FileNotFoundException: https://domjudgeroca12.sa.ngrok.io/domjudge/api/contests/6/submissions/62/files
[18/05/22, 15:55:38:017 COT] 00000038 SystemErr                                                    R    at org.icpc.tools.contest.model.feed.RESTContestSource.downloadIfNecessaryImpl(RESTContestSource.java:536)
[18/05/22, 15:55:38:017 COT] 00000038 SystemErr                                                    R    java.io.FileNotFoundException: https://domjudgeroca12.sa.ngrok.io/domjudge/api/contests/6/submissions/62/files
[18/05/22, 15:55:38:018 COT] 00000038 SystemErr                                                    R    at org.icpc.tools.contest.model.feed.RESTContestSource.downloadIfNecessaryImpl(RESTContestSource.java:520)
[18/05/22, 15:55:40:458 COT] 00000038 SystemOut                                                    O Connection failed to http://domjudgeroca12.sa.ngrok.io/domjudge/api/contests/6/submissions/63/files, trying again
[18/05/22, 15:55:40:459 COT] 00000038 SystemErr                                                    R    java.io.FileNotFoundException: https://domjudgeroca12.sa.ngrok.io/domjudge/api/contests/6/submissions/63/files
[18/05/22, 15:55:40:459 COT] 00000038 SystemErr                                                    R    at org.icpc.tools.contest.model.feed.RESTContestSource.downloadIfNecessaryImpl(RESTContestSource.java:536)
[18/05/22, 15:55:40:459 COT] 00000038 SystemErr                                                    R    java.io.FileNotFoundException: https://domjudgeroca12.sa.ngrok.io/domjudge/api/contests/6/submissions/63/files
[18/05/22, 15:55:40:460 COT] 00000038 SystemErr                                                    R    at org.icpc.tools.contest.model.feed.RESTContestSource.downloadIfNecessaryImpl(RESTContestSource.java:520)
[18/05/22, 15:55:42:316 COT] 00000038 SystemOut                                                    O Connection failed to http://domjudgeroca12.sa.ngrok.io/domjudge/api/contests/6/submissions/63/files again, trying again after 500ms
[18/05/22, 15:55:42:316 COT] 00000038 SystemErr                                                    R    java.io.FileNotFoundException: https://domjudgeroca12.sa.ngrok.io/domjudge/api/contests/6/submissions/63/files
[18/05/22, 15:55:42:317 COT] 00000038 SystemErr                                                    R    at org.icpc.tools.contest.model.feed.RESTContestSource.downloadIfNecessaryImpl(RESTContestSource.java:536)
[18/05/22, 15:55:42:317 COT] 00000038 SystemErr                                                    R    java.io.FileNotFoundException: https://domjudgeroca12.sa.ngrok.io/domjudge/api/contests/6/submissions/63/files
[18/05/22, 15:55:42:317 COT] 00000038 SystemErr                                                    R    at org.icpc.tools.contest.model.feed.RESTContestSource.downloadIfNecessaryImpl(RESTContestSource.java:520)
[18/05/22, 15:55:44:931 COT] 00000038 SystemOut                                                    O Connection failed to http://domjudgeroca12.sa.ngrok.io/domjudge/api/contests/6/submissions/64/files, trying again
[18/05/22, 15:55:44:932 COT] 00000038 SystemErr                                                    R    java.io.FileNotFoundException: https://domjudgeroca12.sa.ngrok.io/domjudge/api/contests/6/submissions/64/files
[18/05/22, 15:55:44:932 COT] 00000038 SystemErr                                                    R    at org.icpc.tools.contest.model.feed.RESTContestSource.downloadIfNecessaryImpl(RESTContestSource.java:536)
[18/05/22, 15:55:44:934 COT] 00000038 SystemErr                                                    R    java.io.FileNotFoundException: https://domjudgeroca12.sa.ngrok.io/domjudge/api/contests/6/submissions/64/files
[18/05/22, 15:55:44:934 COT] 00000038 SystemErr                                                    R    at org.icpc.tools.contest.model.feed.RESTContestSource.downloadIfNecessaryImpl(RESTContestSource.java:520)
[18/05/22, 15:55:46:710 COT] 00000038 SystemOut                                                    O Connection failed to http://domjudgeroca12.sa.ngrok.io/domjudge/api/contests/6/submissions/64/files again, trying again after 500ms
[18/05/22, 15:55:46:710 COT] 00000038 SystemErr                                                    R    java.io.FileNotFoundException: https://domjudgeroca12.sa.ngrok.io/domjudge/api/contests/6/submissions/64/files
[18/05/22, 15:55:46:711 COT] 00000038 SystemErr                                                    R    at org.icpc.tools.contest.model.feed.RESTContestSource.downloadIfNecessaryImpl(RESTContestSource.java:536)
[18/05/22, 15:55:46:711 COT] 00000038 SystemErr                                                    R    java.io.FileNotFoundException: https://domjudgeroca12.sa.ngrok.io/domjudge/api/contests/6/submissions/64/files
[18/05/22, 15:55:46:711 COT] 00000038 SystemErr                                                    R    at org.icpc.tools.contest.model.feed.RESTContestSource.downloadIfNecessaryImpl(RESTContestSource.java:520)
[18/05/22, 15:55:52:257 COT] 00000038 SystemOut                                                    O Connection failed to http://domjudgeroca12.sa.ngrok.io/domjudge/api/contests/6/submissions/65/files, trying again
[18/05/22, 15:55:52:258 COT] 00000038 SystemErr                                                    R    java.io.FileNotFoundException: https://domjudgeroca12.sa.ngrok.io/domjudge/api/contests/6/submissions/65/files
[18/05/22, 15:55:52:258 COT] 00000038 SystemErr                                                    R    at org.icpc.tools.contest.model.feed.RESTContestSource.downloadIfNecessaryImpl(RESTContestSource.java:536)
[18/05/22, 15:55:52:258 COT] 00000038 SystemErr                                                    R    java.io.FileNotFoundException: https://domjudgeroca12.sa.ngrok.io/domjudge/api/contests/6/submissions/65/files
[18/05/22, 15:55:52:258 COT] 00000038 SystemErr                                                    R    at org.icpc.tools.contest.model.feed.RESTContestSource.downloadIfNecessaryImpl(RESTContestSource.java:520)
[18/05/22, 15:55:53:987 COT] 00000038 SystemOut                                                    O Connection failed to http://domjudgeroca12.sa.ngrok.io/domjudge/api/contests/6/submissions/65/files again, trying again after 500ms
[18/05/22, 15:55:53:987 COT] 00000038 SystemErr                                                    R    java.io.FileNotFoundException: https://domjudgeroca12.sa.ngrok.io/domjudge/api/contests/6/submissions/65/files
[18/05/22, 15:55:53:988 COT] 00000038 SystemErr                                                    R    at org.icpc.tools.contest.model.feed.RESTContestSource.downloadIfNecessaryImpl(RESTContestSource.java:536)
[18/05/22, 15:55:53:988 COT] 00000038 SystemErr                                                    R    java.io.FileNotFoundException: https://domjudgeroca12.sa.ngrok.io/domjudge/api/contests/6/submissions/65/files
[18/05/22, 15:55:53:988 COT] 00000038 SystemErr                                                    R    at org.icpc.tools.contest.model.feed.RESTContestSource.downloadIfNecessaryImpl(RESTContestSource.java:520)
[18/05/22, 15:55:56:452 COT] 00000038 SystemOut                                                    O Connection failed to http://domjudgeroca12.sa.ngrok.io/domjudge/api/contests/6/submissions/66/files, trying again
[18/05/22, 15:55:56:452 COT] 00000038 SystemErr                                                    R    java.io.FileNotFoundException: https://domjudgeroca12.sa.ngrok.io/domjudge/api/contests/6/submissions/66/files
[18/05/22, 15:55:56:453 COT] 00000038 SystemErr                                                    R    at org.icpc.tools.contest.model.feed.RESTContestSource.downloadIfNecessaryImpl(RESTContestSource.java:536)
[18/05/22, 15:55:56:453 COT] 00000038 SystemErr                                                    R    java.io.FileNotFoundException: https://domjudgeroca12.sa.ngrok.io/domjudge/api/contests/6/submissions/66/files
[18/05/22, 15:55:56:453 COT] 00000038 SystemErr                                                    R    at org.icpc.tools.contest.model.feed.RESTContestSource.downloadIfNecessaryImpl(RESTContestSource.java:520)
[18/05/22, 15:55:58:200 COT] 00000038 SystemOut                                                    O Connection failed to http://domjudgeroca12.sa.ngrok.io/domjudge/api/contests/6/submissions/66/files again, trying again after 500ms
[18/05/22, 15:55:58:200 COT] 00000038 SystemErr                                                    R    java.io.FileNotFoundException: https://domjudgeroca12.sa.ngrok.io/domjudge/api/contests/6/submissions/66/files
[18/05/22, 15:55:58:201 COT] 00000038 SystemErr                                                    R    at org.icpc.tools.contest.model.feed.RESTContestSource.downloadIfNecessaryImpl(RESTContestSource.java:536)
[18/05/22, 15:55:58:201 COT] 00000038 SystemErr                                                    R    java.io.FileNotFoundException: https://domjudgeroca12.sa.ngrok.io/domjudge/api/contests/6/submissions/66/files
[18/05/22, 15:55:58:201 COT] 00000038 SystemErr                                                    R    at org.icpc.tools.contest.model.feed.RESTContestSource.downloadIfNecessaryImpl(RESTContestSource.java:520)
[18/05/22, 15:55:58:525 COT] 00000024 com.ibm.ws.webcontainer.servlet                              I SRVE0242I: [CDS] [/] [org.icpc.tools.cds.service.ErrorService]: Inicialización satisfactoria.
[18/05/22, 15:55:58:708 COT] 00000024 com.ibm.ws.webcontainer.servlet                              I SRVE0242I: [CDS] [/] [/WEB-INF/jsps/errorPage.jsp]: Inicialización satisfactoria.
[18/05/22, 15:55:59:469 COT] 00000022 com.ibm.ws.webcontainer.servlet                              I SRVE0242I: [CDS] [/] [org.icpc.tools.cds.presentations.PresentationFilesServlet]: Inicialización satisfactoria.
[18/05/22, 15:55:59:671 COT] 00000022 com.ibm.ws.webcontainer.servlet                              I SRVE0242I: [CDS] [/] [/WEB-INF/jsps/directory.jsp]: Inicialización satisfactoria.
[18/05/22, 15:56:01:030 COT] 00000038 SystemOut                                                    O Connection failed to http://domjudgeroca12.sa.ngrok.io/domjudge/api/contests/6/submissions/67/files, trying again
[18/05/22, 15:56:01:032 COT] 00000038 SystemErr                                                    R    java.io.FileNotFoundException: https://domjudgeroca12.sa.ngrok.io/domjudge/api/contests/6/submissions/67/files
[18/05/22, 15:56:01:033 COT] 00000038 SystemErr                                                    R    at org.icpc.tools.contest.model.feed.RESTContestSource.downloadIfNecessaryImpl(RESTContestSource.java:536)
[18/05/22, 15:56:01:033 COT] 00000038 SystemErr                                                    R    java.io.FileNotFoundException: https://domjudgeroca12.sa.ngrok.io/domjudge/api/contests/6/submissions/67/files
[18/05/22, 15:56:01:033 COT] 00000038 SystemErr                                                    R    at org.icpc.tools.contest.model.feed.RESTContestSource.downloadIfNecessaryImpl(RESTContestSource.java:520)
[18/05/22, 15:56:01:496 COT] 00000022 SystemOut                                                    O Client connected: 192.168.33.70 [uid 78a42621]
[18/05/22, 15:56:02:183 COT] 0000002a SystemOut                                                    O 78a42621 < {"type":"info","source":"78a42621","width":1366,"height":768,"hidden":false,"display":"1"}
[18/05/22, 15:56:02:213 COT] 00000024 SystemOut                                                    O 78a42621 < {"type":"info","source":"78a42621","client.type":"presentation","version":"2.3.491","os.name":"Windows 10","os.version...
[18/05/22, 15:56:02:397 COT] 00000023 SystemOut                                                    O 78a42621 < {"type":"info","source":"78a42621","presentation":null,"fps":0,"image":"/9j/4AAQSkZJRgABAgAAAQABAAD/2wBDAAgGBgcGBQgHBw...
[18/05/22, 15:56:02:721 COT] 00000022 SystemOut                                                    O 78a42621 - Syncing time to 9ms. Recent pings: [19ms, 17ms, 2ms]
[18/05/22, 15:56:02:740 COT] 000000b8 SystemOut                                                    O 78a42621 > {"type":"time","time":1652907362736}
[18/05/22, 15:56:02:872 COT] 00000038 SystemOut                                                    O Connection failed to http://domjudgeroca12.sa.ngrok.io/domjudge/api/contests/6/submissions/67/files again, trying again after 500ms
[18/05/22, 15:56:02:872 COT] 00000038 SystemErr                                                    R    java.io.FileNotFoundException: https://domjudgeroca12.sa.ngrok.io/domjudge/api/contests/6/submissions/67/files
[18/05/22, 15:56:02:872 COT] 00000038 SystemErr                                                    R    at org.icpc.tools.contest.model.feed.RESTContestSource.downloadIfNecessaryImpl(RESTContestSource.java:536)
[18/05/22, 15:56:02:872 COT] 00000038 SystemErr                                                    R    java.io.FileNotFoundException: https://domjudgeroca12.sa.ngrok.io/domjudge/api/contests/6/submissions/67/files
[18/05/22, 15:56:02:872 COT] 00000038 SystemErr                                                    R    at org.icpc.tools.contest.model.feed.RESTContestSource.downloadIfNecessaryImpl(RESTContestSource.java:520)
[18/05/22, 15:56:05:301 COT] 00000038 SystemOut                                                    O Connection failed to http://domjudgeroca12.sa.ngrok.io/domjudge/api/contests/6/submissions/68/files, trying again
[18/05/22, 15:56:05:302 COT] 00000038 SystemErr                                                    R    java.io.FileNotFoundException: https://domjudgeroca12.sa.ngrok.io/domjudge/api/contests/6/submissions/68/files
[18/05/22, 15:56:05:302 COT] 00000038 SystemErr                                                    R    at org.icpc.tools.contest.model.feed.RESTContestSource.downloadIfNecessaryImpl(RESTContestSource.java:536)
[18/05/22, 15:56:05:302 COT] 00000038 SystemErr                                                    R    java.io.FileNotFoundException: https://domjudgeroca12.sa.ngrok.io/domjudge/api/contests/6/submissions/68/files
[18/05/22, 15:56:05:302 COT] 00000038 SystemErr                                                    R    at org.icpc.tools.contest.model.feed.RESTContestSource.downloadIfNecessaryImpl(RESTContestSource.java:520)
[18/05/22, 15:56:06:997 COT] 00000038 SystemOut                                                    O Connection failed to http://domjudgeroca12.sa.ngrok.io/domjudge/api/contests/6/submissions/68/files again, trying again after 500ms
[18/05/22, 15:56:06:997 COT] 00000038 SystemErr                                                    R    java.io.FileNotFoundException: https://domjudgeroca12.sa.ngrok.io/domjudge/api/contests/6/submissions/68/files
[18/05/22, 15:56:06:997 COT] 00000038 SystemErr                                                    R    at org.icpc.tools.contest.model.feed.RESTContestSource.downloadIfNecessaryImpl(RESTContestSource.java:536)
[18/05/22, 15:56:06:998 COT] 00000038 SystemErr                                                    R    java.io.FileNotFoundException: https://domjudgeroca12.sa.ngrok.io/domjudge/api/contests/6/submissions/68/files
[18/05/22, 15:56:06:998 COT] 00000038 SystemErr                                                    R    at org.icpc.tools.contest.model.feed.RESTContestSource.downloadIfNecessaryImpl(RESTContestSource.java:520)
[18/05/22, 15:56:09:453 COT] 00000038 SystemOut                                                    O Connection failed to http://domjudgeroca12.sa.ngrok.io/domjudge/api/contests/6/submissions/69/files, trying again
[18/05/22, 15:56:09:453 COT] 00000038 SystemErr                                                    R    java.io.FileNotFoundException: https://domjudgeroca12.sa.ngrok.io/domjudge/api/contests/6/submissions/69/files
[18/05/22, 15:56:09:454 COT] 00000038 SystemErr                                                    R    at org.icpc.tools.contest.model.feed.RESTContestSource.downloadIfNecessaryImpl(RESTContestSource.java:536)
[18/05/22, 15:56:09:454 COT] 00000038 SystemErr                                                    R    java.io.FileNotFoundException: https://domjudgeroca12.sa.ngrok.io/domjudge/api/contests/6/submissions/69/files
[18/05/22, 15:56:09:454 COT] 00000038 SystemErr                                                    R    at org.icpc.tools.contest.model.feed.RESTContestSource.downloadIfNecessaryImpl(RESTContestSource.java:520)
[18/05/22, 15:56:11:157 COT] 00000038 SystemOut                                                    O Connection failed to http://domjudgeroca12.sa.ngrok.io/domjudge/api/contests/6/submissions/69/files again, trying again after 500ms
[18/05/22, 15:56:11:157 COT] 00000038 SystemErr                                                    R    java.io.FileNotFoundException: https://domjudgeroca12.sa.ngrok.io/domjudge/api/contests/6/submissions/69/files
[18/05/22, 15:56:11:157 COT] 00000038 SystemErr                                                    R    at org.icpc.tools.contest.model.feed.RESTContestSource.downloadIfNecessaryImpl(RESTContestSource.java:536)
[18/05/22, 15:56:11:157 COT] 00000038 SystemErr                                                    R    java.io.FileNotFoundException: https://domjudgeroca12.sa.ngrok.io/domjudge/api/contests/6/submissions/69/files
[18/05/22, 15:56:11:157 COT] 00000038 SystemErr                                                    R    at org.icpc.tools.contest.model.feed.RESTContestSource.downloadIfNecessaryImpl(RESTContestSource.java:520)
[18/05/22, 15:56:12:686 COT] 0000002a SystemOut                                                    O 78a42621 < {"type":"info","source":"78a42621","presentation":null,"fps":0,"image":"/9j/4AAQSkZJRgABAgAAAQABAAD/2wBDAAgGBgcGBQgHBw...
[18/05/22, 15:56:13:731 COT] 00000038 SystemOut                                                    O Connection failed to http://domjudgeroca12.sa.ngrok.io/domjudge/api/contests/6/submissions/70/files, trying again
[18/05/22, 15:56:13:731 COT] 00000038 SystemErr                                                    R    java.io.FileNotFoundException: https://domjudgeroca12.sa.ngrok.io/domjudge/api/contests/6/submissions/70/files
[18/05/22, 15:56:13:731 COT] 00000038 SystemErr                                                    R    at org.icpc.tools.contest.model.feed.RESTContestSource.downloadIfNecessaryImpl(RESTContestSource.java:536)
[18/05/22, 15:56:13:731 COT] 00000038 SystemErr                                                    R    java.io.FileNotFoundException: https://domjudgeroca12.sa.ngrok.io/domjudge/api/contests/6/submissions/70/files
[18/05/22, 15:56:13:732 COT] 00000038 SystemErr                                                    R    at org.icpc.tools.contest.model.feed.RESTContestSource.downloadIfNecessaryImpl(RESTContestSource.java:520)
[18/05/22, 15:56:15:517 COT] 00000038 SystemOut                                                    O Connection failed to http://domjudgeroca12.sa.ngrok.io/domjudge/api/contests/6/submissions/70/files again, trying again after 500ms
[18/05/22, 15:56:15:517 COT] 00000038 SystemErr                                                    R    java.io.FileNotFoundException: https://domjudgeroca12.sa.ngrok.io/domjudge/api/contests/6/submissions/70/files
[18/05/22, 15:56:15:518 COT] 00000038 SystemErr                                                    R    at org.icpc.tools.contest.model.feed.RESTContestSource.downloadIfNecessaryImpl(RESTContestSource.java:536)
[18/05/22, 15:56:15:518 COT] 00000038 SystemErr                                                    R    java.io.FileNotFoundException: https://domjudgeroca12.sa.ngrok.io/domjudge/api/contests/6/submissions/70/files
[18/05/22, 15:56:15:518 COT] 00000038 SystemErr                                                    R    at org.icpc.tools.contest.model.feed.RESTContestSource.downloadIfNecessaryImpl(RESTContestSource.java:520)
[18/05/22, 15:56:18:068 COT] 00000038 SystemOut                                                    O Connection failed to http://domjudgeroca12.sa.ngrok.io/domjudge/api/contests/6/submissions/71/files, trying again
[18/05/22, 15:56:18:068 COT] 00000038 SystemErr                                                    R    java.io.FileNotFoundException: https://domjudgeroca12.sa.ngrok.io/domjudge/api/contests/6/submissions/71/files
[18/05/22, 15:56:18:068 COT] 00000038 SystemErr                                                    R    at org.icpc.tools.contest.model.feed.RESTContestSource.downloadIfNecessaryImpl(RESTContestSource.java:536)
[18/05/22, 15:56:18:069 COT] 00000038 SystemErr                                                    R    java.io.FileNotFoundException: https://domjudgeroca12.sa.ngrok.io/domjudge/api/contests/6/submissions/71/files
[18/05/22, 15:56:18:069 COT] 00000038 SystemErr                                                    R    at org.icpc.tools.contest.model.feed.RESTContestSource.downloadIfNecessaryImpl(RESTContestSource.java:520)
[18/05/22, 15:56:18:979 COT] 0000002a com.ibm.ws.webcontainer.servlet                              I SRVE0242I: [CDS] [/] [org.icpc.tools.cds.presentations.PropertyServlet]: Inicialización satisfactoria.
[18/05/22, 15:56:19:343 COT] 0000002a com.ibm.ws.webcontainer.servlet                              I SRVE0242I: [CDS] [/] [/WEB-INF/jsps/present.jsp]: Inicialización satisfactoria.
[18/05/22, 15:56:20:152 COT] 00000038 SystemOut                                                    O Connection failed to http://domjudgeroca12.sa.ngrok.io/domjudge/api/contests/6/submissions/71/files again, trying again after 500ms
[18/05/22, 15:56:20:155 COT] 00000038 SystemErr                                                    R    java.io.FileNotFoundException: https://domjudgeroca12.sa.ngrok.io/domjudge/api/contests/6/submissions/71/files
[18/05/22, 15:56:20:155 COT] 00000038 SystemErr                                                    R    at org.icpc.tools.contest.model.feed.RESTContestSource.downloadIfNecessaryImpl(RESTContestSource.java:536)
[18/05/22, 15:56:20:156 COT] 00000038 SystemErr                                                    R    java.io.FileNotFoundException: https://domjudgeroca12.sa.ngrok.io/domjudge/api/contests/6/submissions/71/files
[18/05/22, 15:56:20:156 COT] 00000038 SystemErr                                                    R    at org.icpc.tools.contest.model.feed.RESTContestSource.downloadIfNecessaryImpl(RESTContestSource.java:520)
[18/05/22, 15:56:22:795 COT] 00000025 SystemOut                                                    O 78a42621 < {"type":"info","source":"78a42621","presentation":null,"fps":0,"image":"/9j/4AAQSkZJRgABAgAAAQABAAD/2wBDAAgGBgcGBQgHBw...
[18/05/22, 15:56:23:438 COT] 00000038 SystemOut                                                    O Connection failed to http://domjudgeroca12.sa.ngrok.io/domjudge/api/contests/6/submissions/72/files, trying again
[18/05/22, 15:56:23:438 COT] 00000038 SystemErr                                                    R    java.io.FileNotFoundException: https://domjudgeroca12.sa.ngrok.io/domjudge/api/contests/6/submissions/72/files
[18/05/22, 15:56:23:439 COT] 00000038 SystemErr                                                    R    at org.icpc.tools.contest.model.feed.RESTContestSource.downloadIfNecessaryImpl(RESTContestSource.java:536)
[18/05/22, 15:56:23:439 COT] 00000038 SystemErr                                                    R    java.io.FileNotFoundException: https://domjudgeroca12.sa.ngrok.io/domjudge/api/contests/6/submissions/72/files
[18/05/22, 15:56:23:439 COT] 00000038 SystemErr                                                    R    at org.icpc.tools.contest.model.feed.RESTContestSource.downloadIfNecessaryImpl(RESTContestSource.java:520)
[18/05/22, 15:56:25:102 COT] 00000038 SystemOut                                                    O Connection failed to http://domjudgeroca12.sa.ngrok.io/domjudge/api/contests/6/submissions/72/files again, trying again after 500ms
[18/05/22, 15:56:25:102 COT] 00000038 SystemErr                                                    R    java.io.FileNotFoundException: https://domjudgeroca12.sa.ngrok.io/domjudge/api/contests/6/submissions/72/files
[18/05/22, 15:56:25:102 COT] 00000038 SystemErr                                                    R    at org.icpc.tools.contest.model.feed.RESTContestSource.downloadIfNecessaryImpl(RESTContestSource.java:536)
[18/05/22, 15:56:25:102 COT] 00000038 SystemErr                                                    R    java.io.FileNotFoundException: https://domjudgeroca12.sa.ngrok.io/domjudge/api/contests/6/submissions/72/files
[18/05/22, 15:56:25:102 COT] 00000038 SystemErr                                                    R    at org.icpc.tools.contest.model.feed.RESTContestSource.downloadIfNecessaryImpl(RESTContestSource.java:520)
[18/05/22, 15:56:27:574 COT] 00000038 SystemOut                                                    O Connection failed to http://domjudgeroca12.sa.ngrok.io/domjudge/api/contests/6/submissions/73/files, trying again
[18/05/22, 15:56:27:575 COT] 00000038 SystemErr                                                    R    java.io.FileNotFoundException: https://domjudgeroca12.sa.ngrok.io/domjudge/api/contests/6/submissions/73/files
[18/05/22, 15:56:27:575 COT] 00000038 SystemErr                                                    R    at org.icpc.tools.contest.model.feed.RESTContestSource.downloadIfNecessaryImpl(RESTContestSource.java:536)
[18/05/22, 15:56:27:575 COT] 00000038 SystemErr                                                    R    java.io.FileNotFoundException: https://domjudgeroca12.sa.ngrok.io/domjudge/api/contests/6/submissions/73/files
[18/05/22, 15:56:27:575 COT] 00000038 SystemErr                                                    R    at org.icpc.tools.contest.model.feed.RESTContestSource.downloadIfNecessaryImpl(RESTContestSource.java:520)
[18/05/22, 15:56:29:265 COT] 00000038 SystemOut                                                    O Connection failed to http://domjudgeroca12.sa.ngrok.io/domjudge/api/contests/6/submissions/73/files again, trying again after 500ms
[18/05/22, 15:56:29:265 COT] 00000038 SystemErr                                                    R    java.io.FileNotFoundException: https://domjudgeroca12.sa.ngrok.io/domjudge/api/contests/6/submissions/73/files
[18/05/22, 15:56:29:265 COT] 00000038 SystemErr                                                    R    at org.icpc.tools.contest.model.feed.RESTContestSource.downloadIfNecessaryImpl(RESTContestSource.java:536)
[18/05/22, 15:56:29:265 COT] 00000038 SystemErr                                                    R    java.io.FileNotFoundException: https://domjudgeroca12.sa.ngrok.io/domjudge/api/contests/6/submissions/73/files
[18/05/22, 15:56:29:266 COT] 00000038 SystemErr                                                    R    at org.icpc.tools.contest.model.feed.RESTContestSource.downloadIfNecessaryImpl(RESTContestSource.java:520)
[18/05/22, 15:56:31:078 COT] 00000028 SystemOut                                                    O Setting presentation org.icpc.tools.presentation.contest.internal.scoreboard.ScoreboardPresentation to 1 clients
[18/05/22, 15:56:31:079 COT] 00000028 SystemOut                                                    O Setting property: presentation=1100|org.icpc.tools.presentation.contest.internal.scoreboard.ScoreboardPresentation
[18/05/22, 15:56:31:107 COT] 00000079 SystemOut                                                    O 78a42621 > {"type":"properties","props":{"presentation":"1100|org.icpc.tools.presentation.contest.internal.scoreboard.ScoreboardP...
[18/05/22, 15:56:31:754 COT] 00000038 SystemOut                                                    O Connection failed to http://domjudgeroca12.sa.ngrok.io/domjudge/api/contests/6/submissions/74/files, trying again
[18/05/22, 15:56:31:755 COT] 00000038 SystemErr                                                    R    java.io.FileNotFoundException: https://domjudgeroca12.sa.ngrok.io/domjudge/api/contests/6/submissions/74/files
[18/05/22, 15:56:31:755 COT] 00000038 SystemErr                                                    R    at org.icpc.tools.contest.model.feed.RESTContestSource.downloadIfNecessaryImpl(RESTContestSource.java:536)
[18/05/22, 15:56:31:755 COT] 00000038 SystemErr                                                    R    java.io.FileNotFoundException: https://domjudgeroca12.sa.ngrok.io/domjudge/api/contests/6/submissions/74/files
[18/05/22, 15:56:31:756 COT] 00000038 SystemErr                                                    R    at org.icpc.tools.contest.model.feed.RESTContestSource.downloadIfNecessaryImpl(RESTContestSource.java:520)
[18/05/22, 15:56:32:889 COT] 00000028 SystemOut                                                    O 78a42621 < {"type":"info","source":"78a42621","presentation":null,"fps":0,"image":"/9j/4AAQSkZJRgABAgAAAQABAAD/2wBDAAgGBgcGBQgHBw...
[18/05/22, 15:56:33:439 COT] 00000038 SystemOut                                                    O Connection failed to http://domjudgeroca12.sa.ngrok.io/domjudge/api/contests/6/submissions/74/files again, trying again after 500ms
[18/05/22, 15:56:33:440 COT] 00000038 SystemErr                                                    R    java.io.FileNotFoundException: https://domjudgeroca12.sa.ngrok.io/domjudge/api/contests/6/submissions/74/files
[18/05/22, 15:56:33:440 COT] 00000038 SystemErr                                                    R    at org.icpc.tools.contest.model.feed.RESTContestSource.downloadIfNecessaryImpl(RESTContestSource.java:536)
[18/05/22, 15:56:33:441 COT] 00000038 SystemErr                                                    R    java.io.FileNotFoundException: https://domjudgeroca12.sa.ngrok.io/domjudge/api/contests/6/submissions/74/files
[18/05/22, 15:56:33:441 COT] 00000038 SystemErr                                                    R    at org.icpc.tools.contest.model.feed.RESTContestSource.downloadIfNecessaryImpl(RESTContestSource.java:520)
[18/05/22, 15:56:36:929 COT] 00000025 SystemOut                                                    O 78a42621 < {"type":"info","source":"78a42621","presentation":"ScoreboardPresentation","fps":10,"image":"/9j/4AAQSkZJRgABAgAAAQABA...
[18/05/22, 15:56:37:260 COT] 00000038 SystemOut                                                    O Connection failed to http://domjudgeroca12.sa.ngrok.io/domjudge/api/contests/6/submissions/75/files, trying again
[18/05/22, 15:56:37:260 COT] 00000038 SystemErr                                                    R    java.io.FileNotFoundException: https://domjudgeroca12.sa.ngrok.io/domjudge/api/contests/6/submissions/75/files
[18/05/22, 15:56:37:261 COT] 00000038 SystemErr                                                    R    at org.icpc.tools.contest.model.feed.RESTContestSource.downloadIfNecessaryImpl(RESTContestSource.java:536)
[18/05/22, 15:56:37:263 COT] 00000038 SystemErr                                                    R    java.io.FileNotFoundException: https://domjudgeroca12.sa.ngrok.io/domjudge/api/contests/6/submissions/75/files
[18/05/22, 15:56:37:264 COT] 00000038 SystemErr                                                    R    at org.icpc.tools.contest.model.feed.RESTContestSource.downloadIfNecessaryImpl(RESTContestSource.java:520)
[18/05/22, 15:56:39:925 COT] 00000038 SystemOut                                                    O Connection failed to http://domjudgeroca12.sa.ngrok.io/domjudge/api/contests/6/submissions/75/files again, trying again after 500ms
[18/05/22, 15:56:39:925 COT] 00000038 SystemErr                                                    R    java.io.FileNotFoundException: https://domjudgeroca12.sa.ngrok.io/domjudge/api/contests/6/submissions/75/files
[18/05/22, 15:56:39:926 COT] 00000038 SystemErr                                                    R    at org.icpc.tools.contest.model.feed.RESTContestSource.downloadIfNecessaryImpl(RESTContestSource.java:536)
[18/05/22, 15:56:39:926 COT] 00000038 SystemErr                                                    R    java.io.FileNotFoundException: https://domjudgeroca12.sa.ngrok.io/domjudge/api/contests/6/submissions/75/files
[18/05/22, 15:56:39:926 COT] 00000038 SystemErr                                                    R    at org.icpc.tools.contest.model.feed.RESTContestSource.downloadIfNecessaryImpl(RESTContestSource.java:520)
[18/05/22, 15:56:40:835 COT] 00000025 SystemOut                                                    O 78a42621 < {"type":"info","source":"78a42621","presentation":"ScoreboardPresentation","fps":61,"image":"/9j/4AAQSkZJRgABAgAAAQABA...
[18/05/22, 15:56:44:847 COT] 00000028 SystemOut                                                    O 78a42621 < {"type":"info","source":"78a42621","presentation":"ScoreboardPresentation","fps":61,"image":"/9j/4AAQSkZJRgABAgAAAQABA...
[18/05/22, 15:56:48:858 COT] 00000028 SystemOut                                                    O 78a42621 < {"type":"info","source":"78a42621","presentation":"ScoreboardPresentation","fps":60,"image":"/9j/4AAQSkZJRgABAgAAAQABA...
[18/05/22, 15:56:52:874 COT] 00000026 SystemOut                                                    O 78a42621 < {"type":"info","source":"78a42621","presentation":"ScoreboardPresentation","fps":61,"image":"/9j/4AAQSkZJRgABAgAAAQABA...
[18/05/22, 15:56:56:885 COT] 00000026 SystemOut                                                    O 78a42621 < {"type":"info","source":"78a42621","presentation":"ScoreboardPresentation","fps":60,"image":"/9j/4AAQSkZJRgABAgAAAQABA...
[18/05/22, 15:57:00:907 COT] 00000022 SystemOut                                                    O 78a42621 < {"type":"info","source":"78a42621","presentation":"ScoreboardPresentation","fps":60,"image":"/9j/4AAQSkZJRgABAgAAAQABA...
[18/05/22, 15:57:04:908 COT] 00000025 SystemOut                                                    O 78a42621 < {"type":"info","source":"78a42621","presentation":"ScoreboardPresentation","fps":61,"image":"/9j/4AAQSkZJRgABAgAAAQABA...
[18/05/22, 15:57:08:921 COT] 00000028 SystemOut                                                    O 78a42621 < {"type":"info","source":"78a42621","presentation":"ScoreboardPresentation","fps":61,"image":"/9j/4AAQSkZJRgABAgAAAQABA...
[18/05/22, 15:57:12:944 COT] 00000028 SystemOut                                                    O 78a42621 < {"type":"info","source":"78a42621","presentation":"ScoreboardPresentation","fps":61,"image":"/9j/4AAQSkZJRgABAgAAAQABA...
[18/05/22, 15:57:17:208 COT] 00000025 SystemOut                                                    O 78a42621 < {"type":"info","source":"78a42621","presentation":"ScoreboardPresentation","fps":8,"image":"/9j/4AAQSkZJRgABAgAAAQABAA...
[18/05/22, 15:57:21:368 COT] 00000026 SystemOut                                                    O 78a42621 < {"type":"info","source":"78a42621","presentation":"ScoreboardPresentation","fps":9,"image":"/9j/4AAQSkZJRgABAgAAAQABAA...
[18/05/22, 15:57:22:159 COT] 00000025 SystemOut                                                    O Client disconnected: 192.168.33.70 [uid 78a42621]
[18/05/22, 15:58:45:992 COT] 00000012 com.ibm.ws.kernel.launch.internal.ServerCommandListener      A CWWKE0055I: Conclusión del servidor solicitada el miércoles, 18 de mayo de 2022 a las 3:58 p. m.. El servidor cds se está cerrando.
[18/05/22, 15:58:46:000 COT] 00000224 com.ibm.ws.runtime.update.internal.RuntimeUpdateManagerImpl  A CWWKE1100I: Esperando hasta 30 segundos para que el servidor se desactive temporalmente.
[18/05/22, 15:58:46:012 COT] 0000002a com.ibm.ws.tcpchannel.internal.TCPChannel                    I CWWKO0220I: El canal TCP defaultHttpEndpoint-ssl ha detenido la escucha de solicitudes en el host *  (IPv6) puerto 8443.
[18/05/22, 15:58:46:024 COT] 0000002a com.ibm.ws.tcpchannel.internal.TCPChannel                    I CWWKO0220I: El canal TCP defaultHttpEndpoint ha detenido la escucha de solicitudes en el host *  (IPv6) puerto 8080.
[18/05/22, 15:58:46:025 COT] 0000002a com.ibm.ws.http.internal.VirtualHostImpl                     A CWWKT0017I: Aplicación web eliminada (default_host): http://roca12red:8080/
[18/05/22, 15:58:47:029 COT] 00000224 com.ibm.ws.runtime.update.internal.RuntimeUpdateManagerImpl  I CWWKE1101I: La desactivación temporal del servidor ha finalizado.
[18/05/22, 15:58:47:078 COT] 00000029 com.ibm.ws.webcontainer.servlet                              I SRVE0253I: [CDS] [/] [org.icpc.tools.cds.service.LoginServlet]: Destrucción satisfactoria.
[18/05/22, 15:58:47:080 COT] 00000029 com.ibm.ws.webcontainer.servlet                              I SRVE0253I: [CDS] [/] [org.icpc.tools.cds.service.ErrorService]: Destrucción satisfactoria.
[18/05/22, 15:58:47:081 COT] 00000029 com.ibm.ws.webcontainer.servlet                              I SRVE0253I: [CDS] [/] [org.icpc.tools.cds.presentations.PropertyServlet]: Destrucción satisfactoria.
[18/05/22, 15:58:47:081 COT] 00000029 com.ibm.ws.webcontainer.servlet                              I SRVE0253I: [CDS] [/] [org.icpc.tools.cds.presentations.PresentationFilesServlet]: Destrucción satisfactoria.
[18/05/22, 15:58:47:082 COT] 00000029 com.ibm.ws.webcontainer.servlet                              I SRVE0253I: [CDS] [/] [org.icpc.tools.cds.service.ContestWebService]: Destrucción satisfactoria.
[18/05/22, 15:58:47:085 COT] 00000029 com.ibm.ws.webcontainer.servlet                              I SRVE0253I: [CDS] [/] [org.icpc.tools.cds.service.ContestRESTService]: Destrucción satisfactoria.
[18/05/22, 15:58:47:085 COT] 00000029 com.ibm.ws.webcontainer.servlet                              I SRVE0253I: [CDS] [/] [/WEB-INF/jsps/overview.jsp]: Destrucción satisfactoria.
[18/05/22, 15:58:47:085 COT] 00000029 com.ibm.ws.webcontainer.servlet                              I SRVE0253I: [CDS] [/] [/WEB-INF/jsps/errorPage.jsp]: Destrucción satisfactoria.
[18/05/22, 15:58:47:086 COT] 00000029 com.ibm.ws.webcontainer.servlet                              I SRVE0253I: [CDS] [/] [/WEB-INF/jsps/freeze.jsp]: Destrucción satisfactoria.
[18/05/22, 15:58:47:087 COT] 00000029 com.ibm.ws.webcontainer.servlet                              I SRVE0253I: [CDS] [/] [/WEB-INF/jsps/welcome.jsp]: Destrucción satisfactoria.
[18/05/22, 15:58:47:088 COT] 00000029 com.ibm.ws.webcontainer.servlet                              I SRVE0253I: [CDS] [/] [/WEB-INF/jsps/directory.jsp]: Destrucción satisfactoria.
[18/05/22, 15:58:47:089 COT] 00000029 com.ibm.ws.webcontainer.servlet                              I SRVE0253I: [CDS] [/] [/WEB-INF/jsps/admin.jsp]: Destrucción satisfactoria.
[18/05/22, 15:58:47:091 COT] 00000029 com.ibm.ws.webcontainer.servlet                              I SRVE0253I: [CDS] [/] [/WEB-INF/jsps/login.jsp]: Destrucción satisfactoria.
[18/05/22, 15:58:47:092 COT] 00000029 com.ibm.ws.webcontainer.servlet                              I SRVE0253I: [CDS] [/] [/WEB-INF/jsps/present.jsp]: Destrucción satisfactoria.
[18/05/22, 15:58:47:094 COT] 00000029 com.ibm.ws.webcontainer.servlet                              I SRVE0253I: [CDS] [/] [org.icpc.tools.cds.web.WelcomeServlet]: Destrucción satisfactoria.
[18/05/22, 15:58:47:102 COT] 00000029 SystemOut                                                    O Shutting down
[18/05/22, 15:58:47:102 COT] 00000029 SystemOut                                                    O Metrics for contest 6 [REST:2,Feed:1,WS:0,Web:9,Dwnld:0,Scr:0,XML:0,Desktop:0,Webcam:0,Audio:0,Total:12]
[18/05/22, 15:58:47:216 COT] 00000029 com.ibm.ws.app.manager.AppMessageHelper                      A CWWKZ0009I: La aplicación CDS se ha detenido correctamente.
[18/05/22, 15:58:47:447 COT] 00000224 com.ibm.ws.security.ready.internal.SecurityReadyServiceImpl  I CWWKS0009I: El servicio de seguridad se ha detenido.
[18/05/22, 15:58:47:481 COT] 00000224 ibm.ws.security.authentication.internal.jaas.JAASServiceImpl I CWWKS1124I: Se ha desactivado el plugin de autenticación colectiva con el nombre de clase NullCollectiveAuthenticationPlugin. 
[18/05/22, 15:58:48:071 COT] 00000001 com.ibm.ws.kernel.launch.internal.FrameworkManager           A CWWKE0036I: El servidor cds se ha detenido después de 4 minutos, 37,135 segundos.
