********************************************************************************
product = Open Liberty 21.0.0.1 (wlp-1.0.48.cl210120210113-1459)
wlp.install.dir = C:/Users/diego/Documents/DomJudge/0. CDS server/
java.home = C:\Program Files\Java\jdk-12.0.2
java.version = 12.0.2
java.runtime = Java(TM) SE Runtime Environment (12.0.2+10)
os = Windows 10 (10.0; amd64) (es_CO)
process = 8952@ROCA12ULTRA
********************************************************************************
[26/07/21, 20:06:34:691 COT] 00000001 com.ibm.ws.kernel.launch.internal.FrameworkManager           A CWWKE0001I: El servidor cds se ha lanzado.
[26/07/21, 20:06:37:363 COT] 00000016 com.ibm.ws.config.xml.internal.XMLConfigParser               A CWWKG0028A: El proceso ha incluido el recurso de configuración: C:\Users\diego\Documents\DomJudge\0. CDS server\usr\servers\cds\users.xml
[26/07/21, 20:06:37:879 COT] 00000001 com.ibm.ws.kernel.launch.internal.FrameworkManager           I CWWKE0002I: El kernel se ha iniciado después de 8,688 segundos
[26/07/21, 20:06:37:971 COT] 00000022 com.ibm.ws.kernel.feature.internal.FeatureManager            I CWWKF0007I: La actualización de características se ha iniciado.
[26/07/21, 20:06:39:011 COT] 00000015 com.ibm.ws.security.ready.internal.SecurityReadyServiceImpl  I CWWKS0007I: El servicio de seguridad se está iniciando...
[26/07/21, 20:06:39:663 COT] 00000019 com.ibm.ws.app.manager.internal.monitor.DropinMonitor        A CWWKZ0058I: Supervisando aplicaciones de dropins.
[26/07/21, 20:06:41:195 COT] 00000019 com.ibm.ws.cache.ServerCache                                 I DYNA1001I: La instancia de memoria caché dinámica de WebSphere con nombre baseCache se ha inicializado correctamente.
[26/07/21, 20:06:41:210 COT] 00000019 com.ibm.ws.cache.ServerCache                                 I DYNA1071I: Se está utilizando el proveedor de memoria caché default.
[26/07/21, 20:06:41:211 COT] 00000019 com.ibm.ws.cache.CacheServiceImpl                            I DYNA1056I: La memoria caché dinámica (memoria caché de objeto) se ha inicializado correctamente.
[26/07/21, 20:06:50:937 COT] 00000015 ibm.ws.security.authentication.internal.jaas.JAASServiceImpl I CWWKS1123I: Se ha activado el plugin de autenticación colectivo con el nombre de clase NullCollectiveAuthenticationPlugin. 
[26/07/21, 20:06:51:583 COT] 00000028 com.ibm.ws.security.ready.internal.SecurityReadyServiceImpl  I CWWKS0008I: El servicio de seguridad está listo.
[26/07/21, 20:06:51:588 COT] 00000028 com.ibm.ws.security.token.ltpa.internal.LTPAKeyCreateTask    I CWWKS4105I: La configuración de LTPA estará lista después de 0,838 segundos.
[26/07/21, 20:06:52:586 COT] 0000001e com.ibm.ws.ssl.config.WSKeyStore                             I Successfully loaded default keystore: C:/Users/diego/Documents/DomJudge/0. CDS server/usr/servers/cds/resources/security/key.jks of type: JKS
[26/07/21, 20:06:52:776 COT] 00000015 com.ibm.ws.security.jaspi.AuthConfigFactoryWrapper           I CWWKS1655I: Se está utilizando la clase AuthConfigFactory com.ibm.ws.security.jaspi.ProviderRegistry de JASPIC (Java Authentication SPI for Containers) predeterminada porque la propiedad de seguridad Java authconfigprovider.factory no está establecida. 
[26/07/21, 20:06:58:367 COT] 00000028 com.ibm.ws.app.manager.AppMessageHelper                      I CWWKZ0018I: Iniciando la aplicación CDS.
[26/07/21, 20:06:58:368 COT] 00000028 bm.ws.app.manager.war.internal.WARDeployedAppInfoFactoryImpl I CWWKZ0136I: La aplicación CDS está utilizando el archivo de archivado en la ubicación C:\Users\diego\Documents\DomJudge\0. CDS server\usr\servers\cds\apps\CDS.war.
[26/07/21, 20:07:00:526 COT] 00000028 com.ibm.ws.session.WASSessionCore                            I SESN8501I: El gestor de sesiones no ha encontrado una ubicación de almacenamiento persistente; los objetos HttpSession se almacenarán en la memoria del servidor de aplicaciones local.
[26/07/21, 20:07:00:692 COT] 00000028 org.jboss.weld.Version                                       I WELD-000900: 3.1.4 (Final)
[26/07/21, 20:07:02:250 COT] 00000028 com.ibm.ws.webcontainer.osgi.webapp.WebGroup                 I SRVE0169I: Cargando módulo web: CDS.
[26/07/21, 20:07:02:271 COT] 00000028 com.ibm.ws.webcontainer                                      I SRVE0250I: El módulo web CDS se ha enlazado con default_host.
[26/07/21, 20:07:02:272 COT] 00000028 com.ibm.ws.http.internal.VirtualHostImpl                     A CWWKT0016I: Aplicación web disponible (default_host): http://roca12ultra:8080/
[26/07/21, 20:07:02:650 COT] 00000029 com.ibm.ws.session.WASSessionCore                            I SESN0176I: Se creará un nuevo contexto de sesión para la clave de aplicación default_host/
[26/07/21, 20:07:02:668 COT] 00000029 com.ibm.ws.util                                              I SESN0172I: El gestor de sesiones está utilizando la implementación de SecureRandom Java por omisión para la generación del ID de sesión.
[26/07/21, 20:07:02:788 COT] 00000029 com.ibm.ws.cache.CacheServiceImpl                            I DYNA1056I: La memoria caché dinámica (memoria caché de objeto) se ha inicializado correctamente.
[26/07/21, 20:07:02:855 COT] 00000029 com.ibm.ws.wsoc.EndpointManager                              I CWWKH0046I: Añadiendo un ServerEndpoint de WebSocket con el siguiente URI: /presentation/ws
[26/07/21, 20:07:02:863 COT] 00000029 com.ibm.ws.wsoc.EndpointManager                              I CWWKH0046I: Añadiendo un ServerEndpoint de WebSocket con el siguiente URI: /contests/{id}/startstatus
[26/07/21, 20:07:02:994 COT] 00000029 SystemOut                                                    O --- CDS (2.3.491) ---
[26/07/21, 20:07:03:211 COT] 00000029 SystemOut                                                    O Loading CDS configuration from: C:\Users\diego\Documents\DomJudge\0. CDS server\usr\servers\cds\config\cdsConfig.xml
[26/07/21, 20:07:03:297 COT] 00000029 SystemOut                                                    O Configured contests:
[26/07/21, 20:07:03:298 COT] 00000029 SystemOut                                                    O    5 on disk at /home/myuser/contests/test - CCS configured (score@http://192.168.0.4/domjudge/api/contests/5), Not recording reactions
[26/07/21, 20:07:03:300 COT] 00000029 SystemErr                                                    R Could not read from CDS config! No contests loaded
[26/07/21, 20:07:03:392 COT] 00000029 com.ibm.ws.app.manager.AppMessageHelper                      A CWWKZ0001I: La aplicación CDS se ha iniciado en 5,026 segundos.
[26/07/21, 20:07:03:429 COT] 00000022 com.ibm.ws.tcpchannel.internal.TCPPort                       I CWWKO0219I: El canal TCP defaultHttpEndpoint se ha iniciado y ahora está a la escucha de solicitudes en el host *  (IPv6) puerto 8080.
[26/07/21, 20:07:03:432 COT] 00000022 com.ibm.ws.tcpchannel.internal.TCPPort                       I CWWKO0219I: El canal TCP defaultHttpEndpoint-ssl se ha iniciado y ahora está a la escucha de solicitudes en el host *  (IPv6) puerto 8443.
[26/07/21, 20:07:03:521 COT] 00000022 com.ibm.ws.kernel.feature.internal.FeatureManager            A CWWKF0012I: El servidor ha instalado las características siguientes: [appSecurity-3.0, cdi-2.0, distributedMap-1.0, el-3.0, jndi-1.0, jsp-2.3, servlet-4.0, ssl-1.0, websocket-1.1].
[26/07/21, 20:07:03:522 COT] 00000022 com.ibm.ws.kernel.feature.internal.FeatureManager            I CWWKF0008I: La actualización de características se ha completado en 25,659 segundos.
[26/07/21, 20:07:03:522 COT] 00000022 com.ibm.ws.kernel.feature.internal.FeatureManager            A CWWKF0011I: El servidor cds está preparado para ejecutar un planeta más inteligente. El servidor cds se ha iniciado en 34,350 segundos.
[26/07/21, 20:07:07:904 COT] 00000028 com.ibm.ws.webcontainer.osgi.mbeans.PluginGenerator          I SRVE9103I: Se ha generado automáticamente un archivo de configuración para un plug-in de servidor web para este servidor en C:\Users\diego\Documents\DomJudge\0. CDS server\usr\servers\cds\logs\state\plugin-cfg.xml.
[26/07/21, 20:07:09:348 COT] 00000012 com.ibm.ws.kernel.launch.internal.ServerCommandListener      A CWWKE0055I: Conclusión del servidor solicitada el lunes, 26 de julio de 2021 a las 8:07 p. m.. El servidor cds se está cerrando.
[26/07/21, 20:07:09:378 COT] 00000040 com.ibm.ws.runtime.update.internal.RuntimeUpdateManagerImpl  A CWWKE1100I: Esperando hasta 30 segundos para que el servidor se desactive temporalmente.
[26/07/21, 20:07:09:406 COT] 00000029 com.ibm.ws.tcpchannel.internal.TCPChannel                    I CWWKO0220I: El canal TCP defaultHttpEndpoint-ssl ha detenido la escucha de solicitudes en el host *  (IPv6) puerto 8443.
[26/07/21, 20:07:09:408 COT] 00000029 com.ibm.ws.tcpchannel.internal.TCPChannel                    I CWWKO0220I: El canal TCP defaultHttpEndpoint ha detenido la escucha de solicitudes en el host *  (IPv6) puerto 8080.
[26/07/21, 20:07:09:409 COT] 00000029 com.ibm.ws.http.internal.VirtualHostImpl                     A CWWKT0017I: Aplicación web eliminada (default_host): http://roca12ultra:8080/
[26/07/21, 20:07:10:422 COT] 00000040 com.ibm.ws.runtime.update.internal.RuntimeUpdateManagerImpl  I CWWKE1101I: La desactivación temporal del servidor ha finalizado.
[26/07/21, 20:07:10:455 COT] 00000026 SystemOut                                                    O Shutting down
[26/07/21, 20:07:10:457 COT] 00000026 SystemOut                                                    O Metrics for contest 5 [REST:0,Feed:0,WS:0,Web:0,Dwnld:0,Scr:0,XML:0,Desktop:0,Webcam:0,Audio:0,Total:0]
[26/07/21, 20:07:10:524 COT] 00000026 com.ibm.ws.app.manager.AppMessageHelper                      A CWWKZ0009I: La aplicación CDS se ha detenido correctamente.
[26/07/21, 20:07:10:731 COT] 00000040 com.ibm.ws.security.ready.internal.SecurityReadyServiceImpl  I CWWKS0009I: El servicio de seguridad se ha detenido.
[26/07/21, 20:07:10:770 COT] 00000040 ibm.ws.security.authentication.internal.jaas.JAASServiceImpl I CWWKS1124I: Se ha desactivado el plugin de autenticación colectiva con el nombre de clase NullCollectiveAuthenticationPlugin. 
[26/07/21, 20:07:11:735 COT] 00000001 com.ibm.ws.kernel.launch.internal.FrameworkManager           A CWWKE0036I: El servidor cds se ha detenido después de 42,561 segundos.
