********************************************************************************
product = Open Liberty 21.0.0.1 (wlp-1.0.48.cl210120210113-1459)
wlp.install.dir = C:/Users/diego/Documents/GitHub/DomJudgeTools/0. CDS server/
java.home = C:\Program Files\Java\jdk-11.0.11
java.version = 11.0.11
java.runtime = Java(TM) SE Runtime Environment (11.0.11+9-LTS-194)
os = Windows 10 (10.0; amd64) (es_CO)
process = 3596@roca12red
********************************************************************************
[18/05/22, 18:48:12:691 COT] 00000001 com.ibm.ws.kernel.launch.internal.FrameworkManager           A CWWKE0001I: El servidor cds se ha lanzado.
[18/05/22, 18:48:13:928 COT] 00000019 com.ibm.ws.config.xml.internal.XMLConfigParser               A CWWKG0028A: El proceso ha incluido el recurso de configuración: C:\Users\diego\Documents\GitHub\DomJudgeTools\0. CDS server\usr\servers\cds\users.xml
[18/05/22, 18:48:14:252 COT] 00000001 com.ibm.ws.kernel.launch.internal.FrameworkManager           I CWWKE0002I: El kernel se ha iniciado después de 1,883 segundos
[18/05/22, 18:48:14:283 COT] 00000022 com.ibm.ws.kernel.feature.internal.FeatureManager            I CWWKF0007I: La actualización de características se ha iniciado.
[18/05/22, 18:48:14:575 COT] 00000015 com.ibm.ws.security.ready.internal.SecurityReadyServiceImpl  I CWWKS0007I: El servicio de seguridad se está iniciando...
[18/05/22, 18:48:15:061 COT] 00000018 com.ibm.ws.app.manager.internal.monitor.DropinMonitor        A CWWKZ0058I: Supervisando aplicaciones de dropins.
[18/05/22, 18:48:15:776 COT] 00000017 com.ibm.ws.cache.ServerCache                                 I DYNA1001I: La instancia de memoria caché dinámica de WebSphere con nombre baseCache se ha inicializado correctamente.
[18/05/22, 18:48:15:784 COT] 00000017 com.ibm.ws.cache.ServerCache                                 I DYNA1071I: Se está utilizando el proveedor de memoria caché default.
[18/05/22, 18:48:15:785 COT] 00000017 com.ibm.ws.cache.CacheServiceImpl                            I DYNA1056I: La memoria caché dinámica (memoria caché de objeto) se ha inicializado correctamente.
[18/05/22, 18:48:19:161 COT] 00000015 ibm.ws.security.authentication.internal.jaas.JAASServiceImpl I CWWKS1123I: Se ha activado el plugin de autenticación colectivo con el nombre de clase NullCollectiveAuthenticationPlugin. 
[18/05/22, 18:48:19:403 COT] 00000027 com.ibm.ws.security.ready.internal.SecurityReadyServiceImpl  I CWWKS0008I: El servicio de seguridad está listo.
[18/05/22, 18:48:19:406 COT] 00000027 com.ibm.ws.security.token.ltpa.internal.LTPAKeyCreateTask    I CWWKS4105I: La configuración de LTPA estará lista después de 0,291 segundos.
[18/05/22, 18:48:19:857 COT] 0000001e com.ibm.ws.ssl.config.WSKeyStore                             I Successfully loaded default keystore: C:/Users/diego/Documents/GitHub/DomJudgeTools/0. CDS server/usr/servers/cds/resources/security/key.jks of type: JKS
[18/05/22, 18:48:19:943 COT] 00000015 com.ibm.ws.security.jaspi.AuthConfigFactoryWrapper           I CWWKS1655I: Se está utilizando la clase AuthConfigFactory com.ibm.ws.security.jaspi.ProviderRegistry de JASPIC (Java Authentication SPI for Containers) predeterminada porque la propiedad de seguridad Java authconfigprovider.factory no está establecida. 
[18/05/22, 18:48:20:413 COT] 00000023 com.ibm.ws.app.manager.AppMessageHelper                      I CWWKZ0018I: Iniciando la aplicación CDS.
[18/05/22, 18:48:20:415 COT] 00000023 bm.ws.app.manager.war.internal.WARDeployedAppInfoFactoryImpl I CWWKZ0136I: La aplicación CDS está utilizando el archivo de archivado en la ubicación C:\Users\diego\Documents\GitHub\DomJudgeTools\0. CDS server\usr\servers\cds\apps\CDS.war.
[18/05/22, 18:48:21:876 COT] 00000023 com.ibm.ws.session.WASSessionCore                            I SESN8501I: El gestor de sesiones no ha encontrado una ubicación de almacenamiento persistente; los objetos HttpSession se almacenarán en la memoria del servidor de aplicaciones local.
[18/05/22, 18:48:21:938 COT] 00000023 org.jboss.weld.Version                                       I WELD-000900: 3.1.4 (Final)
[18/05/22, 18:48:22:821 COT] 00000023 com.ibm.ws.webcontainer.osgi.webapp.WebGroup                 I SRVE0169I: Cargando módulo web: CDS.
[18/05/22, 18:48:22:830 COT] 00000023 com.ibm.ws.webcontainer                                      I SRVE0250I: El módulo web CDS se ha enlazado con default_host.
[18/05/22, 18:48:22:833 COT] 00000023 com.ibm.ws.http.internal.VirtualHostImpl                     A CWWKT0016I: Aplicación web disponible (default_host): http://roca12red:8080/
[18/05/22, 18:48:23:034 COT] 00000025 com.ibm.ws.session.WASSessionCore                            I SESN0176I: Se creará un nuevo contexto de sesión para la clave de aplicación default_host/
[18/05/22, 18:48:23:054 COT] 00000025 com.ibm.ws.util                                              I SESN0172I: El gestor de sesiones está utilizando la implementación de SecureRandom Java por omisión para la generación del ID de sesión.
[18/05/22, 18:48:23:145 COT] 00000025 com.ibm.ws.cache.CacheServiceImpl                            I DYNA1056I: La memoria caché dinámica (memoria caché de objeto) se ha inicializado correctamente.
[18/05/22, 18:48:23:181 COT] 00000025 com.ibm.ws.wsoc.EndpointManager                              I CWWKH0046I: Añadiendo un ServerEndpoint de WebSocket con el siguiente URI: /contests/{id}/startstatus
[18/05/22, 18:48:23:185 COT] 00000025 com.ibm.ws.wsoc.EndpointManager                              I CWWKH0046I: Añadiendo un ServerEndpoint de WebSocket con el siguiente URI: /presentation/ws
[18/05/22, 18:48:23:257 COT] 00000025 SystemOut                                                    O --- CDS (2.3.491) ---
[18/05/22, 18:48:23:410 COT] 00000025 SystemOut                                                    O Loading CDS configuration from: C:\Users\diego\Documents\GitHub\DomJudgeTools\0. CDS server\usr\servers\cds\config\cdsConfig.xml
[18/05/22, 18:48:23:487 COT] 00000025 SystemOut                                                    O Configured contests:
[18/05/22, 18:48:23:487 COT] 00000025 SystemOut                                                    O    6 on disk at /home/myuser/contests/test - CCS configured (score@http://domjudgeroca12.sa.ngrok.io/domjudge/api/contests/6), Not recording reactions
[18/05/22, 18:48:23:488 COT] 00000025 SystemErr                                                    R Could not read from CDS config! No contests loaded
[18/05/22, 18:48:23:492 COT] 00000025 com.ibm.ws.app.manager.AppMessageHelper                      A CWWKZ0001I: La aplicación CDS se ha iniciado en 3,079 segundos.
[18/05/22, 18:48:23:556 COT] 00000022 com.ibm.ws.tcpchannel.internal.TCPPort                       I CWWKO0219I: El canal TCP defaultHttpEndpoint se ha iniciado y ahora está a la escucha de solicitudes en el host *  (IPv6) puerto 8080.
[18/05/22, 18:48:23:561 COT] 00000022 com.ibm.ws.tcpchannel.internal.TCPPort                       I CWWKO0219I: El canal TCP defaultHttpEndpoint-ssl se ha iniciado y ahora está a la escucha de solicitudes en el host *  (IPv6) puerto 8443.
[18/05/22, 18:48:23:570 COT] 00000022 com.ibm.ws.kernel.feature.internal.FeatureManager            A CWWKF0012I: El servidor ha instalado las características siguientes: [appSecurity-3.0, cdi-2.0, distributedMap-1.0, el-3.0, jndi-1.0, jsp-2.3, servlet-4.0, ssl-1.0, websocket-1.1].
[18/05/22, 18:48:23:571 COT] 00000022 com.ibm.ws.kernel.feature.internal.FeatureManager            I CWWKF0008I: La actualización de características se ha completado en 9,320 segundos.
[18/05/22, 18:48:23:571 COT] 00000022 com.ibm.ws.kernel.feature.internal.FeatureManager            A CWWKF0011I: El servidor cds está preparado para ejecutar un planeta más inteligente. El servidor cds se ha iniciado en 11,206 segundos.
[18/05/22, 18:48:26:956 COT] 00000023 com.ibm.ws.webcontainer.osgi.mbeans.PluginGenerator          I SRVE9103I: Se ha generado automáticamente un archivo de configuración para un plug-in de servidor web para este servidor en C:\Users\diego\Documents\GitHub\DomJudgeTools\0. CDS server\usr\servers\cds\logs\state\plugin-cfg.xml.
[18/05/22, 18:48:38:491 COT] 0000003c SystemOut                                                    O ----- CDS config change detected -----
[18/05/22, 18:48:38:511 COT] 0000003c SystemOut                                                    O Configured contests:
[18/05/22, 18:48:38:512 COT] 0000003c SystemOut                                                    O    10 on disk at /home/myuser/contests/test - CCS configured (score@http://domjudgeroca12.sa.ngrok.io/domjudge/api/contests/10), Not recording reactions
[18/05/22, 18:48:38:512 COT] 0000003c SystemOut                                                    O Error reading CDS config, changes will be ignored until the file is fixed
[18/05/22, 18:48:43:492 COT] 00000037 SystemOut                                                    O ----- CDS config change detected -----
[18/05/22, 18:48:43:496 COT] 00000037 SystemOut                                                    O Configured contests:
[18/05/22, 18:48:43:496 COT] 00000037 SystemOut                                                    O    10 on disk at /home/myuser/contests/test - CCS configured (score@http://domjudgeroca12.sa.ngrok.io/domjudge/api/contests/10), Not recording reactions
[18/05/22, 18:48:43:496 COT] 00000037 SystemOut                                                    O Error reading CDS config, changes will be ignored until the file is fixed
[18/05/22, 18:48:57:216 COT] 0000002a com.ibm.ws.webcontainer.servlet                              I SRVE0242I: [CDS] [/] [org.icpc.tools.cds.web.WelcomeServlet]: Inicialización satisfactoria.
[18/05/22, 18:48:57:133 COT] 00000025 com.ibm.ws.channel.ssl.internal.SSLHandshakeErrorTracker     E CWWKO0801E: No se ha podido inicializar la conexión SSL. Se ha denegado el acceso no autorizado o los valores de seguridad han caducado. La excepción es javax.net.ssl.SSLHandshakeException: Received fatal alert: certificate_unknown
	at java.base/sun.security.ssl.Alert.createSSLException(Alert.java:131)
	at java.base/sun.security.ssl.Alert.createSSLException(Alert.java:117)
	at java.base/sun.security.ssl.TransportContext.fatal(TransportContext.java:356)
	at java.base/sun.security.ssl.Alert$AlertConsumer.consume(Alert.java:293)
	at java.base/sun.security.ssl.TransportContext.dispatch(TransportContext.java:202)
	at java.base/sun.security.ssl.SSLTransport.decode(SSLTransport.java:171)
	at java.base/sun.security.ssl.SSLEngineImpl.decode(SSLEngineImpl.java:688)
	at java.base/sun.security.ssl.SSLEngineImpl.readRecord(SSLEngineImpl.java:643)
	at java.base/sun.security.ssl.SSLEngineImpl.unwrap(SSLEngineImpl.java:461)
	at java.base/sun.security.ssl.SSLEngineImpl.unwrap(SSLEngineImpl.java:440)
	at java.base/javax.net.ssl.SSLEngine.unwrap(SSLEngine.java:637)
	at com.ibm.ws.channel.ssl.internal.SSLUtils.handleHandshake(SSLUtils.java:904)
	at com.ibm.ws.channel.ssl.internal.SSLConnectionLink.readyInbound(SSLConnectionLink.java:589)
	at com.ibm.ws.channel.ssl.internal.SSLConnectionLink.ready(SSLConnectionLink.java:336)
	at com.ibm.ws.tcpchannel.internal.NewConnectionInitialReadCallback.sendToDiscriminators(NewConnectionInitialReadCallback.java:167)
	at com.ibm.ws.tcpchannel.internal.NewConnectionInitialReadCallback.complete(NewConnectionInitialReadCallback.java:75)
	at com.ibm.ws.tcpchannel.internal.WorkQueueManager.requestComplete(WorkQueueManager.java:504)
	at com.ibm.ws.tcpchannel.internal.WorkQueueManager.attemptIO(WorkQueueManager.java:574)
	at com.ibm.ws.tcpchannel.internal.WorkQueueManager.workerRun(WorkQueueManager.java:958)
	at com.ibm.ws.tcpchannel.internal.WorkQueueManager$Worker.run(WorkQueueManager.java:1047)
	at com.ibm.ws.threading.internal.ExecutorServiceImpl$RunnableWrapper.run(ExecutorServiceImpl.java:239)
	at java.base/java.util.concurrent.ThreadPoolExecutor.runWorker(ThreadPoolExecutor.java:1128)
	at java.base/java.util.concurrent.ThreadPoolExecutor$Worker.run(ThreadPoolExecutor.java:628)
	at java.base/java.lang.Thread.run(Thread.java:834)
.
[18/05/22, 18:48:57:485 COT] 0000002a com.ibm.ws.webcontainer.servlet                              I SRVE0242I: [CDS] [/] [/WEB-INF/jsps/welcome.jsp]: Inicialización satisfactoria.
[18/05/22, 18:48:57:844 COT] 00000066 SystemOut                                                    O Loading contest from RESTContestSource[score|score@http://domjudgeroca12.sa.ngrok.io/domjudge/api/contests/10]
[18/05/22, 18:48:57:850 COT] 00000066 SystemOut                                                    O Importing contest info
[18/05/22, 18:48:57:875 COT] 00000066 SystemOut                                                    O Contest config file (contest.yaml) not found
[18/05/22, 18:48:57:877 COT] 00000066 SystemOut                                                    O Importing problem set
[18/05/22, 18:48:57:877 COT] 00000066 SystemOut                                                    O Problem config file (problemset.yaml) not found
[18/05/22, 18:48:57:877 COT] 00000066 SystemOut                                                    O Importing groups
[18/05/22, 18:48:57:878 COT] 00000066 SystemOut                                                    O Group config file (groups.json/groups.tsv) not found
[18/05/22, 18:48:57:878 COT] 00000066 SystemOut                                                    O Importing organizations
[18/05/22, 18:48:57:879 COT] 00000066 SystemOut                                                    O Institutions config file (institutions.json/institutions2.tsv/institutions.tsv) not found
[18/05/22, 18:48:57:879 COT] 00000066 SystemOut                                                    O Importing teams
[18/05/22, 18:48:57:883 COT] 00000066 SystemOut                                                    O Team config file (teams.json/teams2.tsv/teams.tsv) not found
[18/05/22, 18:48:57:883 COT] 00000066 SystemOut                                                    O Importing team-members
[18/05/22, 18:48:57:883 COT] 00000066 SystemOut                                                    O Team member config file (members.json/members.tsv) not found
[18/05/22, 18:48:57:883 COT] 00000066 SystemOut                                                    O Importing contest floor map
[18/05/22, 18:48:57:887 COT] 00000066 SystemOut                                                    O Reading contest: 10
[18/05/22, 18:48:58:836 COT] 00000066 SystemOut                                                    O Reading feed cache
[18/05/22, 18:48:58:837 COT] 00000066 SystemOut                                                    O Done reading feed cache
[18/05/22, 18:48:58:852 COT] 00000066 SystemOut                                                    O Unknown property ignored: contests/end_time
[18/05/22, 18:48:58:854 COT] 00000066 SystemOut                                                    O Unknown property ignored: contests/external_id
[18/05/22, 18:48:58:854 COT] 00000066 SystemOut                                                    O Unknown property ignored: contests/shortname
[18/05/22, 18:48:58:894 COT] 00000066 SystemOut                                                    O Unknown property ignored: languages/extensions
[18/05/22, 18:48:58:896 COT] 00000066 SystemOut                                                    O Unknown property ignored: languages/filter_compiler_files
[18/05/22, 18:48:58:898 COT] 00000066 SystemOut                                                    O Unknown property ignored: languages/allow_judge
[18/05/22, 18:48:58:899 COT] 00000066 SystemOut                                                    O Unknown property ignored: languages/time_factor
[18/05/22, 18:48:58:899 COT] 00000066 SystemOut                                                    O Unknown property ignored: languages/require_entry_point
[18/05/22, 18:48:58:899 COT] 00000066 SystemOut                                                    O Unknown property ignored: languages/entry_point_description
[18/05/22, 18:48:58:915 COT] 00000066 SystemOut                                                    O Unknown property ignored: problems/short_name
[18/05/22, 18:48:58:918 COT] 00000066 SystemOut                                                    O Unknown property ignored: problems/externalid
[18/05/22, 18:48:58:929 COT] 00000066 SystemOut                                                    O Unknown property ignored: groups/sortorder
[18/05/22, 18:48:58:929 COT] 00000066 SystemOut                                                    O Unknown property ignored: groups/color
[18/05/22, 18:48:58:931 COT] 00000066 SystemOut                                                    O Unknown property ignored: organizations/shortname
[18/05/22, 18:48:58:982 COT] 00000066 SystemOut                                                    O Unknown property ignored: teams/affiliation
[18/05/22, 18:48:58:982 COT] 00000066 SystemOut                                                    O Unknown property ignored: teams/nationality
[18/05/22, 18:48:58:982 COT] 00000066 SystemOut                                                    O Unknown property ignored: teams/members
[18/05/22, 18:49:57:868 COT] 00000027 com.ibm.ws.webcontainer.servlet                              I SRVE0242I: [CDS] [/] [org.icpc.tools.cds.service.LoginServlet]: Inicialización satisfactoria.
[18/05/22, 18:49:57:886 COT] 00000027 com.ibm.ws.webcontainer.servlet                              I SRVE0242I: [CDS] [/] [/WEB-INF/jsps/login.jsp]: Inicialización satisfactoria.
[18/05/22, 18:50:08:508 COT] 000000d4 com.ibm.ws.channel.ssl.internal.SSLHandshakeErrorTracker     E CWWKO0801E: No se ha podido inicializar la conexión SSL. Se ha denegado el acceso no autorizado o los valores de seguridad han caducado. La excepción es javax.net.ssl.SSLHandshakeException: Received fatal alert: certificate_unknown
	at java.base/sun.security.ssl.Alert.createSSLException(Alert.java:131)
	at java.base/sun.security.ssl.Alert.createSSLException(Alert.java:117)
	at java.base/sun.security.ssl.TransportContext.fatal(TransportContext.java:356)
	at java.base/sun.security.ssl.Alert$AlertConsumer.consume(Alert.java:293)
	at java.base/sun.security.ssl.TransportContext.dispatch(TransportContext.java:202)
	at java.base/sun.security.ssl.SSLTransport.decode(SSLTransport.java:171)
	at java.base/sun.security.ssl.SSLEngineImpl.decode(SSLEngineImpl.java:688)
	at java.base/sun.security.ssl.SSLEngineImpl.readRecord(SSLEngineImpl.java:643)
	at java.base/sun.security.ssl.SSLEngineImpl.unwrap(SSLEngineImpl.java:461)
	at java.base/sun.security.ssl.SSLEngineImpl.unwrap(SSLEngineImpl.java:440)
	at java.base/javax.net.ssl.SSLEngine.unwrap(SSLEngine.java:637)
	at com.ibm.ws.channel.ssl.internal.SSLUtils.handleHandshake(SSLUtils.java:904)
	at com.ibm.ws.channel.ssl.internal.SSLConnectionLink.readyInbound(SSLConnectionLink.java:589)
	at com.ibm.ws.channel.ssl.internal.SSLConnectionLink.ready(SSLConnectionLink.java:336)
	at com.ibm.ws.tcpchannel.internal.NewConnectionInitialReadCallback.sendToDiscriminators(NewConnectionInitialReadCallback.java:167)
	at com.ibm.ws.tcpchannel.internal.NewConnectionInitialReadCallback.complete(NewConnectionInitialReadCallback.java:75)
	at com.ibm.ws.tcpchannel.internal.WorkQueueManager.requestComplete(WorkQueueManager.java:504)
	at com.ibm.ws.tcpchannel.internal.WorkQueueManager.attemptIO(WorkQueueManager.java:574)
	at com.ibm.ws.tcpchannel.internal.WorkQueueManager.workerRun(WorkQueueManager.java:958)
	at com.ibm.ws.tcpchannel.internal.WorkQueueManager$Worker.run(WorkQueueManager.java:1047)
	at com.ibm.ws.threading.internal.ExecutorServiceImpl$RunnableWrapper.run(ExecutorServiceImpl.java:239)
	at java.base/java.util.concurrent.ThreadPoolExecutor.runWorker(ThreadPoolExecutor.java:1128)
	at java.base/java.util.concurrent.ThreadPoolExecutor$Worker.run(ThreadPoolExecutor.java:628)
	at java.base/java.lang.Thread.run(Thread.java:834)
.
[18/05/22, 18:50:08:592 COT] 00000024 com.ibm.ws.webcontainer.servlet                              I SRVE0242I: [CDS] [/] [org.icpc.tools.cds.presentations.PropertyServlet]: Inicialización satisfactoria.
[18/05/22, 18:50:08:605 COT] 00000024 com.ibm.ws.webcontainer.servlet                              I SRVE0242I: [CDS] [/] [/WEB-INF/jsps/present.jsp]: Inicialización satisfactoria.
[18/05/22, 19:24:41:889 COT] 00000012 com.ibm.ws.kernel.launch.internal.ServerCommandListener      A CWWKE0055I: Conclusión del servidor solicitada el miércoles, 18 de mayo de 2022 a las 7:24 p. m.. El servidor cds se está cerrando.
[18/05/22, 19:24:41:895 COT] 000001d6 com.ibm.ws.runtime.update.internal.RuntimeUpdateManagerImpl  A CWWKE1100I: Esperando hasta 30 segundos para que el servidor se desactive temporalmente.
[18/05/22, 19:24:41:905 COT] 000001d0 com.ibm.ws.tcpchannel.internal.TCPChannel                    I CWWKO0220I: El canal TCP defaultHttpEndpoint-ssl ha detenido la escucha de solicitudes en el host *  (IPv6) puerto 8443.
[18/05/22, 19:24:41:908 COT] 000001d0 com.ibm.ws.tcpchannel.internal.TCPChannel                    I CWWKO0220I: El canal TCP defaultHttpEndpoint ha detenido la escucha de solicitudes en el host *  (IPv6) puerto 8080.
[18/05/22, 19:24:41:912 COT] 000001d0 com.ibm.ws.http.internal.VirtualHostImpl                     A CWWKT0017I: Aplicación web eliminada (default_host): http://roca12red:8080/
[18/05/22, 19:24:42:914 COT] 000001d6 com.ibm.ws.runtime.update.internal.RuntimeUpdateManagerImpl  I CWWKE1101I: La desactivación temporal del servidor ha finalizado.
[18/05/22, 19:24:42:943 COT] 00000029 com.ibm.ws.webcontainer.servlet                              I SRVE0253I: [CDS] [/] [org.icpc.tools.cds.service.LoginServlet]: Destrucción satisfactoria.
[18/05/22, 19:24:42:944 COT] 00000029 com.ibm.ws.webcontainer.servlet                              I SRVE0253I: [CDS] [/] [org.icpc.tools.cds.presentations.PropertyServlet]: Destrucción satisfactoria.
[18/05/22, 19:24:42:946 COT] 00000029 com.ibm.ws.webcontainer.servlet                              I SRVE0253I: [CDS] [/] [/WEB-INF/jsps/welcome.jsp]: Destrucción satisfactoria.
[18/05/22, 19:24:42:946 COT] 00000029 com.ibm.ws.webcontainer.servlet                              I SRVE0253I: [CDS] [/] [/WEB-INF/jsps/login.jsp]: Destrucción satisfactoria.
[18/05/22, 19:24:42:947 COT] 00000029 com.ibm.ws.webcontainer.servlet                              I SRVE0253I: [CDS] [/] [/WEB-INF/jsps/present.jsp]: Destrucción satisfactoria.
[18/05/22, 19:24:42:947 COT] 00000029 com.ibm.ws.webcontainer.servlet                              I SRVE0253I: [CDS] [/] [org.icpc.tools.cds.web.WelcomeServlet]: Destrucción satisfactoria.
[18/05/22, 19:24:42:949 COT] 00000029 SystemOut                                                    O Shutting down
[18/05/22, 19:24:42:949 COT] 00000029 SystemOut                                                    O Metrics for contest 10 [REST:0,Feed:0,WS:0,Web:0,Dwnld:0,Scr:0,XML:0,Desktop:0,Webcam:0,Audio:0,Total:0]
[18/05/22, 19:24:43:008 COT] 00000029 com.ibm.ws.app.manager.AppMessageHelper                      A CWWKZ0009I: La aplicación CDS se ha detenido correctamente.
[18/05/22, 19:24:43:163 COT] 000001d6 com.ibm.ws.security.ready.internal.SecurityReadyServiceImpl  I CWWKS0009I: El servicio de seguridad se ha detenido.
[18/05/22, 19:24:43:182 COT] 000001d6 ibm.ws.security.authentication.internal.jaas.JAASServiceImpl I CWWKS1124I: Se ha desactivado el plugin de autenticación colectiva con el nombre de clase NullCollectiveAuthenticationPlugin. 
[18/05/22, 19:24:43:582 COT] 00000001 com.ibm.ws.kernel.launch.internal.FrameworkManager           A CWWKE0036I: El servidor cds se ha detenido después de 36 minutos, 31,216 segundos.
