********************************************************************************
product = Open Liberty 21.0.0.1 (wlp-1.0.48.cl210120210113-1459)
wlp.install.dir = C:/Users/diego/Documents/DomJudge/0. CDS server/
java.home = C:\Program Files\Java\jdk-12.0.2
java.version = 12.0.2
java.runtime = Java(TM) SE Runtime Environment (12.0.2+10)
os = Windows 10 (10.0; amd64) (es_CO)
process = 1092@ROCA12ULTRA
********************************************************************************
[9/07/21, 13:13:02:267 COT] 00000001 com.ibm.ws.kernel.launch.internal.FrameworkManager           A CWWKE0001I: El servidor cds se ha lanzado.
[9/07/21, 13:13:05:045 COT] 00000017 com.ibm.ws.config.xml.internal.XMLConfigParser               A CWWKG0028A: El proceso ha incluido el recurso de configuración: C:\Users\diego\Documents\DomJudge\0. CDS server\usr\servers\cds\users.xml
[9/07/21, 13:13:05:627 COT] 00000001 com.ibm.ws.kernel.launch.internal.FrameworkManager           I CWWKE0002I: El kernel se ha iniciado después de 8,347 segundos
[9/07/21, 13:13:06:130 COT] 00000022 com.ibm.ws.kernel.feature.internal.FeatureManager            I CWWKF0007I: La actualización de características se ha iniciado.
[9/07/21, 13:13:09:070 COT] 00000016 com.ibm.ws.security.ready.internal.SecurityReadyServiceImpl  I CWWKS0007I: El servicio de seguridad se está iniciando...
[9/07/21, 13:13:09:637 COT] 00000018 com.ibm.ws.app.manager.internal.monitor.DropinMonitor        A CWWKZ0058I: Supervisando aplicaciones de dropins.
[9/07/21, 13:13:11:154 COT] 00000017 com.ibm.ws.cache.ServerCache                                 I DYNA1001I: La instancia de memoria caché dinámica de WebSphere con nombre baseCache se ha inicializado correctamente.
[9/07/21, 13:13:11:160 COT] 00000017 com.ibm.ws.cache.ServerCache                                 I DYNA1071I: Se está utilizando el proveedor de memoria caché default.
[9/07/21, 13:13:11:161 COT] 00000017 com.ibm.ws.cache.CacheServiceImpl                            I DYNA1056I: La memoria caché dinámica (memoria caché de objeto) se ha inicializado correctamente.
[9/07/21, 13:13:15:982 COT] 00000016 ibm.ws.security.authentication.internal.jaas.JAASServiceImpl I CWWKS1123I: Se ha activado el plugin de autenticación colectivo con el nombre de clase NullCollectiveAuthenticationPlugin. 
[9/07/21, 13:13:16:174 COT] 00000023 com.ibm.ws.security.ready.internal.SecurityReadyServiceImpl  I CWWKS0008I: El servicio de seguridad está listo.
[9/07/21, 13:13:16:176 COT] 00000023 com.ibm.ws.security.token.ltpa.internal.LTPAKeyCreateTask    I CWWKS4105I: La configuración de LTPA estará lista después de 0,235 segundos.
[9/07/21, 13:13:16:493 COT] 0000001e com.ibm.ws.ssl.config.WSKeyStore                             I Successfully loaded default keystore: C:/Users/diego/Documents/DomJudge/0. CDS server/usr/servers/cds/resources/security/key.jks of type: JKS
[9/07/21, 13:13:16:509 COT] 00000016 com.ibm.ws.security.jaspi.AuthConfigFactoryWrapper           I CWWKS1655I: Se está utilizando la clase AuthConfigFactory com.ibm.ws.security.jaspi.ProviderRegistry de JASPIC (Java Authentication SPI for Containers) predeterminada porque la propiedad de seguridad Java authconfigprovider.factory no está establecida. 
[9/07/21, 13:13:21:480 COT] 00000026 com.ibm.ws.app.manager.AppMessageHelper                      I CWWKZ0018I: Iniciando la aplicación CDS.
[9/07/21, 13:13:21:482 COT] 00000026 bm.ws.app.manager.war.internal.WARDeployedAppInfoFactoryImpl I CWWKZ0136I: La aplicación CDS está utilizando el archivo de archivado en la ubicación C:\Users\diego\Documents\DomJudge\0. CDS server\usr\servers\cds\apps\CDS.war.
[9/07/21, 13:13:22:810 COT] 00000026 com.ibm.ws.session.WASSessionCore                            I SESN8501I: El gestor de sesiones no ha encontrado una ubicación de almacenamiento persistente; los objetos HttpSession se almacenarán en la memoria del servidor de aplicaciones local.
[9/07/21, 13:13:22:896 COT] 00000026 org.jboss.weld.Version                                       I WELD-000900: 3.1.4 (Final)
[9/07/21, 13:13:23:869 COT] 00000026 com.ibm.ws.webcontainer.osgi.webapp.WebGroup                 I SRVE0169I: Cargando módulo web: CDS.
[9/07/21, 13:13:23:877 COT] 00000026 com.ibm.ws.webcontainer                                      I SRVE0250I: El módulo web CDS se ha enlazado con default_host.
[9/07/21, 13:13:23:879 COT] 00000026 com.ibm.ws.http.internal.VirtualHostImpl                     A CWWKT0016I: Aplicación web disponible (default_host): http://roca12ultra:8080/
[9/07/21, 13:13:24:083 COT] 00000028 com.ibm.ws.session.WASSessionCore                            I SESN0176I: Se creará un nuevo contexto de sesión para la clave de aplicación default_host/
[9/07/21, 13:13:24:104 COT] 00000028 com.ibm.ws.util                                              I SESN0172I: El gestor de sesiones está utilizando la implementación de SecureRandom Java por omisión para la generación del ID de sesión.
[9/07/21, 13:13:24:193 COT] 00000028 com.ibm.ws.cache.CacheServiceImpl                            I DYNA1056I: La memoria caché dinámica (memoria caché de objeto) se ha inicializado correctamente.
[9/07/21, 13:13:24:233 COT] 00000028 com.ibm.ws.wsoc.EndpointManager                              I CWWKH0046I: Añadiendo un ServerEndpoint de WebSocket con el siguiente URI: /presentation/ws
[9/07/21, 13:13:24:238 COT] 00000028 com.ibm.ws.wsoc.EndpointManager                              I CWWKH0046I: Añadiendo un ServerEndpoint de WebSocket con el siguiente URI: /contests/{id}/startstatus
[9/07/21, 13:13:24:288 COT] 00000028 SystemOut                                                    O --- CDS (2.3.491) ---
[9/07/21, 13:13:24:407 COT] 00000028 SystemOut                                                    O Loading CDS configuration from: C:\Users\diego\Documents\DomJudge\0. CDS server\usr\servers\cds\config\cdsConfig.xml
[9/07/21, 13:13:24:459 COT] 00000028 SystemOut                                                    O Configured contests:
[9/07/21, 13:13:24:459 COT] 00000028 SystemOut                                                    O    5 on disk at /home/myuser/contests/test - CCS configured (score@http://192.168.0.4/domjudge/api/contests/5), Not recording reactions
[9/07/21, 13:13:24:461 COT] 00000028 SystemErr                                                    R Could not read from CDS config! No contests loaded
[9/07/21, 13:13:24:465 COT] 00000028 com.ibm.ws.app.manager.AppMessageHelper                      A CWWKZ0001I: La aplicación CDS se ha iniciado en 2,985 segundos.
[9/07/21, 13:13:24:517 COT] 00000022 com.ibm.ws.tcpchannel.internal.TCPPort                       I CWWKO0219I: El canal TCP defaultHttpEndpoint se ha iniciado y ahora está a la escucha de solicitudes en el host *  (IPv6) puerto 8080.
[9/07/21, 13:13:24:524 COT] 00000022 com.ibm.ws.tcpchannel.internal.TCPPort                       I CWWKO0219I: El canal TCP defaultHttpEndpoint-ssl se ha iniciado y ahora está a la escucha de solicitudes en el host *  (IPv6) puerto 8443.
[9/07/21, 13:13:24:593 COT] 00000022 com.ibm.ws.kernel.feature.internal.FeatureManager            A CWWKF0012I: El servidor ha instalado las características siguientes: [appSecurity-3.0, cdi-2.0, distributedMap-1.0, el-3.0, jndi-1.0, jsp-2.3, servlet-4.0, ssl-1.0, websocket-1.1].
[9/07/21, 13:13:24:594 COT] 00000022 com.ibm.ws.kernel.feature.internal.FeatureManager            I CWWKF0008I: La actualización de características se ha completado en 18,965 segundos.
[9/07/21, 13:13:24:594 COT] 00000022 com.ibm.ws.kernel.feature.internal.FeatureManager            A CWWKF0011I: El servidor cds está preparado para ejecutar un planeta más inteligente. El servidor cds se ha iniciado en 27,319 segundos.
[9/07/21, 13:13:31:084 COT] 00000026 com.ibm.ws.webcontainer.osgi.mbeans.PluginGenerator          I SRVE9103I: Se ha generado automáticamente un archivo de configuración para un plug-in de servidor web para este servidor en C:\Users\diego\Documents\DomJudge\0. CDS server\usr\servers\cds\logs\state\plugin-cfg.xml.
[9/07/21, 13:14:21:438 COT] 00000012 com.ibm.ws.kernel.launch.internal.ServerCommandListener      A CWWKE0055I: Conclusión del servidor solicitada el viernes, 9 de julio de 2021 a las 1:14 p. m.. El servidor cds se está cerrando.
[9/07/21, 13:14:21:441 COT] 0000008b com.ibm.ws.runtime.update.internal.RuntimeUpdateManagerImpl  A CWWKE1100I: Esperando hasta 30 segundos para que el servidor se desactive temporalmente.
[9/07/21, 13:14:21:450 COT] 00000026 com.ibm.ws.tcpchannel.internal.TCPChannel                    I CWWKO0220I: El canal TCP defaultHttpEndpoint-ssl ha detenido la escucha de solicitudes en el host *  (IPv6) puerto 8443.
[9/07/21, 13:14:21:451 COT] 00000026 com.ibm.ws.tcpchannel.internal.TCPChannel                    I CWWKO0220I: El canal TCP defaultHttpEndpoint ha detenido la escucha de solicitudes en el host *  (IPv6) puerto 8080.
[9/07/21, 13:14:21:452 COT] 00000026 com.ibm.ws.http.internal.VirtualHostImpl                     A CWWKT0017I: Aplicación web eliminada (default_host): http://roca12ultra:8080/
[9/07/21, 13:14:22:453 COT] 0000008b com.ibm.ws.runtime.update.internal.RuntimeUpdateManagerImpl  I CWWKE1101I: La desactivación temporal del servidor ha finalizado.
[9/07/21, 13:14:22:478 COT] 00000028 SystemOut                                                    O Shutting down
[9/07/21, 13:14:22:479 COT] 00000028 SystemOut                                                    O Metrics for contest 5 [REST:0,Feed:0,WS:0,Web:0,Dwnld:0,Scr:0,XML:0,Desktop:0,Webcam:0,Audio:0,Total:0]
[9/07/21, 13:14:22:509 COT] 00000028 com.ibm.ws.app.manager.AppMessageHelper                      A CWWKZ0009I: La aplicación CDS se ha detenido correctamente.
[9/07/21, 13:14:22:652 COT] 0000008b com.ibm.ws.security.ready.internal.SecurityReadyServiceImpl  I CWWKS0009I: El servicio de seguridad se ha detenido.
[9/07/21, 13:14:22:671 COT] 0000008b ibm.ws.security.authentication.internal.jaas.JAASServiceImpl I CWWKS1124I: Se ha desactivado el plugin de autenticación colectiva con el nombre de clase NullCollectiveAuthenticationPlugin. 
[9/07/21, 13:14:23:199 COT] 00000001 com.ibm.ws.kernel.launch.internal.FrameworkManager           A CWWKE0036I: El servidor cds se ha detenido después de 1 minutos, 25,924 segundos.
