********************************************************************************
product = Open Liberty 21.0.0.1 (wlp-1.0.48.cl210120210113-1459)
wlp.install.dir = C:/Users/diego/Documents/DomJudge/0. CDS server/
java.home = C:\Program Files\Java\jdk-11.0.11
java.version = 11.0.11
java.runtime = Java(TM) SE Runtime Environment (11.0.11+9-LTS-194)
os = Windows 10 (10.0; amd64) (es_CO)
process = 11432@ROCA12ULTRA
********************************************************************************
[14/12/21, 13:05:37:789 COT] 00000001 com.ibm.ws.kernel.launch.internal.FrameworkManager           A CWWKE0001I: El servidor cds se ha lanzado.
[14/12/21, 13:05:45:614 COT] 00000018 com.ibm.ws.config.xml.internal.XMLConfigParser               A CWWKG0028A: El proceso ha incluido el recurso de configuración: C:\Users\diego\Documents\DomJudge\0. CDS server\usr\servers\cds\users.xml
[14/12/21, 13:05:46:058 COT] 00000001 com.ibm.ws.kernel.launch.internal.FrameworkManager           I CWWKE0002I: El kernel se ha iniciado después de 13,257 segundos
[14/12/21, 13:05:46:149 COT] 00000023 com.ibm.ws.kernel.feature.internal.FeatureManager            I CWWKF0007I: La actualización de características se ha iniciado.
[14/12/21, 13:05:47:219 COT] 00000016 com.ibm.ws.security.ready.internal.SecurityReadyServiceImpl  I CWWKS0007I: El servicio de seguridad se está iniciando...
[14/12/21, 13:05:47:754 COT] 00000019 com.ibm.ws.app.manager.internal.monitor.DropinMonitor        A CWWKZ0058I: Supervisando aplicaciones de dropins.
[14/12/21, 13:05:48:969 COT] 00000018 com.ibm.ws.cache.ServerCache                                 I DYNA1001I: La instancia de memoria caché dinámica de WebSphere con nombre baseCache se ha inicializado correctamente.
[14/12/21, 13:05:48:979 COT] 00000018 com.ibm.ws.cache.ServerCache                                 I DYNA1071I: Se está utilizando el proveedor de memoria caché default.
[14/12/21, 13:05:48:981 COT] 00000018 com.ibm.ws.cache.CacheServiceImpl                            I DYNA1056I: La memoria caché dinámica (memoria caché de objeto) se ha inicializado correctamente.
[14/12/21, 13:06:05:180 COT] 00000016 ibm.ws.security.authentication.internal.jaas.JAASServiceImpl I CWWKS1123I: Se ha activado el plugin de autenticación colectivo con el nombre de clase NullCollectiveAuthenticationPlugin. 
[14/12/21, 13:06:05:336 COT] 00000028 com.ibm.ws.security.ready.internal.SecurityReadyServiceImpl  I CWWKS0008I: El servicio de seguridad está listo.
[14/12/21, 13:06:05:337 COT] 00000028 com.ibm.ws.security.token.ltpa.internal.LTPAKeyCreateTask    I CWWKS4105I: La configuración de LTPA estará lista después de 0,265 segundos.
[14/12/21, 13:06:05:790 COT] 00000016 com.ibm.ws.security.jaspi.AuthConfigFactoryWrapper           I CWWKS1655I: Se está utilizando la clase AuthConfigFactory com.ibm.ws.security.jaspi.ProviderRegistry de JASPIC (Java Authentication SPI for Containers) predeterminada porque la propiedad de seguridad Java authconfigprovider.factory no está establecida. 
[14/12/21, 13:06:05:781 COT] 0000001f com.ibm.ws.ssl.config.WSKeyStore                             I Successfully loaded default keystore: C:/Users/diego/Documents/DomJudge/0. CDS server/usr/servers/cds/resources/security/key.jks of type: JKS
[14/12/21, 13:06:16:195 COT] 00000026 com.ibm.ws.app.manager.AppMessageHelper                      I CWWKZ0018I: Iniciando la aplicación CDS.
[14/12/21, 13:06:16:197 COT] 00000026 bm.ws.app.manager.war.internal.WARDeployedAppInfoFactoryImpl I CWWKZ0136I: La aplicación CDS está utilizando el archivo de archivado en la ubicación C:\Users\diego\Documents\DomJudge\0. CDS server\usr\servers\cds\apps\CDS.war.
[14/12/21, 13:06:17:644 COT] 00000026 com.ibm.ws.session.WASSessionCore                            I SESN8501I: El gestor de sesiones no ha encontrado una ubicación de almacenamiento persistente; los objetos HttpSession se almacenarán en la memoria del servidor de aplicaciones local.
[14/12/21, 13:06:17:717 COT] 00000026 org.jboss.weld.Version                                       I WELD-000900: 3.1.4 (Final)
[14/12/21, 13:06:18:724 COT] 00000026 com.ibm.ws.webcontainer.osgi.webapp.WebGroup                 I SRVE0169I: Cargando módulo web: CDS.
[14/12/21, 13:06:18:728 COT] 00000026 com.ibm.ws.webcontainer                                      I SRVE0250I: El módulo web CDS se ha enlazado con default_host.
[14/12/21, 13:06:18:731 COT] 00000026 com.ibm.ws.http.internal.VirtualHostImpl                     A CWWKT0016I: Aplicación web disponible (default_host): http://roca12ultra:8080/
[14/12/21, 13:06:18:934 COT] 00000027 com.ibm.ws.session.WASSessionCore                            I SESN0176I: Se creará un nuevo contexto de sesión para la clave de aplicación default_host/
[14/12/21, 13:06:18:949 COT] 00000027 com.ibm.ws.util                                              I SESN0172I: El gestor de sesiones está utilizando la implementación de SecureRandom Java por omisión para la generación del ID de sesión.
[14/12/21, 13:06:19:021 COT] 00000027 com.ibm.ws.cache.CacheServiceImpl                            I DYNA1056I: La memoria caché dinámica (memoria caché de objeto) se ha inicializado correctamente.
[14/12/21, 13:06:19:067 COT] 00000027 com.ibm.ws.wsoc.EndpointManager                              I CWWKH0046I: Añadiendo un ServerEndpoint de WebSocket con el siguiente URI: /contests/{id}/startstatus
[14/12/21, 13:06:19:074 COT] 00000027 com.ibm.ws.wsoc.EndpointManager                              I CWWKH0046I: Añadiendo un ServerEndpoint de WebSocket con el siguiente URI: /presentation/ws
[14/12/21, 13:06:19:150 COT] 00000027 SystemOut                                                    O --- CDS (2.3.491) ---
[14/12/21, 13:06:19:337 COT] 00000027 SystemOut                                                    O Loading CDS configuration from: C:\Users\diego\Documents\DomJudge\0. CDS server\usr\servers\cds\config\cdsConfig.xml
[14/12/21, 13:06:19:442 COT] 00000027 SystemOut                                                    O Configured contests:
[14/12/21, 13:06:19:443 COT] 00000027 SystemOut                                                    O    5 on disk at /home/myuser/contests/test - CCS configured (score@http://192.168.0.5/domjudge/api/contests/5), Not recording reactions
[14/12/21, 13:06:19:445 COT] 00000027 SystemErr                                                    R Could not read from CDS config! No contests loaded
[14/12/21, 13:06:19:450 COT] 00000027 com.ibm.ws.app.manager.AppMessageHelper                      A CWWKZ0001I: La aplicación CDS se ha iniciado en 3,255 segundos.
[14/12/21, 13:06:19:527 COT] 00000023 com.ibm.ws.tcpchannel.internal.TCPPort                       I CWWKO0219I: El canal TCP defaultHttpEndpoint se ha iniciado y ahora está a la escucha de solicitudes en el host *  (IPv6) puerto 8080.
[14/12/21, 13:06:19:531 COT] 00000023 com.ibm.ws.tcpchannel.internal.TCPPort                       I CWWKO0219I: El canal TCP defaultHttpEndpoint-ssl se ha iniciado y ahora está a la escucha de solicitudes en el host *  (IPv6) puerto 8443.
[14/12/21, 13:06:19:612 COT] 00000023 com.ibm.ws.kernel.feature.internal.FeatureManager            A CWWKF0012I: El servidor ha instalado las características siguientes: [appSecurity-3.0, cdi-2.0, distributedMap-1.0, el-3.0, jndi-1.0, jsp-2.3, servlet-4.0, ssl-1.0, websocket-1.1].
[14/12/21, 13:06:19:612 COT] 00000023 com.ibm.ws.kernel.feature.internal.FeatureManager            I CWWKF0008I: La actualización de características se ha completado en 33,580 segundos.
[14/12/21, 13:06:19:615 COT] 00000023 com.ibm.ws.kernel.feature.internal.FeatureManager            A CWWKF0011I: El servidor cds está preparado para ejecutar un planeta más inteligente. El servidor cds se ha iniciado en 46,840 segundos.
[14/12/21, 13:06:31:768 COT] 00000026 com.ibm.ws.webcontainer.osgi.mbeans.PluginGenerator          I SRVE9103I: Se ha generado automáticamente un archivo de configuración para un plug-in de servidor web para este servidor en C:\Users\diego\Documents\DomJudge\0. CDS server\usr\servers\cds\logs\state\plugin-cfg.xml.
[14/12/21, 13:07:51:089 COT] 00000024 com.ibm.ws.config.xml.internal.ConfigRefresher               A CWWKG0016I: Iniciando la actualización de la configuración de servidor.
[14/12/21, 13:07:51:092 COT] 00000024 com.ibm.ws.config.xml.internal.XMLConfigParser               A CWWKG0028A: El proceso ha incluido el recurso de configuración: C:\Users\diego\Documents\DomJudge\0. CDS server\usr\servers\cds\users.xml
[14/12/21, 13:07:51:132 COT] 00000029 com.ibm.ws.config.xml.internal.ConfigRefresher               A CWWKG0017I: La configuración de servidor se ha actualizado correctamente en 0,045 segundos.
[14/12/21, 13:08:59:451 COT] 00000096 SystemOut                                                    O ----- CDS config change detected -----
[14/12/21, 13:08:59:587 COT] 00000096 SystemOut                                                    O Configured contests:
[14/12/21, 13:08:59:588 COT] 00000096 SystemOut                                                    O    6 on disk at /home/myuser/contests/test - CCS configured (score@http://2d90-190-27-105-4.ngrok.io/domjudge/api/contests/6), Not recording reactions
[14/12/21, 13:08:59:588 COT] 00000096 SystemOut                                                    O Error reading CDS config, changes will be ignored until the file is fixed
[14/12/21, 13:09:05:871 COT] 00000026 com.ibm.ws.webcontainer.servlet                              I SRVE0242I: [CDS] [/] [org.icpc.tools.cds.web.WelcomeServlet]: Inicialización satisfactoria.
[14/12/21, 13:09:06:211 COT] 00000026 com.ibm.ws.webcontainer.servlet                              I SRVE0242I: [CDS] [/] [/WEB-INF/jsps/welcome.jsp]: Inicialización satisfactoria.
[14/12/21, 13:09:06:923 COT] 0000013e SystemOut                                                    O Loading contest from RESTContestSource[score|score@http://2d90-190-27-105-4.ngrok.io/domjudge/api/contests/6]
[14/12/21, 13:09:06:925 COT] 0000013e SystemOut                                                    O Importing contest info
[14/12/21, 13:09:06:947 COT] 0000013e SystemOut                                                    O Contest config file (contest.yaml) not found
[14/12/21, 13:09:06:948 COT] 0000013e SystemOut                                                    O Importing problem set
[14/12/21, 13:09:06:949 COT] 0000013e SystemOut                                                    O Problem config file (problemset.yaml) not found
[14/12/21, 13:09:06:950 COT] 0000013e SystemOut                                                    O Importing groups
[14/12/21, 13:09:06:950 COT] 0000013e SystemOut                                                    O Group config file (groups.json/groups.tsv) not found
[14/12/21, 13:09:06:951 COT] 0000013e SystemOut                                                    O Importing organizations
[14/12/21, 13:09:06:951 COT] 0000013e SystemOut                                                    O Institutions config file (institutions.json/institutions2.tsv/institutions.tsv) not found
[14/12/21, 13:09:06:955 COT] 0000013e SystemOut                                                    O Importing teams
[14/12/21, 13:09:06:956 COT] 0000013e SystemOut                                                    O Team config file (teams.json/teams2.tsv/teams.tsv) not found
[14/12/21, 13:09:06:957 COT] 0000013e SystemOut                                                    O Importing team-members
[14/12/21, 13:09:06:962 COT] 0000013e SystemOut                                                    O Team member config file (members.json/members.tsv) not found
[14/12/21, 13:09:06:962 COT] 0000013e SystemOut                                                    O Importing contest floor map
[14/12/21, 13:09:06:965 COT] 0000013e SystemOut                                                    O Reading contest: 6
[14/12/21, 13:09:07:735 COT] 0000013e SystemOut                                                    O Reading feed cache
[14/12/21, 13:09:07:736 COT] 0000013e SystemOut                                                    O Done reading feed cache
[14/12/21, 13:09:07:751 COT] 0000013e SystemOut                                                    O Unknown property ignored: contests/end_time
[14/12/21, 13:09:07:753 COT] 0000013e SystemOut                                                    O Unknown property ignored: contests/external_id
[14/12/21, 13:09:07:753 COT] 0000013e SystemOut                                                    O Unknown property ignored: contests/shortname
[14/12/21, 13:09:07:874 COT] 0000013e SystemOut                                                    O Unknown property ignored: languages/extensions
[14/12/21, 13:09:07:875 COT] 0000013e SystemOut                                                    O Unknown property ignored: languages/filter_compiler_files
[14/12/21, 13:09:07:875 COT] 0000013e SystemOut                                                    O Unknown property ignored: languages/allow_judge
[14/12/21, 13:09:07:875 COT] 0000013e SystemOut                                                    O Unknown property ignored: languages/time_factor
[14/12/21, 13:09:07:875 COT] 0000013e SystemOut                                                    O Unknown property ignored: languages/require_entry_point
[14/12/21, 13:09:07:876 COT] 0000013e SystemOut                                                    O Unknown property ignored: languages/entry_point_description
[14/12/21, 13:09:07:882 COT] 0000013e SystemOut                                                    O Unknown property ignored: problems/short_name
[14/12/21, 13:09:07:885 COT] 0000013e SystemOut                                                    O Unknown property ignored: problems/externalid
[14/12/21, 13:09:07:888 COT] 0000013e SystemOut                                                    O Unknown property ignored: groups/sortorder
[14/12/21, 13:09:07:888 COT] 0000013e SystemOut                                                    O Unknown property ignored: groups/color
[14/12/21, 13:09:07:890 COT] 0000013e SystemOut                                                    O Unknown property ignored: organizations/shortname
[14/12/21, 13:09:07:908 COT] 0000013e SystemOut                                                    O Unknown property ignored: teams/affiliation
[14/12/21, 13:09:07:909 COT] 0000013e SystemOut                                                    O Unknown property ignored: teams/nationality
[14/12/21, 13:09:07:909 COT] 0000013e SystemOut                                                    O Unknown property ignored: teams/members
[14/12/21, 13:09:07:927 COT] 0000013e SystemOut                                                    O Contest started: 6
[14/12/21, 13:09:07:956 COT] 0000013e SystemOut                                                    O Unknown property ignored: submissions/externalid
[14/12/21, 13:09:08:445 COT] 0000013e SystemOut                                                    O Download http://2d90-190-27-105-4.ngrok.io/domjudge/api/contests/6/submissions/615/files to \home\myuser\contests\test\submissions\615\files.zip (200) (0.2kb in 487ms)
[14/12/21, 13:09:08:733 COT] 0000013e SystemOut                                                    O Unknown property ignored: judgements/valid
[14/12/21, 13:09:08:734 COT] 0000013e SystemOut                                                    O Unknown property ignored: judgements/judgehost
[14/12/21, 13:09:09:217 COT] 0000013e SystemOut                                                    O Download http://2d90-190-27-105-4.ngrok.io/domjudge/api/contests/6/submissions/616/files to \home\myuser\contests\test\submissions\616\files.zip (200) (0.3kb in 461ms)
[14/12/21, 13:09:09:550 COT] 0000013e SystemOut                                                    O Download http://2d90-190-27-105-4.ngrok.io/domjudge/api/contests/6/submissions/617/files to \home\myuser\contests\test\submissions\617\files.zip (200) (0.2kb in 320ms)
[14/12/21, 13:09:09:875 COT] 0000013e SystemOut                                                    O Download http://2d90-190-27-105-4.ngrok.io/domjudge/api/contests/6/submissions/618/files to \home\myuser\contests\test\submissions\618\files.zip (200) (0.3kb in 312ms)
[14/12/21, 13:09:10:314 COT] 0000013e SystemOut                                                    O Download http://2d90-190-27-105-4.ngrok.io/domjudge/api/contests/6/submissions/619/files to \home\myuser\contests\test\submissions\619\files.zip (200) (0.5kb in 425ms)
[14/12/21, 13:09:10:740 COT] 0000013e SystemOut                                                    O Download http://2d90-190-27-105-4.ngrok.io/domjudge/api/contests/6/submissions/620/files to \home\myuser\contests\test\submissions\620\files.zip (200) (0.3kb in 394ms)
[14/12/21, 13:09:11:070 COT] 0000013e SystemOut                                                    O Download http://2d90-190-27-105-4.ngrok.io/domjudge/api/contests/6/submissions/621/files to \home\myuser\contests\test\submissions\621\files.zip (200) (0.3kb in 314ms)
[14/12/21, 13:09:14:962 COT] 00000027 com.ibm.ws.webcontainer.servlet                              I SRVE0242I: [CDS] [/] [org.icpc.tools.cds.service.LoginServlet]: Inicialización satisfactoria.
[14/12/21, 13:09:15:030 COT] 00000027 com.ibm.ws.webcontainer.servlet                              I SRVE0242I: [CDS] [/] [/WEB-INF/jsps/login.jsp]: Inicialización satisfactoria.
[14/12/21, 13:09:31:584 COT] 00000026 com.ibm.ws.webcontainer.servlet                              I SRVE0242I: [CDS] [/] [org.icpc.tools.cds.presentations.PropertyServlet]: Inicialización satisfactoria.
[14/12/21, 13:09:31:630 COT] 00000026 com.ibm.ws.webcontainer.servlet                              I SRVE0242I: [CDS] [/] [/WEB-INF/jsps/present.jsp]: Inicialización satisfactoria.
[14/12/21, 13:10:33:406 COT] 000001ac com.ibm.ws.webcontainer.servlet                              I SRVE0242I: [CDS] [/] [org.icpc.tools.cds.service.ContestRESTService]: Inicialización satisfactoria.
[14/12/21, 13:10:33:449 COT] 000001ac com.ibm.ws.webcontainer.servlet                              I SRVE0242I: [CDS] [/] [org.icpc.tools.cds.service.ErrorService]: Inicialización satisfactoria.
[14/12/21, 13:10:33:578 COT] 000001ac com.ibm.ws.webcontainer.servlet                              I SRVE0242I: [CDS] [/] [/WEB-INF/jsps/errorPage.jsp]: Inicialización satisfactoria.
[14/12/21, 13:10:34:267 COT] 000001ad com.ibm.ws.webcontainer.servlet                              I SRVE0242I: [CDS] [/] [org.icpc.tools.cds.presentations.PresentationFilesServlet]: Inicialización satisfactoria.
[14/12/21, 13:10:34:329 COT] 000001ad com.ibm.ws.webcontainer.servlet                              I SRVE0242I: [CDS] [/] [/WEB-INF/jsps/directory.jsp]: Inicialización satisfactoria.
[14/12/21, 13:10:59:941 COT] 000001d9 SystemOut                                                    O Client connected: 192.168.0.3 [uid b833456f]
[14/12/21, 13:11:00:008 COT] 000000a1 SystemOut                                                    O b833456f > {"type":"properties","props":{"presentation":"1100|org.icpc.tools.presentation.contest.internal.scoreboard.TimelinePre...
[14/12/21, 13:11:00:597 COT] 000001ae SystemOut                                                    O Client disconnected: 192.168.0.3 [uid b833456f]
[14/12/21, 13:11:15:549 COT] 000001ae SystemOut                                                    O Client connected: presAdmin [uid 6720a0f7]
[14/12/21, 13:11:15:603 COT] 000001d9 SystemOut                                                    O 6720a0f7 < {"type":"pres_list"}
[14/12/21, 13:11:15:606 COT] 000001d9 SystemOut                                                    O Sending presentation lists
[14/12/21, 13:11:16:023 COT] 000001d9 SystemOut                                                    O 6720a0f7 < {"type":"info","source":"6720a0f7","client.type":"pres-admin","version":"2.3.491","os.name":"Windows 10","os.version":...
[14/12/21, 13:11:16:054 COT] 0000015d SystemOut                                                    O 6720a0f7 > {"type":"clients","clients":[]}
[14/12/21, 13:11:16:058 COT] 0000015d SystemOut                                                    O 6720a0f7 > {"type":"pres_list","file":"UEsDBBQACAgIADFf51IAAAAAAAAAAAAAAAAaAAAATUVUQS1JTkYvcHJlc2VudGF0aW9ucy54bWzNnOtz2zYSwL/3r8...
[14/12/21, 13:11:17:924 COT] 000001ab SystemOut                                                    O 6720a0f7 - Syncing time to 11ms. Recent pings: [32ms, 338ms, 1ms, 1ms]
[14/12/21, 13:11:17:937 COT] 00000162 SystemOut                                                    O 6720a0f7 > {"type":"time","time":1639505477937}
[14/12/21, 13:11:46:014 COT] 000001d8 com.ibm.ws.webcontainer.servlet                              I SRVE0242I: [CDS] [/] [org.icpc.tools.cds.service.ContestWebService]: Inicialización satisfactoria.
[14/12/21, 13:11:46:076 COT] 000001d8 com.ibm.ws.webcontainer.servlet                              I SRVE0242I: [CDS] [/] [/WEB-INF/jsps/overview.jsp]: Inicialización satisfactoria.
[14/12/21, 13:12:02:946 COT] 00000026 com.ibm.ws.webcontainer.servlet                              I SRVE0242I: [CDS] [/] [/WEB-INF/jsps/scoreboard.jsp]: Inicialización satisfactoria.
[14/12/21, 13:12:26:980 COT] 000001d6 SystemOut                                                    O Client connected: 192.168.0.3 [uid b833456f]
[14/12/21, 13:12:27:011 COT] 000001a6 SystemOut                                                    O b833456f > {"type":"properties","props":{"presentation":"1100|org.icpc.tools.presentation.contest.internal.scoreboard.TimelinePre...
[14/12/21, 13:12:27:525 COT] 00000119 SystemOut                                                    O 6720a0f7 > {"type":"clients","clients":[{"name":"192.168.0.3","uid":"b833456f"}]}
[14/12/21, 13:12:28:716 COT] 000001d6 SystemOut                                                    O b833456f < {"type":"info","source":"b833456f","client.type":"presentation","version":"2.3.491","os.name":"Windows 10","os.version...
[14/12/21, 13:12:28:772 COT] 000001ad SystemOut                                                    O b833456f < {"type":"info","source":"b833456f","width":1366,"height":768,"hidden":false,"display":"1w"}
[14/12/21, 13:12:29:223 COT] 000001aa SystemOut                                                    O 6720a0f7 > {"type":"clients","clients":[{"name":"192.168.0.3","uid":"b833456f","width":0,"height":0,"contest.ids":[6],"version":"...
[14/12/21, 13:12:29:256 COT] 000001ad SystemOut                                                    O b833456f < {"type":"info","source":"b833456f","presentation":null,"fps":0,"image":"/9j/4AAQSkZJRgABAgAAAQABAAD/2wBDAAgGBgcGBQgHBw...
[14/12/21, 13:12:31:903 COT] 000001ab SystemOut                                                    O b833456f - Syncing time to 2ms. Recent pings: [1686ms, 2ms, 2ms, 2ms]
[14/12/21, 13:12:31:921 COT] 0000011d SystemOut                                                    O b833456f > {"type":"time","time":1639505551913}
[14/12/21, 13:12:32:668 COT] 000001d9 SystemOut                                                    O b833456f < {"type":"info","source":"b833456f","presentation":"TimelinePresentation","fps":61,"image":"/9j/4AAQSkZJRgABAgAAAQABAAD...
[14/12/21, 13:12:36:685 COT] 00000028 SystemOut                                                    O b833456f < {"type":"info","source":"b833456f","presentation":"TimelinePresentation","fps":50,"image":"/9j/4AAQSkZJRgABAgAAAQABAAD...
[14/12/21, 13:12:40:691 COT] 000001ab SystemOut                                                    O b833456f < {"type":"info","source":"b833456f","presentation":"TimelinePresentation","fps":61,"image":"/9j/4AAQSkZJRgABAgAAAQABAAD...
[14/12/21, 13:12:41:215 COT] 00000028 com.ibm.ws.channel.ssl.internal.SSLHandshakeErrorTracker     E CWWKO0801E: No se ha podido inicializar la conexión SSL. Se ha denegado el acceso no autorizado o los valores de seguridad han caducado. La excepción es javax.net.ssl.SSLHandshakeException: Received fatal alert: certificate_unknown
	at java.base/sun.security.ssl.Alert.createSSLException(Alert.java:131)
	at java.base/sun.security.ssl.Alert.createSSLException(Alert.java:117)
	at java.base/sun.security.ssl.TransportContext.fatal(TransportContext.java:356)
	at java.base/sun.security.ssl.Alert$AlertConsumer.consume(Alert.java:293)
	at java.base/sun.security.ssl.TransportContext.dispatch(TransportContext.java:202)
	at java.base/sun.security.ssl.SSLTransport.decode(SSLTransport.java:171)
	at java.base/sun.security.ssl.SSLEngineImpl.decode(SSLEngineImpl.java:688)
	at java.base/sun.security.ssl.SSLEngineImpl.readRecord(SSLEngineImpl.java:643)
	at java.base/sun.security.ssl.SSLEngineImpl.unwrap(SSLEngineImpl.java:461)
	at java.base/sun.security.ssl.SSLEngineImpl.unwrap(SSLEngineImpl.java:440)
	at java.base/javax.net.ssl.SSLEngine.unwrap(SSLEngine.java:637)
	at com.ibm.ws.channel.ssl.internal.SSLUtils.handleHandshake(SSLUtils.java:904)
	at com.ibm.ws.channel.ssl.internal.SSLConnectionLink.readyInbound(SSLConnectionLink.java:589)
	at com.ibm.ws.channel.ssl.internal.SSLConnectionLink.ready(SSLConnectionLink.java:336)
	at com.ibm.ws.tcpchannel.internal.NewConnectionInitialReadCallback.sendToDiscriminators(NewConnectionInitialReadCallback.java:167)
	at com.ibm.ws.tcpchannel.internal.NewConnectionInitialReadCallback.complete(NewConnectionInitialReadCallback.java:75)
	at com.ibm.ws.tcpchannel.internal.WorkQueueManager.requestComplete(WorkQueueManager.java:504)
	at com.ibm.ws.tcpchannel.internal.WorkQueueManager.attemptIO(WorkQueueManager.java:574)
	at com.ibm.ws.tcpchannel.internal.WorkQueueManager.workerRun(WorkQueueManager.java:958)
	at com.ibm.ws.tcpchannel.internal.WorkQueueManager$Worker.run(WorkQueueManager.java:1047)
	at com.ibm.ws.threading.internal.ExecutorServiceImpl$RunnableWrapper.run(ExecutorServiceImpl.java:239)
	at java.base/java.util.concurrent.ThreadPoolExecutor.runWorker(ThreadPoolExecutor.java:1128)
	at java.base/java.util.concurrent.ThreadPoolExecutor$Worker.run(ThreadPoolExecutor.java:628)
	at java.base/java.lang.Thread.run(Thread.java:834)
.
[14/12/21, 13:12:44:745 COT] 000001d6 SystemOut                                                    O b833456f < {"type":"info","source":"b833456f","presentation":"TimelinePresentation","fps":55,"image":"/9j/4AAQSkZJRgABAgAAAQABAAD...
[14/12/21, 13:12:48:702 COT] 000001d8 SystemOut                                                    O b833456f < {"type":"info","source":"b833456f","presentation":"TimelinePresentation","fps":59,"image":"/9j/4AAQSkZJRgABAgAAAQABAAD...
[14/12/21, 13:12:52:718 COT] 000001d6 SystemOut                                                    O b833456f < {"type":"info","source":"b833456f","presentation":"TimelinePresentation","fps":57,"image":"/9j/4AAQSkZJRgABAgAAAQABAAD...
[14/12/21, 13:12:56:743 COT] 000001d8 SystemOut                                                    O b833456f < {"type":"info","source":"b833456f","presentation":"TimelinePresentation","fps":62,"image":"/9j/4AAQSkZJRgABAgAAAQABAAD...
[14/12/21, 13:13:00:780 COT] 000001d8 SystemOut                                                    O b833456f < {"type":"info","source":"b833456f","presentation":"TimelinePresentation","fps":58,"image":"/9j/4AAQSkZJRgABAgAAAQABAAD...
[14/12/21, 13:13:04:743 COT] 000001d6 SystemOut                                                    O b833456f < {"type":"info","source":"b833456f","presentation":"TimelinePresentation","fps":60,"image":"/9j/4AAQSkZJRgABAgAAAQABAAD...
[14/12/21, 13:13:08:820 COT] 000001d9 SystemOut                                                    O b833456f < {"type":"info","source":"b833456f","presentation":"TimelinePresentation","fps":62,"image":"/9j/4AAQSkZJRgABAgAAAQABAAD...
[14/12/21, 13:13:10:726 COT] 000001d9 SystemOut                                                    O Setting presentation org.icpc.tools.presentation.contest.internal.presentations.ProblemSummaryPresentation to 1 clients
[14/12/21, 13:13:10:727 COT] 000001d9 SystemOut                                                    O Setting property: presentation=1100|org.icpc.tools.presentation.contest.internal.presentations.ProblemSummaryPresentation
[14/12/21, 13:13:10:759 COT] 000000d8 SystemOut                                                    O b833456f > {"type":"properties","props":{"presentation":"1100|org.icpc.tools.presentation.contest.internal.presentations.ProblemS...
[14/12/21, 13:13:12:764 COT] 00000026 SystemOut                                                    O b833456f < {"type":"info","source":"b833456f","presentation":"ProblemSummaryPresentation","fps":4,"image":"/9j/4AAQSkZJRgABAgAAAQ...
[14/12/21, 13:13:16:768 COT] 000001ae SystemOut                                                    O b833456f < {"type":"info","source":"b833456f","presentation":"ProblemSummaryPresentation","fps":62,"image":"/9j/4AAQSkZJRgABAgAAA...
[14/12/21, 13:13:20:767 COT] 000001d6 SystemOut                                                    O b833456f < {"type":"info","source":"b833456f","presentation":"ProblemSummaryPresentation","fps":61,"image":"/9j/4AAQSkZJRgABAgAAA...
[14/12/21, 13:13:24:770 COT] 00000028 SystemOut                                                    O b833456f < {"type":"info","source":"b833456f","presentation":"ProblemSummaryPresentation","fps":61,"image":"/9j/4AAQSkZJRgABAgAAA...
[14/12/21, 13:13:25:473 COT] 000001ad SystemOut                                                    O Setting presentation org.icpc.tools.presentation.contest.internal.scoreboard.JudgePresentation to 1 clients
[14/12/21, 13:13:25:474 COT] 000001ad SystemOut                                                    O Setting property: presentation=1100|org.icpc.tools.presentation.contest.internal.scoreboard.JudgePresentation
[14/12/21, 13:13:25:500 COT] 00000043 SystemOut                                                    O b833456f > {"type":"properties","props":{"presentation":"1100|org.icpc.tools.presentation.contest.internal.scoreboard.JudgePresen...
[14/12/21, 13:13:28:785 COT] 000001d6 SystemOut                                                    O b833456f < {"type":"info","source":"b833456f","presentation":"JudgePresentation","fps":62,"image":"/9j/4AAQSkZJRgABAgAAAQABAAD/2w...
[14/12/21, 13:13:32:020 COT] 000001d9 SystemOut                                                    O Setting presentation org.icpc.tools.presentation.contest.internal.presentations.TeamJudgePresentation to 1 clients
[14/12/21, 13:13:32:021 COT] 000001d9 SystemOut                                                    O Setting property: presentation=1100|org.icpc.tools.presentation.contest.internal.presentations.TeamJudgePresentation
[14/12/21, 13:13:32:050 COT] 00000040 SystemOut                                                    O b833456f > {"type":"properties","props":{"presentation":"1100|org.icpc.tools.presentation.contest.internal.presentations.TeamJudg...
[14/12/21, 13:13:32:797 COT] 000001ab SystemOut                                                    O b833456f < {"type":"info","source":"b833456f","presentation":"TeamJudgePresentation","fps":62,"image":"/9j/4AAQSkZJRgABAgAAAQABAA...
[14/12/21, 13:13:36:795 COT] 000001ae SystemOut                                                    O b833456f < {"type":"info","source":"b833456f","presentation":"TeamJudgePresentation","fps":61,"image":"/9j/4AAQSkZJRgABAgAAAQABAA...
[14/12/21, 13:13:36:843 COT] 000001d6 SystemOut                                                    O Setting presentation org.icpc.tools.presentation.contest.internal.tile.TilePictureScoreboardPresentation to 1 clients
[14/12/21, 13:13:36:844 COT] 000001d6 SystemOut                                                    O Setting property: presentation=1100|org.icpc.tools.presentation.contest.internal.tile.TilePictureScoreboardPresentation
[14/12/21, 13:13:36:871 COT] 0000015c SystemOut                                                    O b833456f > {"type":"properties","props":{"presentation":"1100|org.icpc.tools.presentation.contest.internal.tile.TilePictureScoreb...
[14/12/21, 13:13:38:385 COT] 00000026 SystemOut                                                    O Setting presentation org.icpc.tools.presentation.contest.internal.tile.TileListScoreboardPresentation to 1 clients
[14/12/21, 13:13:38:385 COT] 00000026 SystemOut                                                    O Setting property: presentation=1100|org.icpc.tools.presentation.contest.internal.tile.TileListScoreboardPresentation
[14/12/21, 13:13:38:412 COT] 000000a3 SystemOut                                                    O b833456f > {"type":"properties","props":{"presentation":"1100|org.icpc.tools.presentation.contest.internal.tile.TileListScoreboar...
[14/12/21, 13:13:40:847 COT] 000001ab SystemOut                                                    O b833456f < {"type":"info","source":"b833456f","presentation":"TileListScoreboardPresentation","fps":61,"image":"/9j/4AAQSkZJRgABA...
[14/12/21, 13:13:44:815 COT] 000001d6 SystemOut                                                    O b833456f < {"type":"info","source":"b833456f","presentation":"TileListScoreboardPresentation","fps":62,"image":"/9j/4AAQSkZJRgABA...
[14/12/21, 13:13:48:281 COT] 000001d6 SystemOut                                                    O Setting presentation org.icpc.tools.presentation.contest.internal.tile.TileRankScoreboardPresentation to 1 clients
[14/12/21, 13:13:48:281 COT] 000001d6 SystemOut                                                    O Setting property: presentation=1100|org.icpc.tools.presentation.contest.internal.tile.TileRankScoreboardPresentation
[14/12/21, 13:13:48:309 COT] 00000064 SystemOut                                                    O b833456f > {"type":"properties","props":{"presentation":"1100|org.icpc.tools.presentation.contest.internal.tile.TileRankScoreboar...
[14/12/21, 13:13:48:822 COT] 000001ad SystemOut                                                    O b833456f < {"type":"info","source":"b833456f","presentation":"TileRankScoreboardPresentation","fps":61,"image":"/9j/4AAQSkZJRgABA...
[14/12/21, 13:13:49:993 COT] 000001ae SystemOut                                                    O Setting presentation org.icpc.tools.presentation.contest.internal.tile.TileScoreboardPresentation to 1 clients
[14/12/21, 13:13:49:998 COT] 000001ae SystemOut                                                    O Setting property: presentation=1100|org.icpc.tools.presentation.contest.internal.tile.TileScoreboardPresentation
[14/12/21, 13:13:50:027 COT] 0000016a SystemOut                                                    O b833456f > {"type":"properties","props":{"presentation":"1100|org.icpc.tools.presentation.contest.internal.tile.TileScoreboardPre...
[14/12/21, 13:13:52:833 COT] 000001ae SystemOut                                                    O b833456f < {"type":"info","source":"b833456f","presentation":"TileScoreboardPresentation","fps":61,"image":"/9j/4AAQSkZJRgABAgAAA...
[14/12/21, 13:13:56:842 COT] 000001d6 SystemOut                                                    O b833456f < {"type":"info","source":"b833456f","presentation":"TileScoreboardPresentation","fps":62,"image":"/9j/4AAQSkZJRgABAgAAA...
[14/12/21, 13:14:00:864 COT] 000001d9 SystemOut                                                    O b833456f < {"type":"info","source":"b833456f","presentation":"TileScoreboardPresentation","fps":62,"image":"/9j/4AAQSkZJRgABAgAAA...
[14/12/21, 13:14:04:912 COT] 000001ab SystemOut                                                    O b833456f < {"type":"info","source":"b833456f","presentation":"TileScoreboardPresentation","fps":61,"image":"/9j/4AAQSkZJRgABAgAAA...
[14/12/21, 13:14:08:893 COT] 000001d9 SystemOut                                                    O b833456f < {"type":"info","source":"b833456f","presentation":"TileScoreboardPresentation","fps":61,"image":"/9j/4AAQSkZJRgABAgAAA...
[14/12/21, 13:14:12:887 COT] 00000026 SystemOut                                                    O b833456f < {"type":"info","source":"b833456f","presentation":"TileScoreboardPresentation","fps":61,"image":"/9j/4AAQSkZJRgABAgAAA...
[14/12/21, 13:14:16:991 COT] 000001d8 SystemOut                                                    O b833456f < {"type":"info","source":"b833456f","presentation":"TileScoreboardPresentation","fps":62,"image":"/9j/4AAQSkZJRgABAgAAA...
[14/12/21, 13:14:20:905 COT] 000001d6 SystemOut                                                    O b833456f < {"type":"info","source":"b833456f","presentation":"TileScoreboardPresentation","fps":61,"image":"/9j/4AAQSkZJRgABAgAAA...
[14/12/21, 13:14:21:788 COT] 00000026 com.ibm.ws.channel.ssl.internal.SSLHandshakeErrorTracker     E CWWKO0801E: No se ha podido inicializar la conexión SSL. Se ha denegado el acceso no autorizado o los valores de seguridad han caducado. La excepción es javax.net.ssl.SSLHandshakeException: Received fatal alert: certificate_unknown
	at java.base/sun.security.ssl.Alert.createSSLException(Alert.java:131)
	at java.base/sun.security.ssl.Alert.createSSLException(Alert.java:117)
	at java.base/sun.security.ssl.TransportContext.fatal(TransportContext.java:356)
	at java.base/sun.security.ssl.Alert$AlertConsumer.consume(Alert.java:293)
	at java.base/sun.security.ssl.TransportContext.dispatch(TransportContext.java:202)
	at java.base/sun.security.ssl.SSLTransport.decode(SSLTransport.java:171)
	at java.base/sun.security.ssl.SSLEngineImpl.decode(SSLEngineImpl.java:688)
	at java.base/sun.security.ssl.SSLEngineImpl.readRecord(SSLEngineImpl.java:643)
	at java.base/sun.security.ssl.SSLEngineImpl.unwrap(SSLEngineImpl.java:461)
	at java.base/sun.security.ssl.SSLEngineImpl.unwrap(SSLEngineImpl.java:440)
	at java.base/javax.net.ssl.SSLEngine.unwrap(SSLEngine.java:637)
	at com.ibm.ws.channel.ssl.internal.SSLUtils.handleHandshake(SSLUtils.java:904)
	at com.ibm.ws.channel.ssl.internal.SSLConnectionLink.readyInbound(SSLConnectionLink.java:589)
	at com.ibm.ws.channel.ssl.internal.SSLConnectionLink.ready(SSLConnectionLink.java:336)
	at com.ibm.ws.tcpchannel.internal.NewConnectionInitialReadCallback.sendToDiscriminators(NewConnectionInitialReadCallback.java:167)
	at com.ibm.ws.tcpchannel.internal.NewConnectionInitialReadCallback.complete(NewConnectionInitialReadCallback.java:75)
	at com.ibm.ws.tcpchannel.internal.WorkQueueManager.requestComplete(WorkQueueManager.java:504)
	at com.ibm.ws.tcpchannel.internal.WorkQueueManager.attemptIO(WorkQueueManager.java:574)
	at com.ibm.ws.tcpchannel.internal.WorkQueueManager.workerRun(WorkQueueManager.java:958)
	at com.ibm.ws.tcpchannel.internal.WorkQueueManager$Worker.run(WorkQueueManager.java:1047)
	at com.ibm.ws.threading.internal.ExecutorServiceImpl$RunnableWrapper.run(ExecutorServiceImpl.java:239)
	at java.base/java.util.concurrent.ThreadPoolExecutor.runWorker(ThreadPoolExecutor.java:1128)
	at java.base/java.util.concurrent.ThreadPoolExecutor$Worker.run(ThreadPoolExecutor.java:628)
	at java.base/java.lang.Thread.run(Thread.java:834)
.
[14/12/21, 13:14:24:342 COT] 000001d8 SystemOut                                                    O Setting presentation org.icpc.tools.presentation.contest.internal.scoreboard.FirstToSolvePresentation to 1 clients
[14/12/21, 13:14:24:342 COT] 000001d8 SystemOut                                                    O Setting property: presentation=1100|org.icpc.tools.presentation.contest.internal.scoreboard.FirstToSolvePresentation
[14/12/21, 13:14:24:369 COT] 00000089 SystemOut                                                    O b833456f > {"type":"properties","props":{"presentation":"1100|org.icpc.tools.presentation.contest.internal.scoreboard.FirstToSolv...
[14/12/21, 13:14:24:902 COT] 000001d6 SystemOut                                                    O b833456f < {"type":"info","source":"b833456f","presentation":"FirstToSolvePresentation","fps":61,"image":"/9j/4AAQSkZJRgABAgAAAQA...
[14/12/21, 13:14:28:942 COT] 000001d6 SystemOut                                                    O b833456f < {"type":"info","source":"b833456f","presentation":"FirstToSolvePresentation","fps":62,"image":"/9j/4AAQSkZJRgABAgAAAQA...
[14/12/21, 13:14:32:918 COT] 000001ad SystemOut                                                    O b833456f < {"type":"info","source":"b833456f","presentation":"FirstToSolvePresentation","fps":62,"image":"/9j/4AAQSkZJRgABAgAAAQA...
[14/12/21, 13:14:36:914 COT] 000001ad SystemOut                                                    O b833456f < {"type":"info","source":"b833456f","presentation":"FirstToSolvePresentation","fps":62,"image":"/9j/4AAQSkZJRgABAgAAAQA...
[14/12/21, 13:14:36:965 COT] 000001ae SystemOut                                                    O Setting presentation org.icpc.tools.presentation.contest.internal.scoreboard.FirstSolutionPresentation to 1 clients
[14/12/21, 13:14:36:966 COT] 000001ae SystemOut                                                    O Setting property: presentation=1100|org.icpc.tools.presentation.contest.internal.scoreboard.FirstSolutionPresentation
[14/12/21, 13:14:36:992 COT] 0000010f SystemOut                                                    O b833456f > {"type":"properties","props":{"presentation":"1100|org.icpc.tools.presentation.contest.internal.scoreboard.FirstSoluti...
[14/12/21, 13:14:40:923 COT] 000001d8 SystemOut                                                    O b833456f < {"type":"info","source":"b833456f","presentation":"FirstSolutionPresentation","fps":62,"image":"/9j/4AAQSkZJRgABAgAAAQ...
[14/12/21, 13:14:45:007 COT] 000001ae SystemOut                                                    O b833456f < {"type":"info","source":"b833456f","presentation":"FirstSolutionPresentation","fps":62,"image":"/9j/4AAQSkZJRgABAgAAAQ...
[14/12/21, 13:14:48:755 COT] 000001d9 SystemOut                                                    O Setting presentation org.icpc.tools.presentation.contest.internal.scoreboard.AllGroupsLeaderboardPresentation to 1 clients
[14/12/21, 13:14:48:756 COT] 000001d9 SystemOut                                                    O Setting property: presentation=1100|org.icpc.tools.presentation.contest.internal.scoreboard.AllGroupsLeaderboardPresentation
[14/12/21, 13:14:48:784 COT] 0000008e SystemOut                                                    O b833456f > {"type":"properties","props":{"presentation":"1100|org.icpc.tools.presentation.contest.internal.scoreboard.AllGroupsLe...
[14/12/21, 13:14:48:928 COT] 00000026 SystemOut                                                    O b833456f < {"type":"info","source":"b833456f","presentation":"AllGroupsLeaderboardPresentation","fps":61,"image":"/9j/4AAQSkZJRgA...
[14/12/21, 13:14:52:935 COT] 000001d6 SystemOut                                                    O b833456f < {"type":"info","source":"b833456f","presentation":"AllGroupsLeaderboardPresentation","fps":62,"image":"/9j/4AAQSkZJRgA...
[14/12/21, 13:14:56:947 COT] 000001d6 SystemOut                                                    O b833456f < {"type":"info","source":"b833456f","presentation":"AllGroupsLeaderboardPresentation","fps":62,"image":"/9j/4AAQSkZJRgA...
[14/12/21, 13:15:00:953 COT] 00000028 SystemOut                                                    O b833456f < {"type":"info","source":"b833456f","presentation":"AllGroupsLeaderboardPresentation","fps":60,"image":"/9j/4AAQSkZJRgA...
[14/12/21, 13:15:05:055 COT] 00000026 SystemOut                                                    O b833456f < {"type":"info","source":"b833456f","presentation":"AllGroupsLeaderboardPresentation","fps":61,"image":"/9j/4AAQSkZJRgA...
[14/12/21, 13:15:06:975 COT] 000001d8 SystemOut                                                    O Setting presentation org.icpc.tools.presentation.contest.internal.presentations.floor.BalloonFloorPresentation to 1 clients
[14/12/21, 13:15:06:975 COT] 000001d8 SystemOut                                                    O Setting property: presentation=1100|org.icpc.tools.presentation.contest.internal.presentations.floor.BalloonFloorPresentation
[14/12/21, 13:15:07:003 COT] 00000125 SystemOut                                                    O b833456f > {"type":"properties","props":{"presentation":"1100|org.icpc.tools.presentation.contest.internal.presentations.floor.Ba...
[14/12/21, 13:15:08:503 COT] 000001ad SystemOut                                                    O Setting presentation org.icpc.tools.presentation.contest.internal.presentations.OrgLogoFadePresentation to 1 clients
[14/12/21, 13:15:08:504 COT] 000001ad SystemOut                                                    O Setting property: presentation=1100|org.icpc.tools.presentation.contest.internal.presentations.OrgLogoFadePresentation
[14/12/21, 13:15:08:530 COT] 00000128 SystemOut                                                    O b833456f > {"type":"properties","props":{"presentation":"1100|org.icpc.tools.presentation.contest.internal.presentations.OrgLogoF...
[14/12/21, 13:15:08:970 COT] 00000026 SystemOut                                                    O b833456f < {"type":"info","source":"b833456f","presentation":"OrgLogoFadePresentation","fps":58,"image":"/9j/4AAQSkZJRgABAgAAAQAB...
[14/12/21, 13:15:09:733 COT] 000001ab SystemOut                                                    O Setting presentation org.icpc.tools.presentation.contest.internal.presentations.OrgLogoWallPresentation to 1 clients
[14/12/21, 13:15:09:733 COT] 000001ab SystemOut                                                    O Setting property: presentation=1100|org.icpc.tools.presentation.contest.internal.presentations.OrgLogoWallPresentation
[14/12/21, 13:15:09:760 COT] 000001c3 SystemOut                                                    O b833456f > {"type":"properties","props":{"presentation":"1100|org.icpc.tools.presentation.contest.internal.presentations.OrgLogoW...
[14/12/21, 13:15:13:056 COT] 00000026 SystemOut                                                    O Setting presentation org.icpc.tools.presentation.contest.internal.scoreboard.SingleTeamPresentation to 1 clients
[14/12/21, 13:15:13:058 COT] 00000026 SystemOut                                                    O Setting property: presentation=1100|org.icpc.tools.presentation.contest.internal.scoreboard.SingleTeamPresentation
[14/12/21, 13:15:13:076 COT] 000001ab SystemOut                                                    O b833456f < {"type":"info","source":"b833456f","presentation":"OrgLogoWallPresentation","fps":10,"image":"/9j/4AAQSkZJRgABAgAAAQAB...
[14/12/21, 13:15:13:085 COT] 000000cd SystemOut                                                    O b833456f > {"type":"properties","props":{"presentation":"1100|org.icpc.tools.presentation.contest.internal.scoreboard.SingleTeamP...
[14/12/21, 13:15:17:084 COT] 000001d9 SystemOut                                                    O Setting presentation org.icpc.tools.presentation.contest.internal.presentations.clock.ClockPresentation to 1 clients
[14/12/21, 13:15:17:085 COT] 000001d9 SystemOut                                                    O Setting property: presentation=1100|org.icpc.tools.presentation.contest.internal.presentations.clock.ClockPresentation
[14/12/21, 13:15:17:112 COT] 000001cd SystemOut                                                    O b833456f > {"type":"properties","props":{"presentation":"1100|org.icpc.tools.presentation.contest.internal.presentations.clock.Cl...
[14/12/21, 13:15:17:165 COT] 000001d6 SystemOut                                                    O b833456f < {"type":"info","source":"b833456f","presentation":"SingleTeamPresentation","fps":61,"image":"/9j/4AAQSkZJRgABAgAAAQABA...
[14/12/21, 13:15:19:800 COT] 00000028 SystemOut                                                    O Setting presentation org.icpc.tools.presentation.contest.internal.presentations.clock.StatusCountdownPresentation to 1 clients
[14/12/21, 13:15:19:801 COT] 00000028 SystemOut                                                    O Setting property: presentation=1100|org.icpc.tools.presentation.contest.internal.presentations.clock.StatusCountdownPresentation
[14/12/21, 13:15:19:827 COT] 000001d0 SystemOut                                                    O b833456f > {"type":"properties","props":{"presentation":"1100|org.icpc.tools.presentation.contest.internal.presentations.clock.St...
[14/12/21, 13:15:21:096 COT] 00000028 SystemOut                                                    O b833456f < {"type":"info","source":"b833456f","presentation":"StatusCountdownPresentation","fps":62,"image":"/9j/4AAQSkZJRgABAgAA...
[14/12/21, 13:15:21:625 COT] 000001ae SystemOut                                                    O Setting presentation org.icpc.tools.presentation.contest.internal.presentations.clock.StatusCountdownPresentation to 1 clients
[14/12/21, 13:15:21:625 COT] 000001ae SystemOut                                                    O Setting property: presentation=1100|org.icpc.tools.presentation.contest.internal.presentations.clock.StatusCountdownPresentation
[14/12/21, 13:15:21:652 COT] 000001d3 SystemOut                                                    O b833456f > {"type":"properties","props":{"presentation":"1100|org.icpc.tools.presentation.contest.internal.presentations.clock.St...
[14/12/21, 13:15:24:079 COT] 000001ad SystemOut                                                    O Setting presentation org.icpc.tools.presentation.contest.internal.presentations.clock.PolarCountdownPresentation to 1 clients
[14/12/21, 13:15:24:079 COT] 000001ad SystemOut                                                    O Setting property: presentation=1100|org.icpc.tools.presentation.contest.internal.presentations.clock.PolarCountdownPresentation
[14/12/21, 13:15:24:105 COT] 00000133 SystemOut                                                    O b833456f > {"type":"properties","props":{"presentation":"1100|org.icpc.tools.presentation.contest.internal.presentations.clock.Po...
[14/12/21, 13:15:25:197 COT] 00000028 SystemOut                                                    O b833456f < {"type":"info","source":"b833456f","presentation":"PolarCountdownPresentation","fps":53,"image":"/9j/4AAQSkZJRgABAgAAA...
[14/12/21, 13:15:25:872 COT] 000001d9 SystemOut                                                    O Setting presentation org.icpc.tools.presentation.contest.internal.presentations.clock.StatusCountdownPresentation to 1 clients
[14/12/21, 13:15:25:873 COT] 000001d9 SystemOut                                                    O Setting property: presentation=1100|org.icpc.tools.presentation.contest.internal.presentations.clock.StatusCountdownPresentation
[14/12/21, 13:15:25:899 COT] 00000099 SystemOut                                                    O b833456f > {"type":"properties","props":{"presentation":"1100|org.icpc.tools.presentation.contest.internal.presentations.clock.St...
[14/12/21, 13:15:29:107 COT] 00000028 SystemOut                                                    O b833456f < {"type":"info","source":"b833456f","presentation":"StatusCountdownPresentation","fps":61,"image":"/9j/4AAQSkZJRgABAgAA...
[14/12/21, 13:15:30:518 COT] 000001d9 SystemOut                                                    O Setting presentation org.icpc.tools.presentation.contest.internal.chart.TotalProblemsChart to 1 clients
[14/12/21, 13:15:30:519 COT] 000001d9 SystemOut                                                    O Setting property: presentation=1100|org.icpc.tools.presentation.contest.internal.chart.TotalProblemsChart
[14/12/21, 13:15:30:547 COT] 0000013c SystemOut                                                    O b833456f > {"type":"properties","props":{"presentation":"1100|org.icpc.tools.presentation.contest.internal.chart.TotalProblemsCha...
[14/12/21, 13:15:33:121 COT] 000001d8 SystemOut                                                    O b833456f < {"type":"info","source":"b833456f","presentation":"TotalProblemsChart","fps":62,"image":"/9j/4AAQSkZJRgABAgAAAQABAAD/2...
[14/12/21, 13:15:37:128 COT] 000001d8 SystemOut                                                    O b833456f < {"type":"info","source":"b833456f","presentation":"TotalProblemsChart","fps":62,"image":"/9j/4AAQSkZJRgABAgAAAQABAAD/2...
[14/12/21, 13:15:41:137 COT] 000001d6 SystemOut                                                    O b833456f < {"type":"info","source":"b833456f","presentation":"TotalProblemsChart","fps":61,"image":"/9j/4AAQSkZJRgABAgAAAQABAAD/2...
[14/12/21, 13:15:45:143 COT] 00000028 SystemOut                                                    O b833456f < {"type":"info","source":"b833456f","presentation":"TotalProblemsChart","fps":62,"image":"/9j/4AAQSkZJRgABAgAAAQABAAD/2...
[14/12/21, 13:15:49:145 COT] 000001d9 SystemOut                                                    O b833456f < {"type":"info","source":"b833456f","presentation":"TotalProblemsChart","fps":62,"image":"/9j/4AAQSkZJRgABAgAAAQABAAD/2...
[14/12/21, 13:15:51:729 COT] 00000026 SystemOut                                                    O Setting presentation org.icpc.tools.presentation.contest.internal.chart.ScoreboardChart to 1 clients
[14/12/21, 13:15:51:731 COT] 00000026 SystemOut                                                    O Setting property: presentation=1100|org.icpc.tools.presentation.contest.internal.chart.ScoreboardChart
[14/12/21, 13:15:51:759 COT] 00000152 SystemOut                                                    O b833456f > {"type":"properties","props":{"presentation":"1100|org.icpc.tools.presentation.contest.internal.chart.ScoreboardChart"...
[14/12/21, 13:15:53:162 COT] 000001ab SystemOut                                                    O b833456f < {"type":"info","source":"b833456f","presentation":"ScoreboardChart","fps":61,"image":"/9j/4AAQSkZJRgABAgAAAQABAAD/2wBD...
[14/12/21, 13:15:56:230 COT] 000001d8 SystemOut                                                    O Setting presentation org.icpc.tools.presentation.contest.internal.chart.ProblemSummaryChart to 1 clients
[14/12/21, 13:15:56:231 COT] 000001d8 SystemOut                                                    O Setting property: presentation=1100|org.icpc.tools.presentation.contest.internal.chart.ProblemSummaryChart
[14/12/21, 13:15:56:258 COT] 000000a3 SystemOut                                                    O b833456f > {"type":"properties","props":{"presentation":"1100|org.icpc.tools.presentation.contest.internal.chart.ProblemSummaryCh...
[14/12/21, 13:15:57:170 COT] 000001d6 SystemOut                                                    O b833456f < {"type":"info","source":"b833456f","presentation":"ProblemSummaryChart","fps":61,"image":"/9j/4AAQSkZJRgABAgAAAQABAAD/...
[14/12/21, 13:16:01:178 COT] 000001d6 SystemOut                                                    O b833456f < {"type":"info","source":"b833456f","presentation":"ProblemSummaryChart","fps":60,"image":"/9j/4AAQSkZJRgABAgAAAQABAAD/...
[14/12/21, 13:16:05:189 COT] 00000028 SystemOut                                                    O b833456f < {"type":"info","source":"b833456f","presentation":"ProblemSummaryChart","fps":62,"image":"/9j/4AAQSkZJRgABAgAAAQABAAD/...
[14/12/21, 13:16:09:195 COT] 000001d8 SystemOut                                                    O b833456f < {"type":"info","source":"b833456f","presentation":"ProblemSummaryChart","fps":62,"image":"/9j/4AAQSkZJRgABAgAAAQABAAD/...
[14/12/21, 13:16:13:215 COT] 000001d6 SystemOut                                                    O b833456f < {"type":"info","source":"b833456f","presentation":"ProblemSummaryChart","fps":62,"image":"/9j/4AAQSkZJRgABAgAAAQABAAD/...
[14/12/21, 13:16:15:172 COT] 000001ae SystemOut                                                    O Setting presentation org.icpc.tools.presentation.contest.internal.chart.ProblemComparisonChart to 1 clients
[14/12/21, 13:16:15:172 COT] 000001ae SystemOut                                                    O Setting property: presentation=1100|org.icpc.tools.presentation.contest.internal.chart.ProblemComparisonChart
[14/12/21, 13:16:15:198 COT] 0000016d SystemOut                                                    O b833456f > {"type":"properties","props":{"presentation":"1100|org.icpc.tools.presentation.contest.internal.chart.ProblemCompariso...
[14/12/21, 13:16:17:226 COT] 000001d9 SystemOut                                                    O b833456f < {"type":"info","source":"b833456f","presentation":"ProblemComparisonChart","fps":61,"image":"/9j/4AAQSkZJRgABAgAAAQABA...
[14/12/21, 13:16:21:224 COT] 000001ad SystemOut                                                    O b833456f < {"type":"info","source":"b833456f","presentation":"ProblemComparisonChart","fps":60,"image":"/9j/4AAQSkZJRgABAgAAAQABA...
[14/12/21, 13:16:22:720 COT] 00000028 SystemOut                                                    O Setting presentation org.icpc.tools.presentation.contest.internal.chart.JudgementChart to 1 clients
[14/12/21, 13:16:22:721 COT] 00000028 SystemOut                                                    O Setting property: presentation=1100|org.icpc.tools.presentation.contest.internal.chart.JudgementChart
[14/12/21, 13:16:22:748 COT] 000000fe SystemOut                                                    O b833456f > {"type":"properties","props":{"presentation":"1100|org.icpc.tools.presentation.contest.internal.chart.JudgementChart"}...
[14/12/21, 13:16:25:322 COT] 000001d9 SystemOut                                                    O b833456f < {"type":"info","source":"b833456f","presentation":"JudgementChart","fps":62,"image":"/9j/4AAQSkZJRgABAgAAAQABAAD/2wBDA...
[14/12/21, 13:16:28:261 COT] 00000028 SystemOut                                                    O Setting presentation org.icpc.tools.presentation.contest.internal.chart.JudgeQueueDepthChart to 1 clients
[14/12/21, 13:16:28:262 COT] 00000028 SystemOut                                                    O Setting property: presentation=1100|org.icpc.tools.presentation.contest.internal.chart.JudgeQueueDepthChart
[14/12/21, 13:16:28:289 COT] 00000102 SystemOut                                                    O b833456f > {"type":"properties","props":{"presentation":"1100|org.icpc.tools.presentation.contest.internal.chart.JudgeQueueDepthC...
[14/12/21, 13:16:29:277 COT] 000001ab SystemOut                                                    O b833456f < {"type":"info","source":"b833456f","presentation":"JudgeQueueDepthChart","fps":49,"image":"/9j/4AAQSkZJRgABAgAAAQABAAD...
[14/12/21, 13:16:30:230 COT] 000001d9 com.ibm.ws.channel.ssl.internal.SSLHandshakeErrorTracker     E CWWKO0801E: No se ha podido inicializar la conexión SSL. Se ha denegado el acceso no autorizado o los valores de seguridad han caducado. La excepción es javax.net.ssl.SSLHandshakeException: Received fatal alert: certificate_unknown
	at java.base/sun.security.ssl.Alert.createSSLException(Alert.java:131)
	at java.base/sun.security.ssl.Alert.createSSLException(Alert.java:117)
	at java.base/sun.security.ssl.TransportContext.fatal(TransportContext.java:356)
	at java.base/sun.security.ssl.Alert$AlertConsumer.consume(Alert.java:293)
	at java.base/sun.security.ssl.TransportContext.dispatch(TransportContext.java:202)
	at java.base/sun.security.ssl.SSLTransport.decode(SSLTransport.java:171)
	at java.base/sun.security.ssl.SSLEngineImpl.decode(SSLEngineImpl.java:688)
	at java.base/sun.security.ssl.SSLEngineImpl.readRecord(SSLEngineImpl.java:643)
	at java.base/sun.security.ssl.SSLEngineImpl.unwrap(SSLEngineImpl.java:461)
	at java.base/sun.security.ssl.SSLEngineImpl.unwrap(SSLEngineImpl.java:440)
	at java.base/javax.net.ssl.SSLEngine.unwrap(SSLEngine.java:637)
	at com.ibm.ws.channel.ssl.internal.SSLUtils.handleHandshake(SSLUtils.java:904)
	at com.ibm.ws.channel.ssl.internal.SSLConnectionLink.readyInbound(SSLConnectionLink.java:589)
	at com.ibm.ws.channel.ssl.internal.SSLConnectionLink.ready(SSLConnectionLink.java:336)
	at com.ibm.ws.tcpchannel.internal.NewConnectionInitialReadCallback.sendToDiscriminators(NewConnectionInitialReadCallback.java:167)
	at com.ibm.ws.tcpchannel.internal.NewConnectionInitialReadCallback.complete(NewConnectionInitialReadCallback.java:75)
	at com.ibm.ws.tcpchannel.internal.WorkQueueManager.requestComplete(WorkQueueManager.java:504)
	at com.ibm.ws.tcpchannel.internal.WorkQueueManager.attemptIO(WorkQueueManager.java:574)
	at com.ibm.ws.tcpchannel.internal.WorkQueueManager.workerRun(WorkQueueManager.java:958)
	at com.ibm.ws.tcpchannel.internal.WorkQueueManager$Worker.run(WorkQueueManager.java:1047)
	at com.ibm.ws.threading.internal.ExecutorServiceImpl$RunnableWrapper.run(ExecutorServiceImpl.java:239)
	at java.base/java.util.concurrent.ThreadPoolExecutor.runWorker(ThreadPoolExecutor.java:1128)
	at java.base/java.util.concurrent.ThreadPoolExecutor$Worker.run(ThreadPoolExecutor.java:628)
	at java.base/java.lang.Thread.run(Thread.java:834)
.
[14/12/21, 13:16:33:328 COT] 000001d9 SystemOut                                                    O b833456f < {"type":"info","source":"b833456f","presentation":"JudgeQueueDepthChart","fps":47,"image":"/9j/4AAQSkZJRgABAgAAAQABAAD...
[14/12/21, 13:16:33:995 COT] 00000028 SystemOut                                                    O Setting presentation org.icpc.tools.presentation.contest.internal.chart.HistoricalComparisonChart to 1 clients
[14/12/21, 13:16:33:995 COT] 00000028 SystemOut                                                    O Setting property: presentation=1100|org.icpc.tools.presentation.contest.internal.chart.HistoricalComparisonChart
[14/12/21, 13:16:34:022 COT] 00000183 SystemOut                                                    O b833456f > {"type":"properties","props":{"presentation":"1100|org.icpc.tools.presentation.contest.internal.chart.HistoricalCompar...
[14/12/21, 13:16:37:272 COT] 000001ab SystemOut                                                    O b833456f < {"type":"info","source":"b833456f","presentation":"HistoricalComparisonChart","fps":62,"image":"/9j/4AAQSkZJRgABAgAAAQ...
[14/12/21, 13:16:38:712 COT] 000001d6 SystemOut                                                    O Setting presentation org.icpc.tools.presentation.contest.internal.presentations.BetterFireworksPresentation to 1 clients
[14/12/21, 13:16:38:713 COT] 000001d6 SystemOut                                                    O Setting property: presentation=1100|org.icpc.tools.presentation.contest.internal.presentations.BetterFireworksPresentation
[14/12/21, 13:16:38:740 COT] 00000089 SystemOut                                                    O b833456f > {"type":"properties","props":{"presentation":"1100|org.icpc.tools.presentation.contest.internal.presentations.BetterFi...
[14/12/21, 13:16:40:257 COT] 00000026 com.ibm.ws.channel.ssl.internal.SSLHandshakeErrorTracker     E CWWKO0801E: No se ha podido inicializar la conexión SSL. Se ha denegado el acceso no autorizado o los valores de seguridad han caducado. La excepción es javax.net.ssl.SSLHandshakeException: Received fatal alert: certificate_unknown
	at java.base/sun.security.ssl.Alert.createSSLException(Alert.java:131)
	at java.base/sun.security.ssl.Alert.createSSLException(Alert.java:117)
	at java.base/sun.security.ssl.TransportContext.fatal(TransportContext.java:356)
	at java.base/sun.security.ssl.Alert$AlertConsumer.consume(Alert.java:293)
	at java.base/sun.security.ssl.TransportContext.dispatch(TransportContext.java:202)
	at java.base/sun.security.ssl.SSLTransport.decode(SSLTransport.java:171)
	at java.base/sun.security.ssl.SSLEngineImpl.decode(SSLEngineImpl.java:688)
	at java.base/sun.security.ssl.SSLEngineImpl.readRecord(SSLEngineImpl.java:643)
	at java.base/sun.security.ssl.SSLEngineImpl.unwrap(SSLEngineImpl.java:461)
	at java.base/sun.security.ssl.SSLEngineImpl.unwrap(SSLEngineImpl.java:440)
	at java.base/javax.net.ssl.SSLEngine.unwrap(SSLEngine.java:637)
	at com.ibm.ws.channel.ssl.internal.SSLUtils.handleHandshake(SSLUtils.java:904)
	at com.ibm.ws.channel.ssl.internal.SSLConnectionLink.readyInbound(SSLConnectionLink.java:589)
	at com.ibm.ws.channel.ssl.internal.SSLConnectionLink.ready(SSLConnectionLink.java:336)
	at com.ibm.ws.tcpchannel.internal.NewConnectionInitialReadCallback.sendToDiscriminators(NewConnectionInitialReadCallback.java:167)
	at com.ibm.ws.tcpchannel.internal.NewConnectionInitialReadCallback.complete(NewConnectionInitialReadCallback.java:75)
	at com.ibm.ws.tcpchannel.internal.WorkQueueManager.requestComplete(WorkQueueManager.java:504)
	at com.ibm.ws.tcpchannel.internal.WorkQueueManager.attemptIO(WorkQueueManager.java:574)
	at com.ibm.ws.tcpchannel.internal.WorkQueueManager.workerRun(WorkQueueManager.java:958)
	at com.ibm.ws.tcpchannel.internal.WorkQueueManager$Worker.run(WorkQueueManager.java:1047)
	at com.ibm.ws.threading.internal.ExecutorServiceImpl$RunnableWrapper.run(ExecutorServiceImpl.java:239)
	at java.base/java.util.concurrent.ThreadPoolExecutor.runWorker(ThreadPoolExecutor.java:1128)
	at java.base/java.util.concurrent.ThreadPoolExecutor$Worker.run(ThreadPoolExecutor.java:628)
	at java.base/java.lang.Thread.run(Thread.java:834)
.
[14/12/21, 13:16:41:384 COT] 000001ae SystemOut                                                    O b833456f < {"type":"info","source":"b833456f","presentation":"BetterFireworksPresentation","fps":44,"image":"/9j/4AAQSkZJRgABAgAA...
[14/12/21, 13:16:45:411 COT] 00000028 SystemOut                                                    O b833456f < {"type":"info","source":"b833456f","presentation":"BetterFireworksPresentation","fps":26,"image":"/9j/4AAQSkZJRgABAgAA...
[14/12/21, 13:16:48:184 COT] 00000026 SystemOut                                                    O Setting presentation org.icpc.tools.presentation.contest.internal.chart.LanguageSummaryChart to 1 clients
[14/12/21, 13:16:48:185 COT] 00000026 SystemOut                                                    O Setting property: presentation=1100|org.icpc.tools.presentation.contest.internal.chart.LanguageSummaryChart
[14/12/21, 13:16:48:214 COT] 00000195 SystemOut                                                    O b833456f > {"type":"properties","props":{"presentation":"1100|org.icpc.tools.presentation.contest.internal.chart.LanguageSummaryC...
[14/12/21, 13:16:49:315 COT] 00000026 SystemOut                                                    O b833456f < {"type":"info","source":"b833456f","presentation":"LanguageSummaryChart","fps":25,"image":"/9j/4AAQSkZJRgABAgAAAQABAAD...
[14/12/21, 13:16:53:327 COT] 00000026 SystemOut                                                    O b833456f < {"type":"info","source":"b833456f","presentation":"LanguageSummaryChart","fps":62,"image":"/9j/4AAQSkZJRgABAgAAAQABAAD...
[14/12/21, 13:16:57:325 COT] 000001d8 SystemOut                                                    O b833456f < {"type":"info","source":"b833456f","presentation":"LanguageSummaryChart","fps":62,"image":"/9j/4AAQSkZJRgABAgAAAQABAAD...
[14/12/21, 13:17:01:336 COT] 000001d9 SystemOut                                                    O b833456f < {"type":"info","source":"b833456f","presentation":"LanguageSummaryChart","fps":61,"image":"/9j/4AAQSkZJRgABAgAAAQABAAD...
[14/12/21, 13:17:05:346 COT] 000001d9 SystemOut                                                    O b833456f < {"type":"info","source":"b833456f","presentation":"LanguageSummaryChart","fps":61,"image":"/9j/4AAQSkZJRgABAgAAAQABAAD...
[14/12/21, 13:17:08:121 COT] 000001ab SystemOut                                                    O Setting presentation org.icpc.tools.presentation.contest.internal.scoreboard.AllGroupsLeaderboardPresentation to 1 clients
[14/12/21, 13:17:08:121 COT] 000001ab SystemOut                                                    O Setting property: presentation=1100|org.icpc.tools.presentation.contest.internal.scoreboard.AllGroupsLeaderboardPresentation
[14/12/21, 13:17:08:147 COT] 0000008b SystemOut                                                    O b833456f > {"type":"properties","props":{"presentation":"1100|org.icpc.tools.presentation.contest.internal.scoreboard.AllGroupsLe...
[14/12/21, 13:17:08:832 COT] 000001d6 SystemOut                                                    O Setting presentation org.icpc.tools.presentation.contest.internal.scoreboard.FirstSolutionPresentation to 1 clients
[14/12/21, 13:17:08:833 COT] 000001d6 SystemOut                                                    O Setting property: presentation=1100|org.icpc.tools.presentation.contest.internal.scoreboard.FirstSolutionPresentation
[14/12/21, 13:17:08:860 COT] 00000116 SystemOut                                                    O b833456f > {"type":"properties","props":{"presentation":"1100|org.icpc.tools.presentation.contest.internal.scoreboard.FirstSoluti...
[14/12/21, 13:17:09:394 COT] 000001ad SystemOut                                                    O b833456f < {"type":"info","source":"b833456f","presentation":"FirstSolutionPresentation","fps":62,"image":"/9j/4AAQSkZJRgABAgAAAQ...
[14/12/21, 13:17:10:289 COT] 000001ab SystemOut                                                    O Setting presentation org.icpc.tools.presentation.contest.internal.scoreboard.FirstToSolvePresentation to 1 clients
[14/12/21, 13:17:10:289 COT] 000001ab SystemOut                                                    O Setting property: presentation=1100|org.icpc.tools.presentation.contest.internal.scoreboard.FirstToSolvePresentation
[14/12/21, 13:17:10:316 COT] 000001af SystemOut                                                    O b833456f > {"type":"properties","props":{"presentation":"1100|org.icpc.tools.presentation.contest.internal.scoreboard.FirstToSolv...
[14/12/21, 13:17:12:893 COT] 000001ad SystemOut                                                    O Setting presentation org.icpc.tools.presentation.contest.internal.scoreboard.GroupLeaderboardPresentation to 1 clients
[14/12/21, 13:17:12:894 COT] 000001ad SystemOut                                                    O Setting property: presentation=1100|org.icpc.tools.presentation.contest.internal.scoreboard.GroupLeaderboardPresentation
[14/12/21, 13:17:12:922 COT] 00000072 SystemOut                                                    O b833456f > {"type":"properties","props":{"presentation":"1100|org.icpc.tools.presentation.contest.internal.scoreboard.GroupLeader...
[14/12/21, 13:17:13:384 COT] 000001d9 SystemOut                                                    O b833456f < {"type":"info","source":"b833456f","presentation":"GroupLeaderboardPresentation","fps":62,"image":"/9j/4AAQSkZJRgABAgA...
[14/12/21, 13:17:13:789 COT] 000001d9 SystemOut                                                    O Setting presentation org.icpc.tools.presentation.contest.internal.scoreboard.JudgePresentation to 1 clients
[14/12/21, 13:17:13:791 COT] 000001d9 SystemOut                                                    O Setting property: presentation=1100|org.icpc.tools.presentation.contest.internal.scoreboard.JudgePresentation
[14/12/21, 13:17:13:817 COT] 0000011f SystemOut                                                    O b833456f > {"type":"properties","props":{"presentation":"1100|org.icpc.tools.presentation.contest.internal.scoreboard.JudgePresen...
[14/12/21, 13:17:15:333 COT] 00000028 SystemOut                                                    O Setting presentation org.icpc.tools.presentation.contest.internal.scoreboard.LeaderboardPresentation to 1 clients
[14/12/21, 13:17:15:333 COT] 00000028 SystemOut                                                    O Setting property: presentation=1100|org.icpc.tools.presentation.contest.internal.scoreboard.LeaderboardPresentation
[14/12/21, 13:17:15:360 COT] 000001b6 SystemOut                                                    O b833456f > {"type":"properties","props":{"presentation":"1100|org.icpc.tools.presentation.contest.internal.scoreboard.Leaderboard...
[14/12/21, 13:17:17:390 COT] 000001d8 SystemOut                                                    O b833456f < {"type":"info","source":"b833456f","presentation":"LeaderboardPresentation","fps":61,"image":"/9j/4AAQSkZJRgABAgAAAQAB...
[14/12/21, 13:17:21:412 COT] 00000028 SystemOut                                                    O b833456f < {"type":"info","source":"b833456f","presentation":"LeaderboardPresentation","fps":62,"image":"/9j/4AAQSkZJRgABAgAAAQAB...
[14/12/21, 13:17:25:424 COT] 000001d6 SystemOut                                                    O b833456f < {"type":"info","source":"b833456f","presentation":"LeaderboardPresentation","fps":62,"image":"/9j/4AAQSkZJRgABAgAAAQAB...
[14/12/21, 13:17:28:740 COT] 000001d6 SystemOut                                                    O Setting presentation org.icpc.tools.presentation.contest.internal.scoreboard.ScoreboardPresentation to 1 clients
[14/12/21, 13:17:28:741 COT] 000001d6 SystemOut                                                    O Setting property: presentation=1100|org.icpc.tools.presentation.contest.internal.scoreboard.ScoreboardPresentation
[14/12/21, 13:17:28:767 COT] 00000071 SystemOut                                                    O b833456f > {"type":"properties","props":{"presentation":"1100|org.icpc.tools.presentation.contest.internal.scoreboard.ScoreboardP...
[14/12/21, 13:17:29:439 COT] 000001d8 SystemOut                                                    O b833456f < {"type":"info","source":"b833456f","presentation":"ScoreboardPresentation","fps":61,"image":"/9j/4AAQSkZJRgABAgAAAQABA...
[14/12/21, 13:17:33:443 COT] 000001ab SystemOut                                                    O b833456f < {"type":"info","source":"b833456f","presentation":"ScoreboardPresentation","fps":62,"image":"/9j/4AAQSkZJRgABAgAAAQABA...
[14/12/21, 13:17:37:461 COT] 000001ab SystemOut                                                    O b833456f < {"type":"info","source":"b833456f","presentation":"ScoreboardPresentation","fps":61,"image":"/9j/4AAQSkZJRgABAgAAAQABA...
[14/12/21, 13:17:41:483 COT] 000001ae SystemOut                                                    O b833456f < {"type":"info","source":"b833456f","presentation":"ScoreboardPresentation","fps":62,"image":"/9j/4AAQSkZJRgABAgAAAQABA...
[14/12/21, 13:17:45:466 COT] 000001ae SystemOut                                                    O b833456f < {"type":"info","source":"b833456f","presentation":"ScoreboardPresentation","fps":62,"image":"/9j/4AAQSkZJRgABAgAAAQABA...
[14/12/21, 13:17:49:461 COT] 000001ad SystemOut                                                    O b833456f < {"type":"info","source":"b833456f","presentation":"ScoreboardPresentation","fps":62,"image":"/9j/4AAQSkZJRgABAgAAAQABA...
[14/12/21, 13:17:53:488 COT] 00000028 SystemOut                                                    O b833456f < {"type":"info","source":"b833456f","presentation":"ScoreboardPresentation","fps":61,"image":"/9j/4AAQSkZJRgABAgAAAQABA...
[14/12/21, 13:17:57:486 COT] 00000028 SystemOut                                                    O b833456f < {"type":"info","source":"b833456f","presentation":"ScoreboardPresentation","fps":61,"image":"/9j/4AAQSkZJRgABAgAAAQABA...
[14/12/21, 13:18:01:099 COT] 00000026 SystemOut                                                    O Restarting client b833456f
[14/12/21, 13:18:01:100 COT] 00000026 SystemOut                                                    O Restarting clients
[14/12/21, 13:18:01:131 COT] 0000007a SystemOut                                                    O b833456f > {"type":"command","source":"CDS","action":"restart"}
[14/12/21, 13:18:01:134 COT] 0000007a SystemOut                                                    O Client disconnected: 192.168.0.3 [uid b833456f]
[14/12/21, 13:18:01:645 COT] 0000007a SystemOut                                                    O 6720a0f7 > {"type":"clients","clients":[]}
[14/12/21, 13:18:05:786 COT] 00000028 SystemOut                                                    O Client connected: 192.168.0.3 [uid b833456f]
[14/12/21, 13:18:05:813 COT] 0000014e SystemOut                                                    O b833456f > {"type":"properties","props":{"presentation":"1100|org.icpc.tools.presentation.contest.internal.scoreboard.TimelinePre...
[14/12/21, 13:18:06:185 COT] 000001d8 SystemOut                                                    O b833456f < {"type":"info","source":"b833456f","client.type":"presentation","version":"2.3.491","os.name":"Windows 10","os.version...
[14/12/21, 13:18:06:192 COT] 000001d6 SystemOut                                                    O b833456f < {"type":"info","source":"b833456f","width":1366,"height":768,"hidden":false,"display":"1w"}
[14/12/21, 13:18:06:306 COT] 00000053 SystemOut                                                    O 6720a0f7 > {"type":"clients","clients":[{"name":"192.168.0.3","uid":"b833456f"}]}
[14/12/21, 13:18:06:311 COT] 00000053 SystemOut                                                    O 6720a0f7 > {"type":"clients","clients":[{"name":"192.168.0.3","uid":"b833456f","width":0,"height":0,"contest.ids":[6],"version":"...
[14/12/21, 13:18:06:539 COT] 000001d6 SystemOut                                                    O b833456f < {"type":"info","source":"b833456f","presentation":null,"fps":0,"image":"/9j/4AAQSkZJRgABAgAAAQABAAD/2wBDAAgGBgcGBQgHBw...
[14/12/21, 13:18:10:225 COT] 000001d8 SystemOut                                                    O b833456f < {"type":"info","source":"b833456f","presentation":"TimelinePresentation","fps":2,"image":"/9j/4AAQSkZJRgABAgAAAQABAAD/...
[14/12/21, 13:18:10:442 COT] 000001ab SystemOut                                                    O b833456f - Syncing time to 2ms. Recent pings: [1795ms, 3ms, 2ms, 1ms]
[14/12/21, 13:18:10:455 COT] 00000040 SystemOut                                                    O b833456f > {"type":"time","time":1639505890445}
[14/12/21, 13:18:14:215 COT] 000001ad SystemOut                                                    O b833456f < {"type":"info","source":"b833456f","presentation":"TimelinePresentation","fps":59,"image":"/9j/4AAQSkZJRgABAgAAAQABAAD...
[14/12/21, 13:18:18:305 COT] 00000026 SystemOut                                                    O b833456f < {"type":"info","source":"b833456f","presentation":"TimelinePresentation","fps":61,"image":"/9j/4AAQSkZJRgABAgAAAQABAAD...
[14/12/21, 13:18:22:228 COT] 00000028 SystemOut                                                    O b833456f < {"type":"info","source":"b833456f","presentation":"TimelinePresentation","fps":61,"image":"/9j/4AAQSkZJRgABAgAAAQABAAD...
[14/12/21, 13:18:26:221 COT] 000001d9 SystemOut                                                    O b833456f < {"type":"info","source":"b833456f","presentation":"TimelinePresentation","fps":61,"image":"/9j/4AAQSkZJRgABAgAAAQABAAD...
[14/12/21, 13:18:30:229 COT] 000001ad SystemOut                                                    O b833456f < {"type":"info","source":"b833456f","presentation":"TimelinePresentation","fps":62,"image":"/9j/4AAQSkZJRgABAgAAAQABAAD...
[14/12/21, 13:18:34:235 COT] 00000028 SystemOut                                                    O b833456f < {"type":"info","source":"b833456f","presentation":"TimelinePresentation","fps":61,"image":"/9j/4AAQSkZJRgABAgAAAQABAAD...
[14/12/21, 13:18:38:243 COT] 000001ab SystemOut                                                    O b833456f < {"type":"info","source":"b833456f","presentation":"TimelinePresentation","fps":62,"image":"/9j/4AAQSkZJRgABAgAAAQABAAD...
[14/12/21, 13:18:42:245 COT] 00000028 SystemOut                                                    O b833456f < {"type":"info","source":"b833456f","presentation":"TimelinePresentation","fps":61,"image":"/9j/4AAQSkZJRgABAgAAAQABAAD...
[14/12/21, 13:18:46:266 COT] 00000028 SystemOut                                                    O b833456f < {"type":"info","source":"b833456f","presentation":"TimelinePresentation","fps":61,"image":"/9j/4AAQSkZJRgABAgAAAQABAAD...
[14/12/21, 13:18:50:253 COT] 000001d6 SystemOut                                                    O b833456f < {"type":"info","source":"b833456f","presentation":"TimelinePresentation","fps":61,"image":"/9j/4AAQSkZJRgABAgAAAQABAAD...
[14/12/21, 13:18:54:271 COT] 000001d8 SystemOut                                                    O b833456f < {"type":"info","source":"b833456f","presentation":"TimelinePresentation","fps":62,"image":"/9j/4AAQSkZJRgABAgAAAQABAAD...
[14/12/21, 13:18:58:388 COT] 000001d9 SystemOut                                                    O b833456f < {"type":"info","source":"b833456f","presentation":"TimelinePresentation","fps":61,"image":"/9j/4AAQSkZJRgABAgAAAQABAAD...
[14/12/21, 13:19:02:281 COT] 000001d8 SystemOut                                                    O b833456f < {"type":"info","source":"b833456f","presentation":"TimelinePresentation","fps":61,"image":"/9j/4AAQSkZJRgABAgAAAQABAAD...
[14/12/21, 13:19:06:296 COT] 000001d8 SystemOut                                                    O b833456f < {"type":"info","source":"b833456f","presentation":"TimelinePresentation","fps":61,"image":"/9j/4AAQSkZJRgABAgAAAQABAAD...
[14/12/21, 13:19:10:303 COT] 000001d9 SystemOut                                                    O b833456f < {"type":"info","source":"b833456f","presentation":"TimelinePresentation","fps":62,"image":"/9j/4AAQSkZJRgABAgAAAQABAAD...
[14/12/21, 13:19:14:313 COT] 000001d9 SystemOut                                                    O b833456f < {"type":"info","source":"b833456f","presentation":"TimelinePresentation","fps":62,"image":"/9j/4AAQSkZJRgABAgAAAQABAAD...
[14/12/21, 13:19:18:311 COT] 000001d6 SystemOut                                                    O b833456f < {"type":"info","source":"b833456f","presentation":"TimelinePresentation","fps":61,"image":"/9j/4AAQSkZJRgABAgAAAQABAAD...
[14/12/21, 13:19:22:319 COT] 000001d9 SystemOut                                                    O b833456f < {"type":"info","source":"b833456f","presentation":"TimelinePresentation","fps":61,"image":"/9j/4AAQSkZJRgABAgAAAQABAAD...
[14/12/21, 13:19:26:322 COT] 000001d8 SystemOut                                                    O b833456f < {"type":"info","source":"b833456f","presentation":"TimelinePresentation","fps":62,"image":"/9j/4AAQSkZJRgABAgAAAQABAAD...
[14/12/21, 13:19:30:342 COT] 00000026 SystemOut                                                    O b833456f < {"type":"info","source":"b833456f","presentation":"TimelinePresentation","fps":62,"image":"/9j/4AAQSkZJRgABAgAAAQABAAD...
[14/12/21, 13:19:34:350 COT] 000001ae SystemOut                                                    O b833456f < {"type":"info","source":"b833456f","presentation":"TimelinePresentation","fps":61,"image":"/9j/4AAQSkZJRgABAgAAAQABAAD...
[14/12/21, 13:19:38:358 COT] 00000026 SystemOut                                                    O b833456f < {"type":"info","source":"b833456f","presentation":"TimelinePresentation","fps":62,"image":"/9j/4AAQSkZJRgABAgAAAQABAAD...
[14/12/21, 13:19:42:366 COT] 000001ab SystemOut                                                    O b833456f < {"type":"info","source":"b833456f","presentation":"TimelinePresentation","fps":62,"image":"/9j/4AAQSkZJRgABAgAAAQABAAD...
[14/12/21, 13:19:46:367 COT] 000001ab SystemOut                                                    O b833456f < {"type":"info","source":"b833456f","presentation":"TimelinePresentation","fps":62,"image":"/9j/4AAQSkZJRgABAgAAAQABAAD...
[14/12/21, 13:19:50:373 COT] 00000028 SystemOut                                                    O b833456f < {"type":"info","source":"b833456f","presentation":"TimelinePresentation","fps":62,"image":"/9j/4AAQSkZJRgABAgAAAQABAAD...
[14/12/21, 13:19:54:475 COT] 000001d9 SystemOut                                                    O b833456f < {"type":"info","source":"b833456f","presentation":"TimelinePresentation","fps":62,"image":"/9j/4AAQSkZJRgABAgAAAQABAAD...
[14/12/21, 13:19:58:395 COT] 00000026 SystemOut                                                    O b833456f < {"type":"info","source":"b833456f","presentation":"TimelinePresentation","fps":61,"image":"/9j/4AAQSkZJRgABAgAAAQABAAD...
[14/12/21, 13:20:02:406 COT] 000001d6 SystemOut                                                    O b833456f < {"type":"info","source":"b833456f","presentation":"TimelinePresentation","fps":61,"image":"/9j/4AAQSkZJRgABAgAAAQABAAD...
[14/12/21, 13:20:06:414 COT] 000001d6 SystemOut                                                    O b833456f < {"type":"info","source":"b833456f","presentation":"TimelinePresentation","fps":61,"image":"/9j/4AAQSkZJRgABAgAAAQABAAD...
[14/12/21, 13:20:10:390 COT] 00000026 SystemOut                                                    O Client disconnected: 192.168.0.3 [uid b833456f]
[14/12/21, 13:20:10:892 COT] 00000136 SystemOut                                                    O 6720a0f7 > {"type":"clients","clients":[]}
[14/12/21, 13:22:01:399 COT] 000001ae com.ibm.ws.channel.ssl.internal.SSLHandshakeErrorTracker     E CWWKO0801E: No se ha podido inicializar la conexión SSL. Se ha denegado el acceso no autorizado o los valores de seguridad han caducado. La excepción es javax.net.ssl.SSLHandshakeException: Received fatal alert: certificate_unknown
	at java.base/sun.security.ssl.Alert.createSSLException(Alert.java:131)
	at java.base/sun.security.ssl.Alert.createSSLException(Alert.java:117)
	at java.base/sun.security.ssl.TransportContext.fatal(TransportContext.java:356)
	at java.base/sun.security.ssl.Alert$AlertConsumer.consume(Alert.java:293)
	at java.base/sun.security.ssl.TransportContext.dispatch(TransportContext.java:202)
	at java.base/sun.security.ssl.SSLTransport.decode(SSLTransport.java:171)
	at java.base/sun.security.ssl.SSLEngineImpl.decode(SSLEngineImpl.java:688)
	at java.base/sun.security.ssl.SSLEngineImpl.readRecord(SSLEngineImpl.java:643)
	at java.base/sun.security.ssl.SSLEngineImpl.unwrap(SSLEngineImpl.java:461)
	at java.base/sun.security.ssl.SSLEngineImpl.unwrap(SSLEngineImpl.java:440)
	at java.base/javax.net.ssl.SSLEngine.unwrap(SSLEngine.java:637)
	at com.ibm.ws.channel.ssl.internal.SSLUtils.handleHandshake(SSLUtils.java:904)
	at com.ibm.ws.channel.ssl.internal.SSLConnectionLink.readyInbound(SSLConnectionLink.java:589)
	at com.ibm.ws.channel.ssl.internal.SSLConnectionLink.ready(SSLConnectionLink.java:336)
	at com.ibm.ws.tcpchannel.internal.NewConnectionInitialReadCallback.sendToDiscriminators(NewConnectionInitialReadCallback.java:167)
	at com.ibm.ws.tcpchannel.internal.NewConnectionInitialReadCallback.complete(NewConnectionInitialReadCallback.java:75)
	at com.ibm.ws.tcpchannel.internal.WorkQueueManager.requestComplete(WorkQueueManager.java:504)
	at com.ibm.ws.tcpchannel.internal.WorkQueueManager.attemptIO(WorkQueueManager.java:574)
	at com.ibm.ws.tcpchannel.internal.WorkQueueManager.workerRun(WorkQueueManager.java:958)
	at com.ibm.ws.tcpchannel.internal.WorkQueueManager$Worker.run(WorkQueueManager.java:1047)
	at com.ibm.ws.threading.internal.ExecutorServiceImpl$RunnableWrapper.run(ExecutorServiceImpl.java:239)
	at java.base/java.util.concurrent.ThreadPoolExecutor.runWorker(ThreadPoolExecutor.java:1128)
	at java.base/java.util.concurrent.ThreadPoolExecutor$Worker.run(ThreadPoolExecutor.java:628)
	at java.base/java.lang.Thread.run(Thread.java:834)
.
[14/12/21, 13:25:09:777 COT] 000001d6 SystemOut                                                    O Client disconnected: presAdmin [uid 6720a0f7]
[14/12/21, 13:25:23:405 COT] 00000013 com.ibm.ws.kernel.launch.internal.ServerCommandListener      A CWWKE0055I: Conclusión del servidor solicitada el martes, 14 de diciembre de 2021 a las 1:25 p. m.. El servidor cds se está cerrando.
[14/12/21, 13:25:23:428 COT] 000001dd com.ibm.ws.runtime.update.internal.RuntimeUpdateManagerImpl  A CWWKE1100I: Esperando hasta 30 segundos para que el servidor se desactive temporalmente.
[14/12/21, 13:25:23:457 COT] 000001d8 com.ibm.ws.tcpchannel.internal.TCPChannel                    I CWWKO0220I: El canal TCP defaultHttpEndpoint ha detenido la escucha de solicitudes en el host *  (IPv6) puerto 8080.
[14/12/21, 13:25:23:473 COT] 000001ad com.ibm.ws.tcpchannel.internal.TCPChannel                    I CWWKO0220I: El canal TCP defaultHttpEndpoint-ssl ha detenido la escucha de solicitudes en el host *  (IPv6) puerto 8443.
[14/12/21, 13:25:23:478 COT] 000001ad com.ibm.ws.http.internal.VirtualHostImpl                     A CWWKT0017I: Aplicación web eliminada (default_host): https://roca12ultra:8443/
[14/12/21, 13:25:24:481 COT] 000001dd com.ibm.ws.runtime.update.internal.RuntimeUpdateManagerImpl  I CWWKE1101I: La desactivación temporal del servidor ha finalizado.
[14/12/21, 13:25:24:511 COT] 000001d9 com.ibm.ws.webcontainer.servlet                              I SRVE0253I: [CDS] [/] [org.icpc.tools.cds.service.LoginServlet]: Destrucción satisfactoria.
[14/12/21, 13:25:24:512 COT] 000001d9 com.ibm.ws.webcontainer.servlet                              I SRVE0253I: [CDS] [/] [org.icpc.tools.cds.service.ErrorService]: Destrucción satisfactoria.
[14/12/21, 13:25:24:513 COT] 000001d9 com.ibm.ws.webcontainer.servlet                              I SRVE0253I: [CDS] [/] [org.icpc.tools.cds.presentations.PropertyServlet]: Destrucción satisfactoria.
[14/12/21, 13:25:24:513 COT] 000001d9 com.ibm.ws.webcontainer.servlet                              I SRVE0253I: [CDS] [/] [org.icpc.tools.cds.presentations.PresentationFilesServlet]: Destrucción satisfactoria.
[14/12/21, 13:25:24:513 COT] 000001d9 com.ibm.ws.webcontainer.servlet                              I SRVE0253I: [CDS] [/] [org.icpc.tools.cds.service.ContestWebService]: Destrucción satisfactoria.
[14/12/21, 13:25:24:514 COT] 000001d9 com.ibm.ws.webcontainer.servlet                              I SRVE0253I: [CDS] [/] [org.icpc.tools.cds.service.ContestRESTService]: Destrucción satisfactoria.
[14/12/21, 13:25:24:514 COT] 000001d9 com.ibm.ws.webcontainer.servlet                              I SRVE0253I: [CDS] [/] [/WEB-INF/jsps/overview.jsp]: Destrucción satisfactoria.
[14/12/21, 13:25:24:515 COT] 000001d9 com.ibm.ws.webcontainer.servlet                              I SRVE0253I: [CDS] [/] [/WEB-INF/jsps/errorPage.jsp]: Destrucción satisfactoria.
[14/12/21, 13:25:24:516 COT] 000001d9 com.ibm.ws.webcontainer.servlet                              I SRVE0253I: [CDS] [/] [/WEB-INF/jsps/welcome.jsp]: Destrucción satisfactoria.
[14/12/21, 13:25:24:516 COT] 000001d9 com.ibm.ws.webcontainer.servlet                              I SRVE0253I: [CDS] [/] [/WEB-INF/jsps/directory.jsp]: Destrucción satisfactoria.
[14/12/21, 13:25:24:516 COT] 000001d9 com.ibm.ws.webcontainer.servlet                              I SRVE0253I: [CDS] [/] [/WEB-INF/jsps/login.jsp]: Destrucción satisfactoria.
[14/12/21, 13:25:24:517 COT] 000001d9 com.ibm.ws.webcontainer.servlet                              I SRVE0253I: [CDS] [/] [/WEB-INF/jsps/present.jsp]: Destrucción satisfactoria.
[14/12/21, 13:25:24:517 COT] 000001d9 com.ibm.ws.webcontainer.servlet                              I SRVE0253I: [CDS] [/] [/WEB-INF/jsps/scoreboard.jsp]: Destrucción satisfactoria.
[14/12/21, 13:25:24:518 COT] 000001d9 com.ibm.ws.webcontainer.servlet                              I SRVE0253I: [CDS] [/] [org.icpc.tools.cds.web.WelcomeServlet]: Destrucción satisfactoria.
[14/12/21, 13:25:24:524 COT] 000001d9 SystemOut                                                    O Shutting down
[14/12/21, 13:25:24:525 COT] 000001d9 SystemOut                                                    O Metrics for contest 6 [REST:3,Feed:2,WS:0,Web:3,Dwnld:0,Scr:1,XML:0,Desktop:0,Webcam:0,Audio:0,Total:9]
[14/12/21, 13:25:24:613 COT] 000001d9 com.ibm.ws.app.manager.AppMessageHelper                      A CWWKZ0009I: La aplicación CDS se ha detenido correctamente.
[14/12/21, 13:25:24:820 COT] 000001dd com.ibm.ws.security.ready.internal.SecurityReadyServiceImpl  I CWWKS0009I: El servicio de seguridad se ha detenido.
[14/12/21, 13:25:24:845 COT] 000001dd ibm.ws.security.authentication.internal.jaas.JAASServiceImpl I CWWKS1124I: Se ha desactivado el plugin de autenticación colectiva con el nombre de clase NullCollectiveAuthenticationPlugin. 
[14/12/21, 13:25:25:404 COT] 00000001 com.ibm.ws.kernel.launch.internal.FrameworkManager           A CWWKE0036I: El servidor cds se ha detenido después de 19 minutos, 52,63 segundos.
