! 0
{"id":"214","type":"contests","op":"create","data":{"formal_name":"test3","penalty_time":20,"start_time":"2021-07-07T20:40:03+02:00","end_time":"2021-07-09T20:40:00+02:00","duration":"47:59:57.000","scoreboard_freeze_duration":"24:00:00.000","id":"5","external_id":null,"name":"test3","shortname":"test3"},"time":"2021-07-07T20:26:27.809+02:00"}
{"id":"215","type":"judgement-types","op":"create","data":{"id":"AC","name":"correct","penalty":false,"solved":true},"time":"2021-07-07T20:26:27.813+02:00"}
{"id":"216","type":"judgement-types","op":"create","data":{"id":"CE","name":"compiler error","penalty":true,"solved":false},"time":"2021-07-07T20:26:27.815+02:00"}
{"id":"217","type":"judgement-types","op":"create","data":{"id":"MLE","name":"memory limit","penalty":true,"solved":false},"time":"2021-07-07T20:26:27.816+02:00"}
{"id":"218","type":"judgement-types","op":"create","data":{"id":"NO","name":"no output","penalty":true,"solved":false},"time":"2021-07-07T20:26:27.817+02:00"}
{"id":"219","type":"judgement-types","op":"create","data":{"id":"OLE","name":"output limit","penalty":true,"solved":false},"time":"2021-07-07T20:26:27.819+02:00"}
{"id":"220","type":"judgement-types","op":"create","data":{"id":"PE","name":"presentation error","penalty":true,"solved":false},"time":"2021-07-07T20:26:27.820+02:00"}
{"id":"221","type":"judgement-types","op":"create","data":{"id":"RTE","name":"run error","penalty":true,"solved":false},"time":"2021-07-07T20:26:27.826+02:00"}
{"id":"222","type":"judgement-types","op":"create","data":{"id":"TLE","name":"timelimit","penalty":true,"solved":false},"time":"2021-07-07T20:26:27.828+02:00"}
{"id":"223","type":"judgement-types","op":"create","data":{"id":"WA","name":"wrong answer","penalty":true,"solved":false},"time":"2021-07-07T20:26:27.829+02:00"}
{"id":"224","type":"languages","op":"create","data":{"id":"c","name":"C","extensions":["c"],"allow_judge":true,"time_factor":1,"require_entry_point":false,"entry_point_description":null},"time":"2021-07-07T20:26:27.834+02:00"}
{"id":"225","type":"languages","op":"create","data":{"id":"cpp","name":"C++","extensions":["cpp","cc","cxx","c++"],"allow_judge":true,"time_factor":1,"require_entry_point":false,"entry_point_description":null},"time":"2021-07-07T20:26:27.836+02:00"}
{"id":"226","type":"languages","op":"create","data":{"id":"java","name":"Java","extensions":["java"],"allow_judge":true,"time_factor":1,"require_entry_point":false,"entry_point_description":"Main class"},"time":"2021-07-07T20:26:27.837+02:00"}
{"id":"227","type":"languages","op":"create","data":{"id":"kotlin","name":"Kotlin","extensions":["kt"],"allow_judge":true,"time_factor":1,"require_entry_point":true,"entry_point_description":"Main class"},"time":"2021-07-07T20:26:27.842+02:00"}
{"id":"228","type":"languages","op":"create","data":{"id":"python3","name":"Python 3","extensions":["py3"],"allow_judge":true,"time_factor":1,"require_entry_point":false,"entry_point_description":"Main file"},"time":"2021-07-07T20:26:27.844+02:00"}
{"id":"229","type":"languages","op":"create","data":{"id":"ruby","name":"Ruby","extensions":["rb"],"allow_judge":true,"time_factor":1,"require_entry_point":false,"entry_point_description":"Main file"},"time":"2021-07-07T20:26:27.847+02:00"}
{"id":"230","type":"problems","op":"create","data":{"ordinal":2,"short_name":"Hello","id":"1","label":"Hello","time_limit":5,"externalid":"hello","name":"Hello World","rgb":"#ffff00","color":"yellow","test_data_count":1},"time":"2021-07-07T20:26:27.862+02:00"}
{"id":"231","type":"problems","op":"create","data":{"ordinal":1,"short_name":"Float","id":"2","label":"Float","time_limit":5,"externalid":"fltcmp","name":"Float special compare test","rgb":"#6105ff","color":"darkviolet","test_data_count":3},"time":"2021-07-07T20:26:27.865+02:00"}
{"id":"232","type":"problems","op":"create","data":{"ordinal":0,"short_name":"Boolean","id":"3","label":"Boolean","time_limit":5,"externalid":"boolfind","name":"Boolean switch search","rgb":"#ff0313","color":"red","test_data_count":1},"time":"2021-07-07T20:26:27.867+02:00"}
{"id":"233","type":"groups","op":"create","data":{"hidden":true,"icpc_id":"1","id":"1","name":"System","sortorder":9,"color":"#ff2bea"},"time":"2021-07-07T20:26:27.872+02:00"}
{"id":"234","type":"groups","op":"create","data":{"hidden":false,"icpc_id":"2","id":"2","name":"Self-Registered","sortorder":8,"color":"#33cc44"},"time":"2021-07-07T20:26:27.876+02:00"}
{"id":"235","type":"groups","op":"create","data":{"hidden":false,"icpc_id":"3","id":"3","name":"Participants","sortorder":0,"color":"#ffc7ce"},"time":"2021-07-07T20:26:27.878+02:00"}
{"id":"236","type":"groups","op":"create","data":{"hidden":false,"icpc_id":"4","id":"4","name":"Observers","sortorder":1,"color":"#ffcc33"},"time":"2021-07-07T20:26:27.879+02:00"}
{"id":"237","type":"groups","op":"create","data":{"hidden":true,"icpc_id":"5","id":"5","name":"Organisation","sortorder":1,"color":"#ff99cc"},"time":"2021-07-07T20:26:27.881+02:00"}
{"id":"238","type":"organizations","op":"create","data":{"icpc_id":"3","shortname":"UECCI","id":"3","name":"UECCI","formal_name":"GPC - UNIECCI","country":"COL"},"time":"2021-07-07T20:26:27.885+02:00"}
{"id":"239","type":"teams","op":"create","data":{"externalid":null,"group_ids":["1"],"affiliation":null,"nationality":null,"id":"1","icpc_id":null,"name":"DOMjudge","organization_id":null,"members":null},"time":"2021-07-07T20:26:27.892+02:00"}
{"id":"240","type":"teams","op":"create","data":{"externalid":null,"group_ids":["3"],"affiliation":null,"nationality":null,"id":"2","icpc_id":null,"name":"Example teamname","organization_id":null,"members":null},"time":"2021-07-07T20:26:27.894+02:00"}
{"id":"241","type":"teams","op":"create","data":{"externalid":null,"group_ids":["3"],"affiliation":"GPC - UNIECCI","nationality":"COL","id":"3","icpc_id":null,"name":"ARTEMISA","organization_id":"3","members":null},"time":"2021-07-07T20:26:27.896+02:00"}
{"id":"242","type":"state","op":"update","data":{"started":null,"ended":null,"frozen":null,"thawed":null,"finalized":null,"end_of_updates":null},"time":"2021-07-07T20:26:27.898+02:00"}
{"id":"243","type":"contests","op":"update","data":{"formal_name":"test3","penalty_time":20,"start_time":"2021-07-07T20:40:03+02:00","end_time":"2021-07-09T20:40:00+02:00","duration":"47:59:57.000","scoreboard_freeze_duration":"24:00:00.000","id":"5","external_id":null,"name":"test3","shortname":"test3"},"time":"2021-07-07T20:26:27.804+02:00"}





























{"id":"244","type":"state","op":"update","data":{"started":"2021-07-07T20:32:05.000+02:00","ended":null,"frozen":null,"thawed":null,"finalized":null,"end_of_updates":null},"time":"2021-07-07T20:32:05.335+02:00"}
{"id":"245","type":"contests","op":"update","data":{"formal_name":"test3","penalty_time":20,"start_time":"2021-07-07T20:32:05+02:00","end_time":"2021-07-09T20:40:00+02:00","duration":"48:07:55.000","scoreboard_freeze_duration":"24:00:00.000","id":"5","external_id":null,"name":"test3","shortname":"test3"},"time":"2021-07-07T20:32:05.332+02:00"}


{"id":"246","type":"submissions","op":"create","data":{"language_id":"python3","time":"2021-07-07T20:32:28.709+02:00","contest_time":"0:00:23.709","id":"6","externalid":null,"team_id":"2","problem_id":"1","entry_point":null,"files":[{"href":"contests/5/submissions/6/files","mime":"application/zip"}]},"time":"2021-07-07T20:32:28.725+02:00"}
{"id":"247","type":"judgements","op":"create","data":{"max_run_time":null,"start_time":"2021-07-07T20:32:29.934+02:00","start_contest_time":"0:00:24.934","end_time":null,"end_contest_time":null,"id":"7","submission_id":"6","valid":true,"judgehost":"domjudge-live-0","judgement_type_id":null},"time":"2021-07-07T20:32:29.943+02:00"}
{"id":"248","type":"submissions","op":"update","data":{"language_id":"python3","time":"2021-07-07T20:32:28.709+02:00","contest_time":"0:00:23.709","id":"6","externalid":null,"team_id":"2","problem_id":"1","entry_point":"","files":[{"href":"contests/5/submissions/6/files","mime":"application/zip"}]},"time":"2021-07-07T20:32:30.652+02:00"}
{"id":"249","type":"runs","op":"create","data":{"run_time":0.013,"time":"2021-07-07T20:32:31.241+02:00","contest_time":"0:00:26.241","ordinal":1,"id":"5","judgement_id":"7","judgement_type_id":"AC"},"time":"2021-07-07T20:32:31.257+02:00"}
{"id":"250","type":"judgements","op":"update","data":{"max_run_time":0.013,"start_time":"2021-07-07T20:32:29.934+02:00","start_contest_time":"0:00:24.934","end_time":"2021-07-07T20:32:31.267+02:00","end_contest_time":"0:00:26.266","id":"7","submission_id":"6","valid":true,"judgehost":"domjudge-live-0","judgement_type_id":"AC"},"time":"2021-07-07T20:32:31.293+02:00"}


{"id":"251","type":"submissions","op":"create","data":{"language_id":"python3","time":"2021-07-07T20:33:01.159+02:00","contest_time":"0:00:56.159","id":"7","externalid":null,"team_id":"2","problem_id":"2","entry_point":null,"files":[{"href":"contests/5/submissions/7/files","mime":"application/zip"}]},"time":"2021-07-07T20:33:01.175+02:00"}
{"id":"252","type":"judgements","op":"create","data":{"max_run_time":null,"start_time":"2021-07-07T20:33:02.276+02:00","start_contest_time":"0:00:57.276","end_time":null,"end_contest_time":null,"id":"8","submission_id":"7","valid":true,"judgehost":"domjudge-live-0","judgement_type_id":null},"time":"2021-07-07T20:33:02.286+02:00"}
{"id":"253","type":"submissions","op":"update","data":{"language_id":"python3","time":"2021-07-07T20:33:01.159+02:00","contest_time":"0:00:56.159","id":"7","externalid":null,"team_id":"2","problem_id":"2","entry_point":"","files":[{"href":"contests/5/submissions/7/files","mime":"application/zip"}]},"time":"2021-07-07T20:33:02.960+02:00"}
{"id":"254","type":"runs","op":"create","data":{"run_time":0.012,"time":"2021-07-07T20:33:03.617+02:00","contest_time":"0:00:58.617","ordinal":1,"id":"6","judgement_id":"8","judgement_type_id":"WA"},"time":"2021-07-07T20:33:03.626+02:00"}
{"id":"255","type":"runs","op":"create","data":{"run_time":0.014,"time":"2021-07-07T20:33:04.476+02:00","contest_time":"0:00:59.476","ordinal":2,"id":"7","judgement_id":"8","judgement_type_id":"WA"},"time":"2021-07-07T20:33:04.494+02:00"}
{"id":"256","type":"runs","op":"create","data":{"run_time":0.014,"time":"2021-07-07T20:33:05.015+02:00","contest_time":"0:01:00.015","ordinal":3,"id":"8","judgement_id":"8","judgement_type_id":"WA"},"time":"2021-07-07T20:33:05.027+02:00"}
{"id":"257","type":"judgements","op":"update","data":{"max_run_time":0.014,"start_time":"2021-07-07T20:33:02.276+02:00","start_contest_time":"0:00:57.276","end_time":"2021-07-07T20:33:05.037+02:00","end_contest_time":"0:01:00.037","id":"8","submission_id":"7","valid":true,"judgehost":"domjudge-live-0","judgement_type_id":"WA"},"time":"2021-07-07T20:33:05.053+02:00"}









































































