! 0
{"type":"contests","id":"cdF0","op":"create","data":{"id":"5","name":"test3","formal_name":"test3","start_time":"2021-07-07T13:40:03.000-05","duration":"47:59:57.000","scoreboard_freeze_duration":"24:00:00.000","penalty_time":20}}
{"type":"judgement-types","id":"cdF1","op":"create","data":{"id":"AC","name":"correct","penalty":false,"solved":true}}
{"type":"judgement-types","id":"cdF2","op":"create","data":{"id":"CE","name":"compiler error","penalty":true,"solved":false}}
{"type":"judgement-types","id":"cdF3","op":"create","data":{"id":"MLE","name":"memory limit","penalty":true,"solved":false}}
{"type":"judgement-types","id":"cdF4","op":"create","data":{"id":"NO","name":"no output","penalty":true,"solved":false}}
{"type":"judgement-types","id":"cdF5","op":"create","data":{"id":"OLE","name":"output limit","penalty":true,"solved":false}}
{"type":"judgement-types","id":"cdF6","op":"create","data":{"id":"PE","name":"presentation error","penalty":true,"solved":false}}
{"type":"judgement-types","id":"cdF7","op":"create","data":{"id":"RTE","name":"run error","penalty":true,"solved":false}}
{"type":"judgement-types","id":"cdF8","op":"create","data":{"id":"TLE","name":"timelimit","penalty":true,"solved":false}}
{"type":"judgement-types","id":"cdF9","op":"create","data":{"id":"WA","name":"wrong answer","penalty":true,"solved":false}}
{"type":"languages","id":"cdF10","op":"create","data":{"id":"c","name":"C"}}
{"type":"languages","id":"cdF11","op":"create","data":{"id":"cpp","name":"C++"}}
{"type":"languages","id":"cdF12","op":"create","data":{"id":"java","name":"Java"}}
{"type":"languages","id":"cdF13","op":"create","data":{"id":"kotlin","name":"Kotlin"}}
{"type":"languages","id":"cdF14","op":"create","data":{"id":"python3","name":"Python 3"}}
{"type":"languages","id":"cdF15","op":"create","data":{"id":"ruby","name":"Ruby"}}
{"type":"problems","id":"cdF16","op":"create","data":{"id":"1","label":"Hello","name":"Hello World","ordinal":2,"color":"yellow","rgb":"#ffff00","test_data_count":1,"time_limit":5}}
{"type":"problems","id":"cdF17","op":"create","data":{"id":"2","label":"Float","name":"Float special compare test","ordinal":1,"color":"darkviolet","rgb":"#6105ff","test_data_count":3,"time_limit":5}}
{"type":"problems","id":"cdF18","op":"create","data":{"id":"3","label":"Boolean","name":"Boolean switch search","ordinal":0,"color":"red","rgb":"#ff0313","test_data_count":1,"time_limit":5}}
{"type":"groups","id":"cdF19","op":"create","data":{"id":"1","icpc_id":"1","name":"System","hidden":true}}
{"type":"groups","id":"cdF20","op":"create","data":{"id":"2","icpc_id":"2","name":"Self-Registered"}}
{"type":"groups","id":"cdF21","op":"create","data":{"id":"3","icpc_id":"3","name":"Participants"}}
{"type":"groups","id":"cdF22","op":"create","data":{"id":"4","icpc_id":"4","name":"Observers"}}
{"type":"groups","id":"cdF23","op":"create","data":{"id":"5","icpc_id":"5","name":"Organisation","hidden":true}}
{"type":"organizations","id":"cdF24","op":"create","data":{"id":"3","icpc_id":"3","name":"UECCI","formal_name":"GPC - UNIECCI","country":"COL"}}
{"type":"teams","id":"cdF25","op":"create","data":{"id":"1","name":"DOMjudge","group_ids":["1"]}}
{"type":"teams","id":"cdF26","op":"create","data":{"id":"2","name":"Example teamname","group_ids":["3"]}}
{"type":"teams","id":"cdF27","op":"create","data":{"id":"3","name":"ARTEMISA","group_ids":["3"],"organization_id":"3"}}
{"type":"state","id":"cdF28","op":"create","data":{"started":null,"ended":null,"finalized":null,"end_of_updates":null}}
{"type":"state","id":"cdF29","op":"update","data":{"started":"2021-07-07T13:32:05.000-05","ended":null,"finalized":null,"end_of_updates":null}}
{"type":"contests","id":"cdF30","op":"update","data":{"id":"5","name":"test3","formal_name":"test3","start_time":"2021-07-07T13:32:05.000-05","duration":"48:07:55.000","scoreboard_freeze_duration":"24:00:00.000","penalty_time":20}}
{"type":"submissions","id":"cdF31","op":"create","data":{"id":"6","problem_id":"1","team_id":"2","language_id":"python3","files":[{"href":"contests/5/submissions/6/files","mime":"application/zip"}],"contest_time":"0:00:23.709","time":"2021-07-07T13:32:28.709-05"}}
{"type":"judgements","id":"cdF32","op":"create","data":{"id":"7","submission_id":"6","judgement_type_id":null,"start_contest_time":"0:00:24.934","start_time":"2021-07-07T13:32:29.934-05","end_contest_time":null,"end_time":null}}
{"type":"submissions","id":"cdF33","op":"update","data":{"id":"6","problem_id":"1","team_id":"2","language_id":"python3","entry_point":"","files":[{"href":"contests/5/submissions/6/files","mime":"application/zip"}],"contest_time":"0:00:23.709","time":"2021-07-07T13:32:28.709-05"}}
{"type":"runs","id":"cdF34","op":"create","data":{"id":"5","judgement_id":"7","judgement_type_id":"AC","ordinal":1,"run_time":0.013,"contest_time":"0:00:26.241","time":"2021-07-07T13:32:31.241-05"}}
{"type":"judgements","id":"cdF35","op":"update","data":{"id":"7","submission_id":"6","judgement_type_id":"AC","max_run_time":0.013,"start_contest_time":"0:00:24.934","start_time":"2021-07-07T13:32:29.934-05","end_contest_time":"0:00:26.266","end_time":"2021-07-07T13:32:31.267-05"}}
{"type":"submissions","id":"cdF36","op":"create","data":{"id":"7","problem_id":"2","team_id":"2","language_id":"python3","files":[{"href":"contests/5/submissions/7/files","mime":"application/zip"}],"contest_time":"0:00:56.159","time":"2021-07-07T13:33:01.159-05"}}
{"type":"judgements","id":"cdF37","op":"create","data":{"id":"8","submission_id":"7","judgement_type_id":null,"start_contest_time":"0:00:57.276","start_time":"2021-07-07T13:33:02.276-05","end_contest_time":null,"end_time":null}}
{"type":"submissions","id":"cdF38","op":"update","data":{"id":"7","problem_id":"2","team_id":"2","language_id":"python3","entry_point":"","files":[{"href":"contests/5/submissions/7/files","mime":"application/zip"}],"contest_time":"0:00:56.159","time":"2021-07-07T13:33:01.159-05"}}
{"type":"runs","id":"cdF39","op":"create","data":{"id":"6","judgement_id":"8","judgement_type_id":"WA","ordinal":1,"run_time":0.012,"contest_time":"0:00:58.617","time":"2021-07-07T13:33:03.617-05"}}
{"type":"runs","id":"cdF40","op":"create","data":{"id":"7","judgement_id":"8","judgement_type_id":"WA","ordinal":2,"run_time":0.014,"contest_time":"0:00:59.476","time":"2021-07-07T13:33:04.476-05"}}
{"type":"runs","id":"cdF41","op":"create","data":{"id":"8","judgement_id":"8","judgement_type_id":"WA","ordinal":3,"run_time":0.014,"contest_time":"0:01:00.015","time":"2021-07-07T13:33:05.015-05"}}
{"type":"judgements","id":"cdF42","op":"update","data":{"id":"8","submission_id":"7","judgement_type_id":"WA","max_run_time":0.014,"start_contest_time":"0:00:57.276","start_time":"2021-07-07T13:33:02.276-05","end_contest_time":"0:01:00.037","end_time":"2021-07-07T13:33:05.037-05"}}
{"type":"submissions","id":"cdF43","op":"create","data":{"id":"8","problem_id":"3","team_id":"2","language_id":"python3","files":[{"href":"contests/5/submissions/8/files","mime":"application/zip"}],"contest_time":"0:51:42.200","time":"2021-07-07T14:23:47.200-05"}}
{"type":"judgements","id":"cdF44","op":"create","data":{"id":"9","submission_id":"8","judgement_type_id":null,"start_contest_time":"0:51:44.047","start_time":"2021-07-07T14:23:49.047-05","end_contest_time":null,"end_time":null}}
{"type":"submissions","id":"cdF45","op":"update","data":{"id":"8","problem_id":"3","team_id":"2","language_id":"python3","entry_point":"","files":[{"href":"contests/5/submissions/8/files","mime":"application/zip"}],"contest_time":"0:51:42.200","time":"2021-07-07T14:23:47.200-05"}}
{"type":"runs","id":"cdF46","op":"create","data":{"id":"9","judgement_id":"9","judgement_type_id":"WA","ordinal":1,"run_time":0.012,"contest_time":"0:51:47.163","time":"2021-07-07T14:23:52.163-05"}}
{"type":"judgements","id":"cdF47","op":"update","data":{"id":"9","submission_id":"8","judgement_type_id":"WA","max_run_time":0.012,"start_contest_time":"0:51:44.047","start_time":"2021-07-07T14:23:49.047-05","end_contest_time":"0:51:47.193","end_time":"2021-07-07T14:23:52.193-05"}}
{"type":"submissions","id":"cdF48","op":"create","data":{"id":"9","problem_id":"1","team_id":"2","language_id":"python3","files":[{"href":"contests/5/submissions/9/files","mime":"application/zip"}],"contest_time":"0:52:03.356","time":"2021-07-07T14:24:08.356-05"}}
{"type":"judgements","id":"cdF49","op":"create","data":{"id":"10","submission_id":"9","judgement_type_id":null,"start_contest_time":"0:52:08.113","start_time":"2021-07-07T14:24:13.113-05","end_contest_time":null,"end_time":null}}
{"type":"submissions","id":"cdF50","op":"update","data":{"id":"9","problem_id":"1","team_id":"2","language_id":"python3","entry_point":"","files":[{"href":"contests/5/submissions/9/files","mime":"application/zip"}],"contest_time":"0:52:03.356","time":"2021-07-07T14:24:08.356-05"}}
{"type":"runs","id":"cdF51","op":"create","data":{"id":"10","judgement_id":"10","judgement_type_id":"AC","ordinal":1,"run_time":0.021,"contest_time":"0:52:09.404","time":"2021-07-07T14:24:14.404-05"}}
{"type":"judgements","id":"cdF52","op":"update","data":{"id":"10","submission_id":"9","judgement_type_id":"AC","max_run_time":0.021,"start_contest_time":"0:52:08.113","start_time":"2021-07-07T14:24:13.113-05","end_contest_time":"0:52:09.432","end_time":"2021-07-07T14:24:14.432-05"}}
{"type":"submissions","id":"cdF53","op":"create","data":{"id":"10","problem_id":"2","team_id":"2","language_id":"python3","files":[{"href":"contests/5/submissions/10/files","mime":"application/zip"}],"contest_time":"0:52:30.065","time":"2021-07-07T14:24:35.065-05"}}
{"type":"judgements","id":"cdF54","op":"create","data":{"id":"11","submission_id":"10","judgement_type_id":null,"start_contest_time":"0:52:30.462","start_time":"2021-07-07T14:24:35.462-05","end_contest_time":null,"end_time":null}}
{"type":"submissions","id":"cdF55","op":"update","data":{"id":"10","problem_id":"2","team_id":"2","language_id":"python3","entry_point":"","files":[{"href":"contests/5/submissions/10/files","mime":"application/zip"}],"contest_time":"0:52:30.065","time":"2021-07-07T14:24:35.065-05"}}
{"type":"runs","id":"cdF56","op":"create","data":{"id":"11","judgement_id":"11","judgement_type_id":"WA","ordinal":1,"run_time":0.014,"contest_time":"0:52:31.782","time":"2021-07-07T14:24:36.782-05"}}
{"type":"runs","id":"cdF57","op":"create","data":{"id":"12","judgement_id":"11","judgement_type_id":"WA","ordinal":2,"run_time":0.014,"contest_time":"0:52:32.109","time":"2021-07-07T14:24:37.109-05"}}
{"type":"runs","id":"cdF58","op":"create","data":{"id":"13","judgement_id":"11","judgement_type_id":"WA","ordinal":3,"run_time":0.015,"contest_time":"0:52:32.453","time":"2021-07-07T14:24:37.453-05"}}
{"type":"judgements","id":"cdF59","op":"update","data":{"id":"11","submission_id":"10","judgement_type_id":"WA","max_run_time":0.015,"start_contest_time":"0:52:30.462","start_time":"2021-07-07T14:24:35.462-05","end_contest_time":"0:52:32.482","end_time":"2021-07-07T14:24:37.482-05"}}
{"type":"state","id":"cdF60","op":"update","data":{"started":"2021-07-07T13:32:05.000-05","ended":null,"frozen":"2021-07-08T13:40:00.000-05","finalized":null,"end_of_updates":null}}
{"type":"state","id":"cdF61","op":"update","data":{"started":"2021-07-07T13:32:05.000-05","ended":"2021-07-09T12:04:46.000-05","frozen":"2021-07-08T13:40:00.000-05","finalized":null,"end_of_updates":null}}
{"type":"contests","id":"cdF62","op":"update","data":{"id":"5","name":"test3","formal_name":"test3","start_time":"2021-07-07T13:32:05.000-05","duration":"46:32:41.000","scoreboard_freeze_duration":"22:24:46.000","penalty_time":20}}
{"type":"state","id":"cdF63","op":"update","data":{"started":"2021-07-07T13:32:05.000-05","ended":"2021-07-09T12:04:46.000-05","frozen":"2021-07-08T13:40:00.000-05","thawed":"2021-07-09T12:04:50.000-05","finalized":null,"end_of_updates":null}}
{"type":"state","id":"cdF64","op":"update","data":{"started":"2021-07-07T13:32:05.000-05","ended":"2021-07-09T12:04:46.000-05","frozen":"2021-07-08T13:40:00.000-05","thawed":"2021-07-09T12:04:50.000-05","finalized":"2021-07-09T12:04:54.924-05","end_of_updates":null}}
{"type":"state","id":"cdF65","op":"update","data":{"started":"2021-07-07T13:32:05.000-05","ended":"2021-07-09T12:04:46.000-05","frozen":"2021-07-08T13:40:00.000-05","thawed":"2021-07-09T12:04:50.000-05","finalized":"2021-07-09T12:04:54.924-05","end_of_updates":"2021-07-09T12:04:54.924-05"}}
{"type":"contests","id":"cdF66","op":"update","data":{"id":"5","name":"test3","formal_name":"test3","start_time":"2021-07-07T13:32:05.000-05","duration":"455:13:09.928","scoreboard_freeze_duration":"431:05:14.928","penalty_time":20}}
{"type":"contests","id":"cdF67","op":"update","data":{"id":"5","name":"test3","formal_name":"test3","start_time":"2021-07-07T13:32:05.000-05","duration":"455:13:09.928","scoreboard_freeze_duration":"22:24:46.000","penalty_time":20}}
{"type":"teams","id":"cdF68","op":"create","data":{"id":"4","name":"NMA","group_ids":["3"],"organization_id":"3"}}

!Connection closed normally after event cdF68

!Connecting at event cdF68

!Connection closed normally after event cdF68
