---- ICPC Resolver (2.3.491) ----
OS:  Windows 10 (amd64/10.0)
JRE: Oracle Corporation (12.0.2)
Folder: C:\Users\diego\Documents\DomJudge\icpc-resolver-from-domjudge-master
Host: ROCA12ULTRA / 192.168.0.3
Locale/TZ: es_CO / hora estándar de Colombia
Args: events.xml 
Log started 2021.07.09 13:02.48

2021.07.09 13:02.49 I Contest source verified
2021.07.09 13:02.49 I Loading from FileContestSource[events.xml]
2021.07.09 13:02.49 I Contest source verified
2021.07.09 13:02.49 I Loading contest from FileContestSource[events.xml]
2021.07.09 13:02.49 I Contest loaded
2021.07.09 13:02.49 W Contest is not valid. Run "eventFeed --validate" for details
2021.07.09 13:02.49 I Checking for predetermined steps
2021.07.09 13:02.49 I No predetermined steps found
2021.07.09 13:02.49 I Initializing resolver...
2021.07.09 13:02.49 I Removing 0 teams and 0 total objects
2021.07.09 13:02.49 I Removing 0 invalid submissions
2021.07.09 13:02.49 I Resolving...
2021.07.09 13:02.49 Resolving 0 pending submissions out of the 5 total submissions in the contest... 
2021.07.09 13:02.49 I Resolving row: 2
2021.07.09 13:02.49 I Award at row: 2 4 
2021.07.09 13:02.49 I Resolving row: 1
2021.07.09 13:02.49 I Award at row: 1 3 
2021.07.09 13:02.49 I Resolving row: 0
2021.07.09 13:02.49 I Award at row: 0 2 
2021.07.09 13:02.49 Done resolving
2021.07.09 13:02.49   Playback time: 0m 0s
2021.07.09 13:02.49   Total pauses: 17
2021.07.09 13:02.49 I   Contest states: 1
2021.07.09 13:02.49 I   Total steps: 45
2021.07.09 13:02.49 I   Time to resolve: 54ms
2021.07.09 13:02.49 I Resolution steps:
2021.07.09 13:02.49 I   Change contest state
2021.07.09 13:02.49 I   Show presentation SPLASH
2021.07.09 13:02.49 I   Pause 0
2021.07.09 13:02.49 I   Select team (none)
2021.07.09 13:02.49 I   Select submission (none)
2021.07.09 13:02.49 I   Submissions to judge: (none)
2021.07.09 13:02.49 I   Scroll to row 0
2021.07.09 13:02.49 I   Show presentation SCOREBOARD
2021.07.09 13:02.49 I   Pause 1
2021.07.09 13:02.49 I   Scroll to row 0
2021.07.09 13:02.49 I   Pause 2
2021.07.09 13:02.49 I   Select team 4: NMA
2021.07.09 13:02.49 I   Pause 3
2021.07.09 13:02.49 I   Scroll to row 0
2021.07.09 13:02.49 I   Select team 4: NMA
2021.07.09 13:02.49 I   Pause 4
2021.07.09 13:02.49 I   Select team 4: NMA HIGHLIGHT
2021.07.09 13:02.49 I   Pause 5
2021.07.09 13:02.49 I   Show presentation TEAM_AWARD
2021.07.09 13:02.49 I   Award (2nd Place)
2021.07.09 13:02.49 I   Pause 6
2021.07.09 13:02.49 I   Show presentation SCOREBOARD
2021.07.09 13:02.49 I   Pause 7
2021.07.09 13:02.49 I   Scroll to row 0
2021.07.09 13:02.49 I   Select team 3: ARTEMISA
2021.07.09 13:02.49 I   Pause 8
2021.07.09 13:02.49 I   Select team 3: ARTEMISA HIGHLIGHT
2021.07.09 13:02.49 I   Pause 9
2021.07.09 13:02.49 I   Show presentation TEAM_AWARD
2021.07.09 13:02.49 I   Award (2nd Place)
2021.07.09 13:02.49 I   Pause 10
2021.07.09 13:02.49 I   Show presentation SCOREBOARD
2021.07.09 13:02.49 I   Pause 11
2021.07.09 13:02.49 I   Scroll to row 0
2021.07.09 13:02.49 I   Select team 2: Example teamname
2021.07.09 13:02.49 I   Pause 12
2021.07.09 13:02.49 I   Select team 2: Example teamname FTS_HIGHLIGHT
2021.07.09 13:02.49 I   Pause 13
2021.07.09 13:02.49 I   Show presentation TEAM_AWARD
2021.07.09 13:02.49 I   Awards (First to solve problem C, 1st Place, First WA)
2021.07.09 13:02.49 I   Pause 14
2021.07.09 13:02.49 I   Show presentation SCOREBOARD
2021.07.09 13:02.49 I   Pause 15
2021.07.09 13:02.49 I   Select team (none)
2021.07.09 13:02.49 I   Pause 16
2021.07.09 13:02.49 I Resolution steps:
2021.07.09 13:02.49 I   Change contest state
2021.07.09 13:02.49 I   Show presentation SPLASH
2021.07.09 13:02.49 I   Pause 0
2021.07.09 13:02.49 I   Select team (none)
2021.07.09 13:02.49 I   Select submission (none)
2021.07.09 13:02.49 I   Submissions to judge: (none)
2021.07.09 13:02.49 I   Scroll to row 0
2021.07.09 13:02.49 I   Show presentation SCOREBOARD
2021.07.09 13:02.49 I   Pause 1
2021.07.09 13:02.49 I   Scroll to row 0
2021.07.09 13:02.49 I   Pause 2
2021.07.09 13:02.49 I   Select team 4: NMA
2021.07.09 13:02.49 I   Pause 3
2021.07.09 13:02.49 I   Scroll to row 0
2021.07.09 13:02.49 I   Select team 4: NMA
2021.07.09 13:02.49 I   Pause 4
2021.07.09 13:02.49 I   Select team 4: NMA HIGHLIGHT
2021.07.09 13:02.49 I   Pause 5
2021.07.09 13:02.49 I   Show presentation TEAM_AWARD
2021.07.09 13:02.49 I   Award (2nd Place)
2021.07.09 13:02.49 I   Pause 6
2021.07.09 13:02.49 I   Show presentation SCOREBOARD
2021.07.09 13:02.49 I   Pause 7
2021.07.09 13:02.49 I   Scroll to row 0
2021.07.09 13:02.49 I   Select team 3: ARTEMISA
2021.07.09 13:02.49 I   Pause 8
2021.07.09 13:02.49 I   Select team 3: ARTEMISA HIGHLIGHT
2021.07.09 13:02.49 I   Pause 9
2021.07.09 13:02.49 I   Show presentation TEAM_AWARD
2021.07.09 13:02.49 I   Award (2nd Place)
2021.07.09 13:02.49 I   Pause 10
2021.07.09 13:02.49 I   Show presentation SCOREBOARD
2021.07.09 13:02.49 I   Pause 11
2021.07.09 13:02.49 I   Scroll to row 0
2021.07.09 13:02.49 I   Select team 2: Example teamname
2021.07.09 13:02.49 I   Pause 12
2021.07.09 13:02.49 I   Select team 2: Example teamname FTS_HIGHLIGHT
2021.07.09 13:02.49 I   Pause 13
2021.07.09 13:02.49 I   Show presentation TEAM_AWARD
2021.07.09 13:02.49 I   Awards (First to solve problem C, 1st Place, First WA)
2021.07.09 13:02.49 I   Pause 14
2021.07.09 13:02.49 I   Show presentation SCOREBOARD
2021.07.09 13:02.49 I   Pause 15
2021.07.09 13:02.49 I   Select team (none)
2021.07.09 13:02.49 I   Pause 16
2021.07.09 13:02.49 I Display 1 found, modes:
2021.07.09 13:02.49 I    1366x768 @ 60hz in 32bit
2021.07.09 13:02.49 I    1280x720 @ 60hz in 32bit
2021.07.09 13:02.49 I    1024x768 @ 60hz in 32bit
2021.07.09 13:02.49 I    800x600 @ 60hz in 32bit
2021.07.09 13:02.49 I    640x480 @ 60hz in 32bit
2021.07.09 13:02.49 I    Config: false, true, true, DirectColorModel
2021.07.09 13:02.49 I Display 2 found, modes:
2021.07.09 13:02.49 I    1920x1080 @ 75hz in 32bit
2021.07.09 13:02.49 I    1920x1080 @ 60hz in 32bit
2021.07.09 13:02.49 I    1920x1080 @ 59hz in 32bit
2021.07.09 13:02.49 I    1920x1080 @ 50hz in 32bit
2021.07.09 13:02.49 I    1680x1050 @ 75hz in 32bit
2021.07.09 13:02.49 I    1680x1050 @ 60hz in 32bit
2021.07.09 13:02.49 I    1600x900 @ 75hz in 32bit
2021.07.09 13:02.49 I    1600x900 @ 60hz in 32bit
2021.07.09 13:02.49 I    1440x900 @ 75hz in 32bit
2021.07.09 13:02.49 I    1440x900 @ 60hz in 32bit
2021.07.09 13:02.49 I    1366x768 @ 75hz in 32bit
2021.07.09 13:02.49 I    1366x768 @ 60hz in 32bit
2021.07.09 13:02.49 I    1280x1024 @ 75hz in 32bit
2021.07.09 13:02.49 I    1280x1024 @ 60hz in 32bit
2021.07.09 13:02.49 I    1280x800 @ 75hz in 32bit
2021.07.09 13:02.49 I    1280x800 @ 60hz in 32bit
2021.07.09 13:02.49 I    1280x720 @ 75hz in 32bit
2021.07.09 13:02.49 I    1280x720 @ 60hz in 32bit
2021.07.09 13:02.49 I    1280x720 @ 59hz in 32bit
2021.07.09 13:02.49 I    1280x720 @ 50hz in 32bit
2021.07.09 13:02.49 I    1024x768 @ 75hz in 32bit
2021.07.09 13:02.49 I    1024x768 @ 60hz in 32bit
2021.07.09 13:02.49 I    800x600 @ 75hz in 32bit
2021.07.09 13:02.49 I    800x600 @ 60hz in 32bit
2021.07.09 13:02.49 I    720x576 @ 75hz in 32bit
2021.07.09 13:02.49 I    720x576 @ 60hz in 32bit
2021.07.09 13:02.49 I    720x576 @ 59hz in 32bit
2021.07.09 13:02.49 I    720x576 @ 50hz in 32bit
2021.07.09 13:02.49 I    720x480 @ 75hz in 32bit
2021.07.09 13:02.49 I    720x480 @ 60hz in 32bit
2021.07.09 13:02.49 I    720x480 @ 59hz in 32bit
2021.07.09 13:02.49 I    720x400 @ 75hz in 32bit
2021.07.09 13:02.49 I    720x400 @ 70hz in 32bit
2021.07.09 13:02.49 I    720x400 @ 60hz in 32bit
2021.07.09 13:02.49 I    720x400 @ 59hz in 32bit
2021.07.09 13:02.49 I    640x480 @ 75hz in 32bit
2021.07.09 13:02.49 I    640x480 @ 60hz in 32bit
2021.07.09 13:02.49 I    640x480 @ 59hz in 32bit
2021.07.09 13:02.49 I    Config: false, true, true, DirectColorModel
2021.07.09 13:02.49 I Applying display config DisplayConfig 1 (r=java.awt.Rectangle[x=1920,y=313,width=1366,height=768],in=java.awt.Insets[top=0,left=0,bottom=40,right=0])
2021.07.09 13:02.50 I **Action: FORWARD from -1**
2021.07.09 13:02.50 I Resolving to: 0 / true
2021.07.09 13:02.50 I Step 0 <  Change contest state
2021.07.09 13:02.50 I Step 1 <  Show presentation SPLASH
2021.07.09 13:02.50 I New presentation plan in 0ms
2021.07.09 13:02.50 I Initializing presentation SplashPresentation
2021.07.09 13:02.50 I Building presentation plan
2021.07.09 13:02.50 I Building presentation plan
2021.07.09 13:02.50 I Next presentation plan: Presentation plan 1625853770085 -> 9223372036854775807, 315360000000
  Segment [0 -> 315360000000, SplashPresentation > null > null, 0]
2021.07.09 13:02.50 I **Paused at -1**
2021.07.09 13:02.50 I Switching presentation plans: null -> Presentation plan 1625853770085 -> 9223372036854775807, 315360000000
  Segment [0 -> 315360000000, SplashPresentation > null > null, 0]
