---- ICPC Presentation Admin (2.3.491) ----
OS:  Windows 10 (amd64/10.0)
JRE: Oracle Corporation (12.0.2)
Folder: C:\Users\diego\Documents\DomJudge\1. presentationAdmin
Host: ROCA12ULTRA / 192.168.0.3
Locale/TZ: es_CO / hora estándar de Colombia
Args: https://localhost:8443 presAdmin padm1n 
Log started 2021.12.09 10:02.57

2021.12.09 10:02.58 I Download https://localhost:8443/presentation/ to C:\Users\diego\AppData\Local\Temp\org.icpc.tools.cache.localhost\presentation\listing.dir (200) (8.1kb in 126ms)
2021.12.09 10:02.59 I Updates found on CDS: 0
2021.12.09 10:02.59 presAdmin connecting...
2021.12.09 10:03.00 presAdmin connected
2021.12.09 10:03.00 I > {"type":"pres_list"}
2021.12.09 10:03.00 I > {"type":"info","source":"6720a0f7","client.type":"pres-admin","version":"2.3.491","os.name":"Windows 10","os.version":...
2021.12.09 10:03.01 I < {"type":"clients","clients":[]}
2021.12.09 10:03.01 I < {"type":"ping"}
2021.12.09 10:03.01 I > {"type":"ping"}
2021.12.09 10:03.01 I < {"type":"pres_list","file":"UEsDBBQACAgIADFf51IAAAAAAAAAAAAAAAAaAAAATUVUQS1JTkYvcHJlc2VudGF0aW9ucy54bWzNnOtz2zYSwL/3r8...
2021.12.09 10:03.01 I Looking for presentations in C:\Users\diego\AppData\Local\Temp\presentAdmin788748106729925110zip
2021.12.09 10:03.01 I    Found 65 presentations
2021.12.09 10:03.01 I    Found 19 transitions
2021.12.09 10:03.01 I < {"type":"ping"}
2021.12.09 10:03.01 I > {"type":"ping"}
2021.12.09 10:03.02 I < {"type":"ping"}
2021.12.09 10:03.02 I > {"type":"ping"}
2021.12.09 10:03.02 I < {"type":"ping"}
2021.12.09 10:03.02 I > {"type":"ping"}
2021.12.09 10:03.02 I < {"type":"time","time":1639062182946}
2021.12.09 10:03.02 I Nano time diff: 1638801679388
2021.12.09 10:03.02 I > {"type":"ping"}
2021.12.09 10:03.16 I > {"type":"properties","clients":[],"props":{"presentation":"1100|org.icpc.tools.presentation.contest.internal.scoreboar...
2021.12.09 10:03.26 I < {"type":"ping"}
2021.12.09 10:03.26 I > {"type":"ping"}
2021.12.09 10:03.37 I < {"type":"clients","clients":[{"name":"192.168.0.3","uid":"b833456f"}]}
2021.12.09 10:03.38 I < {"type":"clients","clients":[]}
2021.12.09 10:03.56 I < {"type":"ping"}
2021.12.09 10:03.56 I > {"type":"ping"}
2021.12.09 10:04.26 I < {"type":"ping"}
2021.12.09 10:04.26 I > {"type":"ping"}
2021.12.09 10:04.55 I < {"type":"clients","clients":[{"name":"192.168.0.3","uid":"b833456f"}]}
2021.12.09 10:04.56 I < {"type":"info","source":"b833456f","width":1366,"height":768,"hidden":false,"display":"1w"}
2021.12.09 10:04.56 I < {"type":"clients","clients":[{"name":"192.168.0.3","uid":"b833456f","width":1366,"height":768,"contest.ids":[5],"versi...
2021.12.09 10:04.56 I < {"type":"ping"}
2021.12.09 10:04.56 I > {"type":"ping"}
2021.12.09 10:04.57 I < {"type":"info","source":"b833456f","presentation":null,"fps":0,"image":"/9j/4AAQSkZJRgABAgAAAQABAAD/2wBDAAgGBgcGBQgHBw...
2021.12.09 10:05.03 I > {"type":"properties","clients":[],"props":{"presentation":"1100|org.icpc.tools.presentation.contest.internal.scoreboar...
2021.12.09 10:05.05 I > {"type":"properties","clients":[],"props":{"presentation":"1100|org.icpc.tools.presentation.contest.internal.scoreboar...
2021.12.09 10:05.07 I < {"type":"info","source":"b833456f","presentation":null,"fps":0,"image":"/9j/4AAQSkZJRgABAgAAAQABAAD/2wBDAAgGBgcGBQgHBw...
2021.12.09 10:05.11 I > {"type":"properties","clients":[b833456f],"props":{"presentation":"1100|org.icpc.tools.presentation.contest.internal.s...
2021.12.09 10:05.14 I < {"type":"info","source":"b833456f","presentation":"ScoreboardPresentation","fps":1,"image":"/9j/4AAQSkZJRgABAgAAAQABAA...
2021.12.09 10:05.18 I < {"type":"info","source":"b833456f","presentation":"ScoreboardPresentation","fps":61,"image":"/9j/4AAQSkZJRgABAgAAAQABA...
2021.12.09 10:05.22 I < {"type":"info","source":"b833456f","presentation":"ScoreboardPresentation","fps":62,"image":"/9j/4AAQSkZJRgABAgAAAQABA...
2021.12.09 10:05.26 I < {"type":"ping"}
2021.12.09 10:05.26 I > {"type":"ping"}
2021.12.09 10:05.26 I < {"type":"info","source":"b833456f","presentation":"ScoreboardPresentation","fps":62,"image":"/9j/4AAQSkZJRgABAgAAAQABA...
2021.12.09 10:05.30 I < {"type":"info","source":"b833456f","presentation":"ScoreboardPresentation","fps":63,"image":"/9j/4AAQSkZJRgABAgAAAQABA...
2021.12.09 10:05.34 I < {"type":"info","source":"b833456f","presentation":"ScoreboardPresentation","fps":63,"image":"/9j/4AAQSkZJRgABAgAAAQABA...
2021.12.09 10:05.38 I < {"type":"info","source":"b833456f","presentation":"ScoreboardPresentation","fps":62,"image":"/9j/4AAQSkZJRgABAgAAAQABA...
2021.12.09 10:05.42 I < {"type":"info","source":"b833456f","presentation":"ScoreboardPresentation","fps":62,"image":"/9j/4AAQSkZJRgABAgAAAQABA...
2021.12.09 10:05.46 I < {"type":"info","source":"b833456f","presentation":"ScoreboardPresentation","fps":62,"image":"/9j/4AAQSkZJRgABAgAAAQABA...
2021.12.09 10:05.50 I < {"type":"info","source":"b833456f","presentation":"ScoreboardPresentation","fps":62,"image":"/9j/4AAQSkZJRgABAgAAAQABA...
2021.12.09 10:05.54 I < {"type":"info","source":"b833456f","presentation":"ScoreboardPresentation","fps":61,"image":"/9j/4AAQSkZJRgABAgAAAQABA...
2021.12.09 10:05.56 I < {"type":"ping"}
2021.12.09 10:05.56 I > {"type":"ping"}
2021.12.09 10:05.58 I < {"type":"info","source":"b833456f","presentation":"ScoreboardPresentation","fps":62,"image":"/9j/4AAQSkZJRgABAgAAAQABA...
2021.12.09 10:06.02 I < {"type":"info","source":"b833456f","presentation":"ScoreboardPresentation","fps":63,"image":"/9j/4AAQSkZJRgABAgAAAQABA...
2021.12.09 10:06.06 I < {"type":"info","source":"b833456f","presentation":"ScoreboardPresentation","fps":63,"image":"/9j/4AAQSkZJRgABAgAAAQABA...
2021.12.09 10:06.10 I < {"type":"info","source":"b833456f","presentation":"ScoreboardPresentation","fps":61,"image":"/9j/4AAQSkZJRgABAgAAAQABA...
2021.12.09 10:06.14 I > {"type":"properties","clients":[b833456f],"props":{"presentation":"1100|org.icpc.tools.presentation.contest.internal.s...
2021.12.09 10:06.14 I < {"type":"info","source":"b833456f","presentation":"TimelinePresentation","fps":62,"image":"/9j/4AAQSkZJRgABAgAAAQABAAD...
2021.12.09 10:06.18 I < {"type":"info","source":"b833456f","presentation":"TimelinePresentation","fps":63,"image":"/9j/4AAQSkZJRgABAgAAAQABAAD...
2021.12.09 10:06.22 I < {"type":"info","source":"b833456f","presentation":"TimelinePresentation","fps":63,"image":"/9j/4AAQSkZJRgABAgAAAQABAAD...
2021.12.09 10:06.23 I < {"type":"clients","clients":[]}
2021.12.09 10:06.26 I < {"type":"ping"}
2021.12.09 10:06.26 I > {"type":"ping"}
2021.12.09 10:06.51 I < {"type":"clients","clients":[{"name":"192.168.0.3","uid":"b833456f"}]}
2021.12.09 10:06.51 I < {"type":"clients","clients":[{"name":"192.168.0.3","uid":"b833456f","width":0,"height":0,"contest.ids":[5],"version":"...
2021.12.09 10:06.52 I < {"type":"info","source":"b833456f","width":1366,"height":768,"hidden":false,"display":"1w"}
2021.12.09 10:06.52 I < {"type":"info","source":"b833456f","presentation":null,"fps":0,"image":"/9j/4AAQSkZJRgABAgAAAQABAAD/2wBDAAgGBgcGBQgHBw...
2021.12.09 10:06.56 I < {"type":"info","source":"b833456f","presentation":"TimelinePresentation","fps":59,"image":"/9j/4AAQSkZJRgABAgAAAQABAAD...
2021.12.09 10:06.56 I < {"type":"ping"}
2021.12.09 10:06.56 I > {"type":"ping"}
2021.12.09 10:07.00 I < {"type":"info","source":"b833456f","presentation":"FirstSolutionPresentation","fps":54,"image":"/9j/4AAQSkZJRgABAgAAAQ...
2021.12.09 10:07.04 I < {"type":"info","source":"b833456f","presentation":"FirstSolutionPresentation","fps":61,"image":"/9j/4AAQSkZJRgABAgAAAQ...
2021.12.09 10:07.08 I < {"type":"info","source":"b833456f","presentation":"FirstSolutionPresentation","fps":61,"image":"/9j/4AAQSkZJRgABAgAAAQ...
2021.12.09 10:07.12 I < {"type":"info","source":"b833456f","presentation":"FirstSolutionPresentation","fps":61,"image":"/9j/4AAQSkZJRgABAgAAAQ...
2021.12.09 10:07.16 I < {"type":"info","source":"b833456f","presentation":"FirstSolutionPresentation","fps":61,"image":"/9j/4AAQSkZJRgABAgAAAQ...
2021.12.09 10:07.20 I < {"type":"info","source":"b833456f","presentation":"FirstSolutionPresentation","fps":61,"image":"/9j/4AAQSkZJRgABAgAAAQ...
2021.12.09 10:07.24 I < {"type":"info","source":"b833456f","presentation":"FirstSolutionPresentation","fps":61,"image":"/9j/4AAQSkZJRgABAgAAAQ...
2021.12.09 10:07.26 I < {"type":"ping"}
2021.12.09 10:07.26 I > {"type":"ping"}
2021.12.09 10:07.28 I < {"type":"info","source":"b833456f","presentation":"FirstSolutionPresentation","fps":61,"image":"/9j/4AAQSkZJRgABAgAAAQ...
2021.12.09 10:07.32 I < {"type":"info","source":"b833456f","presentation":"FirstSolutionPresentation","fps":62,"image":"/9j/4AAQSkZJRgABAgAAAQ...
2021.12.09 10:07.36 I < {"type":"info","source":"b833456f","presentation":"FirstSolutionPresentation","fps":61,"image":"/9j/4AAQSkZJRgABAgAAAQ...
2021.12.09 10:07.40 I < {"type":"info","source":"b833456f","presentation":"FirstSolutionPresentation","fps":61,"image":"/9j/4AAQSkZJRgABAgAAAQ...
2021.12.09 10:07.44 I < {"type":"info","source":"b833456f","presentation":"FirstSolutionPresentation","fps":61,"image":"/9j/4AAQSkZJRgABAgAAAQ...
2021.12.09 10:07.48 I < {"type":"info","source":"b833456f","presentation":"FirstSolutionPresentation","fps":61,"image":"/9j/4AAQSkZJRgABAgAAAQ...
2021.12.09 10:07.52 I < {"type":"info","source":"b833456f","presentation":"FirstSolutionPresentation","fps":61,"image":"/9j/4AAQSkZJRgABAgAAAQ...
2021.12.09 10:07.56 I < {"type":"info","source":"b833456f","presentation":"FirstSolutionPresentation","fps":62,"image":"/9j/4AAQSkZJRgABAgAAAQ...
2021.12.09 10:07.56 I < {"type":"ping"}
2021.12.09 10:07.56 I > {"type":"ping"}
2021.12.09 10:08.00 I < {"type":"info","source":"b833456f","presentation":"FirstSolutionPresentation","fps":61,"image":"/9j/4AAQSkZJRgABAgAAAQ...
2021.12.09 10:08.04 I < {"type":"info","source":"b833456f","presentation":"FirstSolutionPresentation","fps":61,"image":"/9j/4AAQSkZJRgABAgAAAQ...
2021.12.09 10:08.08 I < {"type":"info","source":"b833456f","presentation":"FirstSolutionPresentation","fps":61,"image":"/9j/4AAQSkZJRgABAgAAAQ...
2021.12.09 10:08.12 I < {"type":"info","source":"b833456f","presentation":"FirstSolutionPresentation","fps":62,"image":"/9j/4AAQSkZJRgABAgAAAQ...
2021.12.09 10:08.16 I < {"type":"info","source":"b833456f","presentation":"FirstSolutionPresentation","fps":62,"image":"/9j/4AAQSkZJRgABAgAAAQ...
2021.12.09 10:08.20 I < {"type":"info","source":"b833456f","presentation":"FirstSolutionPresentation","fps":61,"image":"/9j/4AAQSkZJRgABAgAAAQ...
2021.12.09 10:08.24 I < {"type":"info","source":"b833456f","presentation":"FirstSolutionPresentation","fps":62,"image":"/9j/4AAQSkZJRgABAgAAAQ...
2021.12.09 10:08.26 I < {"type":"ping"}
2021.12.09 10:08.26 I > {"type":"ping"}
2021.12.09 10:08.28 I < {"type":"info","source":"b833456f","presentation":"FirstSolutionPresentation","fps":62,"image":"/9j/4AAQSkZJRgABAgAAAQ...
2021.12.09 10:08.32 I < {"type":"info","source":"b833456f","presentation":"TestChartPresentation","fps":62,"image":"/9j/4AAQSkZJRgABAgAAAQABAA...
2021.12.09 10:08.36 I < {"type":"info","source":"b833456f","presentation":"StaticLogoPresentation","fps":4,"image":"/9j/4AAQSkZJRgABAgAAAQABAA...
2021.12.09 10:08.40 I < {"type":"info","source":"b833456f","presentation":"ScoreboardPresentation","fps":62,"image":"/9j/4AAQSkZJRgABAgAAAQABA...
2021.12.09 10:08.44 I < {"type":"info","source":"b833456f","presentation":"ScoreboardPresentation","fps":62,"image":"/9j/4AAQSkZJRgABAgAAAQABA...
2021.12.09 10:08.48 I < {"type":"info","source":"b833456f","presentation":"FirstSolutionPresentation","fps":62,"image":"/9j/4AAQSkZJRgABAgAAAQ...
2021.12.09 10:08.52 I < {"type":"info","source":"b833456f","presentation":"BalloonMapPresentation","fps":54,"image":"/9j/4AAQSkZJRgABAgAAAQABA...
2021.12.09 10:08.56 I < {"type":"info","source":"b833456f","presentation":"TeamIntroPresentation","fps":61,"image":"/9j/4AAQSkZJRgABAgAAAQABAA...
2021.12.09 10:08.56 I < {"type":"ping"}
2021.12.09 10:08.56 I > {"type":"ping"}
2021.12.09 10:09.00 I < {"type":"info","source":"b833456f","presentation":"GroupPresentation","fps":61,"image":"/9j/4AAQSkZJRgABAgAAAQABAAD/2w...
2021.12.09 10:09.04 I < {"type":"info","source":"b833456f","presentation":"GroupPresentation","fps":61,"image":"/9j/4AAQSkZJRgABAgAAAQABAAD/2w...
2021.12.09 10:09.08 I < {"type":"info","source":"b833456f","presentation":"ICPCToolsPresentation","fps":32,"image":"/9j/4AAQSkZJRgABAgAAAQABAA...
2021.12.09 10:09.12 I < {"type":"info","source":"b833456f","presentation":"ICPCToolsPresentation","fps":61,"image":"/9j/4AAQSkZJRgABAgAAAQABAA...
2021.12.09 10:09.13 I < {"type":"info","source":"b833456f","presentation":"BillPresentation","fps":0,"image":"/9j/4AAQSkZJRgABAgAAAQABAAD/2wBD...
2021.12.09 10:09.16 I < {"type":"info","source":"b833456f","presentation":"DoNotTouchPresentation","fps":12,"image":"/9j/4AAQSkZJRgABAgAAAQABA...
2021.12.09 10:09.20 I < {"type":"info","source":"b833456f","presentation":"DoNotTouchPresentation","fps":10,"image":"/9j/4AAQSkZJRgABAgAAAQABA...
2021.12.09 10:09.24 I < {"type":"info","source":"b833456f","presentation":"DoNotTouchPresentation","fps":10,"image":"/9j/4AAQSkZJRgABAgAAAQABA...
2021.12.09 10:09.26 I < {"type":"ping"}
2021.12.09 10:09.26 I > {"type":"ping"}
2021.12.09 10:09.28 I < {"type":"info","source":"b833456f","presentation":"DoNotTouchPresentation","fps":10,"image":"/9j/4AAQSkZJRgABAgAAAQABA...
2021.12.09 10:09.32 I < {"type":"info","source":"b833456f","presentation":"FireworksPresentation","fps":55,"image":"/9j/4AAQSkZJRgABAgAAAQABAA...
2021.12.09 10:09.36 I < {"type":"info","source":"b833456f","presentation":"TotalProblemsChart","fps":61,"image":"/9j/4AAQSkZJRgABAgAAAQABAAD/2...
2021.12.09 10:09.40 I < {"type":"info","source":"b833456f","presentation":"ProblemComparisonChart","fps":61,"image":"/9j/4AAQSkZJRgABAgAAAQABA...
2021.12.09 10:09.44 I < {"type":"info","source":"b833456f","presentation":"LanguageSummaryChart","fps":62,"image":"/9j/4AAQSkZJRgABAgAAAQABAAD...
2021.12.09 10:09.48 I < {"type":"info","source":"b833456f","presentation":"HistoricalComparisonChart","fps":61,"image":"/9j/4AAQSkZJRgABAgAAAQ...
2021.12.09 10:09.55 I < {"type":"info","source":"b833456f","presentation":"JudgeQueueDepthChart","fps":2,"image":"/9j/4AAQSkZJRgABAgAAAQABAAD/...
2021.12.09 10:09.56 I < {"type":"ping"}
2021.12.09 10:09.56 I > {"type":"ping"}
2021.12.09 10:09.56 I < {"type":"info","source":"b833456f","presentation":"BetterFireworksPresentation","fps":44,"image":"/9j/4AAQSkZJRgABAgAA...
2021.12.09 10:10.01 I < {"type":"info","source":"b833456f","presentation":"BetterFireworksPresentation","fps":31,"image":"/9j/4AAQSkZJRgABAgAA...
2021.12.09 10:10.05 I < {"type":"info","source":"b833456f","presentation":"BetterFireworksPresentation","fps":30,"image":"/9j/4AAQSkZJRgABAgAA...
2021.12.09 10:10.09 I < {"type":"info","source":"b833456f","presentation":"BetterFireworksPresentation","fps":38,"image":"/9j/4AAQSkZJRgABAgAA...
2021.12.09 10:10.13 I < {"type":"info","source":"b833456f","presentation":"BetterFireworksPresentation","fps":41,"image":"/9j/4AAQSkZJRgABAgAA...
2021.12.09 10:10.17 I < {"type":"info","source":"b833456f","presentation":"BetterFireworksPresentation","fps":29,"image":"/9j/4AAQSkZJRgABAgAA...
2021.12.09 10:10.21 I < {"type":"info","source":"b833456f","presentation":"JudgePresentation","fps":61,"image":"/9j/4AAQSkZJRgABAgAAAQABAAD/2w...
2021.12.09 10:10.25 I < {"type":"info","source":"b833456f","presentation":"JudgePresentation","fps":61,"image":"/9j/4AAQSkZJRgABAgAAAQABAAD/2w...
2021.12.09 10:10.26 I < {"type":"ping"}
2021.12.09 10:10.26 I > {"type":"ping"}
2021.12.09 10:10.29 I < {"type":"info","source":"b833456f","presentation":"JudgePresentation","fps":61,"image":"/9j/4AAQSkZJRgABAgAAAQABAAD/2w...
2021.12.09 10:10.33 I < {"type":"info","source":"b833456f","presentation":"JudgePresentation","fps":61,"image":"/9j/4AAQSkZJRgABAgAAAQABAAD/2w...
2021.12.09 10:10.37 I < {"type":"info","source":"b833456f","presentation":"JudgePresentation","fps":61,"image":"/9j/4AAQSkZJRgABAgAAAQABAAD/2w...
2021.12.09 10:10.41 I < {"type":"info","source":"b833456f","presentation":"JudgePresentation","fps":60,"image":"/9j/4AAQSkZJRgABAgAAAQABAAD/2w...
2021.12.09 10:10.45 I < {"type":"info","source":"b833456f","presentation":"JudgePresentation","fps":61,"image":"/9j/4AAQSkZJRgABAgAAAQABAAD/2w...
2021.12.09 10:10.49 I < {"type":"info","source":"b833456f","presentation":"JudgePresentation","fps":61,"image":"/9j/4AAQSkZJRgABAgAAAQABAAD/2w...
2021.12.09 10:10.53 I < {"type":"info","source":"b833456f","presentation":"JudgePresentation","fps":61,"image":"/9j/4AAQSkZJRgABAgAAAQABAAD/2w...
2021.12.09 10:10.56 I < {"type":"ping"}
2021.12.09 10:10.56 I > {"type":"ping"}
2021.12.09 10:10.56 I < {"type":"info","source":"b833456f","presentation":"JudgePresentation","fps":61,"image":"/9j/4AAQSkZJRgABAgAAAQABAAD/2w...
2021.12.09 10:11.01 I < {"type":"info","source":"b833456f","presentation":"JudgePresentation","fps":61,"image":"/9j/4AAQSkZJRgABAgAAAQABAAD/2w...
2021.12.09 10:11.05 I < {"type":"info","source":"b833456f","presentation":"JudgePresentation","fps":61,"image":"/9j/4AAQSkZJRgABAgAAAQABAAD/2w...
2021.12.09 10:11.09 I < {"type":"info","source":"b833456f","presentation":"JudgePresentation","fps":61,"image":"/9j/4AAQSkZJRgABAgAAAQABAAD/2w...
2021.12.09 10:11.13 I < {"type":"info","source":"b833456f","presentation":"JudgePresentation","fps":61,"image":"/9j/4AAQSkZJRgABAgAAAQABAAD/2w...
2021.12.09 10:11.17 I < {"type":"info","source":"b833456f","presentation":"JudgePresentation","fps":62,"image":"/9j/4AAQSkZJRgABAgAAAQABAAD/2w...
2021.12.09 10:11.21 I < {"type":"info","source":"b833456f","presentation":"JudgePresentation","fps":61,"image":"/9j/4AAQSkZJRgABAgAAAQABAAD/2w...
2021.12.09 10:11.25 I < {"type":"info","source":"b833456f","presentation":"JudgePresentation","fps":61,"image":"/9j/4AAQSkZJRgABAgAAAQABAAD/2w...
2021.12.09 10:11.26 I < {"type":"ping"}
2021.12.09 10:11.26 I > {"type":"ping"}
2021.12.09 10:11.29 I < {"type":"info","source":"b833456f","presentation":"JudgePresentation","fps":61,"image":"/9j/4AAQSkZJRgABAgAAAQABAAD/2w...
2021.12.09 10:11.33 I < {"type":"info","source":"b833456f","presentation":"JudgePresentation","fps":60,"image":"/9j/4AAQSkZJRgABAgAAAQABAAD/2w...
2021.12.09 10:11.37 I < {"type":"info","source":"b833456f","presentation":"JudgePresentation","fps":61,"image":"/9j/4AAQSkZJRgABAgAAAQABAAD/2w...
2021.12.09 10:11.41 I < {"type":"info","source":"b833456f","presentation":"JudgePresentation","fps":61,"image":"/9j/4AAQSkZJRgABAgAAAQABAAD/2w...
2021.12.09 10:11.45 I < {"type":"info","source":"b833456f","presentation":"JudgePresentation","fps":61,"image":"/9j/4AAQSkZJRgABAgAAAQABAAD/2w...
2021.12.09 10:11.49 I < {"type":"info","source":"b833456f","presentation":"JudgePresentation","fps":61,"image":"/9j/4AAQSkZJRgABAgAAAQABAAD/2w...
2021.12.09 10:11.53 I < {"type":"info","source":"b833456f","presentation":"JudgePresentation","fps":61,"image":"/9j/4AAQSkZJRgABAgAAAQABAAD/2w...
2021.12.09 10:11.56 I < {"type":"ping"}
2021.12.09 10:11.56 I > {"type":"ping"}
2021.12.09 10:11.57 I < {"type":"info","source":"b833456f","presentation":"JudgePresentation","fps":61,"image":"/9j/4AAQSkZJRgABAgAAAQABAAD/2w...
2021.12.09 10:12.01 I < {"type":"info","source":"b833456f","presentation":"JudgePresentation","fps":61,"image":"/9j/4AAQSkZJRgABAgAAAQABAAD/2w...
2021.12.09 10:12.05 I < {"type":"info","source":"b833456f","presentation":"JudgePresentation","fps":62,"image":"/9j/4AAQSkZJRgABAgAAAQABAAD/2w...
2021.12.09 10:12.09 I < {"type":"info","source":"b833456f","presentation":"JudgePresentation","fps":61,"image":"/9j/4AAQSkZJRgABAgAAAQABAAD/2w...
2021.12.09 10:12.13 I < {"type":"info","source":"b833456f","presentation":"JudgePresentation","fps":61,"image":"/9j/4AAQSkZJRgABAgAAAQABAAD/2w...
2021.12.09 10:12.17 I < {"type":"info","source":"b833456f","presentation":"JudgePresentation","fps":61,"image":"/9j/4AAQSkZJRgABAgAAAQABAAD/2w...
2021.12.09 10:12.21 I < {"type":"info","source":"b833456f","presentation":"JudgePresentation","fps":61,"image":"/9j/4AAQSkZJRgABAgAAAQABAAD/2w...
2021.12.09 10:12.25 I < {"type":"info","source":"b833456f","presentation":"JudgePresentation","fps":61,"image":"/9j/4AAQSkZJRgABAgAAAQABAAD/2w...
2021.12.09 10:12.26 I < {"type":"ping"}
2021.12.09 10:12.26 I > {"type":"ping"}
2021.12.09 10:12.29 I < {"type":"info","source":"b833456f","presentation":"JudgePresentation","fps":61,"image":"/9j/4AAQSkZJRgABAgAAAQABAAD/2w...
2021.12.09 10:12.33 I < {"type":"info","source":"b833456f","presentation":"JudgePresentation","fps":61,"image":"/9j/4AAQSkZJRgABAgAAAQABAAD/2w...
2021.12.09 10:12.37 I < {"type":"info","source":"b833456f","presentation":"JudgePresentation","fps":61,"image":"/9j/4AAQSkZJRgABAgAAAQABAAD/2w...
2021.12.09 10:12.41 I < {"type":"info","source":"b833456f","presentation":"JudgePresentation","fps":61,"image":"/9j/4AAQSkZJRgABAgAAAQABAAD/2w...
2021.12.09 10:12.45 I < {"type":"info","source":"b833456f","presentation":"JudgePresentation","fps":61,"image":"/9j/4AAQSkZJRgABAgAAAQABAAD/2w...
2021.12.09 10:12.49 I < {"type":"info","source":"b833456f","presentation":"JudgePresentation","fps":61,"image":"/9j/4AAQSkZJRgABAgAAAQABAAD/2w...
2021.12.09 10:12.53 I < {"type":"info","source":"b833456f","presentation":"JudgePresentation","fps":61,"image":"/9j/4AAQSkZJRgABAgAAAQABAAD/2w...
2021.12.09 10:12.56 I < {"type":"ping"}
2021.12.09 10:12.56 I > {"type":"ping"}
2021.12.09 10:12.57 I < {"type":"info","source":"b833456f","presentation":"JudgePresentation","fps":61,"image":"/9j/4AAQSkZJRgABAgAAAQABAAD/2w...
2021.12.09 10:13.01 I < {"type":"info","source":"b833456f","presentation":"JudgePresentation","fps":61,"image":"/9j/4AAQSkZJRgABAgAAAQABAAD/2w...
2021.12.09 10:13.03 presAdmin disconnected
2021.12.09 10:13.03 E Unexpected websocket disconnect: Closed abnormally. (CLOSED_ABNORMALLY)
2021.12.09 10:13.03 presAdmin connecting...
2021.12.09 10:13.05 E Error connecting to https://localhost:8443: Connection failed. (Connection refused: no further information). Confirm URL and user/password or view log for details
2021.12.09 10:13.05 I Failure details
javax.websocket.DeploymentException: Connection failed.
	at org.glassfish.tyrus.container.grizzly.client.GrizzlyClientSocket._connect(GrizzlyClientSocket.java:413)
	at org.glassfish.tyrus.container.grizzly.client.GrizzlyClientSocket.access$000(GrizzlyClientSocket.java:81)
	at org.glassfish.tyrus.container.grizzly.client.GrizzlyClientSocket$1.call(GrizzlyClientSocket.java:212)
	at org.glassfish.tyrus.container.grizzly.client.GrizzlyClientSocket$1.call(GrizzlyClientSocket.java:208)
	at org.glassfish.tyrus.container.grizzly.client.GrizzlyClientSocket.connect(GrizzlyClientSocket.java:226)
	at org.glassfish.tyrus.container.grizzly.client.GrizzlyClientContainer.openClientSocket(GrizzlyClientContainer.java:72)
	at org.glassfish.tyrus.client.ClientManager$3$1.run(ClientManager.java:647)
	at org.glassfish.tyrus.client.ClientManager$3.run(ClientManager.java:696)
	at java.base/java.util.concurrent.Executors$RunnableAdapter.call(Executors.java:515)
	at java.base/java.util.concurrent.FutureTask.run(FutureTask.java:264)
	at org.glassfish.tyrus.client.ClientManager$SameThreadExecutorService.execute(ClientManager.java:849)
	at java.base/java.util.concurrent.AbstractExecutorService.submit(AbstractExecutorService.java:118)
	at org.glassfish.tyrus.client.ClientManager.connectToServer(ClientManager.java:493)
	at org.glassfish.tyrus.client.ClientManager.connectToServer(ClientManager.java:337)
	at org.icpc.tools.client.core.BasicClient.connectImpl(BasicClient.java:604)
	at org.icpc.tools.client.core.BasicClient$1.run(BasicClient.java:559)
Caused by: java.net.ConnectException: Connection refused: no further information
	at java.base/sun.nio.ch.SocketChannelImpl.checkConnect(Native Method)
	at java.base/sun.nio.ch.SocketChannelImpl.finishConnect(SocketChannelImpl.java:779)
	at org.glassfish.grizzly.nio.transport.TCPNIOConnectorHandler.onConnectedAsync(TCPNIOConnectorHandler.java:210)
	at org.glassfish.grizzly.nio.transport.TCPNIOConnectorHandler$1.connected(TCPNIOConnectorHandler.java:158)
	at org.glassfish.grizzly.nio.transport.TCPNIOConnection.onConnect(TCPNIOConnection.java:258)
	at org.glassfish.grizzly.nio.transport.TCPNIOTransport.fireIOEvent(TCPNIOTransport.java:527)
	at org.glassfish.grizzly.strategies.AbstractIOStrategy.fireIOEvent(AbstractIOStrategy.java:112)
	at org.glassfish.grizzly.strategies.WorkerThreadIOStrategy.run0(WorkerThreadIOStrategy.java:117)
	at org.glassfish.grizzly.strategies.WorkerThreadIOStrategy.executeIoEvent(WorkerThreadIOStrategy.java:103)
	at org.glassfish.grizzly.strategies.AbstractIOStrategy.executeIoEvent(AbstractIOStrategy.java:89)
	at org.glassfish.grizzly.nio.SelectorRunner.iterateKeyEvents(SelectorRunner.java:414)
	at org.glassfish.grizzly.nio.SelectorRunner.iterateKeys(SelectorRunner.java:383)
	at org.glassfish.grizzly.nio.SelectorRunner.doSelect(SelectorRunner.java:347)
	at org.glassfish.grizzly.nio.SelectorRunner.run(SelectorRunner.java:278)
	at org.glassfish.grizzly.threadpool.AbstractThreadPool$Worker.doWork(AbstractThreadPool.java:591)
	at org.glassfish.grizzly.threadpool.AbstractThreadPool$Worker.run(AbstractThreadPool.java:571)
	at java.base/java.lang.Thread.run(Thread.java:835)
2021.12.09 10:13.05 I Trying again in 2 seconds
2021.12.09 10:13.09 E Error connecting to https://localhost:8443: Connection failed. (Connection refused: no further information). Confirm URL and user/password or view log for details
2021.12.09 10:13.09 I Failure details
javax.websocket.DeploymentException: Connection failed.
	at org.glassfish.tyrus.container.grizzly.client.GrizzlyClientSocket._connect(GrizzlyClientSocket.java:413)
	at org.glassfish.tyrus.container.grizzly.client.GrizzlyClientSocket.access$000(GrizzlyClientSocket.java:81)
	at org.glassfish.tyrus.container.grizzly.client.GrizzlyClientSocket$1.call(GrizzlyClientSocket.java:212)
	at org.glassfish.tyrus.container.grizzly.client.GrizzlyClientSocket$1.call(GrizzlyClientSocket.java:208)
	at org.glassfish.tyrus.container.grizzly.client.GrizzlyClientSocket.connect(GrizzlyClientSocket.java:226)
	at org.glassfish.tyrus.container.grizzly.client.GrizzlyClientContainer.openClientSocket(GrizzlyClientContainer.java:72)
	at org.glassfish.tyrus.client.ClientManager$3$1.run(ClientManager.java:647)
	at org.glassfish.tyrus.client.ClientManager$3.run(ClientManager.java:696)
	at java.base/java.util.concurrent.Executors$RunnableAdapter.call(Executors.java:515)
	at java.base/java.util.concurrent.FutureTask.run(FutureTask.java:264)
	at org.glassfish.tyrus.client.ClientManager$SameThreadExecutorService.execute(ClientManager.java:849)
	at java.base/java.util.concurrent.AbstractExecutorService.submit(AbstractExecutorService.java:118)
	at org.glassfish.tyrus.client.ClientManager.connectToServer(ClientManager.java:493)
	at org.glassfish.tyrus.client.ClientManager.connectToServer(ClientManager.java:337)
	at org.icpc.tools.client.core.BasicClient.connectImpl(BasicClient.java:604)
	at org.icpc.tools.client.core.BasicClient$1.run(BasicClient.java:559)
Caused by: java.net.ConnectException: Connection refused: no further information
	at java.base/sun.nio.ch.SocketChannelImpl.checkConnect(Native Method)
	at java.base/sun.nio.ch.SocketChannelImpl.finishConnect(SocketChannelImpl.java:779)
	at org.glassfish.grizzly.nio.transport.TCPNIOConnectorHandler.onConnectedAsync(TCPNIOConnectorHandler.java:210)
	at org.glassfish.grizzly.nio.transport.TCPNIOConnectorHandler$1.connected(TCPNIOConnectorHandler.java:158)
	at org.glassfish.grizzly.nio.transport.TCPNIOConnection.onConnect(TCPNIOConnection.java:258)
	at org.glassfish.grizzly.nio.transport.TCPNIOTransport.fireIOEvent(TCPNIOTransport.java:527)
	at org.glassfish.grizzly.strategies.AbstractIOStrategy.fireIOEvent(AbstractIOStrategy.java:112)
	at org.glassfish.grizzly.strategies.WorkerThreadIOStrategy.run0(WorkerThreadIOStrategy.java:117)
	at org.glassfish.grizzly.strategies.WorkerThreadIOStrategy.executeIoEvent(WorkerThreadIOStrategy.java:103)
	at org.glassfish.grizzly.strategies.AbstractIOStrategy.executeIoEvent(AbstractIOStrategy.java:89)
	at org.glassfish.grizzly.nio.SelectorRunner.iterateKeyEvents(SelectorRunner.java:414)
	at org.glassfish.grizzly.nio.SelectorRunner.iterateKeys(SelectorRunner.java:383)
	at org.glassfish.grizzly.nio.SelectorRunner.doSelect(SelectorRunner.java:347)
	at org.glassfish.grizzly.nio.SelectorRunner.run(SelectorRunner.java:278)
	at org.glassfish.grizzly.threadpool.AbstractThreadPool$Worker.doWork(AbstractThreadPool.java:591)
	at org.glassfish.grizzly.threadpool.AbstractThreadPool$Worker.run(AbstractThreadPool.java:571)
	at java.base/java.lang.Thread.run(Thread.java:835)
2021.12.09 10:13.09 I Trying again in 5 seconds
2021.12.09 10:13.16 E Error connecting to https://localhost:8443: Connection failed. (Connection refused: no further information). Confirm URL and user/password or view log for details
2021.12.09 10:13.16 I Failure details
javax.websocket.DeploymentException: Connection failed.
	at org.glassfish.tyrus.container.grizzly.client.GrizzlyClientSocket._connect(GrizzlyClientSocket.java:413)
	at org.glassfish.tyrus.container.grizzly.client.GrizzlyClientSocket.access$000(GrizzlyClientSocket.java:81)
	at org.glassfish.tyrus.container.grizzly.client.GrizzlyClientSocket$1.call(GrizzlyClientSocket.java:212)
	at org.glassfish.tyrus.container.grizzly.client.GrizzlyClientSocket$1.call(GrizzlyClientSocket.java:208)
	at org.glassfish.tyrus.container.grizzly.client.GrizzlyClientSocket.connect(GrizzlyClientSocket.java:226)
	at org.glassfish.tyrus.container.grizzly.client.GrizzlyClientContainer.openClientSocket(GrizzlyClientContainer.java:72)
	at org.glassfish.tyrus.client.ClientManager$3$1.run(ClientManager.java:647)
	at org.glassfish.tyrus.client.ClientManager$3.run(ClientManager.java:696)
	at java.base/java.util.concurrent.Executors$RunnableAdapter.call(Executors.java:515)
	at java.base/java.util.concurrent.FutureTask.run(FutureTask.java:264)
	at org.glassfish.tyrus.client.ClientManager$SameThreadExecutorService.execute(ClientManager.java:849)
	at java.base/java.util.concurrent.AbstractExecutorService.submit(AbstractExecutorService.java:118)
	at org.glassfish.tyrus.client.ClientManager.connectToServer(ClientManager.java:493)
	at org.glassfish.tyrus.client.ClientManager.connectToServer(ClientManager.java:337)
	at org.icpc.tools.client.core.BasicClient.connectImpl(BasicClient.java:604)
	at org.icpc.tools.client.core.BasicClient$1.run(BasicClient.java:559)
Caused by: java.net.ConnectException: Connection refused: no further information
	at java.base/sun.nio.ch.SocketChannelImpl.checkConnect(Native Method)
	at java.base/sun.nio.ch.SocketChannelImpl.finishConnect(SocketChannelImpl.java:779)
	at org.glassfish.grizzly.nio.transport.TCPNIOConnectorHandler.onConnectedAsync(TCPNIOConnectorHandler.java:210)
	at org.glassfish.grizzly.nio.transport.TCPNIOConnectorHandler$1.connected(TCPNIOConnectorHandler.java:158)
	at org.glassfish.grizzly.nio.transport.TCPNIOConnection.onConnect(TCPNIOConnection.java:258)
	at org.glassfish.grizzly.nio.transport.TCPNIOTransport.fireIOEvent(TCPNIOTransport.java:527)
	at org.glassfish.grizzly.strategies.AbstractIOStrategy.fireIOEvent(AbstractIOStrategy.java:112)
	at org.glassfish.grizzly.strategies.WorkerThreadIOStrategy.run0(WorkerThreadIOStrategy.java:117)
	at org.glassfish.grizzly.strategies.WorkerThreadIOStrategy.executeIoEvent(WorkerThreadIOStrategy.java:103)
	at org.glassfish.grizzly.strategies.AbstractIOStrategy.executeIoEvent(AbstractIOStrategy.java:89)
	at org.glassfish.grizzly.nio.SelectorRunner.iterateKeyEvents(SelectorRunner.java:414)
	at org.glassfish.grizzly.nio.SelectorRunner.iterateKeys(SelectorRunner.java:383)
	at org.glassfish.grizzly.nio.SelectorRunner.doSelect(SelectorRunner.java:347)
	at org.glassfish.grizzly.nio.SelectorRunner.run(SelectorRunner.java:278)
	at org.glassfish.grizzly.threadpool.AbstractThreadPool$Worker.doWork(AbstractThreadPool.java:591)
	at org.glassfish.grizzly.threadpool.AbstractThreadPool$Worker.run(AbstractThreadPool.java:571)
	at java.base/java.lang.Thread.run(Thread.java:835)
2021.12.09 10:13.16 I Trying again in 20 seconds
