---- ICPC Presentation Admin (2.3.491) ----
OS:  Windows 10 (amd64/10.0)
JRE: Oracle Corporation (12.0.2)
Folder: C:\Users\diego\Documents\DomJudge\1. presentationAdmin
Host: ROCA12ULTRA / 192.168.0.3
Locale/TZ: es_CO / hora estándar de Colombia
Args: https://192.168.0.3:8443 presAdmin padm1n 
Log started 2021.12.09 10:02.04

2021.12.09 10:02.05 I Download https://192.168.0.3:8443/presentation/ to C:\Users\diego\AppData\Local\Temp\org.icpc.tools.cache.19216803\presentation\listing.dir (200) (8.1kb in 199ms)
2021.12.09 10:02.06 I Updates found on CDS: 0
2021.12.09 10:02.07 presAdmin connecting...
2021.12.09 10:02.08 presAdmin connected
2021.12.09 10:02.08 I > {"type":"pres_list"}
2021.12.09 10:02.08 I > {"type":"info","source":"6720a0f7","client.type":"pres-admin","version":"2.3.491","os.name":"Windows 10","os.version":...
2021.12.09 10:02.08 I < {"type":"clients","clients":[]}
2021.12.09 10:02.08 I < {"type":"ping"}
2021.12.09 10:02.08 I > {"type":"ping"}
2021.12.09 10:02.09 I < {"type":"pres_list","file":"UEsDBBQACAgIADFf51IAAAAAAAAAAAAAAAAaAAAATUVUQS1JTkYvcHJlc2VudGF0aW9ucy54bWzNnOtz2zYSwL/3r8...
2021.12.09 10:02.09 I Looking for presentations in C:\Users\diego\AppData\Local\Temp\presentAdmin13668487830150921246zip
2021.12.09 10:02.09 I    Found 65 presentations
2021.12.09 10:02.10 I    Found 19 transitions
2021.12.09 10:02.10 I < {"type":"ping"}
2021.12.09 10:02.10 I > {"type":"ping"}
2021.12.09 10:02.10 I < {"type":"ping"}
2021.12.09 10:02.10 I > {"type":"ping"}
2021.12.09 10:02.11 I < {"type":"ping"}
2021.12.09 10:02.11 I > {"type":"ping"}
2021.12.09 10:02.11 I < {"type":"time","time":1639062131048}
2021.12.09 10:02.11 I Nano time diff: 1638801679378
2021.12.09 10:02.11 I > {"type":"ping"}
2021.12.09 10:02.26 I < {"type":"ping"}
2021.12.09 10:02.26 I > {"type":"ping"}
