---- ICPC Presentation Client (2.3.491) ----
OS:  Windows 10 (amd64/10.0)
JRE: Oracle Corporation (11.0.11)
Folder: C:\Users\diego\Documents\GitHub\DomJudgeTools\2. presentations
Host: roca12red / 192.168.5.108
Locale/TZ: es_CO / hora estándar de Colombia
Args: https://cdsroca12.ngrok.io/api/contests/10/ presentation presentat1on --display_name {team.name} ({org.name}) 
Log started 2022.06.09 17:05.44

2022.06.09 17:05.44 I Option found: --display_name {team.name} ({org.name})
2022.06.09 17:05.46 I Contest source verified
2022.06.09 17:05.46 I Download https://cdsroca12.ngrok.io/presentation/ to C:\Users\diego\AppData\Local\Temp\org.icpc.tools.cache.cdsroca12ngrokioapicontests10\presentation\listing.dir (200) (7.9kb in 477ms)
2022.06.09 17:05.46 I Updates found on CDS: 1
2022.06.09 17:05.46 I Version check: 2.3.491 (local) vs 2.3.491 (remote)
2022.06.09 17:05.46 I Loading contest from RESTContestSource[presentation|presentat1on@https://cdsroca12.ngrok.io/api/contests/10]
2022.06.09 17:05.46 I Checking feed cache: C:\Users\diego\Documents\GitHub\DomJudgeTools\2. presentations\logs\events-10-presentation.log
2022.06.09 17:05.46 I First comment: ! 0
2022.06.09 17:05.46 I Found feed cache up to event id: cds150
2022.06.09 17:05.48 I Reading feed cache
2022.06.09 17:05.48 I Done reading feed cache
2022.06.09 17:05.48 I Display 1 found, modes:
2022.06.09 17:05.48 I    1366x768 @ 60hz in 32bit
2022.06.09 17:05.48 I    1280x720 @ 60hz in 32bit
2022.06.09 17:05.48 I    1024x768 @ 60hz in 32bit
2022.06.09 17:05.48 I    800x600 @ 60hz in 32bit
2022.06.09 17:05.48 I    640x480 @ 60hz in 32bit
2022.06.09 17:05.48 I    Config: false, true, true, DirectColorModel
2022.06.09 17:05.48 I Presentation Client [192.168.5.108] connecting to RESTContestSource[presentation|presentat1on@https://cdsroca12.ngrok.io/api/contests/10]
2022.06.09 17:05.48 192.168.5.108 connecting...
2022.06.09 17:05.49 192.168.5.108 connected
2022.06.09 17:05.49 I < {"type":"ping"}
2022.06.09 17:05.49 I Applying display config DisplayConfig 1 (r=java.awt.Rectangle[x=0,y=0,width=1366,height=768],in=java.awt.Insets[top=0,left=0,bottom=40,right=0])
2022.06.09 17:05.49 I > {"type":"ping"}
2022.06.09 17:05.49 I Device: 1366x768
2022.06.09 17:05.49 I > {"type":"info","source":"78be19ba","width":1366,"height":768,"hidden":false,"display":"1"}
2022.06.09 17:05.49 I > {"type":"info","source":"78be19ba","client.type":"presentation","version":"2.3.491","os.name":"Windows 10","os.version...
2022.06.09 17:05.50 I > {"type":"info","source":"78be19ba","presentation":null,"fps":0,"image":"/9j/4AAQSkZJRgABAgAAAQABAAD/2wBDAAgGBgcGBQgHBw...
2022.06.09 17:05.50 I < {"type":"ping"}
2022.06.09 17:05.50 I > {"type":"ping"}
2022.06.09 17:05.51 I < {"type":"ping"}
2022.06.09 17:05.51 I > {"type":"ping"}
2022.06.09 17:05.51 I < {"type":"time","time":1654812351403}
2022.06.09 17:05.51 I Nano time diff: 1653664206183
2022.06.09 17:05.51 I Nano time diff: 2
2022.06.09 17:05.51 I > {"type":"ping"}
2022.06.09 17:05.55 I < {"type":"ping"}
2022.06.09 17:05.55 I > {"type":"ping"}
2022.06.09 17:05.58 I < {"type":"properties","props":{"presentation":"1100|org.icpc.tools.presentation.contest.internal.scoreboard.ScoreboardP...
2022.06.09 17:05.58 presentation: 1100|org.icpc.tools.presentation.contest.internal.scoreboard.ScoreboardPresentation
2022.06.09 17:05.58 I Attempting to load class: org.icpc.tools.presentation.contest.internal.scoreboard.ScoreboardPresentation
2022.06.09 17:05.58 I Class loaded ok
2022.06.09 17:05.58 I New presentation plan now
2022.06.09 17:05.58 I Initializing presentation ScoreboardPresentation
2022.06.09 17:05.58 I Building presentation plan
2022.06.09 17:05.58 I Building presentation plan
2022.06.09 17:05.58 I Next presentation plan: Presentation plan 1100 -> 9223372036854775807, 64000
  Segment [0 -> 64000, ScoreboardPresentation > null > null, 0]
2022.06.09 17:05.58 I Switching presentation plans: null -> Presentation plan 1100 -> 9223372036854775807, 64000
  Segment [0 -> 64000, ScoreboardPresentation > null > null, 0]
2022.06.09 17:05.59 I > {"type":"info","source":"78be19ba","presentation":"ScoreboardPresentation","fps":2,"image":"/9j/4AAQSkZJRgABAgAAAQABAA...
2022.06.09 17:06.02 I > {"type":"info","source":"78be19ba","presentation":"ScoreboardPresentation","fps":61,"image":"/9j/4AAQSkZJRgABAgAAAQABA...
2022.06.09 17:06.06 I > {"type":"info","source":"78be19ba","presentation":"ScoreboardPresentation","fps":61,"image":"/9j/4AAQSkZJRgABAgAAAQABA...
2022.06.09 17:06.10 I > {"type":"info","source":"78be19ba","presentation":"ScoreboardPresentation","fps":60,"image":"/9j/4AAQSkZJRgABAgAAAQABA...
2022.06.09 17:06.14 I > {"type":"info","source":"78be19ba","presentation":"ScoreboardPresentation","fps":60,"image":"/9j/4AAQSkZJRgABAgAAAQABA...
2022.06.09 17:06.18 I > {"type":"info","source":"78be19ba","presentation":"ScoreboardPresentation","fps":61,"image":"/9j/4AAQSkZJRgABAgAAAQABA...
2022.06.09 17:06.22 I > {"type":"info","source":"78be19ba","presentation":"ScoreboardPresentation","fps":60,"image":"/9j/4AAQSkZJRgABAgAAAQABA...
2022.06.09 17:06.25 I < {"type":"ping"}
2022.06.09 17:06.25 I > {"type":"ping"}
2022.06.09 17:06.26 I > {"type":"info","source":"78be19ba","presentation":"ScoreboardPresentation","fps":60,"image":"/9j/4AAQSkZJRgABAgAAAQABA...
2022.06.09 17:06.30 I > {"type":"info","source":"78be19ba","presentation":"ScoreboardPresentation","fps":61,"image":"/9j/4AAQSkZJRgABAgAAAQABA...
2022.06.09 17:06.34 I > {"type":"info","source":"78be19ba","presentation":"ScoreboardPresentation","fps":61,"image":"/9j/4AAQSkZJRgABAgAAAQABA...
2022.06.09 17:06.38 I > {"type":"info","source":"78be19ba","presentation":"ScoreboardPresentation","fps":61,"image":"/9j/4AAQSkZJRgABAgAAAQABA...
2022.06.09 17:06.42 I > {"type":"info","source":"78be19ba","presentation":"ScoreboardPresentation","fps":61,"image":"/9j/4AAQSkZJRgABAgAAAQABA...
2022.06.09 17:06.46 I > {"type":"info","source":"78be19ba","presentation":"ScoreboardPresentation","fps":61,"image":"/9j/4AAQSkZJRgABAgAAAQABA...
2022.06.09 17:06.50 I > {"type":"info","source":"78be19ba","presentation":"ScoreboardPresentation","fps":61,"image":"/9j/4AAQSkZJRgABAgAAAQABA...
2022.06.09 17:06.54 I > {"type":"info","source":"78be19ba","presentation":"ScoreboardPresentation","fps":61,"image":"/9j/4AAQSkZJRgABAgAAAQABA...
2022.06.09 17:06.55 I < {"type":"ping"}
2022.06.09 17:06.55 I > {"type":"ping"}
2022.06.09 17:06.58 I > {"type":"info","source":"78be19ba","presentation":"ScoreboardPresentation","fps":61,"image":"/9j/4AAQSkZJRgABAgAAAQABA...
2022.06.09 17:07.02 I > {"type":"info","source":"78be19ba","presentation":"ScoreboardPresentation","fps":61,"image":"/9j/4AAQSkZJRgABAgAAAQABA...
2022.06.09 17:07.06 I > {"type":"info","source":"78be19ba","presentation":"ScoreboardPresentation","fps":61,"image":"/9j/4AAQSkZJRgABAgAAAQABA...
2022.06.09 17:07.10 I > {"type":"info","source":"78be19ba","presentation":"ScoreboardPresentation","fps":61,"image":"/9j/4AAQSkZJRgABAgAAAQABA...
2022.06.09 17:07.14 I > {"type":"info","source":"78be19ba","presentation":"ScoreboardPresentation","fps":61,"image":"/9j/4AAQSkZJRgABAgAAAQABA...
2022.06.09 17:07.18 I > {"type":"info","source":"78be19ba","presentation":"ScoreboardPresentation","fps":61,"image":"/9j/4AAQSkZJRgABAgAAAQABA...
2022.06.09 17:07.22 I > {"type":"info","source":"78be19ba","presentation":"ScoreboardPresentation","fps":61,"image":"/9j/4AAQSkZJRgABAgAAAQABA...
2022.06.09 17:07.25 I < {"type":"ping"}
2022.06.09 17:07.25 I > {"type":"ping"}
2022.06.09 17:07.26 I > {"type":"info","source":"78be19ba","presentation":"ScoreboardPresentation","fps":61,"image":"/9j/4AAQSkZJRgABAgAAAQABA...
2022.06.09 17:07.30 I > {"type":"info","source":"78be19ba","presentation":"ScoreboardPresentation","fps":61,"image":"/9j/4AAQSkZJRgABAgAAAQABA...
2022.06.09 17:07.34 I > {"type":"info","source":"78be19ba","presentation":"ScoreboardPresentation","fps":60,"image":"/9j/4AAQSkZJRgABAgAAAQABA...
2022.06.09 17:07.38 I > {"type":"info","source":"78be19ba","presentation":"ScoreboardPresentation","fps":61,"image":"/9j/4AAQSkZJRgABAgAAAQABA...
2022.06.09 17:07.43 I > {"type":"info","source":"78be19ba","presentation":"ScoreboardPresentation","fps":61,"image":"/9j/4AAQSkZJRgABAgAAAQABA...
2022.06.09 17:07.47 I > {"type":"info","source":"78be19ba","presentation":"ScoreboardPresentation","fps":61,"image":"/9j/4AAQSkZJRgABAgAAAQABA...
2022.06.09 17:07.51 I > {"type":"info","source":"78be19ba","presentation":"ScoreboardPresentation","fps":61,"image":"/9j/4AAQSkZJRgABAgAAAQABA...
2022.06.09 17:07.55 I > {"type":"info","source":"78be19ba","presentation":"ScoreboardPresentation","fps":61,"image":"/9j/4AAQSkZJRgABAgAAAQABA...
2022.06.09 17:07.55 I < {"type":"ping"}
2022.06.09 17:07.55 I > {"type":"ping"}
2022.06.09 17:07.59 I > {"type":"info","source":"78be19ba","presentation":"ScoreboardPresentation","fps":60,"image":"/9j/4AAQSkZJRgABAgAAAQABA...
2022.06.09 17:08.03 I > {"type":"info","source":"78be19ba","presentation":"ScoreboardPresentation","fps":61,"image":"/9j/4AAQSkZJRgABAgAAAQABA...
2022.06.09 17:08.07 I > {"type":"info","source":"78be19ba","presentation":"ScoreboardPresentation","fps":61,"image":"/9j/4AAQSkZJRgABAgAAAQABA...
2022.06.09 17:08.11 I > {"type":"info","source":"78be19ba","presentation":"ScoreboardPresentation","fps":61,"image":"/9j/4AAQSkZJRgABAgAAAQABA...
2022.06.09 17:08.15 I > {"type":"info","source":"78be19ba","presentation":"ScoreboardPresentation","fps":61,"image":"/9j/4AAQSkZJRgABAgAAAQABA...
2022.06.09 17:08.19 I > {"type":"info","source":"78be19ba","presentation":"ScoreboardPresentation","fps":61,"image":"/9j/4AAQSkZJRgABAgAAAQABA...
2022.06.09 17:08.23 I > {"type":"info","source":"78be19ba","presentation":"ScoreboardPresentation","fps":61,"image":"/9j/4AAQSkZJRgABAgAAAQABA...
2022.06.09 17:08.25 I < {"type":"ping"}
2022.06.09 17:08.25 I > {"type":"ping"}
2022.06.09 17:08.27 I > {"type":"info","source":"78be19ba","presentation":"ScoreboardPresentation","fps":60,"image":"/9j/4AAQSkZJRgABAgAAAQABA...
2022.06.09 17:08.31 I > {"type":"info","source":"78be19ba","presentation":"ScoreboardPresentation","fps":61,"image":"/9j/4AAQSkZJRgABAgAAAQABA...
2022.06.09 17:08.35 I > {"type":"info","source":"78be19ba","presentation":"ScoreboardPresentation","fps":60,"image":"/9j/4AAQSkZJRgABAgAAAQABA...
2022.06.09 17:08.39 I > {"type":"info","source":"78be19ba","presentation":"ScoreboardPresentation","fps":61,"image":"/9j/4AAQSkZJRgABAgAAAQABA...
2022.06.09 17:08.43 I > {"type":"info","source":"78be19ba","presentation":"ScoreboardPresentation","fps":61,"image":"/9j/4AAQSkZJRgABAgAAAQABA...
2022.06.09 17:08.47 I > {"type":"info","source":"78be19ba","presentation":"ScoreboardPresentation","fps":60,"image":"/9j/4AAQSkZJRgABAgAAAQABA...
2022.06.09 17:08.51 I > {"type":"info","source":"78be19ba","presentation":"ScoreboardPresentation","fps":61,"image":"/9j/4AAQSkZJRgABAgAAAQABA...
2022.06.09 17:08.55 I > {"type":"info","source":"78be19ba","presentation":"ScoreboardPresentation","fps":61,"image":"/9j/4AAQSkZJRgABAgAAAQABA...
2022.06.09 17:08.55 I < {"type":"ping"}
2022.06.09 17:08.55 I > {"type":"ping"}
2022.06.09 17:08.59 I > {"type":"info","source":"78be19ba","presentation":"ScoreboardPresentation","fps":61,"image":"/9j/4AAQSkZJRgABAgAAAQABA...
2022.06.09 17:09.03 I > {"type":"info","source":"78be19ba","presentation":"ScoreboardPresentation","fps":61,"image":"/9j/4AAQSkZJRgABAgAAAQABA...
2022.06.09 17:09.07 I > {"type":"info","source":"78be19ba","presentation":"ScoreboardPresentation","fps":53,"image":"/9j/4AAQSkZJRgABAgAAAQABA...
2022.06.09 17:09.11 I > {"type":"info","source":"78be19ba","presentation":"ScoreboardPresentation","fps":8,"image":"/9j/4AAQSkZJRgABAgAAAQABAA...
2022.06.09 17:09.15 I > {"type":"info","source":"78be19ba","presentation":"ScoreboardPresentation","fps":8,"image":"/9j/4AAQSkZJRgABAgAAAQABAA...
2022.06.09 17:09.19 I > {"type":"info","source":"78be19ba","presentation":"ScoreboardPresentation","fps":8,"image":"/9j/4AAQSkZJRgABAgAAAQABAA...
