---- ICPC Presentation Client (2.3.491) ----
OS:  Windows 10 (amd64/10.0)
JRE: Oracle Corporation (12.0.2)
Folder: C:\Users\diego\Documents\DomJudge\2. presentations
Host: ROCA12ULTRA / 192.168.0.3
Locale/TZ: es_CO / hora estándar de Colombia
Args: https://localhost:8443/api/contests/5/ presentation presentat1on 
Log started 2021.12.09 10:06.48

2021.12.09 10:06.49 I Contest source verified
2021.12.09 10:06.50 I Download https://localhost:8443/presentation/ to C:\Users\diego\AppData\Local\Temp\org.icpc.tools.cache.localhostapicontests5\presentation\listing.dir (200) (7.8kb in 225ms)
2021.12.09 10:06.50 I Updates found on CDS: 1
2021.12.09 10:06.50 I Version check: 2.3.491 (local) vs 2.3.491 (remote)
2021.12.09 10:06.50 I Display 1 found, modes:
2021.12.09 10:06.50 I    1366x768 @ 60hz in 32bit
2021.12.09 10:06.50 I    1280x720 @ 60hz in 32bit
2021.12.09 10:06.50 I    1024x768 @ 60hz in 32bit
2021.12.09 10:06.50 I    800x600 @ 60hz in 32bit
2021.12.09 10:06.50 I    640x480 @ 60hz in 32bit
2021.12.09 10:06.50 I    Config: false, true, true, DirectColorModel
2021.12.09 10:06.50 I Display 2 found, modes:
2021.12.09 10:06.50 I    1920x1080 @ 75hz in 32bit
2021.12.09 10:06.50 I    1920x1080 @ 60hz in 32bit
2021.12.09 10:06.50 I    1920x1080 @ 59hz in 32bit
2021.12.09 10:06.50 I    1920x1080 @ 50hz in 32bit
2021.12.09 10:06.50 I    1680x1050 @ 75hz in 32bit
2021.12.09 10:06.50 I    1680x1050 @ 60hz in 32bit
2021.12.09 10:06.50 I    1600x900 @ 75hz in 32bit
2021.12.09 10:06.50 I    1600x900 @ 60hz in 32bit
2021.12.09 10:06.50 I    1440x900 @ 75hz in 32bit
2021.12.09 10:06.50 I    1440x900 @ 60hz in 32bit
2021.12.09 10:06.50 I    1366x768 @ 75hz in 32bit
2021.12.09 10:06.50 I    1366x768 @ 60hz in 32bit
2021.12.09 10:06.50 I    1280x1024 @ 75hz in 32bit
2021.12.09 10:06.50 I    1280x1024 @ 60hz in 32bit
2021.12.09 10:06.50 I    1280x800 @ 75hz in 32bit
2021.12.09 10:06.50 I    1280x800 @ 60hz in 32bit
2021.12.09 10:06.50 I    1280x720 @ 75hz in 32bit
2021.12.09 10:06.50 I    1280x720 @ 60hz in 32bit
2021.12.09 10:06.50 I    1280x720 @ 59hz in 32bit
2021.12.09 10:06.50 I    1280x720 @ 50hz in 32bit
2021.12.09 10:06.50 I    1024x768 @ 75hz in 32bit
2021.12.09 10:06.50 I    1024x768 @ 60hz in 32bit
2021.12.09 10:06.50 I    800x600 @ 75hz in 32bit
2021.12.09 10:06.50 I    800x600 @ 60hz in 32bit
2021.12.09 10:06.50 I    720x576 @ 75hz in 32bit
2021.12.09 10:06.50 I    720x576 @ 60hz in 32bit
2021.12.09 10:06.50 I    720x576 @ 59hz in 32bit
2021.12.09 10:06.50 I    720x576 @ 50hz in 32bit
2021.12.09 10:06.50 I    720x480 @ 75hz in 32bit
2021.12.09 10:06.50 I    720x480 @ 60hz in 32bit
2021.12.09 10:06.50 I    720x480 @ 59hz in 32bit
2021.12.09 10:06.50 I    720x400 @ 75hz in 32bit
2021.12.09 10:06.50 I    720x400 @ 70hz in 32bit
2021.12.09 10:06.50 I    720x400 @ 60hz in 32bit
2021.12.09 10:06.50 I    720x400 @ 59hz in 32bit
2021.12.09 10:06.50 I    640x480 @ 75hz in 32bit
2021.12.09 10:06.50 I    640x480 @ 60hz in 32bit
2021.12.09 10:06.50 I    640x480 @ 59hz in 32bit
2021.12.09 10:06.50 I    Config: false, true, true, DirectColorModel
2021.12.09 10:06.50 I Presentation Client [192.168.0.3] connecting to RESTContestSource[presentation|presentat1on@https://localhost:8443/api/contests/5]
2021.12.09 10:06.50 192.168.0.3 connecting...
2021.12.09 10:06.51 192.168.0.3 connected
2021.12.09 10:06.51 I Applying display config DisplayConfig 1 (r=java.awt.Rectangle[x=1920,y=313,width=1366,height=768],in=java.awt.Insets[top=0,left=0,bottom=40,right=0])
2021.12.09 10:06.51 I < {"type":"properties","props":{"presentation":"1100|org.icpc.tools.presentation.contest.internal.scoreboard.TimelinePre...
2021.12.09 10:06.51 presentation: 1100|org.icpc.tools.presentation.contest.internal.scoreboard.TimelinePresentation
2021.12.09 10:06.51 I Attempting to load class: org.icpc.tools.presentation.contest.internal.scoreboard.TimelinePresentation
2021.12.09 10:06.51 I Loading contest from RESTContestSource[presentation|presentat1on@https://localhost:8443/api/contests/5]
2021.12.09 10:06.51 I Checking feed cache: C:\Users\diego\Documents\DomJudge\2. presentations\logs\events-5-presentation.log
2021.12.09 10:06.51 I First comment: ! 0
2021.12.09 10:06.51 I Found feed cache up to event id: cdR56
2021.12.09 10:06.51 I > {"type":"info","source":"b833456f","client.type":"presentation","version":"2.3.491","os.name":"Windows 10","os.version...
2021.12.09 10:06.51 I > {"type":"info","source":"b833456f","width":1366,"height":768,"hidden":false,"display":"1w"}
2021.12.09 10:06.52 I Reading feed cache
2021.12.09 10:06.52 I > {"type":"info","source":"b833456f","presentation":null,"fps":0,"image":"/9j/4AAQSkZJRgABAgAAAQABAAD/2wBDAAgGBgcGBQgHBw...
2021.12.09 10:06.52 I Done reading feed cache
2021.12.09 10:06.52 I Waiting to reconnect
2021.12.09 10:06.52 I Contest buffering: 2.57
2021.12.09 10:06.54 I Class loaded ok
2021.12.09 10:06.54 I New presentation plan now
2021.12.09 10:06.54 I Initializing presentation TimelinePresentation
2021.12.09 10:06.54 I Building presentation plan
2021.12.09 10:06.54 I Building presentation plan
2021.12.09 10:06.54 I Next presentation plan: Presentation plan 1100 -> 9223372036854775807, 16000
  Segment [0 -> 16000, TimelinePresentation > null > null, 0]
2021.12.09 10:06.54 I Switching presentation plans: null -> Presentation plan 1100 -> 9223372036854775807, 16000
  Segment [0 -> 16000, TimelinePresentation > null > null, 0]
2021.12.09 10:06.54 I < {"type":"ping"}
2021.12.09 10:06.54 I > {"type":"ping"}
2021.12.09 10:06.55 I < {"type":"ping"}
2021.12.09 10:06.55 I > {"type":"ping"}
2021.12.09 10:06.55 I < {"type":"ping"}
2021.12.09 10:06.55 I > {"type":"ping"}
2021.12.09 10:06.55 I > {"type":"info","source":"b833456f","presentation":"TimelinePresentation","fps":59,"image":"/9j/4AAQSkZJRgABAgAAAQABAAD...
2021.12.09 10:06.56 I < {"type":"ping"}
2021.12.09 10:06.56 I > {"type":"ping"}
2021.12.09 10:06.56 I < {"type":"time","time":1639062416171}
2021.12.09 10:06.56 I Nano time diff: 1638801679376
2021.12.09 10:06.56 I Nano time diff: 12
2021.12.09 10:06.56 I > {"type":"ping"}
2021.12.09 10:06.56 I < {"type":"ping"}
2021.12.09 10:06.56 I > {"type":"ping"}
2021.12.09 10:06.57 I Contest loaded
2021.12.09 10:06.57 I < {"type":"properties","props":{"presentation":"1100|org.icpc.tools.presentation.contest.internal.scoreboard.GroupLeader...
2021.12.09 10:06.57 presentation: 1100|org.icpc.tools.presentation.contest.internal.scoreboard.GroupLeaderboardPresentation
2021.12.09 10:06.57 I Attempting to load class: org.icpc.tools.presentation.contest.internal.scoreboard.GroupLeaderboardPresentation
2021.12.09 10:06.57 I Class loaded ok
2021.12.09 10:06.57 I New presentation plan now
2021.12.09 10:06.57 I Initializing presentation GroupLeaderboardPresentation
2021.12.09 10:06.57 I Building presentation plan
2021.12.09 10:06.57 I Building presentation plan
2021.12.09 10:06.57 I Next presentation plan: Presentation plan 1100 -> 9223372036854775807, 315360000000
  Segment [0 -> 315360000000, GroupLeaderboardPresentation > null > null, 0]
2021.12.09 10:06.57 I Ending presentation plan: null
2021.12.09 10:06.57 I Switching presentation plans: null -> Presentation plan 1100 -> 9223372036854775807, 315360000000
  Segment [0 -> 315360000000, GroupLeaderboardPresentation > null > null, 0]
2021.12.09 10:06.59 I < {"type":"properties","props":{"presentation":"1100|org.icpc.tools.presentation.contest.internal.scoreboard.FirstSoluti...
2021.12.09 10:06.59 presentation: 1100|org.icpc.tools.presentation.contest.internal.scoreboard.FirstSolutionPresentation
2021.12.09 10:06.59 I Attempting to load class: org.icpc.tools.presentation.contest.internal.scoreboard.FirstSolutionPresentation
2021.12.09 10:06.59 I Class loaded ok
2021.12.09 10:06.59 I New presentation plan now
2021.12.09 10:06.59 I Initializing presentation FirstSolutionPresentation
2021.12.09 10:06.59 I Building presentation plan
2021.12.09 10:06.59 I Building presentation plan
2021.12.09 10:06.59 I Next presentation plan: Presentation plan 1100 -> 9223372036854775807, 315360000000
  Segment [0 -> 315360000000, FirstSolutionPresentation > null > null, 0]
2021.12.09 10:06.59 I Ending presentation plan: null
2021.12.09 10:06.59 I Switching presentation plans: null -> Presentation plan 1100 -> 9223372036854775807, 315360000000
  Segment [0 -> 315360000000, FirstSolutionPresentation > null > null, 0]
2021.12.09 10:06.59 I Download https://localhost:8443/presentation/fts/2013.png to C:\Users\diego\AppData\Local\Temp\org.icpc.tools.cache.localhostapicontests5\presentation\fts\2013.png (404)
2021.12.09 10:06.59 I Download https://localhost:8443/presentation/fts/2014.png to C:\Users\diego\AppData\Local\Temp\org.icpc.tools.cache.localhostapicontests5\presentation\fts\2014.png (404)
2021.12.09 10:06.59 I Download https://localhost:8443/presentation/fts/2015.png to C:\Users\diego\AppData\Local\Temp\org.icpc.tools.cache.localhostapicontests5\presentation\fts\2015.png (404)
2021.12.09 10:06.59 I Download https://localhost:8443/presentation/fts/2016.png to C:\Users\diego\AppData\Local\Temp\org.icpc.tools.cache.localhostapicontests5\presentation\fts\2016.png (404)
2021.12.09 10:06.59 I Download https://localhost:8443/presentation/fts/2017.png to C:\Users\diego\AppData\Local\Temp\org.icpc.tools.cache.localhostapicontests5\presentation\fts\2017.png (404)
2021.12.09 10:06.59 I Download https://localhost:8443/presentation/fts/2018.png to C:\Users\diego\AppData\Local\Temp\org.icpc.tools.cache.localhostapicontests5\presentation\fts\2018.png (404)
2021.12.09 10:06.59 I > {"type":"info","source":"b833456f","presentation":"FirstSolutionPresentation","fps":54,"image":"/9j/4AAQSkZJRgABAgAAAQ...
2021.12.09 10:07.03 I > {"type":"info","source":"b833456f","presentation":"FirstSolutionPresentation","fps":61,"image":"/9j/4AAQSkZJRgABAgAAAQ...
2021.12.09 10:07.07 I > {"type":"info","source":"b833456f","presentation":"FirstSolutionPresentation","fps":61,"image":"/9j/4AAQSkZJRgABAgAAAQ...
2021.12.09 10:07.11 I > {"type":"info","source":"b833456f","presentation":"FirstSolutionPresentation","fps":61,"image":"/9j/4AAQSkZJRgABAgAAAQ...
2021.12.09 10:07.15 I > {"type":"info","source":"b833456f","presentation":"FirstSolutionPresentation","fps":61,"image":"/9j/4AAQSkZJRgABAgAAAQ...
2021.12.09 10:07.19 I > {"type":"info","source":"b833456f","presentation":"FirstSolutionPresentation","fps":61,"image":"/9j/4AAQSkZJRgABAgAAAQ...
2021.12.09 10:07.23 I > {"type":"info","source":"b833456f","presentation":"FirstSolutionPresentation","fps":61,"image":"/9j/4AAQSkZJRgABAgAAAQ...
2021.12.09 10:07.26 I < {"type":"ping"}
2021.12.09 10:07.26 I > {"type":"ping"}
2021.12.09 10:07.27 I > {"type":"info","source":"b833456f","presentation":"FirstSolutionPresentation","fps":61,"image":"/9j/4AAQSkZJRgABAgAAAQ...
2021.12.09 10:07.31 I > {"type":"info","source":"b833456f","presentation":"FirstSolutionPresentation","fps":62,"image":"/9j/4AAQSkZJRgABAgAAAQ...
2021.12.09 10:07.35 I > {"type":"info","source":"b833456f","presentation":"FirstSolutionPresentation","fps":61,"image":"/9j/4AAQSkZJRgABAgAAAQ...
2021.12.09 10:07.39 I > {"type":"info","source":"b833456f","presentation":"FirstSolutionPresentation","fps":61,"image":"/9j/4AAQSkZJRgABAgAAAQ...
2021.12.09 10:07.43 I > {"type":"info","source":"b833456f","presentation":"FirstSolutionPresentation","fps":61,"image":"/9j/4AAQSkZJRgABAgAAAQ...
2021.12.09 10:07.47 I > {"type":"info","source":"b833456f","presentation":"FirstSolutionPresentation","fps":61,"image":"/9j/4AAQSkZJRgABAgAAAQ...
2021.12.09 10:07.51 I > {"type":"info","source":"b833456f","presentation":"FirstSolutionPresentation","fps":61,"image":"/9j/4AAQSkZJRgABAgAAAQ...
2021.12.09 10:07.55 I > {"type":"info","source":"b833456f","presentation":"FirstSolutionPresentation","fps":62,"image":"/9j/4AAQSkZJRgABAgAAAQ...
2021.12.09 10:07.56 I < {"type":"ping"}
2021.12.09 10:07.56 I > {"type":"ping"}
2021.12.09 10:07.59 I > {"type":"info","source":"b833456f","presentation":"FirstSolutionPresentation","fps":61,"image":"/9j/4AAQSkZJRgABAgAAAQ...
2021.12.09 10:08.03 I > {"type":"info","source":"b833456f","presentation":"FirstSolutionPresentation","fps":61,"image":"/9j/4AAQSkZJRgABAgAAAQ...
2021.12.09 10:08.07 I > {"type":"info","source":"b833456f","presentation":"FirstSolutionPresentation","fps":61,"image":"/9j/4AAQSkZJRgABAgAAAQ...
2021.12.09 10:08.11 I > {"type":"info","source":"b833456f","presentation":"FirstSolutionPresentation","fps":62,"image":"/9j/4AAQSkZJRgABAgAAAQ...
2021.12.09 10:08.15 I > {"type":"info","source":"b833456f","presentation":"FirstSolutionPresentation","fps":62,"image":"/9j/4AAQSkZJRgABAgAAAQ...
2021.12.09 10:08.19 I > {"type":"info","source":"b833456f","presentation":"FirstSolutionPresentation","fps":61,"image":"/9j/4AAQSkZJRgABAgAAAQ...
2021.12.09 10:08.23 I > {"type":"info","source":"b833456f","presentation":"FirstSolutionPresentation","fps":62,"image":"/9j/4AAQSkZJRgABAgAAAQ...
2021.12.09 10:08.26 I < {"type":"ping"}
2021.12.09 10:08.26 I > {"type":"ping"}
2021.12.09 10:08.27 I > {"type":"info","source":"b833456f","presentation":"FirstSolutionPresentation","fps":62,"image":"/9j/4AAQSkZJRgABAgAAAQ...
2021.12.09 10:08.28 I < {"type":"properties","props":{"presentation":"1100|org.icpc.tools.presentation.contest.internal.presentations.test.Tes...
2021.12.09 10:08.28 presentation: 1100|org.icpc.tools.presentation.contest.internal.presentations.test.TestChartPresentation
2021.12.09 10:08.28 I Attempting to load class: org.icpc.tools.presentation.contest.internal.presentations.test.TestChartPresentation
2021.12.09 10:08.28 I Class loaded ok
2021.12.09 10:08.28 I New presentation plan now
2021.12.09 10:08.28 I Initializing presentation TestChartPresentation
2021.12.09 10:08.28 I Building presentation plan
2021.12.09 10:08.28 I Building presentation plan
2021.12.09 10:08.28 I Next presentation plan: Presentation plan 1100 -> 9223372036854775807, 15000
  Segment [0 -> 15000, TestChartPresentation > null > null, 0]
2021.12.09 10:08.28 I Ending presentation plan: null
2021.12.09 10:08.28 I Switching presentation plans: null -> Presentation plan 1100 -> 9223372036854775807, 15000
  Segment [0 -> 15000, TestChartPresentation > null > null, 0]
2021.12.09 10:08.31 I > {"type":"info","source":"b833456f","presentation":"TestChartPresentation","fps":62,"image":"/9j/4AAQSkZJRgABAgAAAQABAA...
2021.12.09 10:08.32 I < {"type":"properties","props":{"presentation":"1100|org.icpc.tools.presentation.contest.internal.presentations.StaticLo...
2021.12.09 10:08.32 presentation: 1100|org.icpc.tools.presentation.contest.internal.presentations.StaticLogoPresentation
2021.12.09 10:08.32 I Attempting to load class: org.icpc.tools.presentation.contest.internal.presentations.StaticLogoPresentation
2021.12.09 10:08.32 I Class loaded ok
2021.12.09 10:08.32 I New presentation plan now
2021.12.09 10:08.32 I Initializing presentation StaticLogoPresentation
2021.12.09 10:08.32 I Building presentation plan
2021.12.09 10:08.32 I Building presentation plan
2021.12.09 10:08.32 I Ending presentation plan: null
2021.12.09 10:08.32 I Next presentation plan: Presentation plan 1100 -> 9223372036854775807, 315360000000
  Segment [0 -> 315360000000, StaticLogoPresentation > null > null, 0]
2021.12.09 10:08.32 I Switching presentation plans: null -> Presentation plan 1100 -> 9223372036854775807, 315360000000
  Segment [0 -> 315360000000, StaticLogoPresentation > null > null, 0]
2021.12.09 10:08.36 I > {"type":"info","source":"b833456f","presentation":"StaticLogoPresentation","fps":4,"image":"/9j/4AAQSkZJRgABAgAAAQABAA...
2021.12.09 10:08.36 I < {"type":"properties","props":{"presentation":"1100|org.icpc.tools.presentation.contest.internal.scoreboard.ScoreboardP...
2021.12.09 10:08.36 presentation: 1100|org.icpc.tools.presentation.contest.internal.scoreboard.ScoreboardPresentation
2021.12.09 10:08.36 I Attempting to load class: org.icpc.tools.presentation.contest.internal.scoreboard.ScoreboardPresentation
2021.12.09 10:08.36 I Class loaded ok
2021.12.09 10:08.36 I New presentation plan now
2021.12.09 10:08.36 I Initializing presentation ScoreboardPresentation
2021.12.09 10:08.36 I Building presentation plan
2021.12.09 10:08.36 I Building presentation plan
2021.12.09 10:08.36 I Next presentation plan: Presentation plan 1100 -> 9223372036854775807, 16000
  Segment [0 -> 16000, ScoreboardPresentation > null > null, 0]
2021.12.09 10:08.36 I Ending presentation plan: null
2021.12.09 10:08.36 I Switching presentation plans: null -> Presentation plan 1100 -> 9223372036854775807, 16000
  Segment [0 -> 16000, ScoreboardPresentation > null > null, 0]
2021.12.09 10:08.40 I > {"type":"info","source":"b833456f","presentation":"ScoreboardPresentation","fps":62,"image":"/9j/4AAQSkZJRgABAgAAAQABA...
2021.12.09 10:08.44 I > {"type":"info","source":"b833456f","presentation":"ScoreboardPresentation","fps":62,"image":"/9j/4AAQSkZJRgABAgAAAQABA...
2021.12.09 10:08.44 I < {"type":"properties","props":{"presentation":"1100|org.icpc.tools.presentation.contest.internal.scoreboard.FirstSoluti...
2021.12.09 10:08.44 presentation: 1100|org.icpc.tools.presentation.contest.internal.scoreboard.FirstSolutionPresentation
2021.12.09 10:08.44 I Attempting to load class: org.icpc.tools.presentation.contest.internal.scoreboard.FirstSolutionPresentation
2021.12.09 10:08.44 I Class loaded ok
2021.12.09 10:08.44 I New presentation plan now
2021.12.09 10:08.44 I Initializing presentation FirstSolutionPresentation
2021.12.09 10:08.44 I Building presentation plan
2021.12.09 10:08.44 I Building presentation plan
2021.12.09 10:08.44 I Next presentation plan: Presentation plan 1100 -> 9223372036854775807, 315360000000
  Segment [0 -> 315360000000, FirstSolutionPresentation > null > null, 0]
2021.12.09 10:08.44 I Ending presentation plan: null
2021.12.09 10:08.44 I Switching presentation plans: null -> Presentation plan 1100 -> 9223372036854775807, 315360000000
  Segment [0 -> 315360000000, FirstSolutionPresentation > null > null, 0]
2021.12.09 10:08.44 I Download https://localhost:8443/presentation/fts/2013.png to C:\Users\diego\AppData\Local\Temp\org.icpc.tools.cache.localhostapicontests5\presentation\fts\2013.png (404)
2021.12.09 10:08.44 I Download https://localhost:8443/presentation/fts/2014.png to C:\Users\diego\AppData\Local\Temp\org.icpc.tools.cache.localhostapicontests5\presentation\fts\2014.png (404)
2021.12.09 10:08.44 I Download https://localhost:8443/presentation/fts/2015.png to C:\Users\diego\AppData\Local\Temp\org.icpc.tools.cache.localhostapicontests5\presentation\fts\2015.png (404)
2021.12.09 10:08.44 I Download https://localhost:8443/presentation/fts/2016.png to C:\Users\diego\AppData\Local\Temp\org.icpc.tools.cache.localhostapicontests5\presentation\fts\2016.png (404)
2021.12.09 10:08.44 I Download https://localhost:8443/presentation/fts/2017.png to C:\Users\diego\AppData\Local\Temp\org.icpc.tools.cache.localhostapicontests5\presentation\fts\2017.png (404)
2021.12.09 10:08.44 I Download https://localhost:8443/presentation/fts/2018.png to C:\Users\diego\AppData\Local\Temp\org.icpc.tools.cache.localhostapicontests5\presentation\fts\2018.png (404)
2021.12.09 10:08.48 I > {"type":"info","source":"b833456f","presentation":"FirstSolutionPresentation","fps":62,"image":"/9j/4AAQSkZJRgABAgAAAQ...
2021.12.09 10:08.49 I < {"type":"properties","props":{"presentation":"1100|org.icpc.tools.presentation.contest.internal.presentations.map.Ball...
2021.12.09 10:08.49 presentation: 1100|org.icpc.tools.presentation.contest.internal.presentations.map.BalloonMapPresentation
2021.12.09 10:08.49 I Attempting to load class: org.icpc.tools.presentation.contest.internal.presentations.map.BalloonMapPresentation
2021.12.09 10:08.49 I Class loaded ok
2021.12.09 10:08.49 I New presentation plan now
2021.12.09 10:08.49 I Initializing presentation BalloonMapPresentation
2021.12.09 10:08.51 I Building presentation plan
2021.12.09 10:08.51 I Building presentation plan
2021.12.09 10:08.51 I Next presentation plan: Presentation plan 1100 -> 9223372036854775807, 315360000000
  Segment [0 -> 315360000000, BalloonMapPresentation > null > null, 0]
2021.12.09 10:08.51 I Ending presentation plan: null
2021.12.09 10:08.51 I Switching presentation plans: null -> Presentation plan 1100 -> 9223372036854775807, 315360000000
  Segment [0 -> 315360000000, BalloonMapPresentation > null > null, 0]
2021.12.09 10:08.52 I > {"type":"info","source":"b833456f","presentation":"BalloonMapPresentation","fps":54,"image":"/9j/4AAQSkZJRgABAgAAAQABA...
2021.12.09 10:08.52 I < {"type":"properties","props":{"presentation":"1100|org.icpc.tools.presentation.contest.internal.presentations.map.Ball...
2021.12.09 10:08.52 presentation: 1100|org.icpc.tools.presentation.contest.internal.presentations.map.BalloonMapPresentation
2021.12.09 10:08.52 I Attempting to load class: org.icpc.tools.presentation.contest.internal.presentations.map.BalloonMapPresentation
2021.12.09 10:08.52 I Class loaded ok
2021.12.09 10:08.52 I New presentation plan now
2021.12.09 10:08.52 I Initializing presentation BalloonMapPresentation
2021.12.09 10:08.52 I Building presentation plan
2021.12.09 10:08.52 I Building presentation plan
2021.12.09 10:08.52 I Next presentation plan: Presentation plan 1100 -> 9223372036854775807, 315360000000
  Segment [0 -> 315360000000, BalloonMapPresentation > null > null, 0]
2021.12.09 10:08.52 I Ending presentation plan: null
2021.12.09 10:08.52 I Switching presentation plans: null -> Presentation plan 1100 -> 9223372036854775807, 315360000000
  Segment [0 -> 315360000000, BalloonMapPresentation > null > null, 0]
2021.12.09 10:08.55 I < {"type":"properties","props":{"presentation":"1100|org.icpc.tools.presentation.contest.internal.presentations.map.Team...
2021.12.09 10:08.55 presentation: 1100|org.icpc.tools.presentation.contest.internal.presentations.map.TeamIntroPresentation
2021.12.09 10:08.55 I Attempting to load class: org.icpc.tools.presentation.contest.internal.presentations.map.TeamIntroPresentation
2021.12.09 10:08.55 I Class loaded ok
2021.12.09 10:08.55 I New presentation plan now
2021.12.09 10:08.55 I Initializing presentation TeamIntroPresentation
2021.12.09 10:08.55 I Building presentation plan
2021.12.09 10:08.55 I Building presentation plan
2021.12.09 10:08.55 I Next presentation plan: Presentation plan 1100 -> 9223372036854775807, 39000
  Segment [0 -> 39000, TeamIntroPresentation > null > null, 0]
2021.12.09 10:08.55 I Ending presentation plan: null
2021.12.09 10:08.55 I Switching presentation plans: null -> Presentation plan 1100 -> 9223372036854775807, 39000
  Segment [0 -> 39000, TeamIntroPresentation > null > null, 0]
2021.12.09 10:08.56 I > {"type":"info","source":"b833456f","presentation":"TeamIntroPresentation","fps":61,"image":"/9j/4AAQSkZJRgABAgAAAQABAA...
2021.12.09 10:08.56 I < {"type":"ping"}
2021.12.09 10:08.56 I > {"type":"ping"}
2021.12.09 10:08.56 I < {"type":"properties","props":{"presentation":"1100|org.icpc.tools.presentation.contest.internal.presentations.map.Worl...
2021.12.09 10:08.56 presentation: 1100|org.icpc.tools.presentation.contest.internal.presentations.map.WorldPresentation
2021.12.09 10:08.56 I Attempting to load class: org.icpc.tools.presentation.contest.internal.presentations.map.WorldPresentation
2021.12.09 10:08.56 I Class loaded ok
2021.12.09 10:08.56 I New presentation plan now
2021.12.09 10:08.56 I Initializing presentation WorldPresentation
2021.12.09 10:08.56 I Building presentation plan
2021.12.09 10:08.56 I Building presentation plan
2021.12.09 10:08.56 I Next presentation plan: Presentation plan 1100 -> 9223372036854775807, 315360000000
  Segment [0 -> 315360000000, WorldPresentation > null > null, 0]
2021.12.09 10:08.56 I Ending presentation plan: null
2021.12.09 10:08.56 I Switching presentation plans: null -> Presentation plan 1100 -> 9223372036854775807, 315360000000
  Segment [0 -> 315360000000, WorldPresentation > null > null, 0]
2021.12.09 10:08.59 I < {"type":"properties","props":{"presentation":"1100|org.icpc.tools.presentation.contest.internal.presentations.map.Grou...
2021.12.09 10:08.59 presentation: 1100|org.icpc.tools.presentation.contest.internal.presentations.map.GroupPresentation
2021.12.09 10:08.59 I Attempting to load class: org.icpc.tools.presentation.contest.internal.presentations.map.GroupPresentation
2021.12.09 10:08.59 I Class loaded ok
2021.12.09 10:08.59 I New presentation plan now
2021.12.09 10:08.59 I Initializing presentation GroupPresentation
2021.12.09 10:08.59 I Building presentation plan
2021.12.09 10:08.59 I Building presentation plan
2021.12.09 10:08.59 I Next presentation plan: Presentation plan 1100 -> 9223372036854775807, 12000
  Segment [0 -> 12000, GroupPresentation > null > null, 0]
2021.12.09 10:08.59 I Ending presentation plan: null
2021.12.09 10:08.59 I Switching presentation plans: null -> Presentation plan 1100 -> 9223372036854775807, 12000
  Segment [0 -> 12000, GroupPresentation > null > null, 0]
2021.12.09 10:09.00 I > {"type":"info","source":"b833456f","presentation":"GroupPresentation","fps":61,"image":"/9j/4AAQSkZJRgABAgAAAQABAAD/2w...
2021.12.09 10:09.04 I > {"type":"info","source":"b833456f","presentation":"GroupPresentation","fps":61,"image":"/9j/4AAQSkZJRgABAgAAAQABAAD/2w...
2021.12.09 10:09.04 I < {"type":"properties","props":{"presentation":"1100|org.icpc.tools.presentation.contest.internal.presentations.MessageP...
2021.12.09 10:09.04 presentation: 1100|org.icpc.tools.presentation.contest.internal.presentations.MessagePresentation
2021.12.09 10:09.04 I Attempting to load class: org.icpc.tools.presentation.contest.internal.presentations.MessagePresentation
2021.12.09 10:09.04 I Class loaded ok
2021.12.09 10:09.04 I New presentation plan now
2021.12.09 10:09.04 I Initializing presentation MessagePresentation
2021.12.09 10:09.04 I Building presentation plan
2021.12.09 10:09.04 I Building presentation plan
2021.12.09 10:09.04 I Next presentation plan: Presentation plan 1100 -> 9223372036854775807, 315360000000
  Segment [0 -> 315360000000, MessagePresentation > null > null, 0]
2021.12.09 10:09.04 I Ending presentation plan: null
2021.12.09 10:09.04 I Switching presentation plans: null -> Presentation plan 1100 -> 9223372036854775807, 315360000000
  Segment [0 -> 315360000000, MessagePresentation > null > null, 0]
2021.12.09 10:09.07 I < {"type":"properties","props":{"presentation":"1100|org.icpc.tools.presentation.contest.internal.presentations.ICPCTool...
2021.12.09 10:09.07 presentation: 1100|org.icpc.tools.presentation.contest.internal.presentations.ICPCToolsPresentation
2021.12.09 10:09.07 I Attempting to load class: org.icpc.tools.presentation.contest.internal.presentations.ICPCToolsPresentation
2021.12.09 10:09.07 I Class loaded ok
2021.12.09 10:09.07 I New presentation plan now
2021.12.09 10:09.07 I Initializing presentation ICPCToolsPresentation
2021.12.09 10:09.07 I Building presentation plan
2021.12.09 10:09.07 I Building presentation plan
2021.12.09 10:09.07 I Next presentation plan: Presentation plan 1100 -> 9223372036854775807, 10000
  Segment [0 -> 10000, ICPCToolsPresentation > null > null, 0]
2021.12.09 10:09.07 I Ending presentation plan: null
2021.12.09 10:09.07 I Switching presentation plans: null -> Presentation plan 1100 -> 9223372036854775807, 10000
  Segment [0 -> 10000, ICPCToolsPresentation > null > null, 0]
2021.12.09 10:09.08 I > {"type":"info","source":"b833456f","presentation":"ICPCToolsPresentation","fps":32,"image":"/9j/4AAQSkZJRgABAgAAAQABAA...
2021.12.09 10:09.12 I > {"type":"info","source":"b833456f","presentation":"ICPCToolsPresentation","fps":61,"image":"/9j/4AAQSkZJRgABAgAAAQABAA...
2021.12.09 10:09.12 I < {"type":"properties","props":{"presentation":"1100|org.icpc.tools.presentation.contest.internal.presentations.BillPres...
2021.12.09 10:09.12 presentation: 1100|org.icpc.tools.presentation.contest.internal.presentations.BillPresentation
2021.12.09 10:09.12 I Attempting to load class: org.icpc.tools.presentation.contest.internal.presentations.BillPresentation
2021.12.09 10:09.12 I Class loaded ok
2021.12.09 10:09.12 I New presentation plan now
2021.12.09 10:09.12 I Initializing presentation BillPresentation
2021.12.09 10:09.13 I Building presentation plan
2021.12.09 10:09.13 I Building presentation plan
2021.12.09 10:09.13 I Next presentation plan: Presentation plan 1100 -> 9223372036854775807, 315360000000
  Segment [0 -> 315360000000, BillPresentation > null > null, 0]
2021.12.09 10:09.13 I Ending presentation plan: null
2021.12.09 10:09.13 I Switching presentation plans: null -> Presentation plan 1100 -> 9223372036854775807, 315360000000
  Segment [0 -> 315360000000, BillPresentation > null > null, 0]
2021.12.09 10:09.13 I > {"type":"info","source":"b833456f","presentation":"BillPresentation","fps":0,"image":"/9j/4AAQSkZJRgABAgAAAQABAAD/2wBD...
2021.12.09 10:09.15 I < {"type":"properties","props":{"presentation":"1100|org.icpc.tools.presentation.contest.internal.presentations.DoNotTou...
2021.12.09 10:09.15 presentation: 1100|org.icpc.tools.presentation.contest.internal.presentations.DoNotTouchPresentation
2021.12.09 10:09.15 I Attempting to load class: org.icpc.tools.presentation.contest.internal.presentations.DoNotTouchPresentation
2021.12.09 10:09.15 I Class loaded ok
2021.12.09 10:09.15 I New presentation plan now
2021.12.09 10:09.15 I Initializing presentation DoNotTouchPresentation
2021.12.09 10:09.15 I Building presentation plan
2021.12.09 10:09.15 I Building presentation plan
2021.12.09 10:09.15 I Next presentation plan: Presentation plan 1100 -> 9223372036854775807, 11000
  Segment [0 -> 11000, DoNotTouchPresentation > null > null, 0]
2021.12.09 10:09.15 I Ending presentation plan: null
2021.12.09 10:09.15 I Switching presentation plans: null -> Presentation plan 1100 -> 9223372036854775807, 11000
  Segment [0 -> 11000, DoNotTouchPresentation > null > null, 0]
2021.12.09 10:09.16 I > {"type":"info","source":"b833456f","presentation":"DoNotTouchPresentation","fps":12,"image":"/9j/4AAQSkZJRgABAgAAAQABA...
2021.12.09 10:09.20 I > {"type":"info","source":"b833456f","presentation":"DoNotTouchPresentation","fps":10,"image":"/9j/4AAQSkZJRgABAgAAAQABA...
2021.12.09 10:09.24 I > {"type":"info","source":"b833456f","presentation":"DoNotTouchPresentation","fps":10,"image":"/9j/4AAQSkZJRgABAgAAAQABA...
2021.12.09 10:09.26 I < {"type":"ping"}
2021.12.09 10:09.26 I > {"type":"ping"}
2021.12.09 10:09.28 I > {"type":"info","source":"b833456f","presentation":"DoNotTouchPresentation","fps":10,"image":"/9j/4AAQSkZJRgABAgAAAQABA...
2021.12.09 10:09.28 I < {"type":"properties","props":{"presentation":"1100|org.icpc.tools.presentation.contest.internal.presentations.Firework...
2021.12.09 10:09.28 presentation: 1100|org.icpc.tools.presentation.contest.internal.presentations.FireworksPresentation
2021.12.09 10:09.28 I Attempting to load class: org.icpc.tools.presentation.contest.internal.presentations.FireworksPresentation
2021.12.09 10:09.28 I Class loaded ok
2021.12.09 10:09.28 I New presentation plan now
2021.12.09 10:09.28 I Initializing presentation FireworksPresentation
2021.12.09 10:09.28 I Building presentation plan
2021.12.09 10:09.28 I Building presentation plan
2021.12.09 10:09.28 I Next presentation plan: Presentation plan 1100 -> 9223372036854775807, 315360000000
  Segment [0 -> 315360000000, FireworksPresentation > null > null, 0]
2021.12.09 10:09.28 I Ending presentation plan: null
2021.12.09 10:09.28 I Switching presentation plans: null -> Presentation plan 1100 -> 9223372036854775807, 315360000000
  Segment [0 -> 315360000000, FireworksPresentation > null > null, 0]
2021.12.09 10:09.32 I > {"type":"info","source":"b833456f","presentation":"FireworksPresentation","fps":55,"image":"/9j/4AAQSkZJRgABAgAAAQABAA...
2021.12.09 10:09.33 I < {"type":"properties","props":{"presentation":"1100|org.icpc.tools.presentation.contest.internal.chart.ScoreboardChart"...
2021.12.09 10:09.33 presentation: 1100|org.icpc.tools.presentation.contest.internal.chart.ScoreboardChart
2021.12.09 10:09.33 I Attempting to load class: org.icpc.tools.presentation.contest.internal.chart.ScoreboardChart
2021.12.09 10:09.33 I Class loaded ok
2021.12.09 10:09.33 I New presentation plan now
2021.12.09 10:09.33 I Initializing presentation ScoreboardChart
2021.12.09 10:09.33 I Building presentation plan
2021.12.09 10:09.33 I Building presentation plan
2021.12.09 10:09.33 I Next presentation plan: Presentation plan 1100 -> 9223372036854775807, 15000
  Segment [0 -> 15000, ScoreboardChart > null > null, 0]
2021.12.09 10:09.33 I Ending presentation plan: null
2021.12.09 10:09.33 I Switching presentation plans: null -> Presentation plan 1100 -> 9223372036854775807, 15000
  Segment [0 -> 15000, ScoreboardChart > null > null, 0]
2021.12.09 10:09.35 I < {"type":"properties","props":{"presentation":"1100|org.icpc.tools.presentation.contest.internal.chart.TotalProblemsCha...
2021.12.09 10:09.35 presentation: 1100|org.icpc.tools.presentation.contest.internal.chart.TotalProblemsChart
2021.12.09 10:09.35 I Attempting to load class: org.icpc.tools.presentation.contest.internal.chart.TotalProblemsChart
2021.12.09 10:09.35 I Class loaded ok
2021.12.09 10:09.35 I New presentation plan now
2021.12.09 10:09.35 I Initializing presentation TotalProblemsChart
2021.12.09 10:09.35 I Building presentation plan
2021.12.09 10:09.35 I Building presentation plan
2021.12.09 10:09.35 I Next presentation plan: Presentation plan 1100 -> 9223372036854775807, 15000
  Segment [0 -> 15000, TotalProblemsChart > null > null, 0]
2021.12.09 10:09.35 I Ending presentation plan: null
2021.12.09 10:09.35 I Switching presentation plans: null -> Presentation plan 1100 -> 9223372036854775807, 15000
  Segment [0 -> 15000, TotalProblemsChart > null > null, 0]
2021.12.09 10:09.36 I > {"type":"info","source":"b833456f","presentation":"TotalProblemsChart","fps":61,"image":"/9j/4AAQSkZJRgABAgAAAQABAAD/2...
2021.12.09 10:09.38 I < {"type":"properties","props":{"presentation":"1100|org.icpc.tools.presentation.contest.internal.chart.ProblemCompariso...
2021.12.09 10:09.38 presentation: 1100|org.icpc.tools.presentation.contest.internal.chart.ProblemComparisonChart
2021.12.09 10:09.38 I Attempting to load class: org.icpc.tools.presentation.contest.internal.chart.ProblemComparisonChart
2021.12.09 10:09.38 I Class loaded ok
2021.12.09 10:09.38 I New presentation plan now
2021.12.09 10:09.38 I Initializing presentation ProblemComparisonChart
2021.12.09 10:09.38 I Building presentation plan
2021.12.09 10:09.38 I Building presentation plan
2021.12.09 10:09.38 I Next presentation plan: Presentation plan 1100 -> 9223372036854775807, 15000
  Segment [0 -> 15000, ProblemComparisonChart > null > null, 0]
2021.12.09 10:09.38 I Ending presentation plan: null
2021.12.09 10:09.38 I Switching presentation plans: null -> Presentation plan 1100 -> 9223372036854775807, 15000
  Segment [0 -> 15000, ProblemComparisonChart > null > null, 0]
2021.12.09 10:09.40 I > {"type":"info","source":"b833456f","presentation":"ProblemComparisonChart","fps":61,"image":"/9j/4AAQSkZJRgABAgAAAQABA...
2021.12.09 10:09.40 I < {"type":"properties","props":{"presentation":"1100|org.icpc.tools.presentation.contest.internal.chart.LanguageSummaryC...
2021.12.09 10:09.40 presentation: 1100|org.icpc.tools.presentation.contest.internal.chart.LanguageSummaryChart
2021.12.09 10:09.40 I Attempting to load class: org.icpc.tools.presentation.contest.internal.chart.LanguageSummaryChart
2021.12.09 10:09.40 I Class loaded ok
2021.12.09 10:09.40 I New presentation plan now
2021.12.09 10:09.40 I Initializing presentation LanguageSummaryChart
2021.12.09 10:09.40 I Building presentation plan
2021.12.09 10:09.40 I Building presentation plan
2021.12.09 10:09.40 I Next presentation plan: Presentation plan 1100 -> 9223372036854775807, 15000
  Segment [0 -> 15000, LanguageSummaryChart > null > null, 0]
2021.12.09 10:09.40 I Ending presentation plan: null
2021.12.09 10:09.40 I Switching presentation plans: null -> Presentation plan 1100 -> 9223372036854775807, 15000
  Segment [0 -> 15000, LanguageSummaryChart > null > null, 0]
2021.12.09 10:09.44 I > {"type":"info","source":"b833456f","presentation":"LanguageSummaryChart","fps":62,"image":"/9j/4AAQSkZJRgABAgAAAQABAAD...
2021.12.09 10:09.46 I < {"type":"properties","props":{"presentation":"1100|org.icpc.tools.presentation.contest.internal.chart.HistoricalCompar...
2021.12.09 10:09.46 presentation: 1100|org.icpc.tools.presentation.contest.internal.chart.HistoricalComparisonChart
2021.12.09 10:09.46 I Attempting to load class: org.icpc.tools.presentation.contest.internal.chart.HistoricalComparisonChart
2021.12.09 10:09.46 I Class loaded ok
2021.12.09 10:09.46 I New presentation plan now
2021.12.09 10:09.46 I Initializing presentation HistoricalComparisonChart
2021.12.09 10:09.46 I Download https://localhost:8443/presentation/historical/events2013.json to C:\Users\diego\AppData\Local\Temp\org.icpc.tools.cache.localhostapicontests5\presentation\historical\events2013.json (404)
2021.12.09 10:09.46 E Error loading past contest
java.io.FileNotFoundException: C:\Users\diego\AppData\Local\Temp\org.icpc.tools.cache.localhostapicontests5\presentation\historical\events2013.json (El sistema no puede encontrar la ruta especificada)
	at java.base/java.io.FileInputStream.open0(Native Method)
	at java.base/java.io.FileInputStream.open(FileInputStream.java:213)
	at java.base/java.io.FileInputStream.<init>(FileInputStream.java:155)
	at org.icpc.tools.presentation.contest.internal.chart.HistoricalComparisonChart.init(HistoricalComparisonChart.java:67)
	at org.icpc.tools.presentation.core.internal.PresentationWindowImpl.setPresentations(PresentationWindowImpl.java:446)
	at org.icpc.tools.presentation.contest.internal.PresentationClient.setPresentations(PresentationClient.java:217)
	at org.icpc.tools.presentation.contest.internal.PresentationClient.handleProperty(PresentationClient.java:129)
	at org.icpc.tools.presentation.contest.internal.PresentationClient$3.propertyUpdated(PresentationClient.java:86)
	at org.icpc.tools.client.core.BasicClient.firePropertyChangedEvent(BasicClient.java:541)
	at org.icpc.tools.client.core.BasicClient.handleProperties(BasicClient.java:206)
	at org.icpc.tools.client.core.BasicClient.onMessage(BasicClient.java:700)
	at org.icpc.tools.client.core.BasicClient.access$000(BasicClient.java:45)
	at org.icpc.tools.client.core.BasicClient$WSClientEndpoint$1.onMessage(BasicClient.java:89)
	at org.icpc.tools.client.core.BasicClient$WSClientEndpoint$1.onMessage(BasicClient.java:85)
	at org.glassfish.tyrus.core.TyrusSession.notifyMessageHandlers(TyrusSession.java:559)
	at org.glassfish.tyrus.core.TyrusEndpointWrapper.onMessage(TyrusEndpointWrapper.java:855)
	at org.glassfish.tyrus.core.TyrusWebSocket.onMessage(TyrusWebSocket.java:196)
	at org.glassfish.tyrus.core.frame.TextFrame.respond(TextFrame.java:115)
	at org.glassfish.tyrus.core.ProtocolHandler.process(ProtocolHandler.java:819)
	at org.glassfish.tyrus.client.TyrusClientEngine$TyrusReadHandler.handle(TyrusClientEngine.java:724)
	at org.glassfish.tyrus.container.grizzly.client.GrizzlyClientFilter$ProcessTask.execute(GrizzlyClientFilter.java:452)
	at org.glassfish.tyrus.container.grizzly.client.TaskProcessor.processTask(TaskProcessor.java:91)
	at org.glassfish.tyrus.container.grizzly.client.TaskProcessor.processTask(TaskProcessor.java:68)
	at org.glassfish.tyrus.container.grizzly.client.GrizzlyClientFilter.handleRead(GrizzlyClientFilter.java:248)
	at org.glassfish.grizzly.filterchain.ExecutorResolver$9.execute(ExecutorResolver.java:119)
	at org.glassfish.grizzly.filterchain.DefaultFilterChain.executeFilter(DefaultFilterChain.java:283)
	at org.glassfish.grizzly.filterchain.DefaultFilterChain.executeChainPart(DefaultFilterChain.java:200)
	at org.glassfish.grizzly.filterchain.DefaultFilterChain.execute(DefaultFilterChain.java:132)
	at org.glassfish.grizzly.filterchain.DefaultFilterChain.process(DefaultFilterChain.java:111)
	at org.glassfish.grizzly.ProcessorExecutor.execute(ProcessorExecutor.java:77)
	at org.glassfish.grizzly.nio.transport.TCPNIOTransport.fireIOEvent(TCPNIOTransport.java:536)
	at org.glassfish.grizzly.strategies.AbstractIOStrategy.fireIOEvent(AbstractIOStrategy.java:112)
	at org.glassfish.grizzly.strategies.WorkerThreadIOStrategy.run0(WorkerThreadIOStrategy.java:117)
	at org.glassfish.grizzly.strategies.WorkerThreadIOStrategy.access$100(WorkerThreadIOStrategy.java:56)
	at org.glassfish.grizzly.strategies.WorkerThreadIOStrategy$WorkerThreadRunnable.run(WorkerThreadIOStrategy.java:137)
	at org.glassfish.grizzly.threadpool.AbstractThreadPool$Worker.doWork(AbstractThreadPool.java:591)
	at org.glassfish.grizzly.threadpool.AbstractThreadPool$Worker.run(AbstractThreadPool.java:571)
	at java.base/java.lang.Thread.run(Thread.java:835)
2021.12.09 10:09.46 I Download https://localhost:8443/presentation/historical/events2014.json to C:\Users\diego\AppData\Local\Temp\org.icpc.tools.cache.localhostapicontests5\presentation\historical\events2014.json (404)
Logging second instance of exception, will not log again
2021.12.09 10:09.46 E Error loading past contest
java.io.FileNotFoundException: C:\Users\diego\AppData\Local\Temp\org.icpc.tools.cache.localhostapicontests5\presentation\historical\events2014.json (El sistema no puede encontrar la ruta especificada)
	at java.base/java.io.FileInputStream.open0(Native Method)
	at java.base/java.io.FileInputStream.open(FileInputStream.java:213)
	at java.base/java.io.FileInputStream.<init>(FileInputStream.java:155)
	at org.icpc.tools.presentation.contest.internal.chart.HistoricalComparisonChart.init(HistoricalComparisonChart.java:67)
	at org.icpc.tools.presentation.core.internal.PresentationWindowImpl.setPresentations(PresentationWindowImpl.java:446)
	at org.icpc.tools.presentation.contest.internal.PresentationClient.setPresentations(PresentationClient.java:217)
	at org.icpc.tools.presentation.contest.internal.PresentationClient.handleProperty(PresentationClient.java:129)
	at org.icpc.tools.presentation.contest.internal.PresentationClient$3.propertyUpdated(PresentationClient.java:86)
	at org.icpc.tools.client.core.BasicClient.firePropertyChangedEvent(BasicClient.java:541)
	at org.icpc.tools.client.core.BasicClient.handleProperties(BasicClient.java:206)
	at org.icpc.tools.client.core.BasicClient.onMessage(BasicClient.java:700)
	at org.icpc.tools.client.core.BasicClient.access$000(BasicClient.java:45)
	at org.icpc.tools.client.core.BasicClient$WSClientEndpoint$1.onMessage(BasicClient.java:89)
	at org.icpc.tools.client.core.BasicClient$WSClientEndpoint$1.onMessage(BasicClient.java:85)
	at org.glassfish.tyrus.core.TyrusSession.notifyMessageHandlers(TyrusSession.java:559)
	at org.glassfish.tyrus.core.TyrusEndpointWrapper.onMessage(TyrusEndpointWrapper.java:855)
	at org.glassfish.tyrus.core.TyrusWebSocket.onMessage(TyrusWebSocket.java:196)
	at org.glassfish.tyrus.core.frame.TextFrame.respond(TextFrame.java:115)
	at org.glassfish.tyrus.core.ProtocolHandler.process(ProtocolHandler.java:819)
	at org.glassfish.tyrus.client.TyrusClientEngine$TyrusReadHandler.handle(TyrusClientEngine.java:724)
	at org.glassfish.tyrus.container.grizzly.client.GrizzlyClientFilter$ProcessTask.execute(GrizzlyClientFilter.java:452)
	at org.glassfish.tyrus.container.grizzly.client.TaskProcessor.processTask(TaskProcessor.java:91)
	at org.glassfish.tyrus.container.grizzly.client.TaskProcessor.processTask(TaskProcessor.java:68)
	at org.glassfish.tyrus.container.grizzly.client.GrizzlyClientFilter.handleRead(GrizzlyClientFilter.java:248)
	at org.glassfish.grizzly.filterchain.ExecutorResolver$9.execute(ExecutorResolver.java:119)
	at org.glassfish.grizzly.filterchain.DefaultFilterChain.executeFilter(DefaultFilterChain.java:283)
	at org.glassfish.grizzly.filterchain.DefaultFilterChain.executeChainPart(DefaultFilterChain.java:200)
	at org.glassfish.grizzly.filterchain.DefaultFilterChain.execute(DefaultFilterChain.java:132)
	at org.glassfish.grizzly.filterchain.DefaultFilterChain.process(DefaultFilterChain.java:111)
	at org.glassfish.grizzly.ProcessorExecutor.execute(ProcessorExecutor.java:77)
	at org.glassfish.grizzly.nio.transport.TCPNIOTransport.fireIOEvent(TCPNIOTransport.java:536)
	at org.glassfish.grizzly.strategies.AbstractIOStrategy.fireIOEvent(AbstractIOStrategy.java:112)
	at org.glassfish.grizzly.strategies.WorkerThreadIOStrategy.run0(WorkerThreadIOStrategy.java:117)
	at org.glassfish.grizzly.strategies.WorkerThreadIOStrategy.access$100(WorkerThreadIOStrategy.java:56)
	at org.glassfish.grizzly.strategies.WorkerThreadIOStrategy$WorkerThreadRunnable.run(WorkerThreadIOStrategy.java:137)
	at org.glassfish.grizzly.threadpool.AbstractThreadPool$Worker.doWork(AbstractThreadPool.java:591)
	at org.glassfish.grizzly.threadpool.AbstractThreadPool$Worker.run(AbstractThreadPool.java:571)
	at java.base/java.lang.Thread.run(Thread.java:835)
2021.12.09 10:09.47 I Download https://localhost:8443/presentation/historical/events2015.json to C:\Users\diego\AppData\Local\Temp\org.icpc.tools.cache.localhostapicontests5\presentation\historical\events2015.json (404)
2021.12.09 10:09.47 I Download https://localhost:8443/presentation/historical/events2016.json to C:\Users\diego\AppData\Local\Temp\org.icpc.tools.cache.localhostapicontests5\presentation\historical\events2016.json (404)
2021.12.09 10:09.47 I Building presentation plan
2021.12.09 10:09.47 I Building presentation plan
2021.12.09 10:09.47 I Next presentation plan: Presentation plan 1100 -> 9223372036854775807, 15000
  Segment [0 -> 15000, HistoricalComparisonChart > null > null, 0]
2021.12.09 10:09.47 I Ending presentation plan: null
2021.12.09 10:09.47 I Switching presentation plans: null -> Presentation plan 1100 -> 9223372036854775807, 15000
  Segment [0 -> 15000, HistoricalComparisonChart > null > null, 0]
2021.12.09 10:09.48 I > {"type":"info","source":"b833456f","presentation":"HistoricalComparisonChart","fps":61,"image":"/9j/4AAQSkZJRgABAgAAAQ...
2021.12.09 10:09.49 I < {"type":"properties","props":{"presentation":"1100|org.icpc.tools.presentation.contest.internal.chart.JudgeQueueDepthC...
2021.12.09 10:09.49 presentation: 1100|org.icpc.tools.presentation.contest.internal.chart.JudgeQueueDepthChart
2021.12.09 10:09.49 I Attempting to load class: org.icpc.tools.presentation.contest.internal.chart.JudgeQueueDepthChart
2021.12.09 10:09.49 I Class loaded ok
2021.12.09 10:09.49 I New presentation plan now
2021.12.09 10:09.49 I Initializing presentation JudgeQueueDepthChart
2021.12.09 10:09.49 I Building presentation plan
2021.12.09 10:09.49 I Building presentation plan
2021.12.09 10:09.49 I Next presentation plan: Presentation plan 1100 -> 9223372036854775807, 15000
  Segment [0 -> 15000, JudgeQueueDepthChart > null > null, 0]
2021.12.09 10:09.49 I Ending presentation plan: null
2021.12.09 10:09.49 I Switching presentation plans: null -> Presentation plan 1100 -> 9223372036854775807, 15000
  Segment [0 -> 15000, JudgeQueueDepthChart > null > null, 0]
2021.12.09 10:09.54 I < {"type":"properties","props":{"presentation":"1100|org.icpc.tools.presentation.contest.internal.presentations.BetterFi...
2021.12.09 10:09.54 presentation: 1100|org.icpc.tools.presentation.contest.internal.presentations.BetterFireworksPresentation
2021.12.09 10:09.54 I Attempting to load class: org.icpc.tools.presentation.contest.internal.presentations.BetterFireworksPresentation
2021.12.09 10:09.54 I Class loaded ok
2021.12.09 10:09.54 I New presentation plan now
2021.12.09 10:09.54 I Initializing presentation BetterFireworksPresentation
2021.12.09 10:09.54 I Building presentation plan
2021.12.09 10:09.54 I Building presentation plan
2021.12.09 10:09.54 I Next presentation plan: Presentation plan 1100 -> 9223372036854775807, 315360000000
  Segment [0 -> 315360000000, BetterFireworksPresentation > null > null, 0]
2021.12.09 10:09.54 I Ending presentation plan: null
2021.12.09 10:09.54 I Switching presentation plans: null -> Presentation plan 1100 -> 9223372036854775807, 315360000000
  Segment [0 -> 315360000000, BetterFireworksPresentation > null > null, 0]
2021.12.09 10:09.54 I > {"type":"info","source":"b833456f","presentation":"JudgeQueueDepthChart","fps":2,"image":"/9j/4AAQSkZJRgABAgAAAQABAAD/...
2021.12.09 10:09.56 I < {"type":"ping"}
2021.12.09 10:09.56 I > {"type":"ping"}
2021.12.09 10:09.56 I > {"type":"info","source":"b833456f","presentation":"BetterFireworksPresentation","fps":44,"image":"/9j/4AAQSkZJRgABAgAA...
2021.12.09 10:10.00 I > {"type":"info","source":"b833456f","presentation":"BetterFireworksPresentation","fps":31,"image":"/9j/4AAQSkZJRgABAgAA...
2021.12.09 10:10.04 I > {"type":"info","source":"b833456f","presentation":"BetterFireworksPresentation","fps":30,"image":"/9j/4AAQSkZJRgABAgAA...
2021.12.09 10:10.08 I > {"type":"info","source":"b833456f","presentation":"BetterFireworksPresentation","fps":38,"image":"/9j/4AAQSkZJRgABAgAA...
2021.12.09 10:10.12 I > {"type":"info","source":"b833456f","presentation":"BetterFireworksPresentation","fps":41,"image":"/9j/4AAQSkZJRgABAgAA...
2021.12.09 10:10.16 I > {"type":"info","source":"b833456f","presentation":"BetterFireworksPresentation","fps":29,"image":"/9j/4AAQSkZJRgABAgAA...
2021.12.09 10:10.16 I < {"type":"properties","props":{"presentation":"1100|org.icpc.tools.presentation.contest.internal.scoreboard.JudgePresen...
2021.12.09 10:10.16 presentation: 1100|org.icpc.tools.presentation.contest.internal.scoreboard.JudgePresentation
2021.12.09 10:10.16 I Attempting to load class: org.icpc.tools.presentation.contest.internal.scoreboard.JudgePresentation
2021.12.09 10:10.17 I Class loaded ok
2021.12.09 10:10.17 I New presentation plan now
2021.12.09 10:10.17 I Initializing presentation JudgePresentation
2021.12.09 10:10.17 I Building presentation plan
2021.12.09 10:10.17 I Building presentation plan
2021.12.09 10:10.17 I Next presentation plan: Presentation plan 1100 -> 9223372036854775807, 315360000000
  Segment [0 -> 315360000000, JudgePresentation > null > null, 0]
2021.12.09 10:10.17 I Ending presentation plan: null
2021.12.09 10:10.17 I Switching presentation plans: null -> Presentation plan 1100 -> 9223372036854775807, 315360000000
  Segment [0 -> 315360000000, JudgePresentation > null > null, 0]
2021.12.09 10:10.20 I > {"type":"info","source":"b833456f","presentation":"JudgePresentation","fps":61,"image":"/9j/4AAQSkZJRgABAgAAAQABAAD/2w...
2021.12.09 10:10.24 I > {"type":"info","source":"b833456f","presentation":"JudgePresentation","fps":61,"image":"/9j/4AAQSkZJRgABAgAAAQABAAD/2w...
2021.12.09 10:10.26 I < {"type":"ping"}
2021.12.09 10:10.26 I > {"type":"ping"}
2021.12.09 10:10.28 I > {"type":"info","source":"b833456f","presentation":"JudgePresentation","fps":61,"image":"/9j/4AAQSkZJRgABAgAAAQABAAD/2w...
2021.12.09 10:10.32 I > {"type":"info","source":"b833456f","presentation":"JudgePresentation","fps":61,"image":"/9j/4AAQSkZJRgABAgAAAQABAAD/2w...
2021.12.09 10:10.36 I > {"type":"info","source":"b833456f","presentation":"JudgePresentation","fps":61,"image":"/9j/4AAQSkZJRgABAgAAAQABAAD/2w...
2021.12.09 10:10.40 I > {"type":"info","source":"b833456f","presentation":"JudgePresentation","fps":60,"image":"/9j/4AAQSkZJRgABAgAAAQABAAD/2w...
2021.12.09 10:10.44 I > {"type":"info","source":"b833456f","presentation":"JudgePresentation","fps":61,"image":"/9j/4AAQSkZJRgABAgAAAQABAAD/2w...
2021.12.09 10:10.48 I > {"type":"info","source":"b833456f","presentation":"JudgePresentation","fps":61,"image":"/9j/4AAQSkZJRgABAgAAAQABAAD/2w...
2021.12.09 10:10.52 I > {"type":"info","source":"b833456f","presentation":"JudgePresentation","fps":61,"image":"/9j/4AAQSkZJRgABAgAAAQABAAD/2w...
2021.12.09 10:10.56 I < {"type":"ping"}
2021.12.09 10:10.56 I > {"type":"ping"}
2021.12.09 10:10.56 I > {"type":"info","source":"b833456f","presentation":"JudgePresentation","fps":61,"image":"/9j/4AAQSkZJRgABAgAAAQABAAD/2w...
2021.12.09 10:11.00 I > {"type":"info","source":"b833456f","presentation":"JudgePresentation","fps":61,"image":"/9j/4AAQSkZJRgABAgAAAQABAAD/2w...
2021.12.09 10:11.04 I > {"type":"info","source":"b833456f","presentation":"JudgePresentation","fps":61,"image":"/9j/4AAQSkZJRgABAgAAAQABAAD/2w...
2021.12.09 10:11.08 I > {"type":"info","source":"b833456f","presentation":"JudgePresentation","fps":61,"image":"/9j/4AAQSkZJRgABAgAAAQABAAD/2w...
2021.12.09 10:11.12 I > {"type":"info","source":"b833456f","presentation":"JudgePresentation","fps":61,"image":"/9j/4AAQSkZJRgABAgAAAQABAAD/2w...
2021.12.09 10:11.16 I > {"type":"info","source":"b833456f","presentation":"JudgePresentation","fps":62,"image":"/9j/4AAQSkZJRgABAgAAAQABAAD/2w...
2021.12.09 10:11.20 I > {"type":"info","source":"b833456f","presentation":"JudgePresentation","fps":61,"image":"/9j/4AAQSkZJRgABAgAAAQABAAD/2w...
2021.12.09 10:11.24 I > {"type":"info","source":"b833456f","presentation":"JudgePresentation","fps":61,"image":"/9j/4AAQSkZJRgABAgAAAQABAAD/2w...
2021.12.09 10:11.26 I < {"type":"ping"}
2021.12.09 10:11.26 I > {"type":"ping"}
2021.12.09 10:11.28 I > {"type":"info","source":"b833456f","presentation":"JudgePresentation","fps":61,"image":"/9j/4AAQSkZJRgABAgAAAQABAAD/2w...
2021.12.09 10:11.32 I > {"type":"info","source":"b833456f","presentation":"JudgePresentation","fps":60,"image":"/9j/4AAQSkZJRgABAgAAAQABAAD/2w...
2021.12.09 10:11.36 I > {"type":"info","source":"b833456f","presentation":"JudgePresentation","fps":61,"image":"/9j/4AAQSkZJRgABAgAAAQABAAD/2w...
2021.12.09 10:11.40 I > {"type":"info","source":"b833456f","presentation":"JudgePresentation","fps":61,"image":"/9j/4AAQSkZJRgABAgAAAQABAAD/2w...
2021.12.09 10:11.44 I > {"type":"info","source":"b833456f","presentation":"JudgePresentation","fps":61,"image":"/9j/4AAQSkZJRgABAgAAAQABAAD/2w...
2021.12.09 10:11.48 I > {"type":"info","source":"b833456f","presentation":"JudgePresentation","fps":61,"image":"/9j/4AAQSkZJRgABAgAAAQABAAD/2w...
2021.12.09 10:11.52 I > {"type":"info","source":"b833456f","presentation":"JudgePresentation","fps":61,"image":"/9j/4AAQSkZJRgABAgAAAQABAAD/2w...
2021.12.09 10:11.56 I < {"type":"ping"}
2021.12.09 10:11.56 I > {"type":"ping"}
2021.12.09 10:11.56 I > {"type":"info","source":"b833456f","presentation":"JudgePresentation","fps":61,"image":"/9j/4AAQSkZJRgABAgAAAQABAAD/2w...
2021.12.09 10:12.01 I > {"type":"info","source":"b833456f","presentation":"JudgePresentation","fps":61,"image":"/9j/4AAQSkZJRgABAgAAAQABAAD/2w...
2021.12.09 10:12.04 I > {"type":"info","source":"b833456f","presentation":"JudgePresentation","fps":62,"image":"/9j/4AAQSkZJRgABAgAAAQABAAD/2w...
2021.12.09 10:12.08 I > {"type":"info","source":"b833456f","presentation":"JudgePresentation","fps":61,"image":"/9j/4AAQSkZJRgABAgAAAQABAAD/2w...
2021.12.09 10:12.12 I > {"type":"info","source":"b833456f","presentation":"JudgePresentation","fps":61,"image":"/9j/4AAQSkZJRgABAgAAAQABAAD/2w...
2021.12.09 10:12.16 I > {"type":"info","source":"b833456f","presentation":"JudgePresentation","fps":61,"image":"/9j/4AAQSkZJRgABAgAAAQABAAD/2w...
2021.12.09 10:12.20 I > {"type":"info","source":"b833456f","presentation":"JudgePresentation","fps":61,"image":"/9j/4AAQSkZJRgABAgAAAQABAAD/2w...
2021.12.09 10:12.24 I > {"type":"info","source":"b833456f","presentation":"JudgePresentation","fps":61,"image":"/9j/4AAQSkZJRgABAgAAAQABAAD/2w...
2021.12.09 10:12.26 I < {"type":"ping"}
2021.12.09 10:12.26 I > {"type":"ping"}
2021.12.09 10:12.28 I > {"type":"info","source":"b833456f","presentation":"JudgePresentation","fps":61,"image":"/9j/4AAQSkZJRgABAgAAAQABAAD/2w...
2021.12.09 10:12.32 I > {"type":"info","source":"b833456f","presentation":"JudgePresentation","fps":61,"image":"/9j/4AAQSkZJRgABAgAAAQABAAD/2w...
2021.12.09 10:12.36 I > {"type":"info","source":"b833456f","presentation":"JudgePresentation","fps":61,"image":"/9j/4AAQSkZJRgABAgAAAQABAAD/2w...
2021.12.09 10:12.40 I > {"type":"info","source":"b833456f","presentation":"JudgePresentation","fps":61,"image":"/9j/4AAQSkZJRgABAgAAAQABAAD/2w...
2021.12.09 10:12.44 I > {"type":"info","source":"b833456f","presentation":"JudgePresentation","fps":61,"image":"/9j/4AAQSkZJRgABAgAAAQABAAD/2w...
2021.12.09 10:12.48 I > {"type":"info","source":"b833456f","presentation":"JudgePresentation","fps":61,"image":"/9j/4AAQSkZJRgABAgAAAQABAAD/2w...
2021.12.09 10:12.52 I > {"type":"info","source":"b833456f","presentation":"JudgePresentation","fps":61,"image":"/9j/4AAQSkZJRgABAgAAAQABAAD/2w...
2021.12.09 10:12.56 I < {"type":"ping"}
2021.12.09 10:12.56 I > {"type":"ping"}
2021.12.09 10:12.56 I > {"type":"info","source":"b833456f","presentation":"JudgePresentation","fps":61,"image":"/9j/4AAQSkZJRgABAgAAAQABAAD/2w...
2021.12.09 10:13.00 I > {"type":"info","source":"b833456f","presentation":"JudgePresentation","fps":61,"image":"/9j/4AAQSkZJRgABAgAAAQABAAD/2w...
2021.12.09 10:13.03 192.168.0.3 disconnected
2021.12.09 10:13.03 E Unexpected websocket disconnect: Closed abnormally. (CLOSED_ABNORMALLY)
2021.12.09 10:13.03 192.168.0.3 connecting...
2021.12.09 10:13.04 I > {"type":"info","source":"b833456f","presentation":"JudgePresentation","fps":61,"image":"/9j/4AAQSkZJRgABAgAAAQABAAD/2w...
2021.12.09 10:13.05 E Error connecting to https://localhost:8443/api/contests/5: Connection failed. (Connection refused: no further information). Confirm URL and user/password or view log for details
2021.12.09 10:13.05 I Failure details
javax.websocket.DeploymentException: Connection failed.
	at org.glassfish.tyrus.container.grizzly.client.GrizzlyClientSocket._connect(GrizzlyClientSocket.java:413)
	at org.glassfish.tyrus.container.grizzly.client.GrizzlyClientSocket.access$000(GrizzlyClientSocket.java:81)
	at org.glassfish.tyrus.container.grizzly.client.GrizzlyClientSocket$1.call(GrizzlyClientSocket.java:212)
	at org.glassfish.tyrus.container.grizzly.client.GrizzlyClientSocket$1.call(GrizzlyClientSocket.java:208)
	at org.glassfish.tyrus.container.grizzly.client.GrizzlyClientSocket.connect(GrizzlyClientSocket.java:226)
	at org.glassfish.tyrus.container.grizzly.client.GrizzlyClientContainer.openClientSocket(GrizzlyClientContainer.java:72)
	at org.glassfish.tyrus.client.ClientManager$3$1.run(ClientManager.java:647)
	at org.glassfish.tyrus.client.ClientManager$3.run(ClientManager.java:696)
	at java.base/java.util.concurrent.Executors$RunnableAdapter.call(Executors.java:515)
	at java.base/java.util.concurrent.FutureTask.run(FutureTask.java:264)
	at org.glassfish.tyrus.client.ClientManager$SameThreadExecutorService.execute(ClientManager.java:849)
	at java.base/java.util.concurrent.AbstractExecutorService.submit(AbstractExecutorService.java:118)
	at org.glassfish.tyrus.client.ClientManager.connectToServer(ClientManager.java:493)
	at org.glassfish.tyrus.client.ClientManager.connectToServer(ClientManager.java:337)
	at org.icpc.tools.client.core.BasicClient.connectImpl(BasicClient.java:604)
	at org.icpc.tools.client.core.BasicClient$1.run(BasicClient.java:559)
Caused by: java.net.ConnectException: Connection refused: no further information
	at java.base/sun.nio.ch.SocketChannelImpl.checkConnect(Native Method)
	at java.base/sun.nio.ch.SocketChannelImpl.finishConnect(SocketChannelImpl.java:779)
	at org.glassfish.grizzly.nio.transport.TCPNIOConnectorHandler.onConnectedAsync(TCPNIOConnectorHandler.java:210)
	at org.glassfish.grizzly.nio.transport.TCPNIOConnectorHandler$1.connected(TCPNIOConnectorHandler.java:158)
	at org.glassfish.grizzly.nio.transport.TCPNIOConnection.onConnect(TCPNIOConnection.java:258)
	at org.glassfish.grizzly.nio.transport.TCPNIOTransport.fireIOEvent(TCPNIOTransport.java:527)
	at org.glassfish.grizzly.strategies.AbstractIOStrategy.fireIOEvent(AbstractIOStrategy.java:112)
	at org.glassfish.grizzly.strategies.WorkerThreadIOStrategy.run0(WorkerThreadIOStrategy.java:117)
	at org.glassfish.grizzly.strategies.WorkerThreadIOStrategy.executeIoEvent(WorkerThreadIOStrategy.java:103)
	at org.glassfish.grizzly.strategies.AbstractIOStrategy.executeIoEvent(AbstractIOStrategy.java:89)
	at org.glassfish.grizzly.nio.SelectorRunner.iterateKeyEvents(SelectorRunner.java:414)
	at org.glassfish.grizzly.nio.SelectorRunner.iterateKeys(SelectorRunner.java:383)
	at org.glassfish.grizzly.nio.SelectorRunner.doSelect(SelectorRunner.java:347)
	at org.glassfish.grizzly.nio.SelectorRunner.run(SelectorRunner.java:278)
	at org.glassfish.grizzly.threadpool.AbstractThreadPool$Worker.doWork(AbstractThreadPool.java:591)
	at org.glassfish.grizzly.threadpool.AbstractThreadPool$Worker.run(AbstractThreadPool.java:571)
	at java.base/java.lang.Thread.run(Thread.java:835)
2021.12.09 10:13.05 I Trying again in 2 seconds
2021.12.09 10:13.08 I > {"type":"info","source":"b833456f","presentation":"JudgePresentation","fps":61,"image":"/9j/4AAQSkZJRgABAgAAAQABAAD/2w...
2021.12.09 10:13.09 E Error connecting to https://localhost:8443/api/contests/5: Connection failed. (Connection refused: no further information). Confirm URL and user/password or view log for details
2021.12.09 10:13.09 I Failure details
javax.websocket.DeploymentException: Connection failed.
	at org.glassfish.tyrus.container.grizzly.client.GrizzlyClientSocket._connect(GrizzlyClientSocket.java:413)
	at org.glassfish.tyrus.container.grizzly.client.GrizzlyClientSocket.access$000(GrizzlyClientSocket.java:81)
	at org.glassfish.tyrus.container.grizzly.client.GrizzlyClientSocket$1.call(GrizzlyClientSocket.java:212)
	at org.glassfish.tyrus.container.grizzly.client.GrizzlyClientSocket$1.call(GrizzlyClientSocket.java:208)
	at org.glassfish.tyrus.container.grizzly.client.GrizzlyClientSocket.connect(GrizzlyClientSocket.java:226)
	at org.glassfish.tyrus.container.grizzly.client.GrizzlyClientContainer.openClientSocket(GrizzlyClientContainer.java:72)
	at org.glassfish.tyrus.client.ClientManager$3$1.run(ClientManager.java:647)
	at org.glassfish.tyrus.client.ClientManager$3.run(ClientManager.java:696)
	at java.base/java.util.concurrent.Executors$RunnableAdapter.call(Executors.java:515)
	at java.base/java.util.concurrent.FutureTask.run(FutureTask.java:264)
	at org.glassfish.tyrus.client.ClientManager$SameThreadExecutorService.execute(ClientManager.java:849)
	at java.base/java.util.concurrent.AbstractExecutorService.submit(AbstractExecutorService.java:118)
	at org.glassfish.tyrus.client.ClientManager.connectToServer(ClientManager.java:493)
	at org.glassfish.tyrus.client.ClientManager.connectToServer(ClientManager.java:337)
	at org.icpc.tools.client.core.BasicClient.connectImpl(BasicClient.java:604)
	at org.icpc.tools.client.core.BasicClient$1.run(BasicClient.java:559)
Caused by: java.net.ConnectException: Connection refused: no further information
	at java.base/sun.nio.ch.SocketChannelImpl.checkConnect(Native Method)
	at java.base/sun.nio.ch.SocketChannelImpl.finishConnect(SocketChannelImpl.java:779)
	at org.glassfish.grizzly.nio.transport.TCPNIOConnectorHandler.onConnectedAsync(TCPNIOConnectorHandler.java:210)
	at org.glassfish.grizzly.nio.transport.TCPNIOConnectorHandler$1.connected(TCPNIOConnectorHandler.java:158)
	at org.glassfish.grizzly.nio.transport.TCPNIOConnection.onConnect(TCPNIOConnection.java:258)
	at org.glassfish.grizzly.nio.transport.TCPNIOTransport.fireIOEvent(TCPNIOTransport.java:527)
	at org.glassfish.grizzly.strategies.AbstractIOStrategy.fireIOEvent(AbstractIOStrategy.java:112)
	at org.glassfish.grizzly.strategies.WorkerThreadIOStrategy.run0(WorkerThreadIOStrategy.java:117)
	at org.glassfish.grizzly.strategies.WorkerThreadIOStrategy.executeIoEvent(WorkerThreadIOStrategy.java:103)
	at org.glassfish.grizzly.strategies.AbstractIOStrategy.executeIoEvent(AbstractIOStrategy.java:89)
	at org.glassfish.grizzly.nio.SelectorRunner.iterateKeyEvents(SelectorRunner.java:414)
	at org.glassfish.grizzly.nio.SelectorRunner.iterateKeys(SelectorRunner.java:383)
	at org.glassfish.grizzly.nio.SelectorRunner.doSelect(SelectorRunner.java:347)
	at org.glassfish.grizzly.nio.SelectorRunner.run(SelectorRunner.java:278)
	at org.glassfish.grizzly.threadpool.AbstractThreadPool$Worker.doWork(AbstractThreadPool.java:591)
	at org.glassfish.grizzly.threadpool.AbstractThreadPool$Worker.run(AbstractThreadPool.java:571)
	at java.base/java.lang.Thread.run(Thread.java:835)
2021.12.09 10:13.09 I Trying again in 5 seconds
2021.12.09 10:13.12 I > {"type":"info","source":"b833456f","presentation":"JudgePresentation","fps":61,"image":"/9j/4AAQSkZJRgABAgAAAQABAAD/2w...
2021.12.09 10:13.16 E Error connecting to https://localhost:8443/api/contests/5: Connection failed. (Connection refused: no further information). Confirm URL and user/password or view log for details
2021.12.09 10:13.16 I Failure details
javax.websocket.DeploymentException: Connection failed.
	at org.glassfish.tyrus.container.grizzly.client.GrizzlyClientSocket._connect(GrizzlyClientSocket.java:413)
	at org.glassfish.tyrus.container.grizzly.client.GrizzlyClientSocket.access$000(GrizzlyClientSocket.java:81)
	at org.glassfish.tyrus.container.grizzly.client.GrizzlyClientSocket$1.call(GrizzlyClientSocket.java:212)
	at org.glassfish.tyrus.container.grizzly.client.GrizzlyClientSocket$1.call(GrizzlyClientSocket.java:208)
	at org.glassfish.tyrus.container.grizzly.client.GrizzlyClientSocket.connect(GrizzlyClientSocket.java:226)
	at org.glassfish.tyrus.container.grizzly.client.GrizzlyClientContainer.openClientSocket(GrizzlyClientContainer.java:72)
	at org.glassfish.tyrus.client.ClientManager$3$1.run(ClientManager.java:647)
	at org.glassfish.tyrus.client.ClientManager$3.run(ClientManager.java:696)
	at java.base/java.util.concurrent.Executors$RunnableAdapter.call(Executors.java:515)
	at java.base/java.util.concurrent.FutureTask.run(FutureTask.java:264)
	at org.glassfish.tyrus.client.ClientManager$SameThreadExecutorService.execute(ClientManager.java:849)
	at java.base/java.util.concurrent.AbstractExecutorService.submit(AbstractExecutorService.java:118)
	at org.glassfish.tyrus.client.ClientManager.connectToServer(ClientManager.java:493)
	at org.glassfish.tyrus.client.ClientManager.connectToServer(ClientManager.java:337)
	at org.icpc.tools.client.core.BasicClient.connectImpl(BasicClient.java:604)
	at org.icpc.tools.client.core.BasicClient$1.run(BasicClient.java:559)
Caused by: java.net.ConnectException: Connection refused: no further information
	at java.base/sun.nio.ch.SocketChannelImpl.checkConnect(Native Method)
	at java.base/sun.nio.ch.SocketChannelImpl.finishConnect(SocketChannelImpl.java:779)
	at org.glassfish.grizzly.nio.transport.TCPNIOConnectorHandler.onConnectedAsync(TCPNIOConnectorHandler.java:210)
	at org.glassfish.grizzly.nio.transport.TCPNIOConnectorHandler$1.connected(TCPNIOConnectorHandler.java:158)
	at org.glassfish.grizzly.nio.transport.TCPNIOConnection.onConnect(TCPNIOConnection.java:258)
	at org.glassfish.grizzly.nio.transport.TCPNIOTransport.fireIOEvent(TCPNIOTransport.java:527)
	at org.glassfish.grizzly.strategies.AbstractIOStrategy.fireIOEvent(AbstractIOStrategy.java:112)
	at org.glassfish.grizzly.strategies.WorkerThreadIOStrategy.run0(WorkerThreadIOStrategy.java:117)
	at org.glassfish.grizzly.strategies.WorkerThreadIOStrategy.executeIoEvent(WorkerThreadIOStrategy.java:103)
	at org.glassfish.grizzly.strategies.AbstractIOStrategy.executeIoEvent(AbstractIOStrategy.java:89)
	at org.glassfish.grizzly.nio.SelectorRunner.iterateKeyEvents(SelectorRunner.java:414)
	at org.glassfish.grizzly.nio.SelectorRunner.iterateKeys(SelectorRunner.java:383)
	at org.glassfish.grizzly.nio.SelectorRunner.doSelect(SelectorRunner.java:347)
	at org.glassfish.grizzly.nio.SelectorRunner.run(SelectorRunner.java:278)
	at org.glassfish.grizzly.threadpool.AbstractThreadPool$Worker.doWork(AbstractThreadPool.java:591)
	at org.glassfish.grizzly.threadpool.AbstractThreadPool$Worker.run(AbstractThreadPool.java:571)
	at java.base/java.lang.Thread.run(Thread.java:835)
2021.12.09 10:13.16 I Trying again in 20 seconds
2021.12.09 10:13.16 I > {"type":"info","source":"b833456f","presentation":"JudgePresentation","fps":61,"image":"/9j/4AAQSkZJRgABAgAAAQABAAD/2w...
2021.12.09 10:13.20 I > {"type":"info","source":"b833456f","presentation":"JudgePresentation","fps":58,"image":"/9j/4AAQSkZJRgABAgAAAQABAAD/2w...
