---- ICPC Presentation Client (2.3.491) ----
OS:  Windows 10 (amd64/10.0)
JRE: Oracle Corporation (12.0.2)
Folder: C:\Users\diego\Documents\DomJudge\presentations
Host: ROCA12ULTRA / 192.168.0.3
Locale/TZ: es_CO / hora estándar de Colombia
Args: https://192.168.0.3:8443/api/contests/5/ presentation presentat1on 
Log started 2021.07.07 14:23.08

2021.07.07 14:23.09 I Contest source verified
2021.07.07 14:23.09 I Download https://192.168.0.3:8443/presentation/ to C:\Users\diego\AppData\Local\Temp\org.icpc.tools.cache.19216803apicontests5\presentation\listing.dir (200) (7.8kb in 70ms)
2021.07.07 14:23.09 I Updates found on CDS: 1
2021.07.07 14:23.09 I Version check: 2.3.491 (local) vs 2.3.491 (remote)
2021.07.07 14:23.10 I Display 1 found, modes:
2021.07.07 14:23.10 I    1366x768 @ 60hz in 32bit
2021.07.07 14:23.10 I    1280x720 @ 60hz in 32bit
2021.07.07 14:23.10 I    1024x768 @ 60hz in 32bit
2021.07.07 14:23.10 I    800x600 @ 60hz in 32bit
2021.07.07 14:23.10 I    640x480 @ 60hz in 32bit
2021.07.07 14:23.10 I    Config: false, true, true, DirectColorModel
2021.07.07 14:23.10 I Display 2 found, modes:
2021.07.07 14:23.10 I    1920x1080 @ 75hz in 32bit
2021.07.07 14:23.10 I    1920x1080 @ 60hz in 32bit
2021.07.07 14:23.10 I    1920x1080 @ 59hz in 32bit
2021.07.07 14:23.10 I    1920x1080 @ 50hz in 32bit
2021.07.07 14:23.10 I    1680x1050 @ 75hz in 32bit
2021.07.07 14:23.10 I    1680x1050 @ 60hz in 32bit
2021.07.07 14:23.10 I    1600x900 @ 75hz in 32bit
2021.07.07 14:23.10 I    1600x900 @ 60hz in 32bit
2021.07.07 14:23.10 I    1440x900 @ 75hz in 32bit
2021.07.07 14:23.10 I    1440x900 @ 60hz in 32bit
2021.07.07 14:23.10 I    1366x768 @ 75hz in 32bit
2021.07.07 14:23.10 I    1366x768 @ 60hz in 32bit
2021.07.07 14:23.10 I    1280x1024 @ 75hz in 32bit
2021.07.07 14:23.10 I    1280x1024 @ 60hz in 32bit
2021.07.07 14:23.10 I    1280x800 @ 75hz in 32bit
2021.07.07 14:23.10 I    1280x800 @ 60hz in 32bit
2021.07.07 14:23.10 I    1280x720 @ 75hz in 32bit
2021.07.07 14:23.10 I    1280x720 @ 60hz in 32bit
2021.07.07 14:23.10 I    1280x720 @ 59hz in 32bit
2021.07.07 14:23.10 I    1280x720 @ 50hz in 32bit
2021.07.07 14:23.10 I    1024x768 @ 75hz in 32bit
2021.07.07 14:23.10 I    1024x768 @ 60hz in 32bit
2021.07.07 14:23.10 I    800x600 @ 75hz in 32bit
2021.07.07 14:23.10 I    800x600 @ 60hz in 32bit
2021.07.07 14:23.10 I    720x576 @ 75hz in 32bit
2021.07.07 14:23.10 I    720x576 @ 60hz in 32bit
2021.07.07 14:23.10 I    720x576 @ 59hz in 32bit
2021.07.07 14:23.10 I    720x576 @ 50hz in 32bit
2021.07.07 14:23.10 I    720x480 @ 75hz in 32bit
2021.07.07 14:23.10 I    720x480 @ 60hz in 32bit
2021.07.07 14:23.10 I    720x480 @ 59hz in 32bit
2021.07.07 14:23.10 I    720x400 @ 75hz in 32bit
2021.07.07 14:23.10 I    720x400 @ 70hz in 32bit
2021.07.07 14:23.10 I    720x400 @ 60hz in 32bit
2021.07.07 14:23.10 I    720x400 @ 59hz in 32bit
2021.07.07 14:23.10 I    640x480 @ 75hz in 32bit
2021.07.07 14:23.10 I    640x480 @ 60hz in 32bit
2021.07.07 14:23.10 I    640x480 @ 59hz in 32bit
2021.07.07 14:23.10 I    Config: false, true, true, DirectColorModel
2021.07.07 14:23.10 I Presentation Client [192.168.0.3] connecting to RESTContestSource[presentation|presentat1on@https://192.168.0.3:8443/api/contests/5]
2021.07.07 14:23.10 192.168.0.3 connecting...
2021.07.07 14:23.10 192.168.0.3 connected
2021.07.07 14:23.10 I < {"type":"ping"}
2021.07.07 14:23.10 I > {"type":"ping"}
2021.07.07 14:23.10 I Applying display config DisplayConfig 1 (r=java.awt.Rectangle[x=1920,y=313,width=1366,height=768],in=java.awt.Insets[top=0,left=0,bottom=40,right=0])
2021.07.07 14:23.10 I > {"type":"info","source":"b833456f","client.type":"presentation","version":"2.3.491","os.name":"Windows 10","os.version...
2021.07.07 14:23.10 I > {"type":"info","source":"b833456f","width":1366,"height":768,"hidden":false,"display":"1w"}
2021.07.07 14:23.10 I > {"type":"info","source":"b833456f","presentation":null,"fps":0,"image":"/9j/4AAQSkZJRgABAgAAAQABAAD/2wBDAAgGBgcGBQgHBw...
2021.07.07 14:23.11 I < {"type":"ping"}
2021.07.07 14:23.11 I > {"type":"ping"}
2021.07.07 14:23.11 I < {"type":"ping"}
2021.07.07 14:23.11 I > {"type":"ping"}
2021.07.07 14:23.11 I < {"type":"ping"}
2021.07.07 14:23.11 I > {"type":"ping"}
2021.07.07 14:23.11 I < {"type":"time","time":1625685791120}
2021.07.07 14:23.11 I Nano time diff: 1625669660628
2021.07.07 14:23.11 I Nano time diff: 500
2021.07.07 14:23.11 I > {"type":"ping"}
2021.07.07 14:23.12 I < {"type":"properties","props":{"presentation":"1100|org.icpc.tools.presentation.contest.internal.scoreboard.JudgePresen...
2021.07.07 14:23.12 presentation: 1100|org.icpc.tools.presentation.contest.internal.scoreboard.JudgePresentation
2021.07.07 14:23.12 I Attempting to load class: org.icpc.tools.presentation.contest.internal.scoreboard.JudgePresentation
2021.07.07 14:23.12 I Loading contest from RESTContestSource[presentation|presentat1on@https://192.168.0.3:8443/api/contests/5]
2021.07.07 14:23.12 I Checking feed cache: C:\Users\diego\Documents\DomJudge\presentations\logs\events-5-presentation.log
2021.07.07 14:23.12 I First comment: ! 0
2021.07.07 14:23.12 I Found feed cache up to event id: cdR35
2021.07.07 14:23.13 I Reading feed cache
2021.07.07 14:23.13 I Done reading feed cache
2021.07.07 14:23.14 I Contest buffering: 2.36
2021.07.07 14:23.16 I Class loaded ok
2021.07.07 14:23.16 I New presentation plan now
2021.07.07 14:23.16 I Initializing presentation JudgePresentation
2021.07.07 14:23.16 I Building presentation plan
2021.07.07 14:23.16 I Building presentation plan
2021.07.07 14:23.16 I Next presentation plan: Presentation plan 1100 -> 9223372036854775807, 315360000000
  Segment [0 -> 315360000000, JudgePresentation > null > null, 0]
2021.07.07 14:23.16 I Switching presentation plans: null -> Presentation plan 1100 -> 9223372036854775807, 315360000000
  Segment [0 -> 315360000000, JudgePresentation > null > null, 0]
2021.07.07 14:23.16 I > {"type":"info","source":"b833456f","presentation":"JudgePresentation","fps":2,"image":"/9j/4AAQSkZJRgABAgAAAQABAAD/2wB...
2021.07.07 14:23.20 I > {"type":"info","source":"b833456f","presentation":"JudgePresentation","fps":62,"image":"/9j/4AAQSkZJRgABAgAAAQABAAD/2w...
2021.07.07 14:23.24 I > {"type":"info","source":"b833456f","presentation":"JudgePresentation","fps":63,"image":"/9j/4AAQSkZJRgABAgAAAQABAAD/2w...
2021.07.07 14:23.28 I > {"type":"info","source":"b833456f","presentation":"JudgePresentation","fps":63,"image":"/9j/4AAQSkZJRgABAgAAAQABAAD/2w...
2021.07.07 14:23.32 I > {"type":"info","source":"b833456f","presentation":"JudgePresentation","fps":62,"image":"/9j/4AAQSkZJRgABAgAAAQABAAD/2w...
2021.07.07 14:23.36 I > {"type":"info","source":"b833456f","presentation":"JudgePresentation","fps":61,"image":"/9j/4AAQSkZJRgABAgAAAQABAAD/2w...
2021.07.07 14:23.40 I > {"type":"info","source":"b833456f","presentation":"JudgePresentation","fps":61,"image":"/9j/4AAQSkZJRgABAgAAAQABAAD/2w...
2021.07.07 14:23.41 I < {"type":"ping"}
2021.07.07 14:23.41 I > {"type":"ping"}
2021.07.07 14:23.44 I > {"type":"info","source":"b833456f","presentation":"JudgePresentation","fps":61,"image":"/9j/4AAQSkZJRgABAgAAAQABAAD/2w...
2021.07.07 14:23.48 I > {"type":"info","source":"b833456f","presentation":"JudgePresentation","fps":61,"image":"/9j/4AAQSkZJRgABAgAAAQABAAD/2w...
2021.07.07 14:23.52 I > {"type":"info","source":"b833456f","presentation":"JudgePresentation","fps":61,"image":"/9j/4AAQSkZJRgABAgAAAQABAAD/2w...
2021.07.07 14:23.56 I > {"type":"info","source":"b833456f","presentation":"JudgePresentation","fps":61,"image":"/9j/4AAQSkZJRgABAgAAAQABAAD/2w...
2021.07.07 14:24.00 I > {"type":"info","source":"b833456f","presentation":"JudgePresentation","fps":61,"image":"/9j/4AAQSkZJRgABAgAAAQABAAD/2w...
2021.07.07 14:24.04 I > {"type":"info","source":"b833456f","presentation":"JudgePresentation","fps":61,"image":"/9j/4AAQSkZJRgABAgAAAQABAAD/2w...
2021.07.07 14:24.08 I > {"type":"info","source":"b833456f","presentation":"JudgePresentation","fps":61,"image":"/9j/4AAQSkZJRgABAgAAAQABAAD/2w...
2021.07.07 14:24.11 I < {"type":"ping"}
2021.07.07 14:24.11 I > {"type":"ping"}
2021.07.07 14:24.12 I > {"type":"info","source":"b833456f","presentation":"JudgePresentation","fps":61,"image":"/9j/4AAQSkZJRgABAgAAAQABAAD/2w...
2021.07.07 14:24.16 I > {"type":"info","source":"b833456f","presentation":"JudgePresentation","fps":61,"image":"/9j/4AAQSkZJRgABAgAAAQABAAD/2w...
2021.07.07 14:24.20 I > {"type":"info","source":"b833456f","presentation":"JudgePresentation","fps":61,"image":"/9j/4AAQSkZJRgABAgAAAQABAAD/2w...
2021.07.07 14:24.24 I > {"type":"info","source":"b833456f","presentation":"JudgePresentation","fps":62,"image":"/9j/4AAQSkZJRgABAgAAAQABAAD/2w...
2021.07.07 14:24.28 I > {"type":"info","source":"b833456f","presentation":"JudgePresentation","fps":61,"image":"/9j/4AAQSkZJRgABAgAAAQABAAD/2w...
2021.07.07 14:24.32 I > {"type":"info","source":"b833456f","presentation":"JudgePresentation","fps":61,"image":"/9j/4AAQSkZJRgABAgAAAQABAAD/2w...
2021.07.07 14:24.36 I > {"type":"info","source":"b833456f","presentation":"JudgePresentation","fps":61,"image":"/9j/4AAQSkZJRgABAgAAAQABAAD/2w...
2021.07.07 14:24.40 I > {"type":"info","source":"b833456f","presentation":"JudgePresentation","fps":62,"image":"/9j/4AAQSkZJRgABAgAAAQABAAD/2w...
2021.07.07 14:24.41 I < {"type":"ping"}
2021.07.07 14:24.41 I > {"type":"ping"}
2021.07.07 14:24.44 I > {"type":"info","source":"b833456f","presentation":"JudgePresentation","fps":61,"image":"/9j/4AAQSkZJRgABAgAAAQABAAD/2w...
2021.07.07 14:24.44 I < {"type":"properties","props":{"presentation":"1100|org.icpc.tools.presentation.contest.internal.scoreboard.AllGroupsLe...
2021.07.07 14:24.44 presentation: 1100|org.icpc.tools.presentation.contest.internal.scoreboard.AllGroupsLeaderboardPresentation
2021.07.07 14:24.44 I Attempting to load class: org.icpc.tools.presentation.contest.internal.scoreboard.AllGroupsLeaderboardPresentation
2021.07.07 14:24.44 I Class loaded ok
2021.07.07 14:24.44 I New presentation plan now
2021.07.07 14:24.44 I Initializing presentation AllGroupsLeaderboardPresentation
2021.07.07 14:24.44 I Building presentation plan
2021.07.07 14:24.44 I Building presentation plan
2021.07.07 14:24.44 I Next presentation plan: Presentation plan 1100 -> 9223372036854775807, 315360000000
  Segment [0 -> 315360000000, AllGroupsLeaderboardPresentation > null > null, 0]
2021.07.07 14:24.44 I Ending presentation plan: null
2021.07.07 14:24.44 I Switching presentation plans: null -> Presentation plan 1100 -> 9223372036854775807, 315360000000
  Segment [0 -> 315360000000, AllGroupsLeaderboardPresentation > null > null, 0]
2021.07.07 14:24.48 I > {"type":"info","source":"b833456f","presentation":"AllGroupsLeaderboardPresentation","fps":61,"image":"/9j/4AAQSkZJRgA...
2021.07.07 14:24.49 I < {"type":"properties","props":{"presentation":"1100|org.icpc.tools.presentation.contest.internal.scoreboard.JudgePresen...
2021.07.07 14:24.49 presentation: 1100|org.icpc.tools.presentation.contest.internal.scoreboard.JudgePresentation
2021.07.07 14:24.49 I Attempting to load class: org.icpc.tools.presentation.contest.internal.scoreboard.JudgePresentation
2021.07.07 14:24.49 I Class loaded ok
2021.07.07 14:24.49 I New presentation plan now
2021.07.07 14:24.49 I Initializing presentation JudgePresentation
2021.07.07 14:24.49 I Building presentation plan
2021.07.07 14:24.49 I Building presentation plan
2021.07.07 14:24.49 I Next presentation plan: Presentation plan 1100 -> 9223372036854775807, 315360000000
  Segment [0 -> 315360000000, JudgePresentation > null > null, 0]
2021.07.07 14:24.49 I Ending presentation plan: null
2021.07.07 14:24.49 I Switching presentation plans: null -> Presentation plan 1100 -> 9223372036854775807, 315360000000
  Segment [0 -> 315360000000, JudgePresentation > null > null, 0]
2021.07.07 14:24.50 I < {"type":"properties","props":{"presentation":"1100|org.icpc.tools.presentation.contest.internal.scoreboard.Leaderboard...
2021.07.07 14:24.50 presentation: 1100|org.icpc.tools.presentation.contest.internal.scoreboard.LeaderboardPresentation
2021.07.07 14:24.50 I Attempting to load class: org.icpc.tools.presentation.contest.internal.scoreboard.LeaderboardPresentation
2021.07.07 14:24.50 I Class loaded ok
2021.07.07 14:24.50 I New presentation plan now
2021.07.07 14:24.50 I Initializing presentation LeaderboardPresentation
2021.07.07 14:24.50 I Building presentation plan
2021.07.07 14:24.50 I Building presentation plan
2021.07.07 14:24.50 I Next presentation plan: Presentation plan 1100 -> 9223372036854775807, 315360000000
  Segment [0 -> 315360000000, LeaderboardPresentation > null > null, 0]
2021.07.07 14:24.50 I Ending presentation plan: null
2021.07.07 14:24.50 I Switching presentation plans: null -> Presentation plan 1100 -> 9223372036854775807, 315360000000
  Segment [0 -> 315360000000, LeaderboardPresentation > null > null, 0]
2021.07.07 14:24.51 I < {"type":"properties","props":{"presentation":"1100|org.icpc.tools.presentation.contest.internal.scoreboard.ScoreboardP...
2021.07.07 14:24.51 presentation: 1100|org.icpc.tools.presentation.contest.internal.scoreboard.ScoreboardPresentation
2021.07.07 14:24.51 I Attempting to load class: org.icpc.tools.presentation.contest.internal.scoreboard.ScoreboardPresentation
2021.07.07 14:24.51 I Class loaded ok
2021.07.07 14:24.51 I New presentation plan now
2021.07.07 14:24.51 I Initializing presentation ScoreboardPresentation
2021.07.07 14:24.51 I Building presentation plan
2021.07.07 14:24.51 I Building presentation plan
2021.07.07 14:24.51 I Next presentation plan: Presentation plan 1100 -> 9223372036854775807, 16000
  Segment [0 -> 16000, ScoreboardPresentation > null > null, 0]
2021.07.07 14:24.51 I Ending presentation plan: null
2021.07.07 14:24.51 I Switching presentation plans: null -> Presentation plan 1100 -> 9223372036854775807, 16000
  Segment [0 -> 16000, ScoreboardPresentation > null > null, 0]
2021.07.07 14:24.52 I > {"type":"info","source":"b833456f","presentation":"ScoreboardPresentation","fps":61,"image":"/9j/4AAQSkZJRgABAgAAAQABA...
2021.07.07 14:24.56 I > {"type":"info","source":"b833456f","presentation":"ScoreboardPresentation","fps":61,"image":"/9j/4AAQSkZJRgABAgAAAQABA...
2021.07.07 14:25.00 I > {"type":"info","source":"b833456f","presentation":"ScoreboardPresentation","fps":61,"image":"/9j/4AAQSkZJRgABAgAAAQABA...
2021.07.07 14:25.04 I < {"type":"properties","props":{"presentation":"1100|org.icpc.tools.presentation.contest.internal.presentations.TeamJudg...
2021.07.07 14:25.04 presentation: 1100|org.icpc.tools.presentation.contest.internal.presentations.TeamJudgePresentation
2021.07.07 14:25.04 I Attempting to load class: org.icpc.tools.presentation.contest.internal.presentations.TeamJudgePresentation
2021.07.07 14:25.04 I Class loaded ok
2021.07.07 14:25.04 I New presentation plan now
2021.07.07 14:25.04 I Initializing presentation TeamJudgePresentation
2021.07.07 14:25.04 I Building presentation plan
2021.07.07 14:25.04 I Building presentation plan
2021.07.07 14:25.04 I Next presentation plan: Presentation plan 1100 -> 9223372036854775807, 315360000000
  Segment [0 -> 315360000000, TeamJudgePresentation > null > null, 0]
2021.07.07 14:25.04 I Ending presentation plan: null
2021.07.07 14:25.04 I Switching presentation plans: null -> Presentation plan 1100 -> 9223372036854775807, 315360000000
  Segment [0 -> 315360000000, TeamJudgePresentation > null > null, 0]
2021.07.07 14:25.04 I > {"type":"info","source":"b833456f","presentation":"TeamJudgePresentation","fps":61,"image":"/9j/4AAQSkZJRgABAgAAAQABAA...
2021.07.07 14:25.05 I < {"type":"properties","props":{"presentation":"1100|org.icpc.tools.presentation.contest.internal.scoreboard.TimelinePre...
2021.07.07 14:25.05 presentation: 1100|org.icpc.tools.presentation.contest.internal.scoreboard.TimelinePresentation
2021.07.07 14:25.05 I Attempting to load class: org.icpc.tools.presentation.contest.internal.scoreboard.TimelinePresentation
2021.07.07 14:25.05 I Class loaded ok
2021.07.07 14:25.05 I New presentation plan now
2021.07.07 14:25.05 I Initializing presentation TimelinePresentation
2021.07.07 14:25.05 I Building presentation plan
2021.07.07 14:25.05 I Building presentation plan
2021.07.07 14:25.05 I Next presentation plan: Presentation plan 1100 -> 9223372036854775807, 16000
  Segment [0 -> 16000, TimelinePresentation > null > null, 0]
2021.07.07 14:25.05 I Ending presentation plan: null
2021.07.07 14:25.05 I Switching presentation plans: null -> Presentation plan 1100 -> 9223372036854775807, 16000
  Segment [0 -> 16000, TimelinePresentation > null > null, 0]
2021.07.07 14:25.08 I > {"type":"info","source":"b833456f","presentation":"TimelinePresentation","fps":61,"image":"/9j/4AAQSkZJRgABAgAAAQABAAD...
2021.07.07 14:25.09 I < {"type":"properties","props":{"presentation":"1100|org.icpc.tools.presentation.contest.internal.scoreboard.TimelinePre...
2021.07.07 14:25.09 presentation: 1100|org.icpc.tools.presentation.contest.internal.scoreboard.TimelinePresentation
2021.07.07 14:25.09 I Attempting to load class: org.icpc.tools.presentation.contest.internal.scoreboard.TimelinePresentation
2021.07.07 14:25.09 I Class loaded ok
2021.07.07 14:25.09 I New presentation plan now
2021.07.07 14:25.09 I Initializing presentation TimelinePresentation
2021.07.07 14:25.09 I Building presentation plan
2021.07.07 14:25.09 I Building presentation plan
2021.07.07 14:25.09 I Next presentation plan: Presentation plan 1100 -> 9223372036854775807, 16000
  Segment [0 -> 16000, TimelinePresentation > null > null, 0]
2021.07.07 14:25.09 I Ending presentation plan: null
2021.07.07 14:25.09 I Switching presentation plans: null -> Presentation plan 1100 -> 9223372036854775807, 16000
  Segment [0 -> 16000, TimelinePresentation > null > null, 0]
2021.07.07 14:25.11 I < {"type":"ping"}
2021.07.07 14:25.11 I > {"type":"ping"}
2021.07.07 14:25.11 I < {"type":"properties","props":{"presentation":"1100|org.icpc.tools.presentation.contest.internal.presentations.TeamJudg...
2021.07.07 14:25.11 presentation: 1100|org.icpc.tools.presentation.contest.internal.presentations.TeamJudgePresentation
2021.07.07 14:25.11 I Attempting to load class: org.icpc.tools.presentation.contest.internal.presentations.TeamJudgePresentation
2021.07.07 14:25.11 I Class loaded ok
2021.07.07 14:25.11 I New presentation plan now
2021.07.07 14:25.11 I Initializing presentation TeamJudgePresentation
2021.07.07 14:25.11 I Building presentation plan
2021.07.07 14:25.11 I Building presentation plan
2021.07.07 14:25.11 I Next presentation plan: Presentation plan 1100 -> 9223372036854775807, 315360000000
  Segment [0 -> 315360000000, TeamJudgePresentation > null > null, 0]
2021.07.07 14:25.11 I Ending presentation plan: null
2021.07.07 14:25.11 I Switching presentation plans: null -> Presentation plan 1100 -> 9223372036854775807, 315360000000
  Segment [0 -> 315360000000, TeamJudgePresentation > null > null, 0]
2021.07.07 14:25.12 I > {"type":"info","source":"b833456f","presentation":"TeamJudgePresentation","fps":61,"image":"/9j/4AAQSkZJRgABAgAAAQABAA...
2021.07.07 14:25.12 I < {"type":"properties","props":{"presentation":"1100|org.icpc.tools.presentation.contest.internal.scoreboard.ScoreboardP...
2021.07.07 14:25.12 presentation: 1100|org.icpc.tools.presentation.contest.internal.scoreboard.ScoreboardPresentation
2021.07.07 14:25.12 I Attempting to load class: org.icpc.tools.presentation.contest.internal.scoreboard.ScoreboardPresentation
2021.07.07 14:25.12 I Class loaded ok
2021.07.07 14:25.12 I New presentation plan now
2021.07.07 14:25.12 I Initializing presentation ScoreboardPresentation
2021.07.07 14:25.12 I Building presentation plan
2021.07.07 14:25.12 I Building presentation plan
2021.07.07 14:25.12 I Next presentation plan: Presentation plan 1100 -> 9223372036854775807, 16000
  Segment [0 -> 16000, ScoreboardPresentation > null > null, 0]
2021.07.07 14:25.12 I Ending presentation plan: null
2021.07.07 14:25.12 I Switching presentation plans: null -> Presentation plan 1100 -> 9223372036854775807, 16000
  Segment [0 -> 16000, ScoreboardPresentation > null > null, 0]
2021.07.07 14:25.16 I > {"type":"info","source":"b833456f","presentation":"ScoreboardPresentation","fps":62,"image":"/9j/4AAQSkZJRgABAgAAAQABA...
2021.07.07 14:25.20 I > {"type":"info","source":"b833456f","presentation":"ScoreboardPresentation","fps":61,"image":"/9j/4AAQSkZJRgABAgAAAQABA...
2021.07.07 14:25.24 I > {"type":"info","source":"b833456f","presentation":"ScoreboardPresentation","fps":62,"image":"/9j/4AAQSkZJRgABAgAAAQABA...
2021.07.07 14:25.28 I > {"type":"info","source":"b833456f","presentation":"ScoreboardPresentation","fps":62,"image":"/9j/4AAQSkZJRgABAgAAAQABA...
2021.07.07 14:25.32 I > {"type":"info","source":"b833456f","presentation":"ScoreboardPresentation","fps":62,"image":"/9j/4AAQSkZJRgABAgAAAQABA...
2021.07.07 14:25.36 I > {"type":"info","source":"b833456f","presentation":"ScoreboardPresentation","fps":61,"image":"/9j/4AAQSkZJRgABAgAAAQABA...
2021.07.07 14:25.40 I > {"type":"info","source":"b833456f","presentation":"ScoreboardPresentation","fps":62,"image":"/9j/4AAQSkZJRgABAgAAAQABA...
2021.07.07 14:25.41 I < {"type":"ping"}
2021.07.07 14:25.41 I > {"type":"ping"}
2021.07.07 14:25.44 I > {"type":"info","source":"b833456f","presentation":"ScoreboardPresentation","fps":61,"image":"/9j/4AAQSkZJRgABAgAAAQABA...
2021.07.07 14:25.48 I > {"type":"info","source":"b833456f","presentation":"ScoreboardPresentation","fps":62,"image":"/9j/4AAQSkZJRgABAgAAAQABA...
2021.07.07 14:25.52 I > {"type":"info","source":"b833456f","presentation":"ScoreboardPresentation","fps":61,"image":"/9j/4AAQSkZJRgABAgAAAQABA...
2021.07.07 14:25.56 I > {"type":"info","source":"b833456f","presentation":"ScoreboardPresentation","fps":62,"image":"/9j/4AAQSkZJRgABAgAAAQABA...
