---- ICPC Presentation Client (2.3.491) ----
OS:  Windows 10 (amd64/10.0)
JRE: Oracle Corporation (11.0.11)
Folder: C:\Users\diego\Documents\GitHub\DomJudgeTools\2. presentations
Host: roca12red / 192.168.5.108
Locale/TZ: es_CO / hora estándar de Colombia
Args: https://cdsroca12.ngrok.io/api/contests/10/ presentation presentat1on 
Log started 2022.06.09 17:02.31

2022.06.09 17:02.33 I Contest source verified
2022.06.09 17:02.34 I Download https://cdsroca12.ngrok.io/presentation/ to C:\Users\diego\AppData\Local\Temp\org.icpc.tools.cache.cdsroca12ngrokioapicontests10\presentation\listing.dir (200) (7.9kb in 462ms)
2022.06.09 17:02.34 I Updates found on CDS: 1
2022.06.09 17:02.34 I Version check: 2.3.491 (local) vs 2.3.491 (remote)
2022.06.09 17:02.34 I Display 1 found, modes:
2022.06.09 17:02.34 I    1366x768 @ 60hz in 32bit
2022.06.09 17:02.34 I    1280x720 @ 60hz in 32bit
2022.06.09 17:02.34 I    1024x768 @ 60hz in 32bit
2022.06.09 17:02.34 I    800x600 @ 60hz in 32bit
2022.06.09 17:02.34 I    640x480 @ 60hz in 32bit
2022.06.09 17:02.34 I    Config: false, true, true, DirectColorModel
2022.06.09 17:02.34 I Presentation Client [192.168.5.108] connecting to RESTContestSource[presentation|presentat1on@https://cdsroca12.ngrok.io/api/contests/10]
2022.06.09 17:02.34 192.168.5.108 connecting...
2022.06.09 17:02.35 192.168.5.108 connected
2022.06.09 17:02.35 I Applying display config DisplayConfig 1 (r=java.awt.Rectangle[x=0,y=0,width=1366,height=768],in=java.awt.Insets[top=0,left=0,bottom=40,right=0])
2022.06.09 17:02.35 I Device: 1366x768
2022.06.09 17:02.35 I < {"type":"ping"}
2022.06.09 17:02.35 I > {"type":"ping"}
2022.06.09 17:02.35 I > {"type":"info","source":"78be19ba","client.type":"presentation","version":"2.3.491","os.name":"Windows 10","os.version...
2022.06.09 17:02.35 I > {"type":"info","source":"78be19ba","width":1366,"height":768,"hidden":false,"display":"1"}
2022.06.09 17:02.35 I > {"type":"info","source":"78be19ba","presentation":null,"fps":0,"image":"/9j/4AAQSkZJRgABAgAAAQABAAD/2wBDAAgGBgcGBQgHBw...
2022.06.09 17:02.36 I < {"type":"ping"}
2022.06.09 17:02.36 I > {"type":"ping"}
2022.06.09 17:02.36 I < {"type":"ping"}
2022.06.09 17:02.36 I > {"type":"ping"}
2022.06.09 17:02.37 I < {"type":"time","time":1654812157085}
2022.06.09 17:02.37 I Nano time diff: 1653664206170
2022.06.09 17:02.37 I Nano time diff: 15
2022.06.09 17:02.37 I > {"type":"ping"}
2022.06.09 17:02.46 I > {"type":"info","source":"78be19ba","presentation":null,"fps":0,"image":"/9j/4AAQSkZJRgABAgAAAQABAAD/2wBDAAgGBgcGBQgHBw...
2022.06.09 17:02.55 I < {"type":"ping"}
2022.06.09 17:02.55 I > {"type":"ping"}
2022.06.09 17:02.56 I > {"type":"info","source":"78be19ba","presentation":null,"fps":0,"image":"/9j/4AAQSkZJRgABAgAAAQABAAD/2wBDAAgGBgcGBQgHBw...
2022.06.09 17:03.06 I > {"type":"info","source":"78be19ba","presentation":null,"fps":0,"image":"/9j/4AAQSkZJRgABAgAAAQABAAD/2wBDAAgGBgcGBQgHBw...
2022.06.09 17:03.16 I > {"type":"info","source":"78be19ba","presentation":null,"fps":0,"image":"/9j/4AAQSkZJRgABAgAAAQABAAD/2wBDAAgGBgcGBQgHBw...
2022.06.09 17:03.25 I < {"type":"ping"}
2022.06.09 17:03.25 I > {"type":"ping"}
2022.06.09 17:03.26 I > {"type":"info","source":"78be19ba","presentation":null,"fps":0,"image":"/9j/4AAQSkZJRgABAgAAAQABAAD/2wBDAAgGBgcGBQgHBw...
2022.06.09 17:03.36 I > {"type":"info","source":"78be19ba","presentation":null,"fps":0,"image":"/9j/4AAQSkZJRgABAgAAAQABAAD/2wBDAAgGBgcGBQgHBw...
2022.06.09 17:03.46 I > {"type":"info","source":"78be19ba","presentation":null,"fps":0,"image":"/9j/4AAQSkZJRgABAgAAAQABAAD/2wBDAAgGBgcGBQgHBw...
2022.06.09 17:03.46 I < {"type":"properties","props":{"presentation":"1100|org.icpc.tools.presentation.contest.internal.scoreboard.ScoreboardP...
2022.06.09 17:03.46 presentation: 1100|org.icpc.tools.presentation.contest.internal.scoreboard.ScoreboardPresentation
2022.06.09 17:03.46 I Attempting to load class: org.icpc.tools.presentation.contest.internal.scoreboard.ScoreboardPresentation
2022.06.09 17:03.46 I Loading contest from RESTContestSource[presentation|presentat1on@https://cdsroca12.ngrok.io/api/contests/10]
2022.06.09 17:03.47 I Reading feed cache
2022.06.09 17:03.47 I Done reading feed cache
2022.06.09 17:03.48 I Contest buffering: 2.151
2022.06.09 17:03.50 I Class loaded ok
2022.06.09 17:03.50 I New presentation plan now
2022.06.09 17:03.50 I Initializing presentation ScoreboardPresentation
2022.06.09 17:03.50 I Building presentation plan
2022.06.09 17:03.50 I Building presentation plan
2022.06.09 17:03.50 I Next presentation plan: Presentation plan 1100 -> 9223372036854775807, 64000
  Segment [0 -> 64000, ScoreboardPresentation > null > null, 0]
2022.06.09 17:03.50 I Switching presentation plans: null -> Presentation plan 1100 -> 9223372036854775807, 64000
  Segment [0 -> 64000, ScoreboardPresentation > null > null, 0]
2022.06.09 17:03.50 I > {"type":"info","source":"78be19ba","presentation":"ScoreboardPresentation","fps":1,"image":"/9j/4AAQSkZJRgABAgAAAQABAA...
2022.06.09 17:03.54 I > {"type":"info","source":"78be19ba","presentation":"ScoreboardPresentation","fps":62,"image":"/9j/4AAQSkZJRgABAgAAAQABA...
2022.06.09 17:03.55 I < {"type":"ping"}
2022.06.09 17:03.55 I > {"type":"ping"}
2022.06.09 17:03.58 I > {"type":"info","source":"78be19ba","presentation":"ScoreboardPresentation","fps":61,"image":"/9j/4AAQSkZJRgABAgAAAQABA...
2022.06.09 17:04.02 I > {"type":"info","source":"78be19ba","presentation":"ScoreboardPresentation","fps":61,"image":"/9j/4AAQSkZJRgABAgAAAQABA...
2022.06.09 17:04.06 I > {"type":"info","source":"78be19ba","presentation":"ScoreboardPresentation","fps":61,"image":"/9j/4AAQSkZJRgABAgAAAQABA...
2022.06.09 17:04.10 I > {"type":"info","source":"78be19ba","presentation":"ScoreboardPresentation","fps":61,"image":"/9j/4AAQSkZJRgABAgAAAQABA...
2022.06.09 17:04.14 I > {"type":"info","source":"78be19ba","presentation":"ScoreboardPresentation","fps":61,"image":"/9j/4AAQSkZJRgABAgAAAQABA...
2022.06.09 17:04.18 I > {"type":"info","source":"78be19ba","presentation":"ScoreboardPresentation","fps":61,"image":"/9j/4AAQSkZJRgABAgAAAQABA...
2022.06.09 17:04.22 I > {"type":"info","source":"78be19ba","presentation":"ScoreboardPresentation","fps":61,"image":"/9j/4AAQSkZJRgABAgAAAQABA...
2022.06.09 17:04.25 I < {"type":"ping"}
2022.06.09 17:04.25 I > {"type":"ping"}
2022.06.09 17:04.26 I > {"type":"info","source":"78be19ba","presentation":"ScoreboardPresentation","fps":62,"image":"/9j/4AAQSkZJRgABAgAAAQABA...
2022.06.09 17:04.30 I > {"type":"info","source":"78be19ba","presentation":"ScoreboardPresentation","fps":61,"image":"/9j/4AAQSkZJRgABAgAAAQABA...
2022.06.09 17:04.34 I > {"type":"info","source":"78be19ba","presentation":"ScoreboardPresentation","fps":61,"image":"/9j/4AAQSkZJRgABAgAAAQABA...
2022.06.09 17:04.38 I > {"type":"info","source":"78be19ba","presentation":"ScoreboardPresentation","fps":61,"image":"/9j/4AAQSkZJRgABAgAAAQABA...
2022.06.09 17:04.42 I > {"type":"info","source":"78be19ba","presentation":"ScoreboardPresentation","fps":61,"image":"/9j/4AAQSkZJRgABAgAAAQABA...
2022.06.09 17:04.46 I > {"type":"info","source":"78be19ba","presentation":"ScoreboardPresentation","fps":61,"image":"/9j/4AAQSkZJRgABAgAAAQABA...
2022.06.09 17:04.50 I > {"type":"info","source":"78be19ba","presentation":"ScoreboardPresentation","fps":62,"image":"/9j/4AAQSkZJRgABAgAAAQABA...
2022.06.09 17:04.54 I > {"type":"info","source":"78be19ba","presentation":"ScoreboardPresentation","fps":61,"image":"/9j/4AAQSkZJRgABAgAAAQABA...
2022.06.09 17:04.55 I < {"type":"ping"}
2022.06.09 17:04.55 I > {"type":"ping"}
2022.06.09 17:04.58 I > {"type":"info","source":"78be19ba","presentation":"ScoreboardPresentation","fps":62,"image":"/9j/4AAQSkZJRgABAgAAAQABA...
2022.06.09 17:05.02 I > {"type":"info","source":"78be19ba","presentation":"ScoreboardPresentation","fps":61,"image":"/9j/4AAQSkZJRgABAgAAAQABA...
2022.06.09 17:05.06 I > {"type":"info","source":"78be19ba","presentation":"ScoreboardPresentation","fps":61,"image":"/9j/4AAQSkZJRgABAgAAAQABA...
2022.06.09 17:05.10 I > {"type":"info","source":"78be19ba","presentation":"ScoreboardPresentation","fps":8,"image":"/9j/4AAQSkZJRgABAgAAAQABAA...
