---- ICPC Standalone Presentations (2.3.491) ----
OS:  Windows 10 (amd64/10.0)
JRE: Oracle Corporation (11.0.11)
Folder: C:\Users\diego\Documents\GitHub\DomJudgeTools\2. presentations
Host: roca12red / 192.168.33.70
Locale/TZ: es_CO / hora estándar de Colombia
Args: http://192.168.56.103/domjudge/api/v4/contests/10 score score --display_name {team.name} ({org.name}) --p 5 6 7 8 9 10 12 13 41 43 44 45 46 47 49 63 64 65 
Log started 2022.05.20 08:22.11

2022.05.20 08:22.11 I ->- Loading presentations ->-
2022.05.20 08:22.11 I -<- Done loading presentations -<-
2022.05.20 08:22.11 I Option found: --display_name {team.name} ({org.name})
2022.05.20 08:22.11 I Option found: --p 5 6 7 8 9 10 12 13 41 43 44 45 46 47 49 63 64 65
2022.05.20 08:22.11 I Loading contest from RESTContestSource[score|score@http://192.168.56.103/domjudge/api/v4/contests/10]
2022.05.20 08:22.13 I Reading feed cache
2022.05.20 08:22.13 I Done reading feed cache
2022.05.20 08:22.13 W Unknown property ignored: contests/end_time
2022.05.20 08:22.13 W Unknown property ignored: contests/external_id
2022.05.20 08:22.13 W Unknown property ignored: contests/shortname
2022.05.20 08:22.13 W Unknown property ignored: languages/extensions
2022.05.20 08:22.13 W Unknown property ignored: languages/filter_compiler_files
2022.05.20 08:22.13 W Unknown property ignored: languages/allow_judge
2022.05.20 08:22.13 W Unknown property ignored: languages/time_factor
2022.05.20 08:22.13 W Unknown property ignored: languages/require_entry_point
2022.05.20 08:22.13 W Unknown property ignored: languages/entry_point_description
2022.05.20 08:22.13 W Unknown property ignored: problems/short_name
2022.05.20 08:22.13 W Unknown property ignored: problems/externalid
2022.05.20 08:22.13 W Unknown property ignored: groups/sortorder
2022.05.20 08:22.13 W Unknown property ignored: groups/color
2022.05.20 08:22.13 W Unknown property ignored: organizations/shortname
2022.05.20 08:22.13 W Unknown property ignored: teams/affiliation
2022.05.20 08:22.13 W Unknown property ignored: teams/nationality
2022.05.20 08:22.13 W Unknown property ignored: teams/members
2022.05.20 08:22.13 I Contest source verified
2022.05.20 08:22.13 I Launching presentation
2022.05.20 08:22.13 I Source: RESTContestSource[score|score@http://192.168.56.103/domjudge/api/v4/contests/10]
2022.05.20 08:22.13 I Presentations:
2022.05.20 08:22.13 I    org.icpc.tools.presentation.contest.chart.queue.depth - Judge Queue Depth
2022.05.20 08:22.15 I    org.icpc.tools.presentation.contest.chart.judgement.time - Judgement time
2022.05.20 08:22.15 I    org.icpc.tools.presentation.contest.chart.language - Languages
2022.05.20 08:22.15 I    org.icpc.tools.presentation.contest.chart.problem.comparison - Problem comparison
2022.05.20 08:22.15 I    org.icpc.tools.presentation.contest.chart.problem.detail - Problem detail
2022.05.20 08:22.15 I    org.icpc.tools.presentation.contest.chart.problem.summary - Problem summary
2022.05.20 08:22.15 I    org.icpc.tools.presentation.contest.chart.total.problems - Total Problems
2022.05.20 08:22.15 I    org.icpc.tools.presentation.contest.clock - Contest clock
2022.05.20 08:22.15 I    org.icpc.tools.presentation.contest.leaderboard.group.all - All Groups leaderboard
2022.05.20 08:22.15 I    org.icpc.tools.presentation.contest.first.to.solve - First to solve
2022.05.20 08:22.15 I    org.icpc.tools.presentation.contest.leaderboard.group - Group leaderboard
2022.05.20 08:22.15 I    org.icpc.tools.presentation.contest.judge - Judge queue
2022.05.20 08:22.15 I    org.icpc.tools.presentation.contest.leaderboard - Leaderboard
2022.05.20 08:22.15 I    org.icpc.tools.presentation.contest.scoreboard - Scoreboard
2022.05.20 08:22.15 I    org.icpc.tools.presentation.contest.scoreboard.timeline - Timeline
2022.05.20 08:22.15 I    org.icpc.tools.presentation.contest.tile.scoreboard.list - Tile list
2022.05.20 08:22.15 I    org.icpc.tools.presentation.contest.tile.scoreboard.rank - Tile rank
2022.05.20 08:22.15 I    org.icpc.tools.presentation.contest.tile.scoreboard - Tiles
2022.05.20 08:22.16 I Display 1 found, modes:
2022.05.20 08:22.16 I    1366x768 @ 60hz in 32bit
2022.05.20 08:22.16 I    1280x720 @ 60hz in 32bit
2022.05.20 08:22.16 I    1024x768 @ 60hz in 32bit
2022.05.20 08:22.16 I    800x600 @ 60hz in 32bit
2022.05.20 08:22.16 I    640x480 @ 60hz in 32bit
2022.05.20 08:22.16 I    Config: false, true, true, DirectColorModel
2022.05.20 08:22.16 I Applying display config DisplayConfig 1 (r=java.awt.Rectangle[x=0,y=0,width=1366,height=768],in=java.awt.Insets[top=0,left=0,bottom=40,right=0])
2022.05.20 08:22.16 I Device: 1366x768
2022.05.20 08:22.16 I New presentation plan in 0ms
2022.05.20 08:22.16 I Initializing presentation JudgeQueueDepthChart
2022.05.20 08:22.16 I Initializing presentation JudgementChart
2022.05.20 08:22.16 I Initializing presentation LanguageSummaryChart
2022.05.20 08:22.16 I Initializing presentation ProblemComparisonChart
2022.05.20 08:22.16 I Initializing presentation ProblemDetailChart
2022.05.20 08:22.16 I Initializing presentation ProblemSummaryChart
2022.05.20 08:22.16 I Initializing presentation TotalProblemsChart
2022.05.20 08:22.16 I Initializing presentation ClockPresentation
2022.05.20 08:22.16 I Initializing presentation AllGroupsLeaderboardPresentation
2022.05.20 08:22.17 I Initializing presentation FirstToSolvePresentation
2022.05.20 08:22.17 I Initializing presentation GroupLeaderboardPresentation
2022.05.20 08:22.17 I Initializing presentation JudgePresentation
2022.05.20 08:22.17 I Initializing presentation LeaderboardPresentation
2022.05.20 08:22.17 I Initializing presentation ScoreboardPresentation
2022.05.20 08:22.17 I Initializing presentation TimelinePresentation
2022.05.20 08:22.17 I Initializing presentation TileListScoreboardPresentation
2022.05.20 08:22.17 I Initializing presentation TileRankScoreboardPresentation
2022.05.20 08:22.17 I Initializing presentation TileScoreboardPresentation
2022.05.20 08:22.17 I Building presentation plan
2022.05.20 08:22.17 I Building presentation plan
2022.05.20 08:22.17 I Next presentation plan: Presentation plan 1653052936994 -> 9223372036854775807, 395428
  Segment [0 -> 15000, JudgeQueueDepthChart > null > null, 0]
  Segment [15000 -> 30000, JudgementChart > null > null, 0]
  Segment [30000 -> 45000, LanguageSummaryChart > null > null, 0]
  Segment [45000 -> 60000, ProblemComparisonChart > null > null, 0]
  Segment [60000 -> 75000, ProblemDetailChart > null > null, 0]
  Segment [75000 -> 90000, ProblemSummaryChart > null > null, 0]
  Segment [90000 -> 105000, TotalProblemsChart > null > null, 0]
  Segment [105000 -> 115000, ClockPresentation > null > null, 0]
  Segment [115000 -> 125000, AllGroupsLeaderboardPresentation > null > null, 0]
  Segment [125000 -> 135000, FirstToSolvePresentation > null > null, 0]
  Segment [135000 -> 145000, GroupLeaderboardPresentation > null > null, 0]
  Segment [145000 -> 155000, JudgePresentation > null > null, 0]
  Segment [155000 -> 165000, LeaderboardPresentation > null > null, 0]
  Segment [165000 -> 229000, ScoreboardPresentation > null > null, 0]
  Segment [229000 -> 293000, TimelinePresentation > null > null, 0]
  Segment [293000 -> 331000, TileListScoreboardPresentation > null > null, 0]
  Segment [331000 -> 357428, TileRankScoreboardPresentation > null > null, 0]
  Segment [357428 -> 395428, TileScoreboardPresentation > null > null, 0]
2022.05.20 08:22.17 I Switching presentation plans: null -> Presentation plan 1653052936994 -> 9223372036854775807, 395428
  Segment [0 -> 15000, JudgeQueueDepthChart > null > null, 0]
  Segment [15000 -> 30000, JudgementChart > null > null, 0]
  Segment [30000 -> 45000, LanguageSummaryChart > null > null, 0]
  Segment [45000 -> 60000, ProblemComparisonChart > null > null, 0]
  Segment [60000 -> 75000, ProblemDetailChart > null > null, 0]
  Segment [75000 -> 90000, ProblemSummaryChart > null > null, 0]
  Segment [90000 -> 105000, TotalProblemsChart > null > null, 0]
  Segment [105000 -> 115000, ClockPresentation > null > null, 0]
  Segment [115000 -> 125000, AllGroupsLeaderboardPresentation > null > null, 0]
  Segment [125000 -> 135000, FirstToSolvePresentation > null > null, 0]
  Segment [135000 -> 145000, GroupLeaderboardPresentation > null > null, 0]
  Segment [145000 -> 155000, JudgePresentation > null > null, 0]
  Segment [155000 -> 165000, LeaderboardPresentation > null > null, 0]
  Segment [165000 -> 229000, ScoreboardPresentation > null > null, 0]
  Segment [229000 -> 293000, TimelinePresentation > null > null, 0]
  Segment [293000 -> 331000, TileListScoreboardPresentation > null > null, 0]
  Segment [331000 -> 357428, TileRankScoreboardPresentation > null > null, 0]
  Segment [357428 -> 395428, TileScoreboardPresentation > null > null, 0]
2022.05.20 09:20.30 E Could not parse event feed: (1898) null
java.io.IOException: Premature EOF
	at java.base/sun.net.www.http.ChunkedInputStream.readAheadBlocking(ChunkedInputStream.java:568)
	at java.base/sun.net.www.http.ChunkedInputStream.readAhead(ChunkedInputStream.java:612)
	at java.base/sun.net.www.http.ChunkedInputStream.read(ChunkedInputStream.java:699)
	at java.base/java.io.FilterInputStream.read(FilterInputStream.java:133)
	at java.base/sun.net.www.protocol.http.HttpURLConnection$HttpInputStream.read(HttpURLConnection.java:3510)
	at org.icpc.tools.contest.model.feed.BackupInputStream.read(BackupInputStream.java:34)
	at java.base/sun.nio.cs.StreamDecoder.readBytes(StreamDecoder.java:284)
	at java.base/sun.nio.cs.StreamDecoder.implRead(StreamDecoder.java:326)
	at java.base/sun.nio.cs.StreamDecoder.read(StreamDecoder.java:178)
	at java.base/java.io.InputStreamReader.read(InputStreamReader.java:181)
	at java.base/java.io.BufferedReader.fill(BufferedReader.java:161)
	at java.base/java.io.BufferedReader.readLine(BufferedReader.java:326)
	at java.base/java.io.BufferedReader.readLine(BufferedReader.java:392)
	at org.icpc.tools.contest.model.feed.NDJSONFeedParser.parse(NDJSONFeedParser.java:35)
	at org.icpc.tools.contest.model.feed.RESTContestSource.loadContestImpl(RESTContestSource.java:747)
	at org.icpc.tools.contest.model.feed.ContestSource$1.run(ContestSource.java:200)
2022.05.20 09:20.30 E Error reading feed
java.io.IOException: Error parsing event feed
	at org.icpc.tools.contest.model.feed.NDJSONFeedParser.parse(NDJSONFeedParser.java:87)
	at org.icpc.tools.contest.model.feed.RESTContestSource.loadContestImpl(RESTContestSource.java:747)
	at org.icpc.tools.contest.model.feed.ContestSource$1.run(ContestSource.java:200)
2022.05.20 09:20.30 E Error reading event feed: Error parsing event feed
2022.05.20 09:20.30 I Waiting to reconnect
2022.05.20 09:20.45 E Error reading feed
java.net.SocketTimeoutException: connect timed out
	at java.base/java.net.PlainSocketImpl.waitForConnect(Native Method)
	at java.base/java.net.PlainSocketImpl.socketConnect(PlainSocketImpl.java:107)
	at java.base/java.net.AbstractPlainSocketImpl.doConnect(AbstractPlainSocketImpl.java:399)
	at java.base/java.net.AbstractPlainSocketImpl.connectToAddress(AbstractPlainSocketImpl.java:242)
	at java.base/java.net.AbstractPlainSocketImpl.connect(AbstractPlainSocketImpl.java:224)
	at java.base/java.net.Socket.connect(Socket.java:608)
	at java.base/sun.net.NetworkClient.doConnect(NetworkClient.java:177)
	at java.base/sun.net.www.http.HttpClient.openServer(HttpClient.java:474)
	at java.base/sun.net.www.http.HttpClient.openServer(HttpClient.java:569)
	at java.base/sun.net.www.http.HttpClient.<init>(HttpClient.java:242)
	at java.base/sun.net.www.http.HttpClient.New(HttpClient.java:341)
	at java.base/sun.net.www.http.HttpClient.New(HttpClient.java:362)
	at java.base/sun.net.www.protocol.http.HttpURLConnection.getNewHttpClient(HttpURLConnection.java:1253)
	at java.base/sun.net.www.protocol.http.HttpURLConnection.plainConnect0(HttpURLConnection.java:1187)
	at java.base/sun.net.www.protocol.http.HttpURLConnection.plainConnect(HttpURLConnection.java:1081)
	at java.base/sun.net.www.protocol.http.HttpURLConnection.connect(HttpURLConnection.java:1015)
	at java.base/sun.net.www.protocol.http.HttpURLConnection.getInputStream0(HttpURLConnection.java:1592)
	at java.base/sun.net.www.protocol.http.HttpURLConnection.getInputStream(HttpURLConnection.java:1520)
	at java.base/java.net.HttpURLConnection.getResponseCode(HttpURLConnection.java:527)
	at org.icpc.tools.contest.model.feed.RESTContestSource.connect(RESTContestSource.java:567)
	at org.icpc.tools.contest.model.feed.RESTContestSource.loadContestImpl(RESTContestSource.java:732)
	at org.icpc.tools.contest.model.feed.ContestSource$1.run(ContestSource.java:200)
2022.05.20 09:20.45 E Error reading event feed: connect timed out
2022.05.20 09:20.45 I Waiting to reconnect
Logging second instance of exception, will not log again
2022.05.20 09:21.00 E Error reading feed
java.net.SocketTimeoutException: connect timed out
	at java.base/java.net.PlainSocketImpl.waitForConnect(Native Method)
	at java.base/java.net.PlainSocketImpl.socketConnect(PlainSocketImpl.java:107)
	at java.base/java.net.AbstractPlainSocketImpl.doConnect(AbstractPlainSocketImpl.java:399)
	at java.base/java.net.AbstractPlainSocketImpl.connectToAddress(AbstractPlainSocketImpl.java:242)
	at java.base/java.net.AbstractPlainSocketImpl.connect(AbstractPlainSocketImpl.java:224)
	at java.base/java.net.Socket.connect(Socket.java:608)
	at java.base/sun.net.NetworkClient.doConnect(NetworkClient.java:177)
	at java.base/sun.net.www.http.HttpClient.openServer(HttpClient.java:474)
	at java.base/sun.net.www.http.HttpClient.openServer(HttpClient.java:569)
	at java.base/sun.net.www.http.HttpClient.<init>(HttpClient.java:242)
	at java.base/sun.net.www.http.HttpClient.New(HttpClient.java:341)
	at java.base/sun.net.www.http.HttpClient.New(HttpClient.java:362)
	at java.base/sun.net.www.protocol.http.HttpURLConnection.getNewHttpClient(HttpURLConnection.java:1253)
	at java.base/sun.net.www.protocol.http.HttpURLConnection.plainConnect0(HttpURLConnection.java:1187)
	at java.base/sun.net.www.protocol.http.HttpURLConnection.plainConnect(HttpURLConnection.java:1081)
	at java.base/sun.net.www.protocol.http.HttpURLConnection.connect(HttpURLConnection.java:1015)
	at java.base/sun.net.www.protocol.http.HttpURLConnection.getInputStream0(HttpURLConnection.java:1592)
	at java.base/sun.net.www.protocol.http.HttpURLConnection.getInputStream(HttpURLConnection.java:1520)
	at java.base/java.net.HttpURLConnection.getResponseCode(HttpURLConnection.java:527)
	at org.icpc.tools.contest.model.feed.RESTContestSource.connect(RESTContestSource.java:567)
	at org.icpc.tools.contest.model.feed.RESTContestSource.loadContestImpl(RESTContestSource.java:732)
	at org.icpc.tools.contest.model.feed.ContestSource$1.run(ContestSource.java:200)
2022.05.20 09:21.00 E Error reading event feed: connect timed out
2022.05.20 09:21.00 I Waiting to reconnect
2022.05.20 09:21.15 E Error reading event feed: connect timed out
2022.05.20 09:21.15 I Waiting to reconnect
2022.05.20 09:21.30 E Error reading event feed: connect timed out
2022.05.20 09:21.30 I Waiting to reconnect
2022.05.20 09:21.45 E Error reading event feed: connect timed out
2022.05.20 09:21.45 I Waiting to reconnect
2022.05.20 09:22.00 E Error reading event feed: connect timed out
2022.05.20 09:22.00 I Waiting to reconnect
