Lanzando cds (Open Liberty 21.0.0.1/wlp-1.0.48.cl210120210113-1459) en Java HotSpot(TM) 64-Bit Server VM, versión 12.0.2+10 (es_CO)
[AUDITAR ] CWWKE0001I: El servidor cds se ha lanzado.
[AUDITAR ] CWWKG0028A: El proceso ha incluido el recurso de configuración: C:\Users\diego\Documents\DomJudge\CDS server\usr\servers\cds\users.xml
[AUDITAR ] CWWKZ0058I: Supervisando aplicaciones de dropins.
WARNING: An illegal reflective access operation has occurred
WARNING: Illegal reflective access by org.apache.aries.jndi.startup.Activator (file:/C:/Users/diego/Documents/DomJudge/CDS server/lib/com.ibm.ws.org.apache.aries.jndi.core_1.1.48.jar) to field javax.naming.spi.NamingManager.initctx_factory_builder
WARNING: Please consider reporting this to the maintainers of org.apache.aries.jndi.startup.Activator
WARNING: Use --illegal-access=warn to enable warnings of further illegal reflective access operations
WARNING: All illegal access operations will be denied in a future release
[AUDITAR ] CWWKT0016I: Aplicación web disponible (default_host): http://roca12ultra:8080/
--- CDS (2.3.491) ---
Loading CDS configuration from: C:\Users\diego\Documents\DomJudge\CDS server\usr\servers\cds\config\cdsConfig.xml
Configured contests:
   5 on disk at /home/myuser/contests/test - CCS configured (score@http://192.168.0.4/domjudge/api/contests/5), Not recording reactions
[err] Could not read from CDS config! No contests loaded
[AUDITAR ] CWWKZ0001I: La aplicación CDS se ha iniciado en 2,896 segundos.
[AUDITAR ] CWWKF0012I: El servidor ha instalado las características siguientes: [appSecurity-3.0, cdi-2.0, distributedMap-1.0, el-3.0, jndi-1.0, jsp-2.3, servlet-4.0, ssl-1.0, websocket-1.1].
[AUDITAR ] CWWKF0011I: El servidor cds está preparado para ejecutar un planeta más inteligente. El servidor cds se ha iniciado en 26,137 segundos.
Client connected: 192.168.0.3 [uid b833456f]
b833456f < {"type":"info","source":"b833456f","client.type":"presentation","version":"2.3.491","os.name":"Windows 10","os.version...
b833456f - Syncing time to 1ms. Recent pings: [4ms, 1ms, 2ms]
b833456f > {"type":"time","time":1625684505475}
Loading contest from RESTContestSource[score|score@http://192.168.0.4/domjudge/api/contests/5]
Importing contest info
Contest config file (contest.yaml) not found
Importing problem set
Problem config file (problemset.yaml) not found
Importing groups
Group config file (groups.json/groups.tsv) not found
Importing organizations
Institutions config file (institutions.json/institutions2.tsv/institutions.tsv) not found
Importing teams
Team config file (teams.json/teams2.tsv/teams.tsv) not found
Importing team-members
Team member config file (members.json/members.tsv) not found
Importing contest floor map
Reading contest: 5
Checking feed cache: C:\Users\diego\Documents\DomJudge\CDS server\usr\servers\cds\events-5-score.log
First comment: ! 0
Found feed cache up to event id: 257
Reading feed cache
Unknown property ignored: contests/end_time
Unknown property ignored: contests/external_id
Unknown property ignored: contests/shortname
Unknown property ignored: languages/extensions
Unknown property ignored: languages/allow_judge
Unknown property ignored: languages/time_factor
Unknown property ignored: languages/require_entry_point
Unknown property ignored: languages/entry_point_description
Unknown property ignored: problems/short_name
Unknown property ignored: problems/externalid
Unknown property ignored: groups/sortorder
Unknown property ignored: groups/color
Unknown property ignored: organizations/shortname
Unknown property ignored: teams/externalid
Unknown property ignored: teams/affiliation
Unknown property ignored: teams/nationality
Unknown property ignored: teams/members
Contest started: 5
Unknown property ignored: submissions/externalid
Unknown property ignored: judgements/valid
Unknown property ignored: judgements/judgehost
Done reading feed cache
b833456f < {"type":"info","source":"b833456f","presentation":null,"fps":0,"image":"/9j/4AAQSkZJRgABAgAAAQABAAD/2wBDAAgGBgcGBQgHBw...
Client disconnected: 192.168.0.3 [uid b833456f]
Client connected: 192.168.0.3 [uid b833456f]
b833456f < {"type":"info","source":"b833456f","width":1366,"height":768,"hidden":false,"display":"1w"}
b833456f < {"type":"info","source":"b833456f","client.type":"presentation","version":"2.3.491","os.name":"Windows 10","os.version...
b833456f < {"type":"info","source":"b833456f","presentation":null,"fps":0,"image":"/9j/4AAQSkZJRgABAgAAAQABAAD/2wBDAAgGBgcGBQgHBw...
b833456f - Syncing time to 1ms. Recent pings: [18ms, 1ms, 1ms]
b833456f > {"type":"time","time":1625684537516}
b833456f < {"type":"info","source":"b833456f","presentation":null,"fps":0,"image":"/9j/4AAQSkZJRgABAgAAAQABAAD/2wBDAAgGBgcGBQgHBw...
Setting presentation org.icpc.tools.presentation.contest.internal.presentations.BetterFireworksPresentation to 1 clients
Setting property: presentation=1100|org.icpc.tools.presentation.contest.internal.presentations.BetterFireworksPresentation
b833456f > {"type":"properties","props":{"presentation":"1100|org.icpc.tools.presentation.contest.internal.presentations.BetterFi...
b833456f < {"type":"info","source":"b833456f","presentation":"BetterFireworksPresentation","fps":1,"image":"/9j/4AAQSkZJRgABAgAAA...
b833456f < {"type":"info","source":"b833456f","presentation":"BetterFireworksPresentation","fps":47,"image":"/9j/4AAQSkZJRgABAgAA...
Setting presentation org.icpc.tools.presentation.contest.internal.presentations.ICPCToolsPresentation to 1 clients
Setting property: presentation=1100|org.icpc.tools.presentation.contest.internal.presentations.ICPCToolsPresentation
b833456f > {"type":"properties","props":{"presentation":"1100|org.icpc.tools.presentation.contest.internal.presentations.ICPCTool...
b833456f < {"type":"info","source":"b833456f","presentation":"ICPCToolsPresentation","fps":61,"image":"/9j/4AAQSkZJRgABAgAAAQABAA...
Setting presentation org.icpc.tools.presentation.contest.internal.chart.JudgeQueueDepthChart to 1 clients
Setting property: presentation=1100|org.icpc.tools.presentation.contest.internal.chart.JudgeQueueDepthChart
b833456f > {"type":"properties","props":{"presentation":"1100|org.icpc.tools.presentation.contest.internal.chart.JudgeQueueDepthC...
b833456f < {"type":"info","source":"b833456f","presentation":"ICPCToolsPresentation","fps":62,"image":"/9j/4AAQSkZJRgABAgAAAQABAA...
Setting presentation org.icpc.tools.presentation.contest.internal.chart.HistoricalComparisonChart to 1 clients
Setting property: presentation=1100|org.icpc.tools.presentation.contest.internal.chart.HistoricalComparisonChart
b833456f > {"type":"properties","props":{"presentation":"1100|org.icpc.tools.presentation.contest.internal.chart.HistoricalCompar...
Setting presentation org.icpc.tools.presentation.contest.internal.chart.JudgementChart to 1 clients
Setting property: presentation=1100|org.icpc.tools.presentation.contest.internal.chart.JudgementChart
b833456f > {"type":"properties","props":{"presentation":"1100|org.icpc.tools.presentation.contest.internal.chart.JudgementChart"}...
Setting presentation org.icpc.tools.presentation.contest.internal.chart.JudgementChart to 1 clients
Setting property: presentation=1100|org.icpc.tools.presentation.contest.internal.chart.JudgementChart
b833456f > {"type":"properties","props":{"presentation":"1100|org.icpc.tools.presentation.contest.internal.chart.JudgementChart"}...
b833456f < {"type":"info","source":"b833456f","presentation":"JudgementChart","fps":29,"image":"/9j/4AAQSkZJRgABAgAAAQABAAD/2wBDA...
b833456f < {"type":"info","source":"b833456f","presentation":"JudgementChart","fps":62,"image":"/9j/4AAQSkZJRgABAgAAAQABAAD/2wBDA...
b833456f < {"type":"info","source":"b833456f","presentation":"JudgementChart","fps":62,"image":"/9j/4AAQSkZJRgABAgAAAQABAAD/2wBDA...
b833456f < {"type":"info","source":"b833456f","presentation":"JudgementChart","fps":61,"image":"/9j/4AAQSkZJRgABAgAAAQABAAD/2wBDA...
b833456f < {"type":"info","source":"b833456f","presentation":"JudgementChart","fps":63,"image":"/9j/4AAQSkZJRgABAgAAAQABAAD/2wBDA...
b833456f < {"type":"info","source":"b833456f","presentation":"JudgementChart","fps":62,"image":"/9j/4AAQSkZJRgABAgAAAQABAAD/2wBDA...
b833456f < {"type":"info","source":"b833456f","presentation":"JudgementChart","fps":61,"image":"/9j/4AAQSkZJRgABAgAAAQABAAD/2wBDA...
b833456f < {"type":"info","source":"b833456f","presentation":"JudgementChart","fps":62,"image":"/9j/4AAQSkZJRgABAgAAAQABAAD/2wBDA...
b833456f < {"type":"info","source":"b833456f","presentation":"JudgementChart","fps":64,"image":"/9j/4AAQSkZJRgABAgAAAQABAAD/2wBDA...
Setting presentation org.icpc.tools.presentation.contest.internal.chart.TotalProblemsChart to 1 clients
Setting property: presentation=1100|org.icpc.tools.presentation.contest.internal.chart.TotalProblemsChart
b833456f > {"type":"properties","props":{"presentation":"1100|org.icpc.tools.presentation.contest.internal.chart.TotalProblemsCha...
b833456f < {"type":"info","source":"b833456f","presentation":"TotalProblemsChart","fps":63,"image":"/9j/4AAQSkZJRgABAgAAAQABAAD/2...
Setting presentation org.icpc.tools.presentation.contest.internal.chart.ScoreboardChart to 1 clients
Setting property: presentation=1100|org.icpc.tools.presentation.contest.internal.chart.ScoreboardChart
b833456f > {"type":"properties","props":{"presentation":"1100|org.icpc.tools.presentation.contest.internal.chart.ScoreboardChart"...
b833456f < {"type":"info","source":"b833456f","presentation":"ScoreboardChart","fps":62,"image":"/9j/4AAQSkZJRgABAgAAAQABAAD/2wBD...
Setting presentation org.icpc.tools.presentation.contest.internal.chart.ProblemSummaryChart to 1 clients
Setting property: presentation=1100|org.icpc.tools.presentation.contest.internal.chart.ProblemSummaryChart
b833456f > {"type":"properties","props":{"presentation":"1100|org.icpc.tools.presentation.contest.internal.chart.ProblemSummaryCh...
Setting presentation org.icpc.tools.presentation.contest.internal.chart.ProblemDetailChart to 1 clients
Setting property: presentation=1100|org.icpc.tools.presentation.contest.internal.chart.ProblemDetailChart
b833456f > {"type":"properties","props":{"presentation":"1100|org.icpc.tools.presentation.contest.internal.chart.ProblemDetailCha...
b833456f < {"type":"info","source":"b833456f","presentation":"ProblemDetailChart","fps":62,"image":"/9j/4AAQSkZJRgABAgAAAQABAAD/2...
Setting presentation org.icpc.tools.presentation.contest.internal.chart.ProblemComparisonChart to 1 clients
Setting property: presentation=1100|org.icpc.tools.presentation.contest.internal.chart.ProblemComparisonChart
b833456f > {"type":"properties","props":{"presentation":"1100|org.icpc.tools.presentation.contest.internal.chart.ProblemCompariso...
Setting presentation org.icpc.tools.presentation.contest.internal.chart.LanguageSummaryChart to 1 clients
Setting property: presentation=1100|org.icpc.tools.presentation.contest.internal.chart.LanguageSummaryChart
b833456f > {"type":"properties","props":{"presentation":"1100|org.icpc.tools.presentation.contest.internal.chart.LanguageSummaryC...
b833456f < {"type":"info","source":"b833456f","presentation":"LanguageSummaryChart","fps":63,"image":"/9j/4AAQSkZJRgABAgAAAQABAAD...
Setting presentation org.icpc.tools.presentation.contest.internal.chart.JudgementChart to 1 clients
Setting property: presentation=1100|org.icpc.tools.presentation.contest.internal.chart.JudgementChart
b833456f > {"type":"properties","props":{"presentation":"1100|org.icpc.tools.presentation.contest.internal.chart.JudgementChart"}...
Setting presentation org.icpc.tools.presentation.contest.internal.chart.JudgeQueueDepthChart to 1 clients
Setting property: presentation=1100|org.icpc.tools.presentation.contest.internal.chart.JudgeQueueDepthChart
b833456f > {"type":"properties","props":{"presentation":"1100|org.icpc.tools.presentation.contest.internal.chart.JudgeQueueDepthC...
Setting presentation org.icpc.tools.presentation.contest.internal.chart.HistoricalComparisonChart to 1 clients
Setting property: presentation=1100|org.icpc.tools.presentation.contest.internal.chart.HistoricalComparisonChart
b833456f > {"type":"properties","props":{"presentation":"1100|org.icpc.tools.presentation.contest.internal.chart.HistoricalCompar...
b833456f < {"type":"info","source":"b833456f","presentation":"HistoricalComparisonChart","fps":33,"image":"/9j/4AAQSkZJRgABAgAAAQ...
Setting presentation org.icpc.tools.presentation.contest.internal.presentations.old.FloorPresentation to 1 clients
Setting property: presentation=1100|org.icpc.tools.presentation.contest.internal.presentations.old.FloorPresentation
b833456f > {"type":"properties","props":{"presentation":"1100|org.icpc.tools.presentation.contest.internal.presentations.old.Floo...
Setting presentation org.icpc.tools.presentation.contest.internal.presentations.floor.ContestFloorPresentation to 1 clients
Setting property: presentation=1100|org.icpc.tools.presentation.contest.internal.presentations.floor.ContestFloorPresentation
b833456f > {"type":"properties","props":{"presentation":"1100|org.icpc.tools.presentation.contest.internal.presentations.floor.Co...
Setting presentation org.icpc.tools.presentation.contest.internal.tile.TilePictureScoreboardPresentation to 1 clients
Setting property: presentation=1100|org.icpc.tools.presentation.contest.internal.tile.TilePictureScoreboardPresentation
b833456f > {"type":"properties","props":{"presentation":"1100|org.icpc.tools.presentation.contest.internal.tile.TilePictureScoreb...
Setting presentation org.icpc.tools.presentation.contest.internal.tile.TileListScoreboardPresentation to 1 clients
Setting property: presentation=1100|org.icpc.tools.presentation.contest.internal.tile.TileListScoreboardPresentation
b833456f < {"type":"info","source":"b833456f","presentation":"TilePictureScoreboardPresentation","fps":55,"image":"/9j/4AAQSkZJRg...
b833456f > {"type":"properties","props":{"presentation":"1100|org.icpc.tools.presentation.contest.internal.tile.TileListScoreboar...
b833456f < {"type":"info","source":"b833456f","presentation":"TileListScoreboardPresentation","fps":63,"image":"/9j/4AAQSkZJRgABA...
Setting presentation org.icpc.tools.presentation.contest.internal.tile.TileRankScoreboardPresentation to 1 clients
Setting property: presentation=1100|org.icpc.tools.presentation.contest.internal.tile.TileRankScoreboardPresentation
b833456f > {"type":"properties","props":{"presentation":"1100|org.icpc.tools.presentation.contest.internal.tile.TileRankScoreboar...
b833456f < {"type":"info","source":"b833456f","presentation":"TileRankScoreboardPresentation","fps":63,"image":"/9j/4AAQSkZJRgABA...
Setting presentation org.icpc.tools.presentation.contest.internal.tile.TileScoreboardPresentation to 1 clients
Setting property: presentation=1100|org.icpc.tools.presentation.contest.internal.tile.TileScoreboardPresentation
b833456f > {"type":"properties","props":{"presentation":"1100|org.icpc.tools.presentation.contest.internal.tile.TileScoreboardPre...
b833456f < {"type":"info","source":"b833456f","presentation":"TileScoreboardPresentation","fps":62,"image":"/9j/4AAQSkZJRgABAgAAA...
b833456f < {"type":"info","source":"b833456f","presentation":"TileScoreboardPresentation","fps":62,"image":"/9j/4AAQSkZJRgABAgAAA...
b833456f < {"type":"info","source":"b833456f","presentation":"TileScoreboardPresentation","fps":61,"image":"/9j/4AAQSkZJRgABAgAAA...
b833456f < {"type":"info","source":"b833456f","presentation":"TileScoreboardPresentation","fps":61,"image":"/9j/4AAQSkZJRgABAgAAA...
b833456f < {"type":"info","source":"b833456f","presentation":"TileScoreboardPresentation","fps":61,"image":"/9j/4AAQSkZJRgABAgAAA...
b833456f < {"type":"info","source":"b833456f","presentation":"TileScoreboardPresentation","fps":61,"image":"/9j/4AAQSkZJRgABAgAAA...
b833456f < {"type":"info","source":"b833456f","presentation":"TileScoreboardPresentation","fps":61,"image":"/9j/4AAQSkZJRgABAgAAA...
b833456f < {"type":"info","source":"b833456f","presentation":"TileScoreboardPresentation","fps":61,"image":"/9j/4AAQSkZJRgABAgAAA...
b833456f < {"type":"info","source":"b833456f","presentation":"TileScoreboardPresentation","fps":61,"image":"/9j/4AAQSkZJRgABAgAAA...
b833456f < {"type":"info","source":"b833456f","presentation":"TileScoreboardPresentation","fps":61,"image":"/9j/4AAQSkZJRgABAgAAA...
b833456f < {"type":"info","source":"b833456f","presentation":"TileScoreboardPresentation","fps":61,"image":"/9j/4AAQSkZJRgABAgAAA...
b833456f < {"type":"info","source":"b833456f","presentation":"TileScoreboardPresentation","fps":61,"image":"/9j/4AAQSkZJRgABAgAAA...
b833456f < {"type":"info","source":"b833456f","presentation":"TileScoreboardPresentation","fps":61,"image":"/9j/4AAQSkZJRgABAgAAA...
b833456f < {"type":"info","source":"b833456f","presentation":"TileScoreboardPresentation","fps":61,"image":"/9j/4AAQSkZJRgABAgAAA...
b833456f < {"type":"info","source":"b833456f","presentation":"TileScoreboardPresentation","fps":61,"image":"/9j/4AAQSkZJRgABAgAAA...
b833456f < {"type":"info","source":"b833456f","presentation":"TileScoreboardPresentation","fps":61,"image":"/9j/4AAQSkZJRgABAgAAA...
b833456f < {"type":"info","source":"b833456f","presentation":"TileScoreboardPresentation","fps":61,"image":"/9j/4AAQSkZJRgABAgAAA...
b833456f < {"type":"info","source":"b833456f","presentation":"TileScoreboardPresentation","fps":61,"image":"/9j/4AAQSkZJRgABAgAAA...
b833456f < {"type":"info","source":"b833456f","presentation":"TileScoreboardPresentation","fps":61,"image":"/9j/4AAQSkZJRgABAgAAA...
b833456f < {"type":"info","source":"b833456f","presentation":"TileScoreboardPresentation","fps":61,"image":"/9j/4AAQSkZJRgABAgAAA...
b833456f < {"type":"info","source":"b833456f","presentation":"TileScoreboardPresentation","fps":62,"image":"/9j/4AAQSkZJRgABAgAAA...
b833456f < {"type":"info","source":"b833456f","presentation":"TileScoreboardPresentation","fps":61,"image":"/9j/4AAQSkZJRgABAgAAA...
b833456f < {"type":"info","source":"b833456f","presentation":"TileScoreboardPresentation","fps":61,"image":"/9j/4AAQSkZJRgABAgAAA...
b833456f < {"type":"info","source":"b833456f","presentation":"TileScoreboardPresentation","fps":61,"image":"/9j/4AAQSkZJRgABAgAAA...
b833456f < {"type":"info","source":"b833456f","presentation":"TileScoreboardPresentation","fps":62,"image":"/9j/4AAQSkZJRgABAgAAA...
b833456f < {"type":"info","source":"b833456f","presentation":"TileScoreboardPresentation","fps":62,"image":"/9j/4AAQSkZJRgABAgAAA...
b833456f < {"type":"info","source":"b833456f","presentation":"TileScoreboardPresentation","fps":62,"image":"/9j/4AAQSkZJRgABAgAAA...
b833456f < {"type":"info","source":"b833456f","presentation":"TileScoreboardPresentation","fps":62,"image":"/9j/4AAQSkZJRgABAgAAA...
b833456f < {"type":"info","source":"b833456f","presentation":"TileScoreboardPresentation","fps":61,"image":"/9j/4AAQSkZJRgABAgAAA...
b833456f < {"type":"info","source":"b833456f","presentation":"TileScoreboardPresentation","fps":62,"image":"/9j/4AAQSkZJRgABAgAAA...
b833456f < {"type":"info","source":"b833456f","presentation":"TileScoreboardPresentation","fps":62,"image":"/9j/4AAQSkZJRgABAgAAA...
b833456f < {"type":"info","source":"b833456f","presentation":"TileScoreboardPresentation","fps":62,"image":"/9j/4AAQSkZJRgABAgAAA...
b833456f < {"type":"info","source":"b833456f","presentation":"TileScoreboardPresentation","fps":62,"image":"/9j/4AAQSkZJRgABAgAAA...
b833456f < {"type":"info","source":"b833456f","presentation":"TileScoreboardPresentation","fps":62,"image":"/9j/4AAQSkZJRgABAgAAA...
b833456f < {"type":"info","source":"b833456f","presentation":"TileScoreboardPresentation","fps":62,"image":"/9j/4AAQSkZJRgABAgAAA...
b833456f < {"type":"info","source":"b833456f","presentation":"TileScoreboardPresentation","fps":61,"image":"/9j/4AAQSkZJRgABAgAAA...
b833456f < {"type":"info","source":"b833456f","presentation":"TileScoreboardPresentation","fps":62,"image":"/9j/4AAQSkZJRgABAgAAA...
b833456f < {"type":"info","source":"b833456f","presentation":"TileScoreboardPresentation","fps":62,"image":"/9j/4AAQSkZJRgABAgAAA...
b833456f < {"type":"info","source":"b833456f","presentation":"TileScoreboardPresentation","fps":62,"image":"/9j/4AAQSkZJRgABAgAAA...
b833456f < {"type":"info","source":"b833456f","presentation":"TileScoreboardPresentation","fps":61,"image":"/9j/4AAQSkZJRgABAgAAA...
b833456f < {"type":"info","source":"b833456f","presentation":"TileScoreboardPresentation","fps":61,"image":"/9j/4AAQSkZJRgABAgAAA...
b833456f < {"type":"info","source":"b833456f","presentation":"TileScoreboardPresentation","fps":62,"image":"/9j/4AAQSkZJRgABAgAAA...
b833456f < {"type":"info","source":"b833456f","presentation":"TileScoreboardPresentation","fps":61,"image":"/9j/4AAQSkZJRgABAgAAA...
Setting presentation org.icpc.tools.presentation.contest.internal.chart.TotalProblemsChart to 1 clients
Setting property: presentation=1100|org.icpc.tools.presentation.contest.internal.chart.TotalProblemsChart
b833456f > {"type":"properties","props":{"presentation":"1100|org.icpc.tools.presentation.contest.internal.chart.TotalProblemsCha...
b833456f < {"type":"info","source":"b833456f","presentation":"TotalProblemsChart","fps":62,"image":"/9j/4AAQSkZJRgABAgAAAQABAAD/2...
b833456f < {"type":"info","source":"b833456f","presentation":"TotalProblemsChart","fps":61,"image":"/9j/4AAQSkZJRgABAgAAAQABAAD/2...
b833456f < {"type":"info","source":"b833456f","presentation":"TotalProblemsChart","fps":62,"image":"/9j/4AAQSkZJRgABAgAAAQABAAD/2...
b833456f < {"type":"info","source":"b833456f","presentation":"TotalProblemsChart","fps":62,"image":"/9j/4AAQSkZJRgABAgAAAQABAAD/2...
b833456f < {"type":"info","source":"b833456f","presentation":"TotalProblemsChart","fps":62,"image":"/9j/4AAQSkZJRgABAgAAAQABAAD/2...
b833456f < {"type":"info","source":"b833456f","presentation":"TotalProblemsChart","fps":61,"image":"/9j/4AAQSkZJRgABAgAAAQABAAD/2...
b833456f < {"type":"info","source":"b833456f","presentation":"TotalProblemsChart","fps":62,"image":"/9j/4AAQSkZJRgABAgAAAQABAAD/2...
b833456f < {"type":"info","source":"b833456f","presentation":"TotalProblemsChart","fps":62,"image":"/9j/4AAQSkZJRgABAgAAAQABAAD/2...
b833456f < {"type":"info","source":"b833456f","presentation":"TotalProblemsChart","fps":62,"image":"/9j/4AAQSkZJRgABAgAAAQABAAD/2...
b833456f < {"type":"info","source":"b833456f","presentation":"TotalProblemsChart","fps":62,"image":"/9j/4AAQSkZJRgABAgAAAQABAAD/2...
b833456f < {"type":"info","source":"b833456f","presentation":"TotalProblemsChart","fps":62,"image":"/9j/4AAQSkZJRgABAgAAAQABAAD/2...
b833456f < {"type":"info","source":"b833456f","presentation":"TotalProblemsChart","fps":62,"image":"/9j/4AAQSkZJRgABAgAAAQABAAD/2...
b833456f < {"type":"info","source":"b833456f","presentation":"TotalProblemsChart","fps":62,"image":"/9j/4AAQSkZJRgABAgAAAQABAAD/2...
b833456f < {"type":"info","source":"b833456f","presentation":"TotalProblemsChart","fps":61,"image":"/9j/4AAQSkZJRgABAgAAAQABAAD/2...
b833456f < {"type":"info","source":"b833456f","presentation":"TotalProblemsChart","fps":62,"image":"/9j/4AAQSkZJRgABAgAAAQABAAD/2...
b833456f < {"type":"info","source":"b833456f","presentation":"TotalProblemsChart","fps":62,"image":"/9j/4AAQSkZJRgABAgAAAQABAAD/2...
b833456f < {"type":"info","source":"b833456f","presentation":"TotalProblemsChart","fps":62,"image":"/9j/4AAQSkZJRgABAgAAAQABAAD/2...
b833456f < {"type":"info","source":"b833456f","presentation":"TotalProblemsChart","fps":62,"image":"/9j/4AAQSkZJRgABAgAAAQABAAD/2...
b833456f < {"type":"info","source":"b833456f","presentation":"TotalProblemsChart","fps":61,"image":"/9j/4AAQSkZJRgABAgAAAQABAAD/2...
b833456f < {"type":"info","source":"b833456f","presentation":"TotalProblemsChart","fps":62,"image":"/9j/4AAQSkZJRgABAgAAAQABAAD/2...
b833456f < {"type":"info","source":"b833456f","presentation":"TotalProblemsChart","fps":62,"image":"/9j/4AAQSkZJRgABAgAAAQABAAD/2...
b833456f < {"type":"info","source":"b833456f","presentation":"TotalProblemsChart","fps":62,"image":"/9j/4AAQSkZJRgABAgAAAQABAAD/2...
b833456f < {"type":"info","source":"b833456f","presentation":"TotalProblemsChart","fps":62,"image":"/9j/4AAQSkZJRgABAgAAAQABAAD/2...
b833456f < {"type":"info","source":"b833456f","presentation":"TotalProblemsChart","fps":62,"image":"/9j/4AAQSkZJRgABAgAAAQABAAD/2...
b833456f < {"type":"info","source":"b833456f","presentation":"TotalProblemsChart","fps":61,"image":"/9j/4AAQSkZJRgABAgAAAQABAAD/2...
b833456f < {"type":"info","source":"b833456f","presentation":"TotalProblemsChart","fps":62,"image":"/9j/4AAQSkZJRgABAgAAAQABAAD/2...
b833456f < {"type":"info","source":"b833456f","presentation":"TotalProblemsChart","fps":61,"image":"/9j/4AAQSkZJRgABAgAAAQABAAD/2...
b833456f < {"type":"info","source":"b833456f","presentation":"TotalProblemsChart","fps":62,"image":"/9j/4AAQSkZJRgABAgAAAQABAAD/2...
Setting presentation org.icpc.tools.presentation.contest.internal.presentations.BillPresentation to 1 clients
Setting property: presentation=1100|org.icpc.tools.presentation.contest.internal.presentations.BillPresentation
b833456f > {"type":"properties","props":{"presentation":"1100|org.icpc.tools.presentation.contest.internal.presentations.BillPres...
b833456f < {"type":"info","source":"b833456f","presentation":"BillPresentation","fps":0,"image":"/9j/4AAQSkZJRgABAgAAAQABAAD/2wBD...
Setting presentation org.icpc.tools.presentation.contest.internal.tile.TileScoreboardPresentation to 1 clients
Setting property: presentation=1100|org.icpc.tools.presentation.contest.internal.tile.TileScoreboardPresentation
b833456f > {"type":"properties","props":{"presentation":"1100|org.icpc.tools.presentation.contest.internal.tile.TileScoreboardPre...
b833456f < {"type":"info","source":"b833456f","presentation":"TileScoreboardPresentation","fps":0,"image":"/9j/4AAQSkZJRgABAgAAAQ...
Setting presentation org.icpc.tools.presentation.contest.internal.tile.TileRankScoreboardPresentation to 1 clients
Setting property: presentation=1100|org.icpc.tools.presentation.contest.internal.tile.TileRankScoreboardPresentation
b833456f > {"type":"properties","props":{"presentation":"1100|org.icpc.tools.presentation.contest.internal.tile.TileRankScoreboar...
b833456f < {"type":"info","source":"b833456f","presentation":"TileRankScoreboardPresentation","fps":62,"image":"/9j/4AAQSkZJRgABA...
Setting presentation org.icpc.tools.presentation.contest.internal.tile.TileRankScoreboardPresentation to 1 clients
Setting property: presentation=1100|org.icpc.tools.presentation.contest.internal.tile.TileRankScoreboardPresentation
b833456f > {"type":"properties","props":{"presentation":"1100|org.icpc.tools.presentation.contest.internal.tile.TileRankScoreboar...
b833456f < {"type":"info","source":"b833456f","presentation":"TileRankScoreboardPresentation","fps":62,"image":"/9j/4AAQSkZJRgABA...
Setting presentation org.icpc.tools.presentation.contest.internal.tile.TileListScoreboardPresentation to 1 clients
Setting property: presentation=1100|org.icpc.tools.presentation.contest.internal.tile.TileListScoreboardPresentation
b833456f > {"type":"properties","props":{"presentation":"1100|org.icpc.tools.presentation.contest.internal.tile.TileListScoreboar...
Setting presentation org.icpc.tools.presentation.contest.internal.tile.TilePictureScoreboardPresentation to 1 clients
Setting property: presentation=1100|org.icpc.tools.presentation.contest.internal.tile.TilePictureScoreboardPresentation
b833456f > {"type":"properties","props":{"presentation":"1100|org.icpc.tools.presentation.contest.internal.tile.TilePictureScoreb...
b833456f < {"type":"info","source":"b833456f","presentation":"TilePictureScoreboardPresentation","fps":62,"image":"/9j/4AAQSkZJRg...
b833456f < {"type":"info","source":"b833456f","presentation":"TilePictureScoreboardPresentation","fps":61,"image":"/9j/4AAQSkZJRg...
Setting presentation org.icpc.tools.presentation.contest.internal.tile.TileListScoreboardPresentation to 1 clients
Setting property: presentation=1100|org.icpc.tools.presentation.contest.internal.tile.TileListScoreboardPresentation
b833456f > {"type":"properties","props":{"presentation":"1100|org.icpc.tools.presentation.contest.internal.tile.TileListScoreboar...
Setting presentation org.icpc.tools.presentation.contest.internal.presentations.test.TestSyncPresentation to 1 clients
Setting property: presentation=1100|org.icpc.tools.presentation.contest.internal.presentations.test.TestSyncPresentation
b833456f > {"type":"properties","props":{"presentation":"1100|org.icpc.tools.presentation.contest.internal.presentations.test.Tes...
b833456f < {"type":"info","source":"b833456f","presentation":"TestSyncPresentation","fps":62,"image":"/9j/4AAQSkZJRgABAgAAAQABAAD...
b833456f < {"type":"info","source":"b833456f","presentation":"TestSyncPresentation","fps":61,"image":"/9j/4AAQSkZJRgABAgAAAQABAAD...
Restarting client b833456f
Restarting clients
b833456f > {"type":"command","source":"CDS","action":"restart"}
Client disconnected: 192.168.0.3 [uid b833456f]
Client connected: 192.168.0.3 [uid b833456f]
b833456f < {"type":"info","source":"b833456f","width":1366,"height":768,"hidden":false,"display":"1w"}
b833456f < {"type":"info","source":"b833456f","client.type":"presentation","version":"2.3.491","os.name":"Windows 10","os.version...
b833456f < {"type":"info","source":"b833456f","presentation":null,"fps":0,"image":"/9j/4AAQSkZJRgABAgAAAQABAAD/2wBDAAgGBgcGBQgHBw...
b833456f - Syncing time to 1ms. Recent pings: [24ms, 1ms, 1ms]
b833456f > {"type":"time","time":1625684963956}
Setting presentation org.icpc.tools.presentation.contest.internal.scoreboard.FirstToSolvePresentation to 1 clients
Setting property: presentation=1100|org.icpc.tools.presentation.contest.internal.scoreboard.FirstToSolvePresentation
b833456f > {"type":"properties","props":{"presentation":"1100|org.icpc.tools.presentation.contest.internal.scoreboard.FirstToSolv...
Setting presentation org.icpc.tools.presentation.contest.internal.scoreboard.FirstToSolvePresentation to 1 clients
Setting property: presentation=1100|org.icpc.tools.presentation.contest.internal.scoreboard.FirstToSolvePresentation
b833456f > {"type":"properties","props":{"presentation":"1100|org.icpc.tools.presentation.contest.internal.scoreboard.FirstToSolv...
Setting presentation org.icpc.tools.presentation.contest.internal.scoreboard.FirstSolutionPresentation to 1 clients
Setting property: presentation=1100|org.icpc.tools.presentation.contest.internal.scoreboard.FirstSolutionPresentation
b833456f > {"type":"properties","props":{"presentation":"1100|org.icpc.tools.presentation.contest.internal.scoreboard.FirstSoluti...
b833456f < {"type":"info","source":"b833456f","presentation":"FirstSolutionPresentation","fps":2,"image":"/9j/4AAQSkZJRgABAgAAAQA...
Setting presentation org.icpc.tools.presentation.contest.internal.scoreboard.FirstSolutionPresentation to 1 clients
Setting property: presentation=1100|org.icpc.tools.presentation.contest.internal.scoreboard.FirstSolutionPresentation
b833456f > {"type":"properties","props":{"presentation":"1100|org.icpc.tools.presentation.contest.internal.scoreboard.FirstSoluti...
Setting presentation org.icpc.tools.presentation.contest.internal.scoreboard.FirstToSolvePresentation to 1 clients
Setting property: presentation=1100|org.icpc.tools.presentation.contest.internal.scoreboard.FirstToSolvePresentation
b833456f > {"type":"properties","props":{"presentation":"1100|org.icpc.tools.presentation.contest.internal.scoreboard.FirstToSolv...
Setting presentation org.icpc.tools.presentation.contest.internal.scoreboard.GroupLeaderboardPresentation to 1 clients
Setting property: presentation=1100|org.icpc.tools.presentation.contest.internal.scoreboard.GroupLeaderboardPresentation
b833456f > {"type":"properties","props":{"presentation":"1100|org.icpc.tools.presentation.contest.internal.scoreboard.GroupLeader...
b833456f < {"type":"info","source":"b833456f","presentation":"GroupLeaderboardPresentation","fps":62,"image":"/9j/4AAQSkZJRgABAgA...
Setting presentation org.icpc.tools.presentation.contest.internal.scoreboard.GroupLeaderboardPresentation to 1 clients
Setting property: presentation=1100|org.icpc.tools.presentation.contest.internal.scoreboard.GroupLeaderboardPresentation
b833456f > {"type":"properties","props":{"presentation":"1100|org.icpc.tools.presentation.contest.internal.scoreboard.GroupLeader...
b833456f < {"type":"info","source":"b833456f","presentation":"GroupLeaderboardPresentation","fps":63,"image":"/9j/4AAQSkZJRgABAgA...
Setting presentation org.icpc.tools.presentation.contest.internal.scoreboard.FirstToSolvePresentation to 1 clients
Setting property: presentation=1100|org.icpc.tools.presentation.contest.internal.scoreboard.FirstToSolvePresentation
b833456f > {"type":"properties","props":{"presentation":"1100|org.icpc.tools.presentation.contest.internal.scoreboard.FirstToSolv...
b833456f < {"type":"info","source":"b833456f","presentation":"FirstToSolvePresentation","fps":62,"image":"/9j/4AAQSkZJRgABAgAAAQA...
Setting presentation org.icpc.tools.presentation.contest.internal.scoreboard.FirstSolutionPresentation to 1 clients
Setting property: presentation=1100|org.icpc.tools.presentation.contest.internal.scoreboard.FirstSolutionPresentation
b833456f > {"type":"properties","props":{"presentation":"1100|org.icpc.tools.presentation.contest.internal.scoreboard.FirstSoluti...
b833456f < {"type":"info","source":"b833456f","presentation":"FirstSolutionPresentation","fps":62,"image":"/9j/4AAQSkZJRgABAgAAAQ...
b833456f < {"type":"info","source":"b833456f","presentation":"FirstSolutionPresentation","fps":62,"image":"/9j/4AAQSkZJRgABAgAAAQ...
Setting presentation org.icpc.tools.presentation.contest.internal.scoreboard.AllGroupsLeaderboardPresentation to 1 clients
Setting property: presentation=1100|org.icpc.tools.presentation.contest.internal.scoreboard.AllGroupsLeaderboardPresentation
b833456f > {"type":"properties","props":{"presentation":"1100|org.icpc.tools.presentation.contest.internal.scoreboard.AllGroupsLe...
Setting presentation org.icpc.tools.presentation.contest.internal.scoreboard.FirstSolutionPresentation to 1 clients
Setting property: presentation=1100|org.icpc.tools.presentation.contest.internal.scoreboard.FirstSolutionPresentation
b833456f > {"type":"properties","props":{"presentation":"1100|org.icpc.tools.presentation.contest.internal.scoreboard.FirstSoluti...
Setting presentation org.icpc.tools.presentation.contest.internal.scoreboard.FirstToSolvePresentation to 1 clients
Setting property: presentation=1100|org.icpc.tools.presentation.contest.internal.scoreboard.FirstToSolvePresentation
b833456f > {"type":"properties","props":{"presentation":"1100|org.icpc.tools.presentation.contest.internal.scoreboard.FirstToSolv...
b833456f < {"type":"info","source":"b833456f","presentation":"FirstToSolvePresentation","fps":60,"image":"/9j/4AAQSkZJRgABAgAAAQA...
Setting presentation org.icpc.tools.presentation.contest.internal.scoreboard.GroupLeaderboardPresentation to 1 clients
Setting property: presentation=1100|org.icpc.tools.presentation.contest.internal.scoreboard.GroupLeaderboardPresentation
b833456f > {"type":"properties","props":{"presentation":"1100|org.icpc.tools.presentation.contest.internal.scoreboard.GroupLeader...
Setting presentation org.icpc.tools.presentation.contest.internal.scoreboard.JudgePresentation to 1 clients
Setting property: presentation=1100|org.icpc.tools.presentation.contest.internal.scoreboard.JudgePresentation
b833456f > {"type":"properties","props":{"presentation":"1100|org.icpc.tools.presentation.contest.internal.scoreboard.JudgePresen...
Setting presentation org.icpc.tools.presentation.contest.internal.scoreboard.LeaderboardPresentation to 1 clients
Setting property: presentation=1100|org.icpc.tools.presentation.contest.internal.scoreboard.LeaderboardPresentation
b833456f > {"type":"properties","props":{"presentation":"1100|org.icpc.tools.presentation.contest.internal.scoreboard.Leaderboard...
Setting presentation org.icpc.tools.presentation.contest.internal.scoreboard.ScoreboardPresentation to 1 clients
Setting property: presentation=1100|org.icpc.tools.presentation.contest.internal.scoreboard.ScoreboardPresentation
b833456f > {"type":"properties","props":{"presentation":"1100|org.icpc.tools.presentation.contest.internal.scoreboard.ScoreboardP...
b833456f < {"type":"info","source":"b833456f","presentation":"ScoreboardPresentation","fps":62,"image":"/9j/4AAQSkZJRgABAgAAAQABA...
Setting presentation org.icpc.tools.presentation.contest.internal.presentations.TeamJudgePresentation to 1 clients
Setting property: presentation=1100|org.icpc.tools.presentation.contest.internal.presentations.TeamJudgePresentation
b833456f > {"type":"properties","props":{"presentation":"1100|org.icpc.tools.presentation.contest.internal.presentations.TeamJudg...
Setting presentation org.icpc.tools.presentation.contest.internal.scoreboard.LeaderboardPresentation to 1 clients
Setting property: presentation=1100|org.icpc.tools.presentation.contest.internal.scoreboard.LeaderboardPresentation
b833456f > {"type":"properties","props":{"presentation":"1100|org.icpc.tools.presentation.contest.internal.scoreboard.Leaderboard...
Setting presentation org.icpc.tools.presentation.contest.internal.presentations.TeamJudgePresentation to 1 clients
Setting property: presentation=1100|org.icpc.tools.presentation.contest.internal.presentations.TeamJudgePresentation
b833456f > {"type":"properties","props":{"presentation":"1100|org.icpc.tools.presentation.contest.internal.presentations.TeamJudg...
b833456f < {"type":"info","source":"b833456f","presentation":"TeamJudgePresentation","fps":62,"image":"/9j/4AAQSkZJRgABAgAAAQABAA...
Setting presentation org.icpc.tools.presentation.contest.internal.scoreboard.TimelinePresentation to 1 clients
Setting property: presentation=1100|org.icpc.tools.presentation.contest.internal.scoreboard.TimelinePresentation
b833456f > {"type":"properties","props":{"presentation":"1100|org.icpc.tools.presentation.contest.internal.scoreboard.TimelinePre...
b833456f < {"type":"info","source":"b833456f","presentation":"TimelinePresentation","fps":62,"image":"/9j/4AAQSkZJRgABAgAAAQABAAD...
Setting presentation org.icpc.tools.presentation.contest.internal.scoreboard.TimelinePresentation to 1 clients
Setting property: presentation=1100|org.icpc.tools.presentation.contest.internal.scoreboard.TimelinePresentation
b833456f > {"type":"properties","props":{"presentation":"1100|org.icpc.tools.presentation.contest.internal.scoreboard.TimelinePre...
b833456f < {"type":"info","source":"b833456f","presentation":"TimelinePresentation","fps":62,"image":"/9j/4AAQSkZJRgABAgAAAQABAAD...
Setting presentation org.icpc.tools.presentation.contest.internal.presentations.TeamDisplayPresentation to 1 clients
Setting property: presentation=1100|org.icpc.tools.presentation.contest.internal.presentations.TeamDisplayPresentation
b833456f > {"type":"properties","props":{"presentation":"1100|org.icpc.tools.presentation.contest.internal.presentations.TeamDisp...
Setting presentation org.icpc.tools.presentation.contest.internal.presentations.StaticLogoPresentation to 1 clients
Setting property: presentation=1100|org.icpc.tools.presentation.contest.internal.presentations.StaticLogoPresentation
b833456f > {"type":"properties","props":{"presentation":"1100|org.icpc.tools.presentation.contest.internal.presentations.StaticLo...
Setting presentation org.icpc.tools.presentation.contest.internal.presentations.SnakePresentation to 1 clients
Setting property: presentation=1100|org.icpc.tools.presentation.contest.internal.presentations.SnakePresentation
b833456f > {"type":"properties","props":{"presentation":"1100|org.icpc.tools.presentation.contest.internal.presentations.SnakePre...
Setting presentation org.icpc.tools.presentation.contest.internal.presentations.ICPCTeamPresentation to 1 clients
Setting property: presentation=1100|org.icpc.tools.presentation.contest.internal.presentations.ICPCTeamPresentation
b833456f > {"type":"properties","props":{"presentation":"1100|org.icpc.tools.presentation.contest.internal.presentations.ICPCTeam...
Setting presentation org.icpc.tools.presentation.contest.internal.presentations.TeamVideoPresentation to 1 clients
Setting property: presentation=1100|org.icpc.tools.presentation.contest.internal.presentations.TeamVideoPresentation
b833456f > {"type":"properties","props":{"presentation":"1100|org.icpc.tools.presentation.contest.internal.presentations.TeamVide...
Setting presentation org.icpc.tools.presentation.contest.internal.presentations.WavePresentation to 1 clients
Setting property: presentation=1100|org.icpc.tools.presentation.contest.internal.presentations.WavePresentation
b833456f > {"type":"properties","props":{"presentation":"1100|org.icpc.tools.presentation.contest.internal.presentations.WavePres...
b833456f < {"type":"info","source":"b833456f","presentation":"WavePresentation","fps":19,"image":"/9j/4AAQSkZJRgABAgAAAQABAAD/2wB...
Setting presentation org.icpc.tools.presentation.contest.internal.presentations.test.TestAlignmentPresentation to 1 clients
Setting property: presentation=1100|org.icpc.tools.presentation.contest.internal.presentations.test.TestAlignmentPresentation
b833456f > {"type":"properties","props":{"presentation":"1100|org.icpc.tools.presentation.contest.internal.presentations.test.Tes...
b833456f < {"type":"info","source":"b833456f","presentation":"TestAlignmentPresentation","fps":0,"image":"/9j/4AAQSkZJRgABAgAAAQA...
Setting presentation org.icpc.tools.presentation.contest.internal.presentations.test.BSoDPresentation to 1 clients
Setting property: presentation=1100|org.icpc.tools.presentation.contest.internal.presentations.test.BSoDPresentation
b833456f > {"type":"properties","props":{"presentation":"1100|org.icpc.tools.presentation.contest.internal.presentations.test.BSo...
b833456f < {"type":"info","source":"b833456f","presentation":"BSoDPresentation","fps":0,"image":"/9j/4AAQSkZJRgABAgAAAQABAAD/2wBD...
Setting presentation org.icpc.tools.presentation.contest.internal.presentations.test.TestAlignmentPresentation to 1 clients
Setting property: presentation=1100|org.icpc.tools.presentation.contest.internal.presentations.test.TestAlignmentPresentation
b833456f > {"type":"properties","props":{"presentation":"1100|org.icpc.tools.presentation.contest.internal.presentations.test.Tes...
b833456f < {"type":"info","source":"b833456f","presentation":"TestAlignmentPresentation","fps":0,"image":"/9j/4AAQSkZJRgABAgAAAQA...
Setting presentation org.icpc.tools.presentation.contest.internal.tile.TilePictureScoreboardPresentation to 1 clients
Setting property: presentation=1100|org.icpc.tools.presentation.contest.internal.tile.TilePictureScoreboardPresentation
b833456f > {"type":"properties","props":{"presentation":"1100|org.icpc.tools.presentation.contest.internal.tile.TilePictureScoreb...
b833456f < {"type":"info","source":"b833456f","presentation":"TilePictureScoreboardPresentation","fps":0,"image":"/9j/4AAQSkZJRgA...
Setting presentation org.icpc.tools.presentation.contest.internal.tile.TileListScoreboardPresentation to 1 clients
Setting property: presentation=1100|org.icpc.tools.presentation.contest.internal.tile.TileListScoreboardPresentation
b833456f > {"type":"properties","props":{"presentation":"1100|org.icpc.tools.presentation.contest.internal.tile.TileListScoreboar...
Setting presentation org.icpc.tools.presentation.contest.internal.tile.TileRankScoreboardPresentation to 1 clients
Setting property: presentation=1100|org.icpc.tools.presentation.contest.internal.tile.TileRankScoreboardPresentation
b833456f > {"type":"properties","props":{"presentation":"1100|org.icpc.tools.presentation.contest.internal.tile.TileRankScoreboar...
Setting presentation org.icpc.tools.presentation.contest.internal.tile.TileScoreboardPresentation to 1 clients
Setting property: presentation=1100|org.icpc.tools.presentation.contest.internal.tile.TileScoreboardPresentation
b833456f > {"type":"properties","props":{"presentation":"1100|org.icpc.tools.presentation.contest.internal.tile.TileScoreboardPre...
b833456f < {"type":"info","source":"b833456f","presentation":"TileScoreboardPresentation","fps":62,"image":"/9j/4AAQSkZJRgABAgAAA...
b833456f < {"type":"info","source":"b833456f","presentation":"TileScoreboardPresentation","fps":61,"image":"/9j/4AAQSkZJRgABAgAAA...
b833456f < {"type":"info","source":"b833456f","presentation":"TileScoreboardPresentation","fps":62,"image":"/9j/4AAQSkZJRgABAgAAA...
b833456f < {"type":"info","source":"b833456f","presentation":"TileScoreboardPresentation","fps":61,"image":"/9j/4AAQSkZJRgABAgAAA...
Client disconnected: 192.168.0.3 [uid b833456f]
Client connected: 192.168.0.3 [uid b833456f]
b833456f < {"type":"info","source":"b833456f","width":1366,"height":768,"hidden":false,"display":"1w"}
b833456f < {"type":"info","source":"b833456f","client.type":"presentation","version":"2.3.491","os.name":"Windows 10","os.version...
b833456f < {"type":"info","source":"b833456f","presentation":null,"fps":0,"image":"/9j/4AAQSkZJRgABAgAAAQABAAD/2wBDAAgGBgcGBQgHBw...
b833456f - Syncing time to 1ms. Recent pings: [19ms, 1ms, 1ms]
b833456f > {"type":"time","time":1625685270133}
Setting presentation org.icpc.tools.presentation.contest.internal.chart.HistoricalComparisonChart to 1 clients
Setting property: presentation=1100|org.icpc.tools.presentation.contest.internal.chart.HistoricalComparisonChart
b833456f > {"type":"properties","props":{"presentation":"1100|org.icpc.tools.presentation.contest.internal.chart.HistoricalCompar...
b833456f < {"type":"info","source":"b833456f","presentation":null,"fps":0,"image":"/9j/4AAQSkZJRgABAgAAAQABAAD/2wBDAAgGBgcGBQgHBw...
Setting presentation org.icpc.tools.presentation.contest.internal.chart.JudgeQueueDepthChart to 1 clients
Setting property: presentation=1100|org.icpc.tools.presentation.contest.internal.chart.JudgeQueueDepthChart
b833456f > {"type":"properties","props":{"presentation":"1100|org.icpc.tools.presentation.contest.internal.chart.JudgeQueueDepthC...
b833456f < {"type":"info","source":"b833456f","presentation":"JudgeQueueDepthChart","fps":39,"image":"/9j/4AAQSkZJRgABAgAAAQABAAD...
Setting presentation org.icpc.tools.presentation.contest.internal.chart.LanguageSummaryChart to 1 clients
Setting property: presentation=1100|org.icpc.tools.presentation.contest.internal.chart.LanguageSummaryChart
b833456f > {"type":"properties","props":{"presentation":"1100|org.icpc.tools.presentation.contest.internal.chart.LanguageSummaryC...
Setting presentation org.icpc.tools.presentation.contest.internal.chart.ProblemComparisonChart to 1 clients
Setting property: presentation=1100|org.icpc.tools.presentation.contest.internal.chart.ProblemComparisonChart
b833456f > {"type":"properties","props":{"presentation":"1100|org.icpc.tools.presentation.contest.internal.chart.ProblemCompariso...
b833456f < {"type":"info","source":"b833456f","presentation":"ProblemComparisonChart","fps":62,"image":"/9j/4AAQSkZJRgABAgAAAQABA...
Setting presentation org.icpc.tools.presentation.contest.internal.chart.ProblemDetailChart to 1 clients
Setting property: presentation=1100|org.icpc.tools.presentation.contest.internal.chart.ProblemDetailChart
b833456f > {"type":"properties","props":{"presentation":"1100|org.icpc.tools.presentation.contest.internal.chart.ProblemDetailCha...
Setting presentation org.icpc.tools.presentation.contest.internal.chart.ProblemSummaryChart to 1 clients
Setting property: presentation=1100|org.icpc.tools.presentation.contest.internal.chart.ProblemSummaryChart
b833456f > {"type":"properties","props":{"presentation":"1100|org.icpc.tools.presentation.contest.internal.chart.ProblemSummaryCh...
Setting presentation org.icpc.tools.presentation.contest.internal.chart.ScoreboardChart to 1 clients
Setting property: presentation=1100|org.icpc.tools.presentation.contest.internal.chart.ScoreboardChart
b833456f > {"type":"properties","props":{"presentation":"1100|org.icpc.tools.presentation.contest.internal.chart.ScoreboardChart"...
b833456f < {"type":"info","source":"b833456f","presentation":"ScoreboardChart","fps":62,"image":"/9j/4AAQSkZJRgABAgAAAQABAAD/2wBD...
Setting presentation org.icpc.tools.presentation.contest.internal.tile.TileScoreboardPresentation to 1 clients
Setting property: presentation=1100|org.icpc.tools.presentation.contest.internal.tile.TileScoreboardPresentation
b833456f > {"type":"properties","props":{"presentation":"1100|org.icpc.tools.presentation.contest.internal.tile.TileScoreboardPre...
Setting presentation org.icpc.tools.presentation.contest.internal.tile.TileRankScoreboardPresentation to 1 clients
Setting property: presentation=1100|org.icpc.tools.presentation.contest.internal.tile.TileRankScoreboardPresentation
b833456f > {"type":"properties","props":{"presentation":"1100|org.icpc.tools.presentation.contest.internal.tile.TileRankScoreboar...
b833456f < {"type":"info","source":"b833456f","presentation":"TileRankScoreboardPresentation","fps":62,"image":"/9j/4AAQSkZJRgABA...
Setting presentation org.icpc.tools.presentation.contest.internal.tile.TileListScoreboardPresentation to 1 clients
Setting property: presentation=1100|org.icpc.tools.presentation.contest.internal.tile.TileListScoreboardPresentation
b833456f > {"type":"properties","props":{"presentation":"1100|org.icpc.tools.presentation.contest.internal.tile.TileListScoreboar...
Setting presentation org.icpc.tools.presentation.contest.internal.tile.TilePictureScoreboardPresentation to 1 clients
Setting property: presentation=1100|org.icpc.tools.presentation.contest.internal.tile.TilePictureScoreboardPresentation
b833456f > {"type":"properties","props":{"presentation":"1100|org.icpc.tools.presentation.contest.internal.tile.TilePictureScoreb...
Setting presentation org.icpc.tools.presentation.contest.internal.presentations.test.TestSyncPresentation to 1 clients
Setting property: presentation=1100|org.icpc.tools.presentation.contest.internal.presentations.test.TestSyncPresentation
b833456f > {"type":"properties","props":{"presentation":"1100|org.icpc.tools.presentation.contest.internal.presentations.test.Tes...
b833456f < {"type":"info","source":"b833456f","presentation":"TestSyncPresentation","fps":61,"image":"/9j/4AAQSkZJRgABAgAAAQABAAD...
Setting presentation org.icpc.tools.presentation.contest.internal.scoreboard.FirstSolutionPresentation to 1 clients
Setting property: presentation=1100|org.icpc.tools.presentation.contest.internal.scoreboard.FirstSolutionPresentation
b833456f > {"type":"properties","props":{"presentation":"1100|org.icpc.tools.presentation.contest.internal.scoreboard.FirstSoluti...
Setting presentation org.icpc.tools.presentation.contest.internal.scoreboard.FirstToSolvePresentation to 1 clients
Setting property: presentation=1100|org.icpc.tools.presentation.contest.internal.scoreboard.FirstToSolvePresentation
b833456f > {"type":"properties","props":{"presentation":"1100|org.icpc.tools.presentation.contest.internal.scoreboard.FirstToSolv...
b833456f < {"type":"info","source":"b833456f","presentation":"FirstToSolvePresentation","fps":62,"image":"/9j/4AAQSkZJRgABAgAAAQA...
Setting presentation org.icpc.tools.presentation.contest.internal.scoreboard.JudgePresentation to 1 clients
Setting property: presentation=1100|org.icpc.tools.presentation.contest.internal.scoreboard.JudgePresentation
b833456f > {"type":"properties","props":{"presentation":"1100|org.icpc.tools.presentation.contest.internal.scoreboard.JudgePresen...
Setting presentation org.icpc.tools.presentation.contest.internal.scoreboard.ScoreboardPresentation to 1 clients
Setting property: presentation=1100|org.icpc.tools.presentation.contest.internal.scoreboard.ScoreboardPresentation
b833456f > {"type":"properties","props":{"presentation":"1100|org.icpc.tools.presentation.contest.internal.scoreboard.ScoreboardP...
Setting presentation org.icpc.tools.presentation.contest.internal.presentations.TeamJudgePresentation to 1 clients
Setting property: presentation=1100|org.icpc.tools.presentation.contest.internal.presentations.TeamJudgePresentation
b833456f > {"type":"properties","props":{"presentation":"1100|org.icpc.tools.presentation.contest.internal.presentations.TeamJudg...
b833456f < {"type":"info","source":"b833456f","presentation":"TeamJudgePresentation","fps":62,"image":"/9j/4AAQSkZJRgABAgAAAQABAA...
Setting presentation org.icpc.tools.presentation.contest.internal.scoreboard.TimelinePresentation to 1 clients
Setting property: presentation=1100|org.icpc.tools.presentation.contest.internal.scoreboard.TimelinePresentation
b833456f > {"type":"properties","props":{"presentation":"1100|org.icpc.tools.presentation.contest.internal.scoreboard.TimelinePre...
Setting presentation org.icpc.tools.presentation.contest.internal.presentations.TeamDisplayPresentation to 1 clients
Setting property: presentation=1100|org.icpc.tools.presentation.contest.internal.presentations.TeamDisplayPresentation
b833456f > {"type":"properties","props":{"presentation":"1100|org.icpc.tools.presentation.contest.internal.presentations.TeamDisp...
b833456f < {"type":"info","source":"b833456f","presentation":"TeamDisplayPresentation","fps":20,"image":"/9j/4AAQSkZJRgABAgAAAQAB...
Setting presentation org.icpc.tools.presentation.contest.internal.presentations.StaticLogoPresentation to 1 clients
Setting property: presentation=1100|org.icpc.tools.presentation.contest.internal.presentations.StaticLogoPresentation
b833456f > {"type":"properties","props":{"presentation":"1100|org.icpc.tools.presentation.contest.internal.presentations.StaticLo...
b833456f < {"type":"info","source":"b833456f","presentation":"StaticLogoPresentation","fps":4,"image":"/9j/4AAQSkZJRgABAgAAAQABAA...
b833456f < {"type":"info","source":"b833456f","presentation":"StaticLogoPresentation","fps":4,"image":"/9j/4AAQSkZJRgABAgAAAQABAA...
b833456f < {"type":"info","source":"b833456f","presentation":"StaticLogoPresentation","fps":4,"image":"/9j/4AAQSkZJRgABAgAAAQABAA...
b833456f < {"type":"info","source":"b833456f","presentation":"StaticLogoPresentation","fps":4,"image":"/9j/4AAQSkZJRgABAgAAAQABAA...
b833456f < {"type":"info","source":"b833456f","presentation":"StaticLogoPresentation","fps":4,"image":"/9j/4AAQSkZJRgABAgAAAQABAA...
b833456f < {"type":"info","source":"b833456f","presentation":"StaticLogoPresentation","fps":4,"image":"/9j/4AAQSkZJRgABAgAAAQABAA...
b833456f < {"type":"info","source":"b833456f","presentation":"StaticLogoPresentation","fps":4,"image":"/9j/4AAQSkZJRgABAgAAAQABAA...
Client disconnected: 192.168.0.3 [uid b833456f]
[ERROR   ] CWWKO0801E: No se ha podido inicializar la conexión SSL. Se ha denegado el acceso no autorizado o los valores de seguridad han caducado. La excepción es javax.net.ssl.SSLHandshakeException: Received fatal alert: certificate_unknown
	at java.base/sun.security.ssl.Alert.createSSLException(Alert.java:131)
	at java.base/sun.security.ssl.Alert.createSSLException(Alert.java:117)
	at java.base/sun.security.ssl.TransportContext.fatal(TransportContext.java:307)
	at java.base/sun.security.ssl.Alert$AlertConsumer.consume(Alert.java:285)
	at java.base/sun.security.ssl.TransportContext.dispatch(TransportContext.java:180)
	at java.base/sun.security.ssl.SSLTransport.decode(SSLTransport.java:164)
	at java.base/sun.security.ssl.SSLEngineImpl.decode(SSLEngineImpl.java:681)
	at java.base/sun.security.ssl.SSLEngineImpl.readRecord(SSLEngineImpl.java:636)
	at java.base/sun.security.ssl.SSLEngineImpl.unwrap(SSLEngineImpl.java:454)
	at java.base/sun.security.ssl.SSLEngineImpl.unwrap(SSLEngineImpl.java:433)
	at java.base/javax.net.ssl.SSLEngine.unwrap(SSLEngine.java:634)
	at com.ibm.ws.channel.ssl.internal.SSLUtils.handleHandshake(SSLUtils.java:904)
	at [internal classes]
.
[ERROR   ] CWWKO0801E: No se ha podido inicializar la conexión SSL. Se ha denegado el acceso no autorizado o los valores de seguridad han caducado. La excepción es javax.net.ssl.SSLHandshakeException: Received fatal alert: certificate_unknown
	at java.base/sun.security.ssl.Alert.createSSLException(Alert.java:131)
	at java.base/sun.security.ssl.Alert.createSSLException(Alert.java:117)
	at java.base/sun.security.ssl.TransportContext.fatal(TransportContext.java:307)
	at java.base/sun.security.ssl.Alert$AlertConsumer.consume(Alert.java:285)
	at java.base/sun.security.ssl.TransportContext.dispatch(TransportContext.java:180)
	at java.base/sun.security.ssl.SSLTransport.decode(SSLTransport.java:164)
	at java.base/sun.security.ssl.SSLEngineImpl.decode(SSLEngineImpl.java:681)
	at java.base/sun.security.ssl.SSLEngineImpl.readRecord(SSLEngineImpl.java:636)
	at java.base/sun.security.ssl.SSLEngineImpl.unwrap(SSLEngineImpl.java:454)
	at java.base/sun.security.ssl.SSLEngineImpl.unwrap(SSLEngineImpl.java:433)
	at java.base/javax.net.ssl.SSLEngine.unwrap(SSLEngine.java:634)
	at com.ibm.ws.channel.ssl.internal.SSLUtils.handleHandshake(SSLUtils.java:904)
	at [internal classes]
.
Client connected: 192.168.0.3 [uid b833456f]
b833456f < {"type":"info","source":"b833456f","client.type":"presentation","version":"2.3.491","os.name":"Windows 10","os.version...
b833456f < {"type":"info","source":"b833456f","width":1366,"height":768,"hidden":false,"display":"1w"}
b833456f < {"type":"info","source":"b833456f","presentation":null,"fps":0,"image":"/9j/4AAQSkZJRgABAgAAAQABAAD/2wBDAAgGBgcGBQgHBw...
b833456f - Syncing time to 2ms. Recent pings: [30ms, 2ms, 2ms]
b833456f > {"type":"time","time":1625685791120}
Setting presentation org.icpc.tools.presentation.contest.internal.scoreboard.JudgePresentation to 1 clients
Setting property: presentation=1100|org.icpc.tools.presentation.contest.internal.scoreboard.JudgePresentation
b833456f > {"type":"properties","props":{"presentation":"1100|org.icpc.tools.presentation.contest.internal.scoreboard.JudgePresen...
b833456f < {"type":"info","source":"b833456f","presentation":"JudgePresentation","fps":2,"image":"/9j/4AAQSkZJRgABAgAAAQABAAD/2wB...
b833456f < {"type":"info","source":"b833456f","presentation":"JudgePresentation","fps":62,"image":"/9j/4AAQSkZJRgABAgAAAQABAAD/2w...
b833456f < {"type":"info","source":"b833456f","presentation":"JudgePresentation","fps":63,"image":"/9j/4AAQSkZJRgABAgAAAQABAAD/2w...
b833456f < {"type":"info","source":"b833456f","presentation":"JudgePresentation","fps":63,"image":"/9j/4AAQSkZJRgABAgAAAQABAAD/2w...
b833456f < {"type":"info","source":"b833456f","presentation":"JudgePresentation","fps":62,"image":"/9j/4AAQSkZJRgABAgAAAQABAAD/2w...
b833456f < {"type":"info","source":"b833456f","presentation":"JudgePresentation","fps":61,"image":"/9j/4AAQSkZJRgABAgAAAQABAAD/2w...
b833456f < {"type":"info","source":"b833456f","presentation":"JudgePresentation","fps":61,"image":"/9j/4AAQSkZJRgABAgAAAQABAAD/2w...
b833456f < {"type":"info","source":"b833456f","presentation":"JudgePresentation","fps":61,"image":"/9j/4AAQSkZJRgABAgAAAQABAAD/2w...
Download http://192.168.0.4/domjudge/api/contests/5/submissions/8/files to \home\myuser\contests\test\submissions\8\files.zip (200) (0.1kb in 169ms)
b833456f < {"type":"info","source":"b833456f","presentation":"JudgePresentation","fps":61,"image":"/9j/4AAQSkZJRgABAgAAAQABAAD/2w...
b833456f < {"type":"info","source":"b833456f","presentation":"JudgePresentation","fps":61,"image":"/9j/4AAQSkZJRgABAgAAAQABAAD/2w...
b833456f < {"type":"info","source":"b833456f","presentation":"JudgePresentation","fps":61,"image":"/9j/4AAQSkZJRgABAgAAAQABAAD/2w...
b833456f < {"type":"info","source":"b833456f","presentation":"JudgePresentation","fps":61,"image":"/9j/4AAQSkZJRgABAgAAAQABAAD/2w...
b833456f < {"type":"info","source":"b833456f","presentation":"JudgePresentation","fps":61,"image":"/9j/4AAQSkZJRgABAgAAAQABAAD/2w...
Download http://192.168.0.4/domjudge/api/contests/5/submissions/9/files to \home\myuser\contests\test\submissions\9\files.zip (200) (0.1kb in 146ms)
b833456f < {"type":"info","source":"b833456f","presentation":"JudgePresentation","fps":61,"image":"/9j/4AAQSkZJRgABAgAAAQABAAD/2w...
b833456f < {"type":"info","source":"b833456f","presentation":"JudgePresentation","fps":61,"image":"/9j/4AAQSkZJRgABAgAAAQABAAD/2w...
b833456f < {"type":"info","source":"b833456f","presentation":"JudgePresentation","fps":61,"image":"/9j/4AAQSkZJRgABAgAAAQABAAD/2w...
b833456f < {"type":"info","source":"b833456f","presentation":"JudgePresentation","fps":61,"image":"/9j/4AAQSkZJRgABAgAAAQABAAD/2w...
b833456f < {"type":"info","source":"b833456f","presentation":"JudgePresentation","fps":62,"image":"/9j/4AAQSkZJRgABAgAAAQABAAD/2w...
b833456f < {"type":"info","source":"b833456f","presentation":"JudgePresentation","fps":61,"image":"/9j/4AAQSkZJRgABAgAAAQABAAD/2w...
b833456f < {"type":"info","source":"b833456f","presentation":"JudgePresentation","fps":61,"image":"/9j/4AAQSkZJRgABAgAAAQABAAD/2w...
Download http://192.168.0.4/domjudge/api/contests/5/submissions/10/files to \home\myuser\contests\test\submissions\10\files.zip (200) (0.1kb in 219ms)
b833456f < {"type":"info","source":"b833456f","presentation":"JudgePresentation","fps":61,"image":"/9j/4AAQSkZJRgABAgAAAQABAAD/2w...
b833456f < {"type":"info","source":"b833456f","presentation":"JudgePresentation","fps":62,"image":"/9j/4AAQSkZJRgABAgAAAQABAAD/2w...
b833456f < {"type":"info","source":"b833456f","presentation":"JudgePresentation","fps":61,"image":"/9j/4AAQSkZJRgABAgAAAQABAAD/2w...
Setting presentation org.icpc.tools.presentation.contest.internal.scoreboard.AllGroupsLeaderboardPresentation to 1 clients
Setting property: presentation=1100|org.icpc.tools.presentation.contest.internal.scoreboard.AllGroupsLeaderboardPresentation
b833456f > {"type":"properties","props":{"presentation":"1100|org.icpc.tools.presentation.contest.internal.scoreboard.AllGroupsLe...
b833456f < {"type":"info","source":"b833456f","presentation":"AllGroupsLeaderboardPresentation","fps":61,"image":"/9j/4AAQSkZJRgA...
Setting presentation org.icpc.tools.presentation.contest.internal.scoreboard.JudgePresentation to 1 clients
Setting property: presentation=1100|org.icpc.tools.presentation.contest.internal.scoreboard.JudgePresentation
b833456f > {"type":"properties","props":{"presentation":"1100|org.icpc.tools.presentation.contest.internal.scoreboard.JudgePresen...
Setting presentation org.icpc.tools.presentation.contest.internal.scoreboard.LeaderboardPresentation to 1 clients
Setting property: presentation=1100|org.icpc.tools.presentation.contest.internal.scoreboard.LeaderboardPresentation
b833456f > {"type":"properties","props":{"presentation":"1100|org.icpc.tools.presentation.contest.internal.scoreboard.Leaderboard...
Setting presentation org.icpc.tools.presentation.contest.internal.scoreboard.ScoreboardPresentation to 1 clients
Setting property: presentation=1100|org.icpc.tools.presentation.contest.internal.scoreboard.ScoreboardPresentation
b833456f > {"type":"properties","props":{"presentation":"1100|org.icpc.tools.presentation.contest.internal.scoreboard.ScoreboardP...
b833456f < {"type":"info","source":"b833456f","presentation":"ScoreboardPresentation","fps":61,"image":"/9j/4AAQSkZJRgABAgAAAQABA...
b833456f < {"type":"info","source":"b833456f","presentation":"ScoreboardPresentation","fps":61,"image":"/9j/4AAQSkZJRgABAgAAAQABA...
b833456f < {"type":"info","source":"b833456f","presentation":"ScoreboardPresentation","fps":61,"image":"/9j/4AAQSkZJRgABAgAAAQABA...
Setting presentation org.icpc.tools.presentation.contest.internal.presentations.TeamJudgePresentation to 1 clients
Setting property: presentation=1100|org.icpc.tools.presentation.contest.internal.presentations.TeamJudgePresentation
b833456f > {"type":"properties","props":{"presentation":"1100|org.icpc.tools.presentation.contest.internal.presentations.TeamJudg...
b833456f < {"type":"info","source":"b833456f","presentation":"TeamJudgePresentation","fps":61,"image":"/9j/4AAQSkZJRgABAgAAAQABAA...
Setting presentation org.icpc.tools.presentation.contest.internal.scoreboard.TimelinePresentation to 1 clients
Setting property: presentation=1100|org.icpc.tools.presentation.contest.internal.scoreboard.TimelinePresentation
b833456f > {"type":"properties","props":{"presentation":"1100|org.icpc.tools.presentation.contest.internal.scoreboard.TimelinePre...
b833456f < {"type":"info","source":"b833456f","presentation":"TimelinePresentation","fps":61,"image":"/9j/4AAQSkZJRgABAgAAAQABAAD...
Setting presentation org.icpc.tools.presentation.contest.internal.scoreboard.TimelinePresentation to 1 clients
Setting property: presentation=1100|org.icpc.tools.presentation.contest.internal.scoreboard.TimelinePresentation
b833456f > {"type":"properties","props":{"presentation":"1100|org.icpc.tools.presentation.contest.internal.scoreboard.TimelinePre...
Setting presentation org.icpc.tools.presentation.contest.internal.presentations.TeamJudgePresentation to 1 clients
Setting property: presentation=1100|org.icpc.tools.presentation.contest.internal.presentations.TeamJudgePresentation
b833456f > {"type":"properties","props":{"presentation":"1100|org.icpc.tools.presentation.contest.internal.presentations.TeamJudg...
b833456f < {"type":"info","source":"b833456f","presentation":"TeamJudgePresentation","fps":61,"image":"/9j/4AAQSkZJRgABAgAAAQABAA...
Setting presentation org.icpc.tools.presentation.contest.internal.scoreboard.ScoreboardPresentation to 1 clients
Setting property: presentation=1100|org.icpc.tools.presentation.contest.internal.scoreboard.ScoreboardPresentation
b833456f > {"type":"properties","props":{"presentation":"1100|org.icpc.tools.presentation.contest.internal.scoreboard.ScoreboardP...
b833456f < {"type":"info","source":"b833456f","presentation":"ScoreboardPresentation","fps":62,"image":"/9j/4AAQSkZJRgABAgAAAQABA...
b833456f < {"type":"info","source":"b833456f","presentation":"ScoreboardPresentation","fps":61,"image":"/9j/4AAQSkZJRgABAgAAAQABA...
b833456f < {"type":"info","source":"b833456f","presentation":"ScoreboardPresentation","fps":62,"image":"/9j/4AAQSkZJRgABAgAAAQABA...
b833456f < {"type":"info","source":"b833456f","presentation":"ScoreboardPresentation","fps":62,"image":"/9j/4AAQSkZJRgABAgAAAQABA...
b833456f < {"type":"info","source":"b833456f","presentation":"ScoreboardPresentation","fps":62,"image":"/9j/4AAQSkZJRgABAgAAAQABA...
b833456f < {"type":"info","source":"b833456f","presentation":"ScoreboardPresentation","fps":61,"image":"/9j/4AAQSkZJRgABAgAAAQABA...
b833456f < {"type":"info","source":"b833456f","presentation":"ScoreboardPresentation","fps":62,"image":"/9j/4AAQSkZJRgABAgAAAQABA...
b833456f < {"type":"info","source":"b833456f","presentation":"ScoreboardPresentation","fps":61,"image":"/9j/4AAQSkZJRgABAgAAAQABA...
b833456f < {"type":"info","source":"b833456f","presentation":"ScoreboardPresentation","fps":62,"image":"/9j/4AAQSkZJRgABAgAAAQABA...
b833456f < {"type":"info","source":"b833456f","presentation":"ScoreboardPresentation","fps":61,"image":"/9j/4AAQSkZJRgABAgAAAQABA...
b833456f < {"type":"info","source":"b833456f","presentation":"ScoreboardPresentation","fps":62,"image":"/9j/4AAQSkZJRgABAgAAAQABA...
Client disconnected: 192.168.0.3 [uid b833456f]
[AUDITAR ] CWWKE0055I: Conclusión del servidor solicitada el miércoles, 7 de julio de 2021 a las 2:26 p. m.. El servidor cds se está cerrando.
[AUDITAR ] CWWKE1100I: Esperando hasta 30 segundos para que el servidor se desactive temporalmente.
[AUDITAR ] CWWKT0017I: Aplicación web eliminada (default_host): https://roca12ultra:8443/
Shutting down
Metrics for contest 5 [REST:15,Feed:4,WS:0,Web:1,Dwnld:0,Scr:1,XML:0,Desktop:0,Webcam:0,Audio:0,Total:21]
[AUDITAR ] CWWKZ0009I: La aplicación CDS se ha detenido correctamente.
[AUDITAR ] CWWKE0036I: El servidor cds se ha detenido después de 25 minutos, 43,269 segundos.
