********************************************************************************
product = Open Liberty 21.0.0.1 (wlp-1.0.48.cl210120210113-1459)
wlp.install.dir = C:/Users/diego/Documents/DomJudge/wlp/
java.home = C:\Program Files\Java\jdk-12.0.2
java.version = 12.0.2
java.runtime = Java(TM) SE Runtime Environment (12.0.2+10)
os = Windows 10 (10.0; amd64) (es_CO)
process = 7636@ROCA12ULTRA
********************************************************************************
[7/07/21, 11:50:50:974 COT] 00000001 com.ibm.ws.kernel.launch.internal.FrameworkManager           A CWWKE0001I: El servidor cds se ha lanzado.
[7/07/21, 11:50:51:865 COT] 00000017 com.ibm.ws.config.xml.internal.XMLConfigParser               A CWWKG0028A: El proceso ha incluido el recurso de configuración: C:\Users\diego\Documents\DomJudge\wlp\usr\servers\cds\users.xml
[7/07/21, 11:50:52:094 COT] 00000001 com.ibm.ws.kernel.launch.internal.FrameworkManager           I CWWKE0002I: El kernel se ha iniciado después de 5,9 segundos
[7/07/21, 11:50:52:125 COT] 00000022 com.ibm.ws.kernel.feature.internal.FeatureManager            I CWWKF0007I: La actualización de características se ha iniciado.
[7/07/21, 11:50:52:408 COT] 00000015 com.ibm.ws.security.ready.internal.SecurityReadyServiceImpl  I CWWKS0007I: El servicio de seguridad se está iniciando...
[7/07/21, 11:50:52:780 COT] 00000019 com.ibm.ws.app.manager.internal.monitor.DropinMonitor        A CWWKZ0058I: Supervisando aplicaciones de dropins.
[7/07/21, 11:50:53:256 COT] 00000016 com.ibm.ws.cache.ServerCache                                 I DYNA1001I: La instancia de memoria caché dinámica de WebSphere con nombre baseCache se ha inicializado correctamente.
[7/07/21, 11:50:53:260 COT] 00000016 com.ibm.ws.cache.ServerCache                                 I DYNA1071I: Se está utilizando el proveedor de memoria caché default.
[7/07/21, 11:50:53:262 COT] 00000016 com.ibm.ws.cache.CacheServiceImpl                            I DYNA1056I: La memoria caché dinámica (memoria caché de objeto) se ha inicializado correctamente.
[7/07/21, 11:50:58:132 COT] 00000015 ibm.ws.security.authentication.internal.jaas.JAASServiceImpl I CWWKS1123I: Se ha activado el plugin de autenticación colectivo con el nombre de clase NullCollectiveAuthenticationPlugin. 
[7/07/21, 11:50:58:182 COT] 00000027 com.ibm.ws.security.ready.internal.SecurityReadyServiceImpl  I CWWKS0008I: El servicio de seguridad está listo.
[7/07/21, 11:50:58:184 COT] 00000027 com.ibm.ws.security.token.ltpa.internal.LTPAKeyCreateTask    I CWWKS4105I: La configuración de LTPA estará lista después de 0,077 segundos.
[7/07/21, 11:50:58:585 COT] 0000001e com.ibm.ws.ssl.config.WSKeyStore                             I Successfully loaded default keystore: C:/Users/diego/Documents/DomJudge/wlp/usr/servers/cds/resources/security/key.jks of type: JKS
[7/07/21, 11:50:58:668 COT] 00000015 com.ibm.ws.security.jaspi.AuthConfigFactoryWrapper           I CWWKS1655I: Se está utilizando la clase AuthConfigFactory com.ibm.ws.security.jaspi.ProviderRegistry de JASPIC (Java Authentication SPI for Containers) predeterminada porque la propiedad de seguridad Java authconfigprovider.factory no está establecida. 
[7/07/21, 11:51:03:457 COT] 00000029 com.ibm.ws.app.manager.AppMessageHelper                      I CWWKZ0018I: Iniciando la aplicación CDS.
[7/07/21, 11:51:03:458 COT] 00000029 bm.ws.app.manager.war.internal.WARDeployedAppInfoFactoryImpl I CWWKZ0136I: La aplicación CDS está utilizando el archivo de archivado en la ubicación C:\Users\diego\Documents\DomJudge\wlp\usr\servers\cds\apps\CDS.war.
[7/07/21, 11:51:04:042 COT] 00000029 com.ibm.ws.session.WASSessionCore                            I SESN8501I: El gestor de sesiones no ha encontrado una ubicación de almacenamiento persistente; los objetos HttpSession se almacenarán en la memoria del servidor de aplicaciones local.
[7/07/21, 11:51:04:104 COT] 00000029 org.jboss.weld.Version                                       I WELD-000900: 3.1.4 (Final)
[7/07/21, 11:51:04:519 COT] 00000029 com.ibm.ws.webcontainer.osgi.webapp.WebGroup                 I SRVE0169I: Cargando módulo web: CDS.
[7/07/21, 11:51:04:525 COT] 00000029 com.ibm.ws.webcontainer                                      I SRVE0250I: El módulo web CDS se ha enlazado con default_host.
[7/07/21, 11:51:04:527 COT] 00000029 com.ibm.ws.http.internal.VirtualHostImpl                     A CWWKT0016I: Aplicación web disponible (default_host): http://roca12ultra:8080/
[7/07/21, 11:51:04:663 COT] 00000024 com.ibm.ws.session.WASSessionCore                            I SESN0176I: Se creará un nuevo contexto de sesión para la clave de aplicación default_host/
[7/07/21, 11:51:04:675 COT] 00000024 com.ibm.ws.util                                              I SESN0172I: El gestor de sesiones está utilizando la implementación de SecureRandom Java por omisión para la generación del ID de sesión.
[7/07/21, 11:51:04:763 COT] 00000024 com.ibm.ws.cache.CacheServiceImpl                            I DYNA1056I: La memoria caché dinámica (memoria caché de objeto) se ha inicializado correctamente.
[7/07/21, 11:51:04:790 COT] 00000024 com.ibm.ws.wsoc.EndpointManager                              I CWWKH0046I: Añadiendo un ServerEndpoint de WebSocket con el siguiente URI: /contests/{id}/startstatus
[7/07/21, 11:51:04:794 COT] 00000024 com.ibm.ws.wsoc.EndpointManager                              I CWWKH0046I: Añadiendo un ServerEndpoint de WebSocket con el siguiente URI: /presentation/ws
[7/07/21, 11:51:04:834 COT] 00000024 SystemOut                                                    O --- CDS (2.3.491) ---
[7/07/21, 11:51:04:937 COT] 00000024 SystemOut                                                    O Loading CDS configuration from: C:\Users\diego\Documents\DomJudge\wlp\usr\servers\cds\config\cdsConfig.xml
[7/07/21, 11:51:04:975 COT] 00000024 SystemOut                                                    O Configured contests:
[7/07/21, 11:51:04:975 COT] 00000024 SystemOut                                                    O    test on disk at /home/myuser/contests/test - No CCS configured. Not recording reactions
[7/07/21, 11:51:04:977 COT] 00000024 SystemErr                                                    R Could not read from CDS config! No contests loaded
[7/07/21, 11:51:04:981 COT] 00000024 com.ibm.ws.app.manager.AppMessageHelper                      A CWWKZ0001I: La aplicación CDS se ha iniciado en 1,523 segundos.
[7/07/21, 11:51:05:021 COT] 00000022 com.ibm.ws.tcpchannel.internal.TCPPort                       I CWWKO0219I: El canal TCP defaultHttpEndpoint se ha iniciado y ahora está a la escucha de solicitudes en el host *  (IPv6) puerto 8080.
[7/07/21, 11:51:05:023 COT] 00000022 com.ibm.ws.tcpchannel.internal.TCPPort                       I CWWKO0219I: El canal TCP defaultHttpEndpoint-ssl se ha iniciado y ahora está a la escucha de solicitudes en el host *  (IPv6) puerto 8443.
[7/07/21, 11:51:05:030 COT] 00000022 com.ibm.ws.kernel.feature.internal.FeatureManager            A CWWKF0012I: El servidor ha instalado las características siguientes: [appSecurity-3.0, cdi-2.0, distributedMap-1.0, el-3.0, jndi-1.0, jsp-2.3, servlet-4.0, ssl-1.0, websocket-1.1].
[7/07/21, 11:51:05:031 COT] 00000022 com.ibm.ws.kernel.feature.internal.FeatureManager            I CWWKF0008I: La actualización de características se ha completado en 12,938 segundos.
[7/07/21, 11:51:05:031 COT] 00000022 com.ibm.ws.kernel.feature.internal.FeatureManager            A CWWKF0011I: El servidor cds está preparado para ejecutar un planeta más inteligente. El servidor cds se ha iniciado en 18,840 segundos.
[7/07/21, 11:51:12:725 COT] 00000022 com.ibm.ws.webcontainer.servlet                              I SRVE0242I: [CDS] [/] [org.icpc.tools.cds.web.WelcomeServlet]: Inicialización satisfactoria.
[7/07/21, 11:51:12:903 COT] 00000022 com.ibm.ws.webcontainer.servlet                              I SRVE0242I: [CDS] [/] [/WEB-INF/jsps/welcome.jsp]: Inicialización satisfactoria.
[7/07/21, 11:51:12:977 COT] 00000028 com.ibm.ws.webcontainer.osgi.mbeans.PluginGenerator          I SRVE9103I: Se ha generado automáticamente un archivo de configuración para un plug-in de servidor web para este servidor en C:\Users\diego\Documents\DomJudge\wlp\usr\servers\cds\logs\state\plugin-cfg.xml.
[7/07/21, 11:51:13:129 COT] 00000040 SystemOut                                                    O Loading contest from DiskContestSource[\home\myuser\contests\test]
[7/07/21, 11:51:13:132 COT] 00000040 SystemOut                                                    O Importing contest info
[7/07/21, 11:51:13:150 COT] 00000040 SystemOut                                                    O Contest config file (contest.yaml) not found
[7/07/21, 11:51:13:150 COT] 00000040 SystemOut                                                    O Importing problem set
[7/07/21, 11:51:13:151 COT] 00000040 SystemOut                                                    O Problem config file (problemset.yaml) not found
[7/07/21, 11:51:13:151 COT] 00000040 SystemOut                                                    O Importing groups
[7/07/21, 11:51:13:152 COT] 00000040 SystemOut                                                    O Group config file (groups.json/groups.tsv) not found
[7/07/21, 11:51:13:152 COT] 00000040 SystemOut                                                    O Importing organizations
[7/07/21, 11:51:13:152 COT] 00000040 SystemOut                                                    O Institutions config file (institutions.json/institutions2.tsv/institutions.tsv) not found
[7/07/21, 11:51:13:153 COT] 00000040 SystemOut                                                    O Importing teams
[7/07/21, 11:51:13:153 COT] 00000040 SystemOut                                                    O Team config file (teams.json/teams2.tsv/teams.tsv) not found
[7/07/21, 11:51:13:153 COT] 00000040 SystemOut                                                    O Importing team-members
[7/07/21, 11:51:13:154 COT] 00000040 SystemOut                                                    O Team member config file (members.json/members.tsv) not found
[7/07/21, 11:51:13:155 COT] 00000040 SystemOut                                                    O Importing contest floor map
[7/07/21, 11:51:13:156 COT] 00000040 SystemOut                                                    O No local event feed found
[7/07/21, 11:51:13:158 COT] 00000040 SystemOut                                                    O Reading contest: test
[7/07/21, 11:51:13:159 COT] 00000040 SystemOut                                                    O Contest loaded
[7/07/21, 11:51:13:159 COT] 00000040 SystemOut                                                    O Done reading contest: test
[7/07/21, 11:51:18:792 COT] 0000002a com.ibm.ws.webcontainer.servlet                              I SRVE0242I: [CDS] [/] [org.icpc.tools.cds.service.LoginServlet]: Inicialización satisfactoria.
[7/07/21, 11:51:19:353 COT] 0000002a com.ibm.ws.webcontainer.servlet                              I SRVE0242I: [CDS] [/] [/WEB-INF/jsps/login.jsp]: Inicialización satisfactoria.
[7/07/21, 11:51:37:511 COT] 00000028 y.authentication.jaas.modules.UsernameAndPasswordLoginModule A CWWKS1100A: La autenticación no se ha ejecutado correctamente para el ID de usuario admin. Se ha especificado un ID de usuario o una contraseña no válidos.
[7/07/21, 11:51:37:800 COT] 0000002a com.ibm.ws.webcontainer.servlet                              I SRVE0242I: [CDS] [/] [/WEB-INF/jsps/loginError.jsp]: Inicialización satisfactoria.
[7/07/21, 11:53:48:677 COT] 00000012 com.ibm.ws.kernel.launch.internal.ServerCommandListener      A CWWKE0055I: Conclusión del servidor solicitada el miércoles, 7 de julio de 2021 a las 11:53 a. m.. El servidor cds se está cerrando.
[7/07/21, 11:53:48:680 COT] 00000141 com.ibm.ws.runtime.update.internal.RuntimeUpdateManagerImpl  A CWWKE1100I: Esperando hasta 30 segundos para que el servidor se desactive temporalmente.
[7/07/21, 11:53:48:687 COT] 000000a8 com.ibm.ws.tcpchannel.internal.TCPChannel                    I CWWKO0220I: El canal TCP defaultHttpEndpoint-ssl ha detenido la escucha de solicitudes en el host *  (IPv6) puerto 8443.
[7/07/21, 11:53:48:689 COT] 000000a8 com.ibm.ws.tcpchannel.internal.TCPChannel                    I CWWKO0220I: El canal TCP defaultHttpEndpoint ha detenido la escucha de solicitudes en el host *  (IPv6) puerto 8080.
[7/07/21, 11:53:48:689 COT] 000000a8 com.ibm.ws.http.internal.VirtualHostImpl                     A CWWKT0017I: Aplicación web eliminada (default_host): http://roca12ultra:8080/
[7/07/21, 11:53:49:691 COT] 00000141 com.ibm.ws.runtime.update.internal.RuntimeUpdateManagerImpl  I CWWKE1101I: La desactivación temporal del servidor ha finalizado.
[7/07/21, 11:53:49:720 COT] 000000a9 com.ibm.ws.webcontainer.servlet                              I SRVE0253I: [CDS] [/] [org.icpc.tools.cds.service.LoginServlet]: Destrucción satisfactoria.
[7/07/21, 11:53:49:722 COT] 000000a9 com.ibm.ws.webcontainer.servlet                              I SRVE0253I: [CDS] [/] [/WEB-INF/jsps/loginError.jsp]: Destrucción satisfactoria.
[7/07/21, 11:53:49:722 COT] 000000a9 com.ibm.ws.webcontainer.servlet                              I SRVE0253I: [CDS] [/] [/WEB-INF/jsps/welcome.jsp]: Destrucción satisfactoria.
[7/07/21, 11:53:49:722 COT] 000000a9 com.ibm.ws.webcontainer.servlet                              I SRVE0253I: [CDS] [/] [/WEB-INF/jsps/login.jsp]: Destrucción satisfactoria.
[7/07/21, 11:53:49:722 COT] 000000a9 com.ibm.ws.webcontainer.servlet                              I SRVE0253I: [CDS] [/] [org.icpc.tools.cds.web.WelcomeServlet]: Destrucción satisfactoria.
[7/07/21, 11:53:49:726 COT] 000000a9 SystemOut                                                    O Shutting down
[7/07/21, 11:53:49:726 COT] 000000a9 SystemOut                                                    O Metrics for contest test [REST:0,Feed:0,WS:0,Web:0,Dwnld:0,Scr:0,XML:0,Desktop:0,Webcam:0,Audio:0,Total:0]
[7/07/21, 11:53:49:761 COT] 000000a9 com.ibm.ws.app.manager.AppMessageHelper                      A CWWKZ0009I: La aplicación CDS se ha detenido correctamente.
[7/07/21, 11:53:49:890 COT] 00000141 com.ibm.ws.security.ready.internal.SecurityReadyServiceImpl  I CWWKS0009I: El servicio de seguridad se ha detenido.
[7/07/21, 11:53:49:906 COT] 00000141 ibm.ws.security.authentication.internal.jaas.JAASServiceImpl I CWWKS1124I: Se ha desactivado el plugin de autenticación colectiva con el nombre de clase NullCollectiveAuthenticationPlugin. 
[7/07/21, 11:53:50:285 COT] 00000001 com.ibm.ws.kernel.launch.internal.FrameworkManager           A CWWKE0036I: El servidor cds se ha detenido después de 3 minutos, 4,094 segundos.
