127742572
306809179
175366972
811886798
547140105
65238396
803404257
43674233
165195038
824194785
637553126
556301483
276956765
381531565
33596459
490131942
573853988
733172875
217326067
108631928
576648372
653559960
702573558
887574746
280354820
551341849
471209904
35170360
134987030
298732028
341044909
624529402
834144544
50076983
526998631
690862370
134707356
349413214
945744177
813907809
376155775
138568893
891133711
859290324
783223419
247949698
156718647
831753012
332101361
570206979
809818570
472762496
240010151
240010151
832685190
733172875
954462244
721037616
7955177
491019902
736963411
403302687
946834436
191887754
407796534
189666047
690862370
853452112
399357069
7955177
788725841
332785207
532697525
77919584
974144817
330071010
227157946
662268132
390073365
598993768
831337681
826229632
74390054
974144817
73735577
884673890
311945831
54989750
336688638
625265617
39184418
303628926
186659715
741010609
465335030
247604231
146672673
999337751
175366972
269431268
887564709
708979424
866256661
929455255
967767811
226632348
499684943
928720127
143875668
246278083
410032897
757209190
789494345
708979424
190616833
278876964
912672272
773390309
41695932
570249560
131281447
205317049
942700362
585218121
53151401
868348682
968454188
864204679
15621481
768245746
826095316
803404257
39184418
775558237
35350385
936431990
973318583
592208081
25816499
490131942
892441523
762216030
739713641
901713712
583842224
794431726
63824976
87969336
84338149
269431268
2863800
559338716
213115897
789462322
35350385
831753012
429773903
704727181
414134968
570206979
108024612
185657162
197092827
742195507
483278328
128387025
26794290
120947481
906292307
269431268
584120066
484284494
173589785
864549750
556800210
831401262
728261734
297414236
213553662
349621914
817103486
709882720
972755454
93759851
41523475
191975677
35350385
313257847
191887754
420830147
140013059
971627337
696109953
813907809
872449640
223287573
56256163
2259535
249998290
273324794
644101284
349621914
631195014
585218121
762216030
739713641
261759063
190616833
720695445
697532229
896927309
642806054
999065754
287287950
458000718
257544294
335662137
114585506
401941856
229563107
372497279
409826986
585590679
16121681
443736885
47197509
100198760
490906417
522267392
678612461
285255663
537194827
475024574
165195038
349067165
89879863
238605402
497818428
623949819
326000829
429773903
160318303
386604314
276956765
421543814
138032090
69103419
522924004
59374023
173589785
108631928
624422906
70015622
726572635
460626168
909024253
439953783
227157946
39184418
144187092
394470008
662268132
24622994
713281639
482563236
765907230
397488369
189657881
172213037
733172875
809818570
231457238
682728011
710369438
704795596
736510863
465335030
282720427
307932198
455721432
223103478
852255821
446160998
86500094
576648372
867892449
518985435
537035223
422199570
790913473
967767811
102068122
975110671
199325060
613481307
420797376
246642437
120947481
483278328
254265452
303550162
569470941
775799043
365543751
953813183
349621914
973318583
395592428
517551503
88759760
574334808
213553662
550852405
626235795
100198760
961279863
101504078
187295563
775558237
862887640
228779710
331466770
859290324
749819839
7955177
246278083
916600824
552305014
536915943
637553126
437837229
790379170
578306226
834144544
784699635
458000718
556301483
914662415
708979424
407796534
925673632
550108197
653559960
985109687
214168237
95916270
931681045
163495542
69351955
531469135
307932198
879826418
728261734
335635883
412120312
392550883
933183432
69351955
18622729
831337681
475986985
468761331
30912584
567475424
93759851
340061190
228779710
777769460
447134763
637936945
110470243
409826986
626235795
249998290
347196929
667889234
100143425
349067165
311945831
475024574
517551503
731755933
307995464
29572
653987136
15428241
167116548
190854494
153577410
144187092
575434937
945744177
550108197
731313009
811972686
100198760
866256661
953813183
151368137
239711587
185657162
452365341
187295563
595526695
445122209
128387025
133078782
2863800
748247357
584026653
513759199
517829203
879826418
449260724
548566290
327471516
843375293
919526076
683560664
327471516
857812393
658058820
21621233
599417764
617392640
386604314
18622729
517868138
88642883
585218121
102969688
597154336
812848667
480509408
513759199
449260724
170435901
975110671
437837229
590702977
421815990
229563107
466345421
439953783
511221908
736326660
434363027
401941856
497818428
613669977
443597894
946834436
222886258
575542246
608577145
900350572
63824976
2863800
184468197
876164635
242595933
378625676
752595838
104734040
341044909
873422790
110079406
556800210
517868138
715191088
361416987
443597894
468637091
60484575
204822985
89879863
832685190
153577410
153577410
978522840
846645742
928786254
407343359
100198760
184290913
945744177
762187045
759789637
852255821
923383292
501828469
476230736
667889234
909274482
329641466
246278083
610197265
86500094
495997120
733817613
34965364
575542246
559338716
175735665
70
920220074
191406932
964747754
318639296
398829147
653987136
508934685
796838348
775799043
110470243
816960171
941699727
381531565
199072339
307643057
243434610
891219854
931681045
771120427
824194785
499684943
569470941
831645340
678612461
39184418
891133711
936431990
613669977
269613473
629369787
394470008
984495171
185657162
89879863
312148230
69351955
397428088
941699727
43674233
13390661
420830147
124493242
33596459
536915943
47197509
662169857
307932198
172213037
731755933
736963411
619937564
239128418
181376343
352148949
896274181
954462244
59374023
811972686
133078782
311328575
989340132
770016353
458000718
478029166
759982951
458000718
392550883
401051232
35595243
533406805
153577410
968454188
329641466
896186078
75530500
631478588
442978422
445160124
778558368
70
537194827
269640574
891219854
575448170
376155775
286240445
490131942
35170360
386604314
393968570
330071010
803404257
531469135
517551503
559323106
855412910
443736885
175735665
394576735
397488369
311945831
710369438
686636285
825302800
464841360
910309862
578306226
533406805
988095665
629369787
883376533
0
77919584
84979459
5687685
992609201
29572
789494345
789462322
742524287
765160615
771120427
732143989
735922867
128387025
134707356
32675805
530295130
420797376
914662415
249747738
280700684
126506916
713281639
250948069
759982951
596428717
127219694
224150324
999065754
936943972
105931911
298554491
733817613
606169660
277406
393968570
213365808
637936945
191887754
84354523
702573558
642806054
131280137
831753012
773390309
54989750
273324794
464130030
221582475
918249125
794384362
982596831
2863800
533406805
226632348
112465988
747491680
831337681
340061190
397428088
933183432
286328913
860043908
199072339
936126209
977263635
887574746
376105755
318639296
468761331
645586000
481187155
468978104
128387025
696109953
784975348
605597105
907633081
390073365
106300916
570426303
989041023
868906192
139961378
574334808
867489946
598993768
65238396
410134433
286328913
69363250
26775865
999065754
306529928
162573152
862887640
30985414
97712284
137973718
381531565
984495171
53151401
864549750
523087218
623249372
286328913
540297205
742195507
298732028
619126475
447661653
501828469
880406036
397488369
761580512
70
653987136
120947481
849289327
574334808
95916270
34039796
626235795
212324116
24932552
455668032
107189439
868906192
349067165
535244563
834144544
881740092
352148949
556662046
777769460
491019902
519017766
392550883
124493242
845639889
552305014
10822551
250948069
811972686
976058480
788224454
311945831
726715632
793284783
976058480
979267029
971627337
146672673
88759760
809818570
447661653
834144544
828034392
992609201
951968619
455668032
464841360
864204679
874718708
941699727
390073365
832685190
55182949
252182386
655936493
756413704
464175920
854261138
447134763
471209904
298732028
455721432
748247357
849289327
575434937
56256163
428905718
159299135
664041341
100198760
241233800
246278083
635903905
813907809
423843513
641824951
559338716
491019902
602994106
285503657
625265617
175366972
995560954
796615351
737412896
464841360
336689430
936431990
162573152
33884623
246642437
953813183
445122209
395938680
114784526
805059420
969337653
891133711
995560954
15428241
826095316
985109687
374161201
10822551
755945731
241233800
518463340
139775802
389009966
212324116
455923445
47197509
332101361
803404257
578306226
690862370
73735577
587794119
394576735
349067165
311328575
613669977
793579441
726572635
217326067
397428088
435511466
720695445
826229632
866256661
255730595
95916270
158015844
686018209
61674187
407343359
298732028
678425512
892666451
306529928
624798357
759982951
824194785
625265617
322449846
658541536
475378343
222886258
901713712
29572
759789637
455721432
218575402
476923434
704795596
349067165
214168237
914662415
624422906
447134763
447134763
755945731
857812393
137973718
522267392
983360487
845639889
864549750
2863800
765160615
887574746
618797002
39184418
707194877
855412910
33596459
683560664
776470834
213365808
133078782
880406036
131280137
402608937
648614096
447134763
428905718
298554491
300896853
443597894
452931100
909777886
556301483
538544073
602264293
303628926
854261138
32849325
941774625
936943972
948499923
497818428
247604231
126506916
362844511
791497947
247949698
352148949
736510863
285255663
742195507
842588599
916600824
929455255
2
720695445
286240445
635525652
26775865
153577410
647047173
35170360
187295563
105573450
280354820
623249372
468637091
584026653
402608937
556301483
623291586
7955177
35672991
845387670
584120066
249998290
37987974
455668032
537035223
183512557
159299135
114585506
362908497
831401262
613669977
917703369
18125686
736510863
151368137
110470243
778558368
992609201
490906417
682728011
954462244
410032897
253393837
452365341
842588599
18622729
442978422
378625676
835876667
147116842
819469693
501617732
199112066
326000829
41523475
961279863
219357613
278876964
173589785
536358444
305852509
167570563
961279863
732794786
307019180
410032897
946424064
434846822
692154973
246642437
734454128
210013728
722934929
678425512
418673949
215590841
230942524
326000829
435712688
906115672
332101361
495520555
218575402
863915489
356785008
735922867
777572888
187295563
483278328
975110671
435511466
420797376
886284085
160318303
181376343
84338149
773390309
56786081
550852405
2863800
765157636
224150324
347196929
475024574
732794786
963350393
505598124
452861919
587591221
213365808
105931911
470789385
721975605
637553126
257544294
623249372
771120427
475378343
535244563
892441523
765157636
909024253
862887640
794431726
765157636
215590841
464841360
629369787
84354523
761580512
376155775
556800210
953422530
447661653
259652716
602264293
546473176
401606075
975110671
789462322
246278083
631195014
131281447
578306226
619937564
261655676
2863800
365543751
928786254
742195507
989767840
794431726
633967037
228779710
770199552
305852509
838048583
789462322
679434584
203176942
909274482
204088800
19190269
385136789
35672991
518342384
221582475
477833809
736847158
738842917
548566290
7955177
84354523
987771564
682728011
588972586
708979424
328007285
999065754
430270838
407343359
892666451
475378343
358083579
475986985
864204679
849289327
111710038
585218121
61674187
372497279
84354523
941699727
828034392
852130370
35672991
455721432
429773903
590702977
714636987
273324794
223103478
331466770
395857789
536798389
743280842
102068122
0
475227544
476923434
365543751
167570563
7851385
19190269
34039796
126506916
778558368
570285459
941774625
973301590
175735665
271875151
704795596
30985414
629369787
204371028
925673632
379552804
312148230
641824951
635903905
793284783
796838348
145890174
181376343
989767840
68685121
105931911
790379170
765157636
35350385
373096203
826095316
736847158
772624397
167570563
961279863
736963411
186659715
76494355
280700684
963350393
145960493
55182949
679096814
7955177
635525652
213365808
742524287
570426303
942700362
365627250
647047173
138427074
228319153
134707356
131281447
323838540
575542246
386604314
922633022
499684943
517551503
556301483
909777886
900350572
933183432
647754346
112327916
849289327
881740092
593520901
16121681
538544073
358083579
30044105
167570563
30912584
475378343
778697735
227157946
721975605
184290913
95916270
641824951
94369653
417298950
110079406
135665485
690862370
289228907
193982459
762187045
224150324
312148230
570426303
773390309
13549321
280700684
778558368
316531006
864204679
635525652
94369653
637755348
357202610
518463340
468637091
928786254
928850738
0
531469135
887564709
3498
597154336
623991173
50076983
143875668
429773903
349067165
263220089
215590841
881380669
832685190
618797002
866820385
756413704
908271185
223103478
189666047
452931100
297906736
300896853
84354523
575448170
694667706
587591221
229156641
205317049
686636285
39184418
945744177
430270838
794384362
172015257
737412896
378625676
445122209
714836582
775799043
410134433
826229632
788224454
919526076
445160124
196522211
482563236
891133711
95916270
239128418
928786254
247949698
70
775799043
624798357
271875151
27812810
781011039
841334404
18125686
855813562
680411490
297414236
881740092
627699776
593279641
921390407
43314504
736519180
941774625
570249560
513759199
770016353
285255663
868906192
989041023
15428241
999337751
151524011
994088034
522267392
819469693
618797002
306809179
707194877
221582475
320728746
687794317
951496448
167570563
963350393
429773903
701963897
273324794
12
231457238
842588599
223092232
25816499
140013059
936126209
93759851
834144544
5687685
536358444
679096814
793284783
524040173
261655676
686018209
624798357
969337653
736847158
570426303
41523475
259652716
757209190
332853516
446160998
423843513
27812810
940957974
254265452
679096814
32849325
867493413
186659715
603200267
801020278
770199552
973318583
226632348
964747754
626235795
131280137
728261734
517868138
888350983
667889234
172213037
445160124
362844511
625265617
690156289
113690971
492568652
573853988
653987136
243434610
410134433
902843132
796615351
919075180
465335030
102068122
395592428
912672272
361416987
70015622
556726604
328145649
575542246
758988660
199325060
566411635
546473176
805059420
475024574
942700362
250948069
786995481
481187155
644101284
347196929
551341849
282720427
376258141
653559960
617442069
537359581
95916270
191975677
13549321
393968570
548566290
47381761
726715632
447661653
311328575
866256661
77919584
223287573
635525652
747491680
940957974
30985414
181376343
838343937
592208081
575434937
229563107
825302800
134987030
349067165
213553662
886284085
147116842
841334404
84892653
365543751
468637091
784699635
556301483
518463340
487099360
114585506
759789637
273324794
664041341
313257847
298732028
149649983
585218121
803404257
867493413
394576735
108024612
513759199
422199570
906115672
513759199
303550162
813907809
249747738
111483022
362908497
247604231
867489946
133078782
721037616
813711389
728261734
447661653
146043990
338909379
501617732
592208081
657623354
644101284
69703358
111710038
427419327
204371028
857812393
68685121
37987974
552305014
146672673
145654936
920220074
470789385
32675805
517551503
477833809
919526076
476923434
487099360
733817613
762216030
623291586
285214848
765157636
237637516
558595251
813711389
285214848
286328913
687258950
838991493
946836235
790913473
249747738
250948069
728261734
102969688
974144817
133078782
399030270
385136789
813711389
332101361
228319153
269640574
522267392
678425512
437837229
644101284
356785008
979584621
843375293
831645340
481187155
973301590
960946997
385136789
271875151
280700684
783223419
229563107
229156641
112465988
30985414
218575402
407796534
452931100
573853988
287287950
190616833
624798357
214168237
204371028
831337681
690862370
59374023
300896853
278876964
75530500
971627337
732143989
403490845
610830865
658058820
964747754
838343937
876164635
924485773
664041341
189798055
967767811
287170824
953422530
483278328
307019180
70015622
89400373
537035223
397488369
420643257
239711587
892666451
224838063
190854494
397488369
111688013
602994106
13549321
821850609
714636987
550108197
929455255
704727181
409826986
633967037
505598124
768245746
275454214
686636285
679434584
743280842
765907230
493152611
74390054
280700684
536358444
336689430
584120066
230167462
421543814
458000718
662705455
960946997
153577410
977263635
414134968
650949484
421543814
247949698
309668042
657623354
47381761
772811863
715191088
884673890
522924004
277406
434846822
617463022
834144544
223092232
23293441
627491224
936943972
118648071
376155775
623249372
781011039
427022397
690156289
278308006
69703358
271875151
252182386
598993768
900350572
330071010
495257551
892666451
678612461
818523903
658058820
15621481
434846822
476230736
849289327
762216030
332785207
230794978
849822598
585590679
298554491
929455255
68685121
738842917
556726604
341044909
548591251
1643850
566411635
280700684
533406805
465205697
921390407
84979459
224838063
928786254
373096203
434846822
131281447
812848667
390073365
855813562
140784823
407796534
146672673
596428717
617463022
108631928
105931911
124493242
59374023
30354738
269431268
637936945
872449640
863915489
196522211
114236457
146043990
975110671
794431726
139961378
30044105
127742572
307995464
487099360
185687638
94369653
326000829
349067165
379707946
483278328
602264293
32303314
596428717
190854494
303628926
332101361
127742572
346080920
356785008
151368137
341044909
919526076
3498
133078782
550108197
139961378
548591251
619126475
447661653
104734040
781011039
93759851
228779710
707194877
13549321
261759063
922633022
402608937
65238396
811972686
773390309
789462322
111483022
525285803
919075180
420643257
60484575
531469135
967888862
662169857
185657162
149649983
412120312
637755348
55182949
399030270
617442069
626235795
881740092
460626168
464130030
948499923
556662046
831401262
409826986
838048583
713281639
748247357
286240445
332785207
882031166
481187155
880406036
628364885
5687685
295792670
692154973
231457238
625265617
794384362
907633081
841334404
772811863
637553126
525285803
76509215
550108197
989767840
953813183
805059420
931681045
854261138
824194785
910309862
253393837
559669444
519017766
701963897
830466173
79497347
84892653
881740092
278308006
226632348
954462244
250948069
203176942
418673949
435511466
702573558
467112260
739713641
646722087
376105755
443597894
678425512
269613473
803404257
113690971
492568652
624422906
532697525
464130030
472762496
548591251
548591251
15428241
629592403
468761331
928786254
421041684
736963411
480509408
576648372
775799043
429773903
468637091
204088800
593564493
558595251
399030270
108024612
36763615
875176145
775799043
246278083
967767811
144187092
262827672
501441117
2259535
253860466
427022397
941774625
332785207
65238396
748247357
892441523
43314504
788224454
112804406
189798055
759982951
190616833
963725447
758988660
977263635
967888862
415618184
959779312
1643850
243521934
250948069
253393837
464130030
599417764
916099226
775558237
715191088
682728011
647754346
714836582
834144544
841334404
328145649
36763615
714636987
13549321
227157946
285214848
887564709
95916270
383416376
465335030
88642883
241406032
550108197
18622729
59374023
585590679
261759063
338909379
34039796
707194877
647754346
692154973
499684943
994088034
892666451
37987974
59374023
672287509
184468197
29572
50076983
399357069
909777886
449260724
51786069
626235795
196522211
936126209
250948069
241406032
777572888
213365808
490131942
864549750
641824951
135665485
43674233
559669444
29572
766732961
721975605
755777638
275454214
402196674
437837229
407109080
255730595
875176145
866820385
907633081
70
907633081
552305014
427022397
974144817
517551503
172015257
747491680
777572888
832685190
690862370
326000829
951496448
559669444
573853988
476923434
859290324
336003586
789462322
762216030
793284783
86500094
702573558
735922867
263204545
722934929
365543751
307643057
234282809
249998290
556800210
909777886
218575402
307643057
324427572
959779312
297414236
475986985
556662046
839372857
603200267
619937564
110079406
209672200
617463022
755945731
3498
139961378
476923434
953422530
56256163
74390054
479163511
466345421
552305014
575607316
181376343
395938680
392550883
336689430
236335060
239128418
592208081
383111973
349067165
888350983
420797376
394470008
75530500
845639889
881380669
831246000
845387670
587794119
906292307
24622994
23293441
882031166
735264271
33596459
222886258
298732028
701963897
403490845
114784526
241406032
490906417
715955697
484284494
487099360
358083579
678425512
204822985
239128418
781011039
525285803
470789385
857812393
358083579
602994106
575448170
311945831
107189439
963725447
588972586
762216030
811972686
481187155
762216030
229563107
578306226
239128418
468761331
452365341
731755933
452861919
992609201
762576281
104734040
619126475
579056852
662705455
559669444
190616833
711860289
135665485
838048583
160318303
533236650
975110671
221582475
249747738
269613473
792269689
953422530
999337751
303550162
312148230
407796534
892666451
145654936
68685121
928720127
859290324
540297205
801020278
385136789
471209904
401051232
942700362
519538951
623991173
69103419
831246000
954462244
410032897
95916270
285214848
285214848
231457238
694667706
97712284
123620711
759982951
376258141
667889234
650949484
230167462
32303314
919985883
327371063
896927309
490906417
854261138
972755454
407343359
971627337
223092232
828034392
755945731
584120066
531469135
653987136
47197509
771123837
427419327
968454188
253860466
994389853
407109080
733172875
403490845
0
726572635
770199552
537359581
825302800
917703369
732794786
407796534
254265452
687258950
653987136
923383292
731313009
771120427
868906192
946424064
647754346
653559960
253393837
257544294
832685190
566411635
964747754
386604314
631195014
619937564
407109080
246278083
990762409
523087218
224838063
624945048
826229632
187295563
796838348
56786081
866066900
114784526
108631928
100198760
95916270
536915943
536358444
252182386
653559960
434846822
784699635
658541536
625265617
43314504
135665485
736847158
872449640
770199552
484284494
298732028
872449640
395592428
427419327
256022137
43314504
476230736
951968619
852255821
641824951
918249125
146672673
662268132
909024253
517551503
237637516
891219854
108024612
772811863
757209190
60484575
951968619
450650461
133078782
864204679
253860466
598993768
550108197
597154336
193982459
199112066
625265617
831753012
961279863
172015257
190616833
595526695
946836235
420643257
55182949
18125686
736326660
784975348
584120066
365543751
335662137
575434937
618797002
864549750
238605402
263220089
996632904
247949698
281907263
399357069
102969688
928786254
861588922
269431268
230794978
86500094
421543814
777769460
575542246
641824951
873422790
156718647
587794119
765160615
686636285
678425512
147116842
239128418
831337681
379707946
410134433
140784823
139775802
162437211
704795596
961279863
468978104
421543814
531469135
839372857
686018209
517184953
447134763
841334404
23518062
752595838
602994106
224838063
114784526
135665485
464130030
253393837
18125686
876164635
876164635
752595838
495520555
786995481
963725447
222886258
617392640
147116842
101504078
880406036
816960171
269640574
831753012
246278083
69363250
475986985
690156289
632287608
56256163
863915489
450650461
593279641
849289327
262827672
941774625
709882720
222886258
455668032
393968570
762187045
590702977
476923434
994389853
418673949
558595251
189666047
711860289
886062618
395221783
196522211
732143989
114585506
999065754
403850746
361352651
431408584
159299135
423843513
275454214
37555440
415618184
137973718
261655676
227157946
376105755
361352651
801020278
879826418
112804406
525285803
868906192
999337751
428905718
86500094
318639296
919075180
421543814
803404257
896186078
721975605
228319153
605597105
335662137
791774074
864204679
584120066
35170360
738842917
213553662
358083579
146672673
111688013
181376343
381531565
811972686
136399132
378625676
476923434
93759851
399357069
922633022
282720427
718704342
755945731
596428717
395221783
86500094
286328913
963350393
35170360
906115672
507098873
32675805
430270838
191887754
112327916
420797376
255000093
556662046
778697735
236335060
735264271
141168026
617442069
704727181
497818428
33596459
230963282
550852405
587591221
648614096
47381761
146002779
212324116
896186078
224150324
501441117
56256163
276956765
478029166
537035223
323838540
715191088
796615351
896927309
762216030
185687638
165195038
402608937
320728746
261759063
522924004
358083579
864204679
495520555
794431726
303628926
783223419
74390054
2259535
162437211
598993768
597819440
395592428
156718647
144742734
170435901
84338149
857812393
12
401051232
535244563
849822598
114585506
263204545
587794119
646722087
755945731
720695445
130769213
994389853
953813183
34965364
189829723
759789637
222886258
365627250
399030270
559669444
786995481
227157946
111483022
93759851
812848667
861588922
89400373
790379170
946424064
263220089
900350572
147116842
793579441
488206496
641824951
728261734
635525652
777572888
623949819
238605402
401941856
199072339
65238396
50076983
728261734
617463022
35350385
994389853
114236457
679096814
493152611
415618184
13570662
983360487
881740092
961279863
633967037
790379170
989767840
383416376
190616833
385136789
793579441
230942524
887564709
726715632
327371063
910309862
593564493
135559151
517184953
76509215
722934929
990512790
89400373
47381761
587591221
181835744
570285459
662169857
623291586
414134968
739713641
624945048
831753012
415478972
27812810
794999444
191975677
421543814
704795596
526998631
24622994
590702977
61674187
464
999337751
748247357
995560954
114585506
186659715
879826418
323838540
39184418
427419327
570285459
84354523
794384362
105573450
239711587
358083579
196522211
69363250
969526694
249998290
228319153
417298950
241406032
349413214
126506916
420830147
128387025
395938680
552829129
286328913
653559960
423843513
497818428
403490845
261759063
23293441
356785008
635525652
740825558
464841360
282720427
124493242
481187155
909777886
536915943
569470941
470789385
790379170
189798055
953422530
928850738
697532229
853452112
401051232
862887640
536798389
138427074
12
704727181
704795596
54989750
61674187
414134968
876164635
535244563
480868614
584026653
623291586
603200267
975110671
126506916
435712688
282720427
269431268
163495542
118648071
575607316
790913473
175735665
263204545
102068122
101504078
69363250
732143989
789462322
715955697
765160615
749819839
43314504
16121681
468761331
25816499
919985883
420797376
277406
303628926
627491224
990762409
21621233
466345421
843375293
172015257
536358444
39184418
365627250
701963897
383048645
442978422
724375904
477833809
846645742
303628926
112465988
204371028
254265452
30044105
778697735
605597105
224150324
12
431408584
982596831
330071010
15621481
575448170
909777886
181835744
278876964
182249464
111688013
794999444
25816499
809818570
606169660
309668042
522924004
335635883
776470834
75530500
193982459
390073365
286240445
995856092
105573450
845639889
714836582
906292307
108011723
311945831
253860466
644101284
794431726
21621233
327371063
190854494
928786254
517829203
816960171
731834194
517184953
270126934
734454128
111368367
863915489
328007285
286328913
738842917
796838348
880406036
249998290
678612461
378625676
625265617
173589785
187295563
522267392
206488850
662268132
786995481
679096814
189829723
361416987
107088222
184468197
311510743
978522840
583842224
963350393
428905718
546473176
402196674
830466173
253860466
776470834
953422530
765907230
89400373
414134968
431408584
682728011
401051232
816960171
464
724375904
789462322
684104189
257544294
88642883
471209904
917703369
249998290
756413704
445122209
881380669
721975605
89400373
866256661
7955177
30116674
831401262
373096203
728261734
964747754
818523903
35672991
417298950
306809179
919985883
357202610
134580960
102969688
285214848
608577145
959779312
732794786
328145649
628364885
110470243
395857789
403302687
696109953
223103478
189829723
458000718
635525652
951968619
523087218
979267029
922633022
892666451
421815990
108631928
734454128
630851826
590702977
184290913
37987974
873744822
108024612
481187155
891133711
946834436
761580512
89879863
445160124
868906192
329641466
994088034
847755172
191406932
56786081
230963282
523087218
204371028
972755454
73735577
316531006
86500094
414134968
662169857
204371028
112327916
191887754
924485773
653987136
490131942
256022137
852255821
901713712
995856092
113690971
624945048
102068122
618797002
570426303
623949819
102068122
940957974
75530500
535244563
655936493
112327916
12
76509215
766732961
261655676
471209904
318639296
826095316
849822598
401606075
319744458
835876667
882031166
683560664
346080920
114784526
102068122
393968570
749819839
123620711
303628926
199072339
526998631
33596459
784975348
736963411
733172875
537035223
397488369
18622729
845387670
535244563
618797002
866256661
118648071
430270838
247949698
886062618
910309862
918249125
948499923
527540091
431408584
241233800
724375904
378108092
39184418
682728011
881740092
140784823
123620711
86500094
536798389
873422790
497818428
770016353
948499923
735922867
193982459
871049224
401051232
623949819
3498
819469693
74390054
480868614
422199570
475378343
204371028
518985435
243434610
309668042
501441117
736510863
908271185
230963282
936126209
36763615
347196929
535244563
247604231
50076983
626980296
217326067
967888862
679434584
597154336
379552804
909777886
84338149
34039796
313257847
963350393
146672673
941774625
465335030
619937564
418673949
138568893
909777886
951968619
816960171
82705155
734454128
855412910
277406
762216030
144187092
394576735
175366972
969526694
468761331
576648372
420830147
964747754
946834436
95916270
538544073
383111973
704795596
791497947
100198760
626235795
189798055
378108092
107088222
443736885
134707356
792269689
999337751
941699727
123620711
276956765
255000093
336689430
186659715
181835744
101504078
261759063
866256661
755777638
653559960
163495542
874757310
43314504
839372857
631478588
715191088
864204679
925673632
867489946
576648372
625265617
297906736
613669977
100198760
697532229
131433894
495257551
874718708
819469693
434846822
205317049
771120427
26775865
111483022
140013059
831337681
105931911
758988660
678425512
128387025
111483022
261759063
759789637
303628926
662169857
475986985
228319153
196522211
172213037
900350572
282720427
838048583
900350572
690862370
105573450
476923434
393968570
229563107
987771564
650949484
73735577
791774074
399357069
662169857
394576735
874718708
786995481
421041684
69703358
331466770
519017766
295792670
447661653
35350385
68685121
35595243
420797376
680411490
667889234
931681045
931681045
552305014
956135249
55182949
212324116
637755348
933183432
175735665
658541536
191975677
776470834
635525652
65238396
964747754
394576735
624529402
162437211
213553662
433542198
558595251
401051232
813907809
960946997
570285459
928850738
809818570
683560664
556662046
61674187
189657881
523087218
210013728
108011723
30354738
537194827
637936945
704795596
374017416
356785008
974144817
597154336
736963411
223103478
303550162
881740092
765157636
2
69703358
796615351
871049224
106300916
777769460
2863800
224838063
994088034
158015844
357202610
297414236
648614096
631195014
414134968
767620857
765907230
221582475
922633022
743280842
402196674
919985883
637553126
613481307
285255663
977263635
223092232
332853516
996632904
605597105
421815990
471209904
778819281
26775865
196522211
327471516
261759063
936431990
653559960
276956765
395592428
497818428
139211881
533406805
190616833
696109953
330071010
855813562
378625676
644101284
836574031
316531006
854261138
50076983
857812393
592208081
628364885
392550883
743280842
446160998
189829723
287287950
495520555
397428088
686636285
880406036
30044105
327371063
992609201
615432625
793284783
637936945
762576281
908271185
480868614
860043908
242595933
784975348
94369653
617392640
445160124
374017416
181835744
831753012
421815990
557920410
633967037
184290913
862887640
593520901
759982951
584120066
10822551
863915489
347196929
378625676
765157636
224437452
736510863
765907230
683560664
530295130
828034392
624529402
305852509
936126209
136399132
196522211
228319153
550108197
483278328
123620711
635903905
420797376
596428717
428905718
788725841
135665485
678425512
906292307
230942524
89879863
623249372
63824976
271875151
599417764
0
344389456
874757310
720695445
32675805
130769213
420797376
401941856
135559151
27812810
70015622
37869711
378108092
816960171
374161201
994389853
110079406
445122209
679434584
983360487
381531565
110470243
313257847
399357069
358083579
162437211
247949698
831645340
743280842
455923445
311945831
452861919
736510863
635525652
503820754
427419327
446160998
686018209
475024574
13549321
803404257
319744458
556301483
925673632
73735577
464841360
13390661
13549321
52809943
476230736
702573558
715191088
480868614
505598124
941774625
838048583
34965364
550852405
771120427
575448170
596428717
617442069
79691915
665084518
344389456
151524011
252182386
775558237
708979424
133078782
739713641
307932198
969337653
736847158
105573450
736519180
781011039
830466173
731834194
996632904
134580960
303550162
761334545
990762409
623991173
976058480
330071010
213553662
920220074
318639296
665084518
687258950
23518062
790913473
832685190
492568652
989041023
626980296
548591251
680411490
794384362
332785207
777769460
56786081
259652716
153577410
781011039
533236650
845387670
794999444
861588922
241406032
906115672
185657162
401606075
247949698
170435901
140784823
77919584
146002779
613669977
811972686
665084518
784975348
54989750
492568652
882031166
778819281
709882720
503820754
640257690
775799043
379552804
928786254
328145649
145654936
146672673
733817613
69363250
156718647
102969688
774632396
991664089
922633022
133078782
445122209
10822551
711860289
650949484
190854494
335662137
472762496
631478588
615432625
664041341
929455255
631195014
575542246
951968619
732143989
570249560
919985883
253860466
131281447
928786254
336688638
340061190
128387025
88642883
286240445
928786254
289228907
175735665
149649983
429773903
374161201
110470243
243434610
114236457
816687376
490906417
395221783
237637516
7955177
186659715
550852405
246642437
709882720
871049224
762576281
602264293
735922867
423843513
863915489
741010609
158015844
403490845
595526695
618797002
243521934
430270838
361352651
256022137
139211881
613669977
989340132
721975605
687258950
826095316
466345421
619126475
247604231
55182949
218575402
759982951
464175920
590702977
476230736
535244563
395938680
131433894
825302800
882031166
818523903
285503657
300176361
975110671
231457238
204088800
189829723
82705155
928786254
989340132
110470243
464175920
213553662
335662137
47197509
37869711
336688638
395592428
832685190
32675805
892666451
118648071
114236457
552829129
151368137
896186078
909777886
190854494
587794119
517551503
646722087
773390309
816960171
864204679
445122209
196522211
896186078
465335030
435712688
629592403
151368137
928850738
918249125
21621233
517184953
175735665
733172875
575448170
361416987
55182949
979584621
328145649
102969688
811886798
195240529
428905718
402196674
537194827
69103419
68685121
407343359
994088034
748247357
26794290
921390407
223092232
199325060
472762496
559669444
866256661
145890174
550852405
239711587
861588922
373096203
722934929
324427572
204088800
43314504
143875668
845387670
129841029
356785008
331466770
475986985
13390661
540297205
896186078
972755454
736519180
172015257
282720427
436459259
422199570
37555440
243434610
324427572
460626168
2863800
195240529
5687685
246642437
835876667
524040173
866256661
880406036
731755933
623949819
311328575
794431726
948499923
928786254
886062618
204371028
37555440
102969688
85695159
199072339
356785008
414134968
238605402
631478588
481187155
13390661
537035223
570206979
349413214
599417764
776470834
74390054
588972586
686636285
731755933
403302687
852164141
295792670
7851385
523087218
925673632
86500094
356785008
830466173
595526695
742524287
243434610
381531565
374017416
417298950
626235795
790913473
813907809
320728746
256022137
817103486
223287573
261759063
54989750
230167462
645586000
1643850
761334545
936126209
624529402
372497279
656459217
420830147
219357613
715191088
989041023
736963411
136399132
65238396
118648071
948499923
341044909
361352651
158015844
240010151
922633022
247604231
863915489
715191088
136399132
921390407
605597105
249998290
477833809
378108092
280700684
779633616
546473176
946834436
480509408
667889234
464130030
204088800
56256163
596428717
349413214
94369653
624798357
618797002
421041684
223092232
570206979
428905718
838048583
845387670
196522211
836574031
644101284
89879863
756413704
570285459
332853516
137973718
418673949
508934685
181376343
229563107
871049224
522267392
925673632
189829723
106300916
646722087
0
34965364
352148949
421041684
778952618
252182386
307643057
374017416
2
111688013
830466173
471209904
501617732
551341849
767399169
633967037
599417764
537194827
537194827
464175920
843375293
131280137
465335030
642806054
24932552
193982459
976058480
146453536
278876964
237637516
243434610
631478588
65238396
623991173
779633616
789462322
128387025
41523475
189657881
442978422
39184418
23518062
379552804
191887754
832685190
832685190
615432625
505598124
994389853
191975677
794384362
365543751
496735408
584120066
891133711
423843513
776470834
253393837
133078782
246642437
88759760
84892653
433542198
825302800
556726604
431408584
452365341
311328575
146453536
770199552
558595251
374017416
326000829
443597894
517829203
821850609
243434610
313257847
184468197
757209190
442978422
184468197
511221908
839372857
423843513
460626168
518342384
973318583
373096203
322449846
556800210
253393837
300896853
492568652
331466770
126506916
762576281
223103478
653559960
919075180
423843513
393968570
809818570
794431726
452861919
623291586
496735408
88759760
732794786
149649983
531469135
465335030
407796534
447661653
547140105
487099360
896927309
352148949
793284783
690070739
881380669
864204679
540297205
627699776
493152611
928850738
969526694
548566290
647047173
276956765
439953783
882031166
794384362
627699776
503820754
953813183
883376533
36763615
84338149
578306226
501828469
381531565
63184164
575607316
794384362
222886258
914662415
468761331
891219854
770199552
961279863
173589785
781011039
26794290
778558368
107088222
831246000
662705455
112804406
431408584
741534876
21621233
831246000
721975605
298554491
467112260
338909379
623249372
887564709
517868138
602994106
714836582
736519180
224437452
946834436
488206496
403302687
471209904
414134968
269640574
973318583
409826986
714636987
863915489
135559151
129841029
860043908
23293441
983360487
303550162
662268132
635903905
757209190
361352651
737412896
206488850
900350572
146672673
682728011
550108197
994088034
994389853
420830147
134707356
813711389
896927309
535244563
253860466
111368367
129841029
776470834
217326067
880406036
56256163
576648372
243434610
813711389
465335030
731834194
853452112
644101284
855813562
230942524
445160124
389009966
871049224
452931100
836574031
876164635
635525652
765157636
796615351
471209904
421815990
531469135
37555440
450650461
102969688
909274482
891133711
289228907
888350983
159299135
172015257
718704342
919985883
475986985
794999444
162437211
888256071
223103478
585218121
566411635
793284783
722934929
35350385
772624397
963350393
172213037
493152611
788725841
896927309
527540091
134707356
490131942
34039796
303628926
239128418
979584621
431408584
929455255
619937564
407109080
159299135
269431268
33596459
313257847
88759760
641824951
739713641
84979459
936126209
556301483
656459217
214168237
736847158
575434937
223092232
255000093
994389853
255730595
113605083
134707356
920220074
831337681
26794290
340061190
256022137
575448170
240010151
184468197
575448170
946836235
759982951
976058480
257544294
464175920
982596831
455923445
35170360
357202610
135559151
715191088
423843513
495997120
383048645
597154336
113690971
131433894
195240529
230963282
447661653
900350572
508934685
608577145
252182386
21621233
395857789
801020278
794431726
32675805
982596831
107189439
385136789
60484575
860043908
347196929
257240762
781011039
501617732
191406932
378625676
87969336
37869711
690862370
803404257
7955177
537035223
914662415
511221908
653987136
112465988
276956765
946836235
567475424
530295130
23293441
873422790
243521934
767399169
238605402
732794786
349413214
455668032
936126209
768245746
20701369
449260724
615432625
975110671
361416987
112465988
228319153
741010609
255000093
786995481
968454188
30912584
845387670
47381761
54989750
305852509
778558368
605597105
138568893
110470243
762187045
365543751
365543751
146043990
737412896
190616833
845639889
160318303
26775865
43674233
31781368
374161201
988095665
385136789
775799043
137973718
305852509
190616833
896186078
328145649
826229632
912672272
928850738
183512557
713281639
767620857
335635883
163495542
805059420
12
590702977
409826986
105931911
758988660
735922867
357202610
475986985
112465988
241233800
182249464
55182949
106300916
619937564
75530500
311945831
517184953
183512557
832685190
576648372
230942524
483278328
19190269
65238396
936126209
849822598
748247357
507098873
881380669
435511466
236335060
619937564
546473176
683560664
32675805
300176361
144742734
34039796
237637516
480509408
255000093
134707356
862887640
69363250
316531006
27812810
518342384
975110671
540297205
946424064
190854494
439953783
665084518
214168237
39184418
809818570
475227544
988095665
452931100
300176361
475378343
559338716
241406032
784975348
112804406
739713641
84979459
647047173
280354820
209672200
458000718
597819440
495997120
656459217
379552804
861588922
223287573
864549750
145654936
53151401
139961378
30044105
728261734
909777886
140784823
852130370
803404257
929455255
637755348
480509408
733172875
190854494
286328913
664041341
79691915
664041341
573691420
495257551
570426303
575448170
60484575
777572888
402196674
378625676
136399132
69103419
226632348
421041684
570206979
790379170
818523903
468978104
919985883
864549750
552305014
331466770
493152611
805059420
13549321
557920410
84979459
924485773
131281447
139961378
866256661
47197509
928850738
775799043
126506916
467563415
223092232
704795596
967767811
139211881
223103478
613481307
13570662
16121681
253860466
138427074
65238396
743280842
637936945
805059420
134987030
153577410
134707356
460626168
468761331
254265452
344389456
881740092
414983328
341044909
97712284
928850738
524040173
222886258
94369653
203176942
662705455
300176361
519017766
129841029
985109687
402196674
757209190
241406032
794999444
482563236
819469693
403302687
392550883
756413704
664041341
172015257
110470243
570249560
653987136
585218121
635903905
193982459
70
762187045
538544073
973318583
249998290
2863800
246642437
415478972
690156289
257544294
873744822
131281447
864204679
852164141
575542246
583842224
790379170
793284783
967888862
765160615
517184953
573691420
883376533
37555440
732143989
0
76494355
190616833
37869711
230963282
892441523
765160615
995856092
16121681
963350393
165195038
212324116
722934929
146672673
767620857
788224454
65238396
127219694
25816499
437837229
635525652
861588922
672287509
741010609
196522211
925673632
269613473
437837229
592208081
111688013
352148949
36763615
778697735
546473176
221582475
189829723
20701369
280700684
548566290
771120427
2
361352651
906292307
548566290
714836582
39184418
990762409
933183432
597202555
793579441
487099360
637553126
762216030
322449846
505598124
818523903
111483022
550852405
466345421
501617732
175366972
183512557
847316646
37987974
573853988
241233800
547140105
830466173
946424064
684104189
182249464
428905718
447134763
868348682
783223419
465335030
7955177
662268132
111483022
951968619
468761331
991664089
735264271
420643257
433542198
665084518
629592403
686018209
306529928
813907809
984495171
224437452
969526694
403490845
948499923
412120312
615432625
434363027
508934685
728261734
849289327
313257847
640257690
84892653
437837229
987771564
721037616
191406932
855412910
812848667
280700684
548566290
990762409
111710038
741534876
475024574
480509408
445122209
537035223
961279863
983360487
108631928
658541536
537035223
112804406
37869711
838991493
732794786
477833809
788224454
775558237
250948069
106300916
468978104
85695159
120947481
24622994
906292307
137973718
906292307
30912584
602264293
163495542
324427572
679096814
151524011
909274482
720695445
517829203
303628926
56786081
507098873
973298921
791497947
731755933
860043908
694667706
765157636
495997120
70015622
813711389
273324794
434846822
52809943
407343359
286328913
327471516
718704342
694667706
452861919
731834194
319744458
629369787
736963411
464
627491224
203176942
626980296
476923434
994389853
219357613
190854494
228779710
758988660
204371028
495997120
120947481
936431990
162437211
857812393
569470941
861588922
395221783
667889234
835876667
20701369
213553662
519017766
556662046
874718708
184290913
407109080
637553126
443597894
946834436
403490845
196522211
772811863
537194827
33884623
114236457
538544073
881740092
230794978
398829147
722934929
230963282
249747738
852255821
332853516
184290913
805059420
686018209
144187092
135559151
111483022
656459217
592208081
708979424
854261138
87969336
513759199
383048645
978522840
386604314
575434937
882031166
86500094
834144544
372497279
623249372
617392640
421041684
715191088
63184164
762187045
493152611
936431990
919526076
714636987
640257690
273324794
875176145
825302800
455668032
437837229
755777638
484284494
714836582
140013059
979584621
88642883
488206496
624422906
575434937
172015257
421041684
773390309
320728746
193982459
741534876
819469693
501617732
813907809
329641466
740825558
490131942
418673949
106300916
761334545
624422906
821850609
7955177
977263635
356785008
127219694
578306226
101504078
896927309
740825558
770199552
287287950
493152611
420797376
395592428
755777638
204822985
18622729
35170360
951968619
401941856
88759760
76494355
32675805
533236650
443983391
801020278
761334545
501828469
736963411
624529402
537359581
15621481
602994106
33596459
557920410
767399169
247604231
969526694
26775865
434363027
702573558
402608937
886062618
247604231
909777886
731755933
277406
969526694
722934929
401051232
373096203
547140105
452861919
641824951
741010609
522267392
414983328
129841029
731834194
526998631
853452112
623949819
35672991
575542246
956135249
187295563
445122209
249747738
838343937
982596831
33884623
928850738
133078782
774632396
43674233
15428241
882031166
715191088
246278083
999337751
961279863
84892653
395221783
735264271
909777886
873744822
397488369
128387025
845639889
624798357
573853988
658541536
253393837
847755172
362844511
335635883
79497347
770016353
76494355
867489946
26775865
655936493
765907230
69363250
635903905
21621233
19190269
942700362
54989750
316531006
490131942
778558368
450650461
875176145
593520901
402196674
16121681
412120312
941699727
15428241
414134968
276956765
740825558
954462244
658058820
135559151
383111973
518985435
882031166
34965364
967888862
796615351
762216030
51786069
536358444
736510863
767620857
0
253393837
204822985
886062618
548566290
989041023
608577145
427419327
658619094
922633022
108024612
711860289
73735577
559338716
276956765
971627337
134707356
596428717
84354523
18622729
708979424
875176145
816687376
195240529
313257847
437837229
445160124
849822598
35595243
249747738
450650461
942700362
306809179
946424064
306529928
60484575
206488850
191887754
570249560
603200267
755945731
131281447
667889234
50076983
983360487
624798357
237637516
945744177
709882720
379707946
114236457
992609201
859290324
945744177
152823341
624945048
755945731
402196674
548591251
344389456
996632904
43674233
732794786
107088222
839372857
590702977
394470008
270126934
507098873
690070739
136399132
715955697
376105755
966207396
239711587
812848667
12
412120312
495520555
578306226
124493242
855813562
731313009
575448170
587794119
146002779
332101361
110470243
403302687
585218121
365543751
131433894
286328913
631478588
519538951
645586000
496735408
475227544
946834436
704727181
779633616
501617732
270126934
731834194
311328575
655936493
640257690
286240445
762216030
140784823
647754346
242595933
410032897
517829203
455668032
876164635
552305014
221582475
758988660
401941856
631195014
12
755945731
252182386
443983391
866256661
47197509
273324794
853452112
683560664
285255663
431408584
428905718
429773903
617392640
711860289
841334404
189666047
452931100
94369653
579056852
816687376
307643057
593520901
477833809
228319153
995856092
269640574
47381761
26794290
131280137
23518062
227157946
575607316
389009966
269640574
442978422
777769460
464130030
926535566
476923434
478029166
928786254
13390661
690862370
556662046
455923445
852164141
70
327471516
941774625
613481307
778819281
412120312
213553662
102068122
257240762
105573450
3498
234282809
184468197
941774625
590702977
876164635
678425512
209672200
918249125
229156641
537194827
855412910
88759760
813711389
533406805
276956765
357202610
435511466
228779710
909024253
579056852
891219854
789494345
584120066
249998290
948499923
190616833
585590679
724375904
484284494
55182949
19190269
346080920
84338149
420797376
888350983
480509408
195240529
410032897
687258950
615432625
569470941
30912584
183512557
496735408
399030270
505598124
383111973
271875151
332853516
401606075
338909379
286240445
864204679
76494355
610830865
234282809
276956765
24622994
407343359
813907809
645586000
632287608
249747738
755777638
306529928
204088800
495997120
297414236
658058820
130769213
134580960
320728746
896186078
32303314
30985414
518463340
828034392
831753012
237637516
640257690
886062618
728261734
537194827
978522840
648614096
896927309
415478972
973298921
383111973
442978422
570285459
896274181
172015257
431408584
54989750
709882720
629592403
287287950
20701369
781011039
490906417
397428088
990762409
439953783
87969336
973318583
190616833
626235795
984495171
887574746
254265452
307932198
52809943
131280137
871049224
277406
713281639
831753012
831246000
919526076
407343359
679096814
307643057
30912584
215590841
597154336
379707946
378625676
496735408
73735577
584026653
635903905
546473176
824194785
31781368
635903905
341044909
423843513
341044909
991664089
979267029
759789637
318639296
551341849
131433894
948499923
593520901
303628926
552305014
430270838
762216030
249998290
172015257
88759760
508934685
737412896
410134433
236335060
941774625
316531006
828034392
295792670
209672200
298732028
395938680
779633616
237637516
724375904
888350983
475227544
867892449
868906192
278876964
399357069
35672991
919526076
89400373
679434584
146043990
335662137
410032897
37987974
88759760
793579441
846645742
759982951
896274181
69103419
617463022
963350393
421815990
493152611
626980296
579056852
450650461
319744458
234282809
583842224
791497947
63184164
100198760
593279641
361416987
141168026
37869711
381531565
984495171
230942524
922633022
37987974
234282809
906115672
771123837
33884623
590702977
124493242
973318583
102969688
255000093
191406932
946424064
875176145
230942524
131280137
213553662
928786254
809818570
496735408
517551503
969526694
684104189
919075180
626980296
533236650
409826986
967767811
69363250
617392640
941774625
825302800
964747754
931681045
329641466
306809179
175735665
570285459
365627250
243521934
41523475
127219694
907633081
287170824
817103486
378108092
979267029
584120066
655936493
623991173
788725841
946836235
422199570
409826986
710369438
835876667
896274181
657623354
536798389
213115897
728261734
140784823
916099226
765907230
570426303
466345421
569470941
36763615
610830865
35595243
41523475
131281447
257240762
336003586
84354523
213115897
946424064
139961378
708979424
749819839
537035223
519017766
460626168
427419327
34965364
213365808
221582475
916600824
967767811
570426303
447661653
228319153
249747738
635525652
327471516
597154336
631195014
672287509
30985414
108024612
637553126
219357613
867489946
710369438
874718708
928720127
480509408
398829147
249747738
495997120
68685121
24932552
559669444
239711587
466345421
108631928
731834194
0
376155775
488206496
88759760
883376533
395857789
447134763
593520901
790379170
160318303
919526076
138568893
417298950
832685190
839372857
379552804
672287509
492568652
254265452
82705155
69103419
18622729
287170824
127219694
111688013
540297205
238605402
276956765
21621233
319744458
468978104
478029166
428905718
790379170
982596831
414134968
964747754
349413214
378108092
627491224
942700362
866256661
173589785
54989750
585218121
478029166
410032897
613481307
906115672
481187155
199072339
731834194
548566290
623249372
579056852
983360487
145654936
320728746
318639296
522924004
37987974
365543751
73735577
241406032
623249372
307995464
152823341
834144544
189798055
714836582
707194877
422199570
824194785
503820754
127219694
434363027
483278328
69351955
749819839
84338149
532697525
307995464
256022137
439953783
593520901
93759851
475378343
736510863
976058480
637755348
309668042
427022397
623249372
792269689
961279863
270126934
307932198
0
936943972
845639889
43314504
329641466
886062618
467112260
436459259
812848667
627699776
443597894
548566290
623291586
430270838
82705155
736326660
306529928
896927309
492568652
336688638
994088034
383048645
7851385
88759760
63184164
255000093
311328575
256022137
410032897
928786254
191887754
107189439
624798357
74390054
532697525
936431990
26794290
975110671
963725447
399357069
50076983
704727181
33884623
401606075
228779710
335635883
311328575
145890174
112465988
126506916
556662046
332853516
637755348
23518062
475986985
602264293
615432625
455668032
610197265
743280842
704727181
305852509
483278328
133078782
287287950
35595243
35170360
762216030
394576735
185687638
487099360
888350983
501441117
84979459
637755348
455923445
595526695
766732961
887574746
237637516
297906736
372497279
825302800
906292307
326000829
104734040
358083579
966207396
120947481
759982951
35170360
30912584
790379170
76494355
853452112
714636987
794999444
341044909
465205697
761334545
19190269
914662415
84338149
357202610
311510743
383048645
13549321
821850609
954462244
748292074
721975605
687258950
54989750
146043990
987771564
909024253
967888862
51786069
557920410
491149461
20701369
238605402
468761331
963725447
662268132
519538951
794384362
135559151
439953783
928720127
511221908
372497279
324427572
680411490
960946997
920220074
30985414
189798055
139211881
421041684
172015257
273324794
2863800
624529402
773390309
269431268
517868138
831401262
758988660
678425512
84892653
253393837
223103478
788725841
335662137
720695445
864549750
428905718
218575402
803404257
221582475
230963282
627491224
153577410
158015844
287287950
120947481
107088222
189829723
874718708
361352651
185687638
30354738
868348682
263220089
30044105
852255821
464130030
776470834
383111973
101504078
215590841
84354523
74390054
47381761
623991173
788224454
701963897
59374023
43314504
63824976
813907809
714836582
53151401
567475424
213553662
590702977
5687685
88759760
941699727
495257551
839372857
933183432
857812393
41523475
963350393
847755172
123620711
783223419
871049224
902843132
490131942
888350983
774632396
401941856
311328575
270126934
505598124
838991493
127742572
330071010
574334808
349621914
465205697
906115672
834144544
238605402
214168237
381531565
111368367
222886258
327371063
137973718
126506916
891219854
650949484
896927309
888256071
645586000
971627337
329641466
147116842
101504078
963725447
127742572
281907263
662705455
87969336
30985414
908271185
238605402
300896853
816960171
341044909
533236650
742524287
118648071
393968570
145890174
658541536
111710038
920220074
13390661
112327916
2259535
765157636
241233800
813907809
123620711
722934929
704727181
70
110079406
892666451
996632904
304992018
335635883
120947481
280700684
722934929
344389456
672287509
495520555
108024612
100143425
112465988
849822598
631478588
146002779
886284085
285503657
36763615
742524287
791497947
79497347
584026653
811972686
358083579
222886258
167570563
213553662
287287950
625265617
647754346
701963897
156718647
475986985
278308006
213553662
37869711
113690971
491149461
129841029
255730595
793579441
888256071
241406032
531469135
79691915
247949698
479163511
349413214
63824976
513759199
320728746
831401262
401941856
349621914
813907809
401051232
979267029
204088800
922633022
557920410
658058820
559323106
836574031
238605402
919526076
907633081
213553662
100143425
471209904
423843513
493152611
278308006
776470834
866820385
624529402
778697735
23293441
420830147
540297205
108024612
830466173
658058820
629592403
7955177
476230736
480509408
138032090
76509215
184290913
836574031
872449640
999065754
731834194
718704342
928720127
19190269
63184164
465205697
41523475
569470941
398829147
940957974
199325060
97712284
518985435
690156289
213553662
573853988
533236650
106300916
805059420
637553126
732143989
967888862
228319153
247604231
287170824
56256163
508934685
867493413
167570563
278308006
491019902
23518062
262827672
862887640
319744458
243521934
397488369
435712688
793579441
203176942
584120066
803404257
491149461
74390054
849289327
335635883
849289327
859290324
566411635
556301483
35595243
240010151
102068122
305852509
936126209
946836235
989041023
19190269
658619094
10822551
766732961
583842224
708979424
678425512
134987030
452365341
501441117
867892449
794431726
107189439
89400373
757209190
790379170
215590841
711860289
836574031
108011723
139775802
873422790
940957974
536358444
762187045
490906417
762576281
855412910
527540091
896186078
433542198
76509215
779633616
95916270
864549750
790379170
23518062
809818570
108024612
261759063
332785207
919526076
994088034
794384362
346080920
946836235
766732961
613481307
0
778819281
803404257
603200267
108024612
740825558
328145649
100143425
326000829
650949484
224150324
82705155
522924004
12
603200267
298732028
624529402
336003586
307932198
757209190
910309862
794431726
619937564
849289327
687794317
309668042
702573558
793284783
862887640
976058480
861588922
336688638
420830147
979267029
909274482
841334404
708979424
423843513
55182949
435712688
203176942
587591221
356785008
809818570
76509215
896274181
597202555
501828469
854261138
414983328
397428088
295792670
556800210
105573450
286240445
747491680
228779710
146043990
861588922
989041023
655936493
759982951
361352651
298732028
112327916
881740092
547140105
336688638
234282809
30354738
556726604
919985883
189666047
389009966
728261734
779633616
781011039
813711389
306809179
731313009
658058820
523087218
936431990
82705155
556726604
443597894
145890174
278876964
518463340
466345421
665084518
682728011
15428241
27812810
259652716
187295563
189666047
447661653
779633616
195240529
286328913
305852509
452365341
590702977
15621481
181376343
484284494
864549750
714836582
236335060
253393837
24932552
139211881
662268132
579056852
87969336
246278083
2
307643057
13390661
624529402
874718708
779633616
82705155
151368137
956135249
196522211
575607316
88642883
996632904
578306226
147116842
307643057
845639889
311945831
219357613
629369787
465335030
146453536
831401262
475986985
362908497
976058480
242595933
819469693
977263635
0
181835744
832685190
19190269
33596459
18622729
257240762
196522211
69103419
82705155
640257690
365627250
435712688
866256661
464
767620857
455923445
151368137
919075180
18125686
968454188
210013728
318639296
114784526
816960171
505598124
306529928
173589785
909777886
30116674
526998631
640257690
151524011
285214848
443736885
246642437
443597894
322449846
908271185
241406032
170435901
501617732
312148230
626980296
759982951
191975677
690862370
731755933
900350572
47381761
704795596
767620857
841334404
269613473
835876667
646722087
374161201
421543814
762187045
610830865
999337751
97712284
21621233
662169857
397488369
658058820
896927309
881740092
286328913
647047173
127219694
794384362
52809943
531469135
928720127
732143989
447134763
191406932
112327916
556726604
517868138
740825558
786995481
608577145
141168026
51786069
100143425
336688638
84338149
781011039
335635883
418673949
902843132
275454214
736963411
23518062
919075180
204088800
239128418
394470008
626980296
583842224
953813183
307932198
34039796
570285459
257544294
626235795
295792670
89879863
478029166
126506916
892666451
882031166
972755454
205317049
449260724
270126934
392550883
945744177
928786254
811972686
76509215
18125686
344389456
996632904
242595933
493152611
140013059
229156641
311328575
775799043
707194877
761580512
761580512
771120427
320728746
686636285
556662046
5687685
472762496
306529928
567475424
84338149
362908497
35672991
379707946
734454128
483278328
3498
923383292
190616833
403490845
852255821
658058820
468978104
748292074
791497947
450650461
816960171
305852509
189666047
637553126
464175920
135665485
131433894
204822985
710369438
887574746
613669977
386604314
585218121
573853988
196522211
131280137
30044105
327471516
270126934
254265452
305852509
872449640
306809179
517868138
973298921
70
226632348
841334404
886062618
759982951
990762409
41695932
410032897
181835744
550852405
257240762
635525652
138568893
551341849
657623354
762576281
867489946
182249464
287287950
13570662
87969336
867489946
817103486
929455255
778952618
788224454
569470941
85695159
767399169
686636285
322449846
21621233
110470243
399030270
722934929
435712688
129841029
182249464
255000093
774632396
909777886
657623354
919075180
756413704
916600824
629369787
530295130
87969336
928720127
336689430
847755172
63184164
212324116
68685121
2259535
627699776
755777638
724375904
446160998
714836582
234282809
47381761
358083579
585590679
547140105
871049224
107189439
983360487
5687685
626235795
191975677
909777886
491019902
2259535
239128418
570285459
892441523
106300916
852164141
737412896
861588922
886062618
407796534
275454214
991664089
773390309
777769460
149649983
925673632
32849325
249998290
784975348
270126934
74390054
191975677
152823341
692154973
631195014
556800210
39184418
777769460
197092827
435511466
501441117
230963282
69103419
224437452
662268132
537194827
969337653
127219694
778558368
901713712
131280137
55182949
789494345
373096203
714836582
784699635
189829723
499684943
566411635
874718708
794999444
886284085
658619094
989340132
30354738
682728011
43314504
390073365
401941856
951968619
637553126
383111973
985109687
921390407
112327916
846645742
525285803
15621481
407109080
805059420
246642437
788224454
395592428
111710038
587794119
765907230
349621914
617442069
619937564
761580512
206488850
757209190
715191088
909024253
209672200
464130030
480509408
236335060
76509215
946836235
766732961
306529928
861588922
526998631
979267029
340061190
835876667
10822551
931681045
610197265
736519180
435511466
213553662
47381761
707194877
995560954
933183432
493152611
311945831
41695932
946834436
87969336
556662046
570206979
320728746
709882720
105573450
624945048
679434584
138568893
13570662
557920410
2259535
732794786
73735577
838343937
307643057
483278328
734454128
667889234
921390407
252182386
475024574
855813562
108024612
84892653
925673632
526998631
287287950
85695159
281907263
631195014
414134968
378625676
397428088
111368367
455923445
189666047
327471516
646722087
309668042
855412910
403490845
906115672
447661653
813711389
85695159
417298950
126506916
584026653
439953783
662268132
443736885
112465988
633967037
341044909
288348704
627699776
714836582
74390054
635903905
249998290
417298950
626980296
687258950
584026653
13549321
21621233
434846822
664041341
623249372
422199570
249747738
422199570
831753012
434846822
976058480
813711389
773390309
295792670
445122209
886284085
617442069
190616833
550108197
112465988
34965364
884673890
552829129
825302800
190616833
960946997
397428088
852130370
65238396
204822985
181376343
138032090
790913473
946424064
602994106
2863800
985109687
418673949
721975605
765157636
105931911
278308006
484284494
464
912672272
747491680
74390054
395938680
129841029
182249464
701963897
204822985
979267029
307932198
818523903
37987974
838343937
796838348
613481307
84338149
460626168
108024612
420797376
466345421
518463340
559323106
708979424
443736885
131433894
94369653
196522211
30044105
189829723
762216030
610197265
145960493
51786069
287170824
936943972
379707946
519017766
585590679
995856092
475227544
916099226
185657162
187295563
556662046
758988660
613669977
994389853
891219854
679096814
583842224
417298950
