108024612
574334808
76509215
131281447
1643850
16121681
579056852
593520901
778819281
831645340
834144544
37555440
418673949
720695445
417298950
597154336
322449846
507098873
203176942
383111973
887574746
484284494
422199570
199072339
593520901
505598124
130769213
15428241
919526076
401051232
548591251
985109687
624529402
32675805
679434584
420830147
222886258
481187155
107189439
963725447
280700684
838991493
318639296
35350385
864204679
664041341
552829129
875176145
327371063
223092232
883376533
576648372
475227544
842588599
867493413
738842917
871049224
655936493
880406036
184290913
112327916
872449640
114585506
460626168
204822985
499684943
759982951
193982459
323838540
979584621
786995481
104734040
617442069
467563415
864549750
237637516
376258141
852130370
79497347
546473176
111688013
707194877
349621914
624798357
189829723
277406
250948069
237637516
172015257
224838063
999337751
322449846
464175920
84892653
626980296
914662415
548566290
35350385
964747754
24932552
887574746
20701369
134580960
204371028
517868138
356785008
107088222
195240529
646722087
468637091
399357069
113690971
836574031
736326660
32303314
374161201
139211881
249747738
816960171
213115897
472762496
792269689
618797002
619937564
765160615
776470834
270126934
762187045
224838063
338909379
876164635
656459217
385136789
570426303
112327916
376258141
137973718
721037616
197092827
144187092
447661653
327371063
740825558
573853988
41695932
397428088
247949698
136399132
588972586
602264293
77919584
647047173
383048645
853452112
256022137
946424064
838991493
356785008
617442069
458000718
398829147
285503657
618797002
540297205
900350572
647754346
628364885
533406805
185657162
376155775
724375904
114585506
826095316
536915943
664041341
464130030
653559960
452931100
629369787
909777886
309668042
736847158
770199552
175366972
32675805
926535566
765157636
919526076
403490845
736510863
946834436
838343937
383048645
735264271
224838063
709882720
530295130
765157636
158015844
97712284
311328575
711860289
793284783
830466173
784699635
241406032
778558368
623249372
872449640
465205697
63184164
967888862
536358444
214168237
942700362
881380669
533406805
128387025
475024574
946834436
919985883
977263635
230167462
403850746
196522211
969337653
735922867
403302687
449260724
145890174
39184418
241233800
525285803
332101361
59374023
108011723
574334808
845387670
282720427
63184164
732143989
443597894
936126209
926535566
381531565
637755348
403850746
936431990
602994106
374017416
495520555
277406
811972686
423843513
134580960
39184418
285255663
876164635
678425512
819469693
704795596
761580512
731834194
464
147116842
882031166
623991173
392550883
718704342
85695159
340061190
357202610
667889234
395938680
574334808
861588922
483278328
588972586
548566290
69363250
881380669
794384362
140784823
595526695
519538951
605597105
239711587
281907263
570285459
631195014
765157636
953813183
374161201
595526695
344389456
658541536
184290913
203176942
414983328
376258141
449260724
15428241
773390309
206488850
228319153
107088222
964747754
924485773
637553126
556800210
139961378
788224454
75530500
766732961
318639296
731755933
467112260
407109080
240010151
151368137
701963897
648614096
362908497
287170824
475024574
867892449
732143989
686018209
558595251
831645340
830466173
738842917
88642883
593520901
390073365
213553662
82705155
784975348
855412910
165195038
466345421
678425512
517551503
114784526
102068122
319744458
597202555
69363250
144742734
303628926
625265617
465205697
982596831
479163511
24622994
439953783
724375904
918249125
852164141
306809179
273324794
43314504
530295130
18622729
362844511
89879863
189798055
75530500
306809179
831337681
221582475
10822551
690156289
975110671
847755172
32303314
340061190
524040173
495257551
765907230
996632904
781011039
623291586
41695932
139211881
613669977
826229632
184290913
697532229
446160998
105931911
490131942
793284783
969337653
786995481
412120312
35350385
480868614
328145649
209672200
963350393
483278328
552305014
796838348
656459217
210013728
628364885
338909379
860043908
37555440
134987030
378108092
847316646
52809943
289228907
27812810
559323106
912672272
573691420
361416987
466345421
976058480
748292074
761334545
307995464
373096203
41523475
914662415
953813183
104734040
852255821
89400373
967767811
249998290
124493242
36763615
12
106300916
455668032
13549321
222886258
88759760
149649983
34039796
433542198
648614096
926535566
972755454
928786254
421543814
241406032
7955177
94369653
415478972
985109687
250948069
765160615
701963897
888350983
613669977
767399169
398829147
76494355
60484575
597154336
585218121
569470941
692154973
619937564
686018209
978522840
619937564
159299135
332785207
929455255
437837229
831645340
218575402
131433894
635525652
227157946
33884623
852255821
608577145
365627250
838991493
306809179
402608937
304992018
664041341
374161201
759982951
994389853
189829723
336689430
702573558
826095316
853452112
587591221
372497279
24932552
919075180
412120312
276956765
922633022
767399169
896186078
809818570
864204679
190854494
767399169
36763615
63184164
356785008
861588922
104734040
852130370
658541536
313257847
102068122
193982459
711860289
37869711
13549321
32849325
135665485
995856092
954462244
686018209
409826986
828034392
767620857
141168026
65238396
906292307
240010151
397428088
55182949
773390309
503820754
344389456
721975605
777572888
714836582
492568652
983360487
347196929
286240445
588972586
916099226
149649983
449260724
87969336
35350385
977263635
111483022
749819839
789494345
263204545
637755348
127742572
252182386
420830147
490131942
253860466
417298950
236335060
841334404
460626168
239128418
517551503
94369653
575448170
193982459
189666047
479163511
784975348
852255821
16121681
768245746
197092827
868348682
172213037
97712284
189657881
762187045
722934929
533406805
487099360
35170360
731755933
704727181
278876964
309668042
909274482
199112066
707194877
772811863
167570563
491019902
765907230
736519180
329641466
548566290
628364885
422199570
816960171
383416376
861588922
593279641
788725841
690070739
273324794
33596459
995560954
53151401
32849325
84892653
280700684
420797376
475024574
578306226
395938680
84338149
361352651
51786069
517551503
557920410
963350393
511221908
287287950
852130370
327471516
312148230
33596459
330071010
250948069
881740092
101504078
102068122
373096203
832685190
755777638
47381761
70015622
465205697
69363250
32849325
578306226
606169660
490906417
106300916
332785207
75530500
942700362
883376533
536798389
307995464
813711389
678425512
736847158
919075180
51786069
570285459
921390407
421041684
625265617
213115897
953813183
431408584
269613473
475227544
261759063
69103419
982596831
979267029
884673890
430270838
189657881
518985435
311328575
385136789
720695445
357202610
476923434
7955177
791774074
791774074
734454128
376155775
385136789
76509215
243521934
410134433
623949819
187295563
452861919
556726604
285214848
625265617
111368367
467563415
230963282
247604231
606169660
637755348
852164141
287170824
711860289
199325060
307019180
35595243
602994106
134580960
108011723
527540091
684104189
495520555
149649983
767399169
687258950
356785008
307932198
495520555
124493242
599417764
892441523
234282809
0
253393837
230963282
617442069
320728746
246278083
70
230963282
398829147
828034392
537035223
558595251
852255821
855412910
231457238
231457238
569470941
210013728
883376533
204371028
711860289
508934685
839372857
737412896
139211881
18125686
684104189
465335030
779633616
631478588
138032090
778697735
383416376
158015844
327371063
656459217
356785008
307019180
347196929
933183432
908271185
817103486
234282809
139211881
990762409
106300916
842588599
585218121
189666047
452931100
1643850
994389853
63184164
708979424
237637516
399357069
940957974
397488369
263220089
16121681
976058480
599417764
762576281
69363250
286328913
395857789
831337681
531469135
439953783
307019180
455721432
145960493
767620857
592208081
307019180
501828469
322449846
445122209
246642437
881380669
748247357
111688013
128387025
36763615
755945731
936431990
575448170
277406
929455255
105931911
593564493
128387025
626980296
790379170
824194785
144187092
644101284
464
736847158
271875151
472762496
403850746
56256163
762187045
35595243
941774625
570285459
230942524
59374023
300896853
182249464
263220089
517868138
374161201
694667706
286240445
499684943
56786081
736847158
10822551
255000093
346080920
694667706
996632904
443597894
522267392
873422790
149649983
247949698
94369653
756413704
974144817
933183432
608577145
144742734
173589785
172015257
742524287
190616833
623949819
191406932
790913473
570206979
734454128
184468197
199325060
204371028
789462322
124493242
731313009
948499923
439953783
221582475
714636987
277406
480868614
149649983
86500094
987771564
223103478
468637091
595526695
990512790
954462244
184290913
783223419
259652716
919526076
610197265
919526076
679434584
921390407
971627337
273324794
645586000
181835744
759789637
650949484
767399169
593520901
696109953
647047173
731834194
556800210
328145649
507098873
361416987
501828469
951496448
138032090
307019180
973318583
495257551
23293441
297414236
501828469
501441117
966207396
711860289
88642883
936943972
403302687
603200267
120947481
89400373
570206979
327471516
495257551
999337751
843375293
584026653
595526695
240010151
215590841
766732961
849822598
994389853
361352651
650949484
900350572
430270838
414983328
376105755
969526694
891133711
513759199
566411635
47381761
403302687
7851385
286328913
239128418
228779710
135665485
790379170
791497947
977263635
455721432
548591251
978522840
256022137
97712284
977263635
813907809
755945731
307643057
977263635
977263635
204371028
672287509
775558237
963350393
139775802
755777638
468637091
726572635
579056852
683560664
941774625
715191088
868348682
570285459
159299135
263220089
855412910
765157636
196522211
495257551
631195014
778697735
696109953
106300916
778819281
407343359
383048645
467563415
835876667
969337653
475986985
974144817
559323106
624945048
223092232
805059420
280700684
445160124
172015257
583842224
518342384
118648071
921390407
34965364
390073365
483278328
162573152
920220074
275454214
517184953
624945048
395592428
770199552
556662046
94369653
347196929
507098873
239711587
559338716
721975605
784975348
414134968
657623354
655936493
146453536
906292307
558595251
733172875
68685121
52809943
26794290
886062618
641824951
173589785
624798357
34039796
442978422
967767811
480868614
679096814
262827672
602264293
880406036
721975605
230963282
570285459
402608937
357202610
650949484
288348704
403490845
592208081
559338716
771120427
818523903
107189439
587794119
536798389
374017416
855412910
287170824
385136789
575448170
418673949
928786254
222886258
739713641
831246000
650949484
538544073
414983328
139211881
15428241
228319153
420797376
204371028
702573558
626235795
24622994
826095316
131281447
792269689
752595838
226632348
531469135
352148949
255730595
13549321
102969688
285214848
410134433
551341849
920220074
229563107
269613473
307019180
33596459
743280842
626980296
138427074
598993768
111483022
855813562
556662046
128387025
26794290
204822985
230942524
189829723
896927309
713281639
849822598
650949484
24932552
623991173
341044909
250948069
210013728
714636987
332853516
552829129
834144544
362844511
219357613
662169857
779633616
715191088
309668042
537359581
912672272
147116842
110470243
35595243
613481307
749819839
319744458
107189439
7851385
93759851
696109953
420830147
95916270
108631928
381531565
501441117
501617732
407343359
82705155
422199570
627491224
783223419
595526695
710369438
77919584
585590679
60484575
37987974
732794786
588972586
378625676
575434937
825302800
887574746
159299135
710369438
89400373
526998631
289228907
223092232
252182386
24932552
884673890
613481307
56786081
3498
257240762
224437452
994389853
838048583
988095665
33884623
647047173
128387025
732143989
646722087
222886258
107189439
548566290
303628926
818523903
741534876
530295130
428905718
490906417
882031166
422199570
741534876
311328575
409826986
599417764
230167462
162573152
793579441
593279641
113690971
775799043
196522211
972755454
56786081
30912584
218575402
936431990
35170360
914662415
215590841
483278328
327371063
464841360
401606075
307019180
990512790
282720427
349621914
916099226
20701369
249747738
704727181
205317049
139961378
153577410
228779710
276956765
259652716
679096814
849822598
979267029
480868614
831645340
490131942
217326067
507098873
653559960
741010609
834144544
7851385
156718647
518463340
831645340
374161201
182249464
138568893
855412910
642806054
242595933
867489946
718704342
569470941
624422906
47381761
278876964
771120427
831753012
347196929
784699635
931681045
906292307
303550162
995560954
762216030
376258141
953422530
916099226
26794290
143875668
788725841
181835744
733172875
376155775
172015257
618797002
135665485
575448170
686018209
311945831
784699635
873422790
583842224
627491224
969337653
996632904
879826418
739713641
867892449
465335030
762576281
111368367
280700684
526998631
618797002
449260724
75530500
437837229
619937564
538544073
490131942
597819440
518342384
127219694
218575402
191975677
480509408
945744177
82705155
826095316
757209190
841334404
47381761
84354523
883376533
613669977
828034392
446160998
736519180
163495542
653987136
373096203
779633616
540297205
29572
637936945
875176145
794384362
273324794
395857789
113605083
124493242
574334808
12
420830147
619937564
968454188
111710038
759982951
428905718
996632904
619937564
182249464
919985883
183512557
558595251
678425512
817103486
617442069
575434937
816960171
679434584
87969336
249747738
223287573
533406805
778819281
919075180
839372857
969526694
347196929
269613473
720695445
816687376
867489946
873422790
667889234
181376343
994389853
199112066
623291586
393968570
588972586
105931911
593279641
679434584
362844511
901713712
100198760
741534876
687794317
794384362
619126475
32303314
874718708
452365341
181376343
43314504
160318303
465335030
658058820
756413704
427022397
111483022
501617732
397428088
114585506
84338149
533406805
715955697
97712284
82705155
811972686
227157946
964747754
135559151
976058480
635903905
491149461
221582475
690156289
852130370
595526695
2863800
909777886
257240762
854261138
437837229
708979424
307019180
788725841
731755933
108011723
316531006
505598124
523087218
988095665
159299135
496735408
158015844
443736885
576648372
831246000
13570662
491149461
692154973
271875151
495520555
52809943
162573152
876164635
720695445
849822598
136399132
145890174
759789637
327471516
575607316
574334808
199072339
120947481
559669444
35595243
330071010
597202555
344389456
929455255
592208081
74390054
395592428
637936945
358083579
185687638
570426303
182249464
768245746
30912584
23518062
791497947
242595933
332101361
866820385
162437211
89400373
420830147
849289327
330071010
376105755
410134433
722934929
855412910
978522840
298554491
170435901
7851385
658058820
34039796
838343937
113690971
23293441
471209904
849289327
816687376
181376343
191406932
472762496
153577410
513759199
841334404
847316646
5687685
517868138
328145649
662705455
54989750
535244563
336689430
307019180
277406
26794290
134580960
285214848
495997120
228779710
597819440
352148949
15428241
100143425
736326660
273324794
715191088
108631928
928786254
633967037
249747738
859290324
397488369
686018209
143875668
361352651
63824976
941774625
495520555
69703358
349067165
640257690
328145649
316531006
395221783
637553126
32303314
599417764
559669444
23293441
956135249
379707946
711860289
637936945
570285459
585218121
175735665
145960493
50076983
276956765
624529402
491149461
102969688
410032897
886284085
662268132
794999444
535244563
770199552
996632904
376258141
801020278
407109080
909777886
749819839
852164141
559338716
975110671
476230736
575542246
736519180
24622994
951496448
113605083
112465988
618797002
881740092
430270838
559323106
704795596
397488369
182249464
742524287
30912584
781011039
694667706
615432625
223103478
832685190
224150324
552829129
87969336
257544294
720695445
873422790
855813562
340061190
407109080
990762409
867493413
336688638
715955697
217326067
401606075
195240529
945744177
223287573
30354738
513759199
625265617
861588922
399357069
386604314
537035223
862887640
234282809
255000093
570249560
107189439
999337751
414983328
481187155
145654936
920220074
773390309
403850746
43674233
167570563
778697735
811886798
559669444
741534876
30044105
403302687
59374023
241406032
30044105
347196929
838991493
762576281
686018209
942700362
35595243
662705455
50076983
533236650
919985883
931681045
73735577
213553662
346080920
410134433
332785207
372497279
662169857
95916270
710369438
969337653
398829147
276956765
361352651
874718708
574334808
32303314
12
896927309
140013059
401606075
741010609
247949698
422199570
826229632
646722087
402196674
256022137
407343359
206488850
455668032
167570563
892666451
631195014
874718708
65238396
884673890
189657881
54989750
37555440
105573450
239711587
770199552
445160124
830466173
920220074
269613473
740825558
182249464
924485773
910309862
891133711
131433894
791774074
909777886
30116674
994389853
786995481
747491680
477833809
452365341
859290324
627491224
597819440
19190269
240010151
262827672
852255821
170435901
144742734
762576281
536915943
37869711
223103478
936126209
449260724
70015622
707194877
816687376
138032090
535244563
641824951
821850609
172213037
138427074
312148230
32849325
635525652
228779710
593564493
63184164
908271185
402608937
307995464
437837229
186659715
395592428
724375904
602994106
505598124
269431268
859290324
95916270
733817613
311945831
551341849
253393837
731313009
946834436
556662046
551341849
733817613
631195014
470789385
443597894
948499923
30116674
501441117
975110671
447134763
629592403
999065754
872449640
105931911
452861919
399030270
972755454
399357069
999337751
597154336
665084518
867489946
326000829
383111973
867892449
470789385
587591221
547140105
483278328
794431726
517829203
765157636
162437211
63184164
436459259
946834436
32303314
953813183
916099226
464
490131942
964747754
335662137
311510743
559323106
789494345
467112260
394576735
570206979
766732961
942700362
146002779
189666047
617463022
896186078
929455255
766732961
7955177
30116674
306529928
352148949
630851826
683560664
105931911
731834194
854261138
707194877
112804406
536358444
436459259
517868138
68685121
917703369
517551503
230942524
722934929
430270838
610830865
175366972
465335030
111710038
379552804
295792670
994389853
332101361
376155775
307932198
427419327
966207396
794384362
624945048
511221908
280700684
417298950
15428241
942700362
631478588
407343359
684104189
852130370
686636285
73735577
239128418
481187155
667889234
637755348
23293441
623949819
887564709
20701369
855412910
936126209
793579441
186659715
108024612
775558237
772624397
102969688
575448170
575607316
491019902
427022397
253860466
482563236
213365808
756413704
959779312
678425512
831753012
59374023
704795596
786995481
979267029
618797002
2
838343937
772624397
831753012
992609201
733172875
26794290
270126934
320728746
254265452
480868614
625265617
931681045
573853988
241233800
640257690
191406932
558595251
830466173
193982459
696109953
540297205
332785207
243434610
399030270
709882720
173589785
629369787
145654936
584120066
919526076
603200267
777572888
460626168
182249464
771120427
243521934
303550162
836574031
831753012
505598124
809818570
386604314
741010609
442978422
303628926
136399132
831645340
15428241
349621914
608577145
540297205
113690971
646722087
111368367
184468197
309668042
953422530
914662415
678425512
567475424
517184953
210013728
21621233
407109080
662169857
724375904
307932198
883376533
999065754
110079406
533406805
223103478
415478972
610197265
52809943
287170824
552305014
287170824
464130030
862887640
135665485
573691420
307995464
747491680
979267029
111368367
658541536
887574746
762187045
297414236
189829723
708979424
113605083
358083579
714636987
68685121
490906417
532697525
914662415
923383292
320728746
488206496
527540091
32675805
383111973
393968570
108631928
298554491
847755172
973318583
635903905
816960171
230167462
816960171
778558368
114784526
137973718
832685190
357202610
687258950
854261138
249747738
95916270
111710038
881740092
994389853
323838540
920220074
403850746
306809179
767399169
991664089
517868138
779633616
925673632
704727181
602264293
89879863
137973718
765160615
974144817
24622994
724375904
490131942
480509408
892441523
642806054
824194785
286240445
838343937
755945731
136399132
513759199
805059420
931681045
418673949
992609201
803404257
778697735
830466173
548591251
134580960
450650461
866256661
917703369
55182949
37987974
505598124
112465988
527540091
990512790
871049224
465205697
626980296
262827672
909274482
433542198
209672200
527540091
26775865
395592428
332101361
18622729
30354738
34039796
720695445
793284783
956135249
287287950
191887754
55182949
145890174
963725447
468978104
501441117
332853516
341044909
761580512
637755348
139961378
838991493
969526694
12
241233800
402196674
978522840
326000829
263220089
422199570
240010151
817103486
37555440
517184953
381531565
134580960
107189439
185687638
341044909
341044909
464841360
262827672
481187155
213553662
439953783
184290913
189666047
229156641
761580512
435511466
467112260
791497947
234282809
32849325
771120427
394470008
597202555
249998290
718704342
605597105
213553662
318639296
468978104
84892653
223092232
257240762
140013059
569470941
434846822
144187092
280700684
30044105
156718647
771120427
778697735
106300916
857812393
874718708
842588599
480509408
372497279
765157636
791497947
50076983
908271185
637553126
863915489
407796534
595526695
838343937
924485773
327371063
771120427
104734040
608577145
77919584
883376533
86500094
627491224
167116548
733172875
53151401
642806054
593520901
229563107
852164141
990512790
464
24932552
522924004
517184953
874718708
488206496
758988660
134987030
941699727
518342384
312148230
941774625
777572888
710369438
160318303
598993768
33596459
111483022
385136789
914662415
888256071
876164635
73735577
31781368
344389456
624945048
464175920
617442069
455923445
834144544
991664089
374017416
994389853
7955177
120947481
410134433
796615351
107088222
394576735
742195507
307995464
189666047
775558237
838343937
190854494
990762409
867892449
778558368
193982459
680411490
684104189
892441523
724375904
925673632
134580960
497818428
658541536
570249560
791774074
658058820
123620711
151368137
733817613
35672991
455721432
69703358
989340132
517829203
229156641
653987136
383048645
679096814
118648071
415618184
182249464
271875151
443983391
964747754
969337653
578306226
742195507
31781368
34039796
464130030
0
204088800
874757310
497818428
602994106
721037616
362844511
618797002
629592403
552829129
522924004
817103486
26794290
796615351
401606075
495257551
53151401
792269689
15621481
181835744
475986985
319744458
126506916
468761331
358083579
395221783
774632396
127742572
835876667
378625676
376258141
811972686
213365808
51786069
23518062
439953783
30985414
916099226
300176361
493152611
234282809
104734040
241233800
596428717
280354820
30354738
401606075
973318583
464841360
465205697
734454128
715191088
842588599
39184418
255730595
778697735
385136789
238605402
199112066
421815990
427419327
752595838
262827672
770199552
793284783
491019902
775799043
946836235
809818570
89400373
464
610830865
852255821
817103486
0
82705155
273324794
788725841
989767840
165195038
35350385
280354820
130769213
242595933
818523903
946834436
908271185
592208081
3498
959779312
682728011
941699727
816960171
566411635
491149461
966207396
794999444
973298921
3498
867489946
570249560
817103486
749819839
704727181
755777638
140013059
102969688
386604314
39184418
344389456
210013728
887564709
0
951968619
30985414
866820385
507098873
995856092
588972586
361352651
491149461
768245746
111368367
587591221
336689430
223103478
831337681
187295563
376155775
134707356
241233800
31781368
145960493
527540091
247604231
953422530
781011039
739713641
536798389
828034392
41695932
991664089
597202555
285214848
436459259
313257847
84338149
230963282
867493413
30985414
925673632
779633616
471209904
88759760
349067165
427419327
69103419
963725447
629369787
789462322
50076983
269640574
249998290
273324794
635525652
307995464
237637516
656459217
995560954
146002779
259652716
559669444
704795596
771120427
626235795
59374023
596428717
755945731
662268132
678425512
447134763
23518062
361352651
108631928
537035223
162437211
533406805
131281447
297906736
868348682
149649983
30912584
637755348
995560954
613669977
429773903
222886258
755777638
936431990
160318303
300896853
523087218
942700362
82705155
989767840
230942524
285214848
191887754
803404257
196522211
530295130
599417764
144187092
491149461
156718647
625265617
978522840
376258141
728261734
134580960
606169660
662169857
455721432
479163511
238605402
204088800
403850746
127219694
281907263
50076983
86500094
311510743
376155775
110079406
978522840
191406932
417298950
213115897
914662415
715191088
994088034
124493242
475986985
648614096
311945831
395938680
940957974
130769213
165195038
443597894
403302687
374017416
887564709
468761331
762187045
575607316
906115672
295792670
285214848
838048583
832685190
576648372
535244563
678612461
788725841
610197265
637936945
926535566
550108197
813711389
133078782
994088034
902843132
994088034
599417764
33596459
882031166
537035223
36763615
838343937
624422906
313257847
298554491
336003586
75530500
219357613
108011723
567475424
992609201
147116842
665084518
578306226
748247357
447661653
88642883
123620711
249747738
224437452
838991493
501828469
852130370
784699635
597202555
253860466
472762496
51786069
243521934
107189439
255730595
852255821
464841360
942700362
163495542
114784526
859290324
990762409
210013728
690862370
403302687
757209190
801020278
464841360
825302800
151368137
51786069
27812810
909274482
832685190
358083579
852255821
102969688
181835744
236335060
909777886
230942524
874757310
263220089
961279863
907633081
19190269
741010609
158015844
421815990
73735577
686018209
423843513
468761331
189666047
936943972
617392640
648614096
0
569470941
635525652
994389853
427419327
867489946
111688013
213365808
845639889
358083579
379552804
960946997
916099226
104734040
139961378
690156289
556800210
427419327
548591251
493152611
635525652
710369438
214168237
108024612
721975605
352148949
658058820
435712688
880406036
989041023
113690971
417298950
349067165
401051232
721975605
311945831
112327916
402608937
567475424
569470941
421815990
924485773
838991493
114585506
778558368
537194827
423843513
922633022
240010151
919526076
771123837
527540091
929455255
518463340
112465988
428905718
761580512
513759199
655936493
306809179
365543751
909777886
199325060
327371063
690862370
713281639
570285459
397428088
332101361
778697735
239711587
243521934
361416987
650949484
341044909
909024253
825302800
940957974
902843132
230942524
362844511
230963282
445122209
832685190
395857789
860043908
482563236
249998290
181835744
973298921
569470941
262827672
24932552
973298921
88759760
435511466
204088800
599417764
762216030
112465988
662169857
931681045
984495171
875176145
501828469
60484575
464
255000093
376105755
136399132
788224454
209672200
662268132
43314504
401941856
792269689
909274482
548591251
483278328
2
224437452
922633022
189666047
775799043
772811863
107189439
587591221
112327916
5687685
770199552
82705155
189657881
250948069
158015844
105573450
641824951
74390054
415478972
886062618
277406
909024253
796615351
15428241
480509408
167570563
338909379
585218121
111710038
319744458
487099360
801020278
628364885
617392640
779633616
47197509
868348682
740825558
311510743
240010151
791497947
247604231
849289327
128387025
484284494
247604231
141168026
637553126
501617732
156718647
789494345
988095665
139211881
783223419
637755348
395857789
573853988
811886798
936431990
146672673
395938680
559338716
261655676
907633081
138032090
881380669
10822551
768245746
395857789
85695159
846645742
835876667
519017766
407796534
383048645
598993768
570249560
262827672
838048583
15428241
442978422
318639296
214168237
224437452
916099226
239711587
255730595
925673632
811886798
831246000
300176361
418673949
65238396
761580512
303628926
558595251
919075180
307019180
376105755
0
873744822
778697735
517551503
623249372
252182386
465335030
776470834
330071010
135559151
662268132
694667706
567475424
615432625
770199552
736963411
623291586
189829723
595526695
519538951
587591221
646722087
124493242
280354820
108631928
275454214
429773903
262827672
526998631
100198760
793284783
741010609
536798389
347196929
778558368
395592428
896186078
307932198
35350385
306529928
195240529
910309862
775558237
431408584
135665485
720695445
882031166
173589785
131281447
759789637
297414236
538544073
951968619
721037616
151368137
197092827
472762496
714836582
101504078
361416987
779633616
35672991
305852509
193982459
774632396
398829147
995856092
392550883
189798055
849289327
466345421
704727181
871049224
54989750
772811863
624529402
215590841
222886258
773390309
376258141
420797376
495257551
631195014
973318583
147116842
887564709
204088800
966207396
10822551
635903905
933183432
362908497
495520555
250948069
151524011
435511466
84979459
715191088
181376343
41523475
570206979
570426303
304992018
468637091
410032897
771123837
849822598
181376343
503820754
550108197
803404257
825302800
527540091
420797376
791497947
969337653
775558237
323838540
346080920
23518062
556662046
372497279
73735577
867489946
146002779
170435901
951968619
403302687
748292074
775558237
137973718
358083579
230794978
105931911
13549321
551341849
886284085
349621914
399357069
861588922
374017416
794431726
704727181
5687685
605597105
714636987
831645340
637755348
189657881
398829147
868348682
775799043
762187045
394470008
736519180
210013728
756413704
936431990
215590841
736510863
394470008
683560664
828034392
631195014
967767811
726715632
683560664
976058480
32303314
709882720
832685190
32303314
702573558
480868614
221582475
243434610
873744822
946834436
280700684
163495542
247949698
852130370
253860466
484284494
35170360
403490845
316531006
430270838
433542198
778952618
410134433
193982459
184290913
881380669
641824951
647754346
522924004
526998631
852255821
309668042
452365341
401051232
231457238
223092232
243434610
964747754
653559960
435511466
790379170
584120066
13570662
991664089
794431726
111710038
395221783
479163511
975110671
743280842
414983328
519017766
56256163
414134968
524040173
464175920
951496448
100143425
732143989
868348682
434846822
209672200
610197265
597202555
410134433
361352651
518463340
862887640
792269689
784975348
455923445
415618184
985109687
151368137
439953783
503820754
637553126
931681045
263204545
2
880406036
862887640
557920410
862887640
19190269
403490845
796615351
153577410
113690971
464175920
979267029
864549750
30116674
552829129
127742572
281907263
813711389
556726604
336689430
130769213
213115897
475024574
108631928
826095316
999337751
556301483
819469693
127219694
415618184
852164141
946834436
783223419
584026653
15621481
394470008
624945048
102969688
335662137
403490845
603200267
238605402
34965364
259652716
436459259
445122209
658541536
7851385
434363027
437837229
135665485
275454214
5687685
679096814
762576281
27812810
37987974
3498
481187155
919075180
714836582
282720427
966207396
144187092
843375293
298554491
724375904
738842917
556301483
230167462
395938680
278308006
186659715
501828469
874757310
209672200
307019180
149649983
346080920
971627337
383048645
519538951
395857789
87969336
566411635
285255663
721975605
204371028
816960171
271875151
383111973
111710038
778697735
231457238
229156641
51786069
26794290
365627250
282720427
736326660
759789637
789494345
860043908
32303314
847316646
13549321
458000718
114585506
206488850
912672272
199072339
796838348
536915943
257240762
590702977
412120312
403850746
175366972
882031166
114784526
452861919
409826986
436459259
395221783
466345421
338909379
658058820
613481307
715191088
181376343
213115897
231457238
307019180
627491224
223092232
886062618
241233800
926535566
259652716
888350983
653559960
184290913
734454128
134987030
434846822
831401262
584026653
756413704
276956765
401941856
277406
570206979
778697735
421543814
517868138
792269689
924485773
204371028
423843513
449260724
464841360
204371028
817103486
70
300896853
999065754
82705155
758988660
831246000
831337681
522924004
831753012
959779312
128387025
346080920
644101284
403490845
203176942
481187155
619126475
149649983
420643257
912672272
518342384
420830147
389009966
3498
414983328
108631928
261655676
736519180
971627337
487099360
190616833
239128418
619937564
270126934
813711389
7955177
796615351
991664089
886284085
372497279
990512790
255000093
475378343
209672200
54989750
336003586
653987136
838048583
414983328
642806054
497818428
29572
711860289
497818428
919526076
619937564
891219854
963725447
613481307
918249125
578306226
929455255
303550162
610830865
720695445
644101284
778558368
874757310
468978104
843375293
23518062
625265617
610197265
445122209
401941856
867489946
475986985
522924004
131281447
247604231
940957974
87969336
395938680
230942524
446160998
658619094
320728746
427022397
478029166
478029166
817103486
948499923
683560664
69351955
89879863
664041341
615432625
873422790
365627250
994088034
523087218
84338149
628364885
796838348
138032090
775558237
259652716
123620711
330071010
632287608
683560664
711860289
376155775
548566290
39184418
650949484
311510743
793284783
849822598
41695932
278876964
835876667
655936493
167116548
778697735
421543814
346080920
467112260
167570563
974144817
575607316
145654936
678612461
199325060
358083579
307995464
608577145
445122209
94369653
936126209
159299135
442978422
261759063
332101361
721975605
86500094
286328913
131281447
189829723
793579441
144742734
376155775
131433894
467112260
278308006
575542246
94369653
158015844
435712688
710369438
156718647
19190269
336003586
128387025
862887640
778697735
556662046
491019902
484284494
383416376
559323106
490906417
224838063
401051232
658541536
704727181
982596831
335635883
110079406
809818570
617442069
853452112
559338716
824194785
112327916
874757310
791774074
847316646
928786254
250948069
253860466
77919584
629592403
747491680
630851826
762576281
597154336
35595243
156718647
637553126
551341849
733817613
650949484
253860466
421815990
624945048
254265452
873422790
20701369
401606075
311328575
756413704
495520555
618797002
439953783
465335030
493152611
966207396
223103478
656459217
809818570
399357069
524040173
372497279
770199552
845387670
399030270
167570563
436459259
203176942
816687376
455923445
210013728
455721432
731834194
793579441
627491224
801020278
238605402
606169660
967767811
280700684
990512790
37555440
574334808
69103419
464841360
111483022
687794317
149649983
298732028
228779710
15621481
690862370
182249464
626235795
525285803
26794290
491019902
559323106
985109687
690862370
447661653
839372857
828034392
0
784975348
490131942
379707946
146453536
286240445
401606075
394470008
330071010
920220074
741534876
559338716
362844511
584026653
102068122
759789637
721037616
940957974
846645742
969526694
3498
332853516
191406932
153577410
522267392
624529402
946836235
690156289
969337653
134707356
465205697
213553662
278876964
590702977
230963282
963725447
619937564
324427572
443736885
522924004
575434937
874718708
205317049
100143425
924485773
480509408
617463022
658058820
816687376
757209190
143875668
306529928
482563236
214168237
914662415
866066900
656459217
445160124
466345421
137973718
803404257
871049224
328007285
158015844
276956765
181835744
794999444
556662046
336689430
519538951
418673949
960946997
826229632
467563415
455721432
236335060
79497347
687794317
111483022
250948069
336688638
35595243
864549750
327371063
686018209
446160998
144742734
762216030
540297205
134580960
362908497
433542198
946834436
994389853
29572
786995481
909024253
909024253
942700362
963725447
990512790
437837229
493152611
493152611
593520901
573853988
447134763
229563107
761580512
140013059
740825558
313257847
236335060
908271185
888256071
249747738
263204545
816687376
623249372
637553126
352148949
626980296
873422790
464130030
499684943
873422790
908271185
138568893
774632396
909024253
423843513
184290913
963350393
204822985
906292307
241406032
989767840
979584621
481187155
146453536
598993768
767620857
886284085
828034392
199072339
344389456
824194785
289228907
579056852
593520901
439953783
401941856
307643057
145654936
969337653
113690971
144187092
289228907
546473176
866066900
349621914
227157946
467563415
470789385
16121681
678612461
224150324
761334545
84338149
574334808
737412896
107189439
942700362
588972586
928850738
919075180
956135249
313257847
982596831
918249125
678612461
617442069
573853988
224838063
708979424
65238396
909777886
10822551
167116548
995856092
667889234
711860289
70
946424064
25816499
832685190
278308006
789494345
629369787
569470941
383111973
263220089
165195038
497818428
710369438
111710038
434363027
682728011
139775802
477833809
280700684
26794290
778697735
908271185
574334808
407109080
362844511
184468197
34039796
868348682
984495171
678425512
726572635
111688013
914662415
888256071
490131942
336003586
892666451
552829129
131280137
630851826
846645742
326000829
749819839
228319153
95916270
280354820
156718647
978522840
137973718
106300916
478029166
318639296
813711389
879826418
141168026
953422530
838991493
816687376
892441523
864549750
540297205
988095665
767399169
60484575
255000093
79497347
816960171
477833809
886284085
501828469
63184164
430270838
694667706
945744177
973318583
941699727
715955697
491149461
481187155
558595251
960946997
475986985
210013728
263220089
731755933
989041023
933183432
16121681
556800210
831401262
518463340
771120427
105931911
108631928
761334545
130769213
422199570
481187155
866256661
963350393
902843132
285214848
430270838
924485773
395221783
269640574
928850738
919985883
282720427
146002779
550852405
482563236
721037616
617463022
84354523
435511466
480868614
407343359
253860466
241233800
573853988
519538951
684104189
37555440
765160615
793284783
79497347
866066900
287287950
896274181
989767840
731313009
791774074
191975677
602264293
409826986
2863800
824194785
108011723
873422790
300896853
687794317
242595933
991664089
497818428
613481307
156718647
261655676
765160615
736519180
533406805
423843513
224838063
218575402
212324116
18125686
936943972
662705455
951968619
357202610
966207396
910309862
55182949
771123837
536915943
16121681
332853516
24622994
445160124
210013728
39184418
458000718
538544073
455668032
916099226
270126934
88642883
480509408
702573558
110470243
69703358
33884623
475986985
868906192
420830147
254265452
623949819
518342384
973301590
277406
112804406
686636285
238605402
704727181
263204545
104734040
679096814
929455255
111368367
253393837
133078782
349621914
535244563
146043990
610830865
376155775
914662415
278876964
407343359
849289327
105573450
697532229
482563236
133078782
340061190
597819440
276956765
672287509
602264293
286240445
720695445
987771564
766732961
559338716
718704342
335662137
794384362
683560664
280700684
920220074
162437211
159299135
874757310
732143989
280354820
306529928
735264271
403490845
768245746
386604314
112327916
184290913
758988660
929455255
873422790
536915943
941699727
658058820
470789385
721975605
95916270
240010151
945744177
199325060
860043908
347196929
249998290
710369438
24622994
2863800
79497347
89879863
640257690
70
452931100
731313009
789462322
332853516
131280137
623991173
304992018
409826986
32303314
247949698
104734040
736519180
817103486
642806054
223092232
569470941
811886798
181376343
559323106
478029166
495520555
88759760
537194827
811886798
298554491
778952618
923383292
436459259
759982951
724375904
598993768
891133711
593520901
747491680
967888862
415478972
1643850
646722087
551341849
397488369
888350983
253393837
900350572
304992018
631478588
667889234
887564709
278876964
597202555
735264271
484284494
533236650
306809179
821850609
794431726
85695159
984495171
491019902
88642883
811972686
606169660
263220089
433542198
452931100
884673890
285503657
573853988
147116842
0
819469693
901713712
230963282
114236457
94369653
24622994
376155775
501617732
210013728
736519180
191887754
85695159
43674233
263220089
280700684
876164635
839372857
732143989
253393837
702573558
1643850
849289327
399357069
465205697
234282809
748247357
931681045
236335060
420643257
559338716
886062618
736326660
257240762
480868614
69351955
773390309
236335060
352148949
623991173
886062618
570285459
403490845
694667706
318639296
421543814
967888862
772624397
175366972
570249560
821850609
690862370
736326660
679096814
447661653
610830865
402608937
326000829
917703369
219357613
816960171
217326067
144742734
617463022
397488369
393968570
784975348
326000829
830466173
421041684
51786069
867489946
259652716
468761331
16121681
940957974
395592428
786995481
735922867
522924004
114784526
144742734
826229632
421815990
145654936
923383292
942700362
107088222
112327916
249747738
222886258
721975605
566411635
617463022
871049224
508934685
399030270
818523903
224838063
246642437
475378343
280354820
819469693
427022397
925673632
30985414
657623354
928850738
275454214
533406805
936431990
403490845
570426303
199325060
414983328
975110671
683560664
133078782
392550883
379707946
984495171
2
223103478
184290913
68685121
35672991
312148230
928720127
175366972
276956765
662268132
107189439
493152611
431408584
868906192
873744822
162437211
259652716
93759851
507098873
129841029
401051232
276956765
940957974
287170824
790379170
575607316
838048583
757209190
26775865
146043990
395592428
748292074
518985435
128387025
647754346
428905718
647754346
619937564
249998290
144742734
476923434
395221783
684104189
736519180
493152611
490906417
906292307
517184953
361416987
476230736
831753012
731313009
409826986
445122209
460626168
13549321
989340132
852164141
378108092
376155775
69103419
409826986
55182949
445122209
882031166
928786254
775799043
79691915
111688013
736326660
726572635
855412910
488206496
476230736
13570662
445160124
532697525
63824976
996632904
678612461
556301483
56786081
446160998
158015844
135665485
658619094
247604231
736519180
30116674
167116548
137973718
819469693
790913473
896186078
309668042
775558237
738842917
56786081
0
811972686
139961378
535244563
578306226
983360487
481187155
35350385
56256163
12
916600824
918249125
30912584
503820754
7851385
954462244
887574746
811972686
311945831
376155775
357202610
575607316
916099226
129841029
906115672
792269689
994389853
278308006
531469135
133078782
357202610
824194785
273324794
362908497
324427572
133078782
185687638
111368367
297906736
204822985
13570662
230167462
262827672
715191088
683560664
491019902
537035223
863915489
831401262
599417764
748292074
876164635
968454188
570249560
191887754
397488369
936126209
593279641
16121681
415478972
271875151
307932198
783223419
845639889
533236650
33596459
7955177
421543814
383111973
421543814
237637516
886062618
633967037
184468197
395221783
189829723
433542198
584026653
584026653
107088222
550852405
559669444
465205697
665084518
26794290
790379170
230167462
159299135
75530500
575448170
768245746
906292307
243434610
499684943
637553126
836574031
524040173
629369787
34039796
910309862
803404257
606169660
79497347
566411635
414134968
153577410
491149461
15428241
182249464
690156289
991664089
796615351
720695445
608577145
47197509
34965364
282720427
15428241
585590679
224150324
736963411
868348682
191887754
874718708
281907263
56256163
295792670
84979459
909777886
715191088
816687376
361416987
989041023
963350393
690070739
381531565
249747738
536915943
672287509
21621233
533406805
376105755
731313009
847316646
704727181
576648372
874757310
149649983
838343937
617392640
76494355
189829723
431408584
346080920
573691420
206488850
784975348
421041684
275454214
394576735
401051232
907633081
714636987
653987136
12
645586000
13570662
805059420
170435901
590702977
999337751
144742734
974144817
813711389
134580960
552829129
569470941
765157636
133078782
15621481
771120427
467563415
573691420
428905718
896186078
50076983
403850746
447134763
757209190
868348682
966207396
536358444
238605402
437837229
973318583
395221783
107088222
536915943
484284494
162437211
556662046
916600824
196522211
841334404
18125686
93759851
556662046
637755348
874718708
909274482
742524287
436459259
789494345
770199552
131280137
107189439
830466173
476923434
212324116
378108092
222886258
65238396
738842917
796838348
435712688
488206496
87969336
253860466
945744177
183512557
873744822
246278083
418673949
574334808
969526694
536915943
627491224
37987974
468637091
246642437
227157946
70
20701369
816960171
409826986
206488850
114236457
455721432
916099226
559323106
146002779
690862370
69351955
349413214
140784823
410134433
626980296
403850746
149649983
230963282
996632904
399357069
181376343
231457238
189666047
75530500
415618184
864549750
778697735
778952618
584120066
657623354
647754346
906292307
31781368
361352651
479163511
100143425
908271185
999337751
338909379
964747754
597154336
43674233
175735665
989041023
241406032
401941856
789462322
662169857
610830865
811972686
623991173
559323106
422199570
79497347
641824951
466345421
919526076
186659715
917703369
778819281
242595933
721037616
24622994
984495171
767399169
407109080
7851385
467112260
991664089
761334545
735264271
138568893
13570662
13570662
270126934
218575402
928786254
259652716
240010151
491019902
642806054
817103486
641824951
859290324
721975605
570206979
243434610
84338149
777572888
606169660
855813562
982596831
632287608
445122209
624422906
817103486
948499923
257240762
495997120
421815990
383111973
247604231
205317049
575607316
475986985
289228907
114236457
27812810
24622994
831246000
228319153
696109953
982596831
762576281
896927309
679434584
522267392
615432625
392550883
796615351
452365341
907633081
880406036
658058820
874718708
476230736
23293441
931681045
23293441
626980296
101504078
249747738
942700362
303628926
32849325
303550162
361416987
447661653
811972686
794999444
347196929
919526076
241233800
361352651
618797002
130769213
138032090
888350983
76509215
772624397
32303314
319744458
946424064
124493242
570249560
888350983
658058820
39184418
966207396
726572635
633967037
736510863
442978422
946836235
145890174
933183432
158015844
3498
945744177
888350983
221582475
226632348
951496448
131433894
762187045
726715632
665084518
791497947
631478588
592208081
145890174
330071010
379707946
556800210
847316646
187295563
662169857
978522840
752595838
632287608
107189439
735922867
978522840
821850609
442978422
714636987
383111973
365627250
307643057
286240445
874718708
599417764
496735408
15621481
271875151
468637091
781011039
289228907
47381761
886062618
452931100
573691420
427419327
556800210
101504078
415618184
223103478
975110671
87969336
707194877
113690971
139211881
144187092
393968570
922633022
623249372
775558237
598993768
483278328
191975677
468761331
118648071
289228907
777769460
79691915
948499923
144187092
460626168
305852509
517868138
576648372
951968619
790913473
84354523
230942524
24932552
104734040
306809179
218575402
390073365
788725841
678612461
212324116
322449846
557920410
602994106
410134433
84354523
736963411
417298950
395857789
102969688
559669444
435712688
212324116
886062618
390073365
527540091
888256071
239128418
973301590
637553126
575542246
907633081
901713712
931681045
241233800
617392640
816687376
959779312
89879863
181835744
300176361
228779710
32849325
401941856
996632904
574334808
402196674
134580960
923383292
120947481
43674233
629369787
969337653
590702977
13570662
209672200
476923434
536358444
773390309
637755348
242595933
277406
830466173
136399132
849822598
163495542
75530500
414134968
587794119
629369787
896274181
376105755
418673949
113690971
737412896
300176361
585590679
684104189
285255663
191975677
327471516
629592403
624798357
131433894
227157946
230963282
229563107
990512790
923383292
559338716
852255821
412120312
891133711
595526695
322449846
319744458
672287509
530295130
941699727
247949698
70
101504078
475024574
386604314
447134763
792269689
158015844
731755933
138568893
765907230
193982459
778819281
518342384
990762409
330071010
936943972
476230736
755777638
472762496
701963897
491149461
849289327
434846822
420643257
778819281
758988660
864204679
788725841
631195014
120947481
326000829
319744458
358083579
56256163
989767840
868348682
362844511
517829203
182249464
230942524
650949484
13570662
307932198
941774625
876164635
135665485
417298950
909777886
270126934
726715632
257240762
376155775
665084518
831337681
250948069
605597105
816687376
735264271
389009966
35595243
803404257
138427074
35350385
570426303
32849325
737412896
362908497
423843513
777572888
626235795
525285803
349621914
657623354
686018209
615432625
77919584
229156641
849289327
507098873
875176145
107088222
197092827
570285459
252182386
39184418
570285459
128387025
757209190
995856092
338909379
434363027
648614096
397488369
167570563
871049224
275454214
31781368
891219854
886284085
548591251
959779312
23293441
466345421
420643257
447134763
63824976
241233800
599417764
640257690
47381761
776470834
881380669
838343937
818523903
573691420
209672200
618797002
662268132
217326067
578306226
472762496
147116842
437837229
271875151
617392640
536915943
465205697
56256163
631195014
468978104
307932198
587794119
918249125
13390661
206488850
720695445
138032090
518985435
146672673
1643850
446160998
282720427
747491680
31781368
7955177
963350393
603200267
503820754
635525652
69703358
834144544
864549750
690156289
602994106
338909379
401941856
517551503
24932552
794999444
714636987
538544073
536358444
794999444
646722087
664041341
623249372
190854494
110470243
134987030
129841029
393968570
704795596
204822985
967767811
430270838
131433894
307019180
111483022
788224454
120947481
559323106
966207396
984495171
191887754
447661653
503820754
34039796
328145649
26794290
861588922
868906192
550852405
452861919
852130370
383111973
742524287
280354820
134707356
167116548
213115897
891133711
697532229
680411490
735922867
273324794
627699776
770199552
239711587
584120066
503820754
971627337
702573558
575542246
884673890
199112066
143875668
852164141
831337681
892441523
465205697
853452112
849822598
43314504
206488850
887564709
914662415
460626168
575448170
285214848
37869711
752595838
672287509
886062618
765907230
909274482
307643057
256022137
517551503
817103486
813711389
140784823
261655676
537035223
647047173
811972686
714636987
257544294
196522211
648614096
617392640
653987136
834144544
151524011
641824951
340061190
175735665
464841360
378625676
491019902
230794978
43314504
831401262
102969688
383111973
43674233
475227544
173589785
306809179
762216030
124493242
531469135
130769213
84354523
578306226
567475424
195240529
635903905
866256661
75530500
226632348
34039796
187295563
357202610
867493413
892666451
887564709
983360487
167116548
770199552
593279641
114784526
788224454
772811863
757209190
999065754
774632396
849289327
79691915
765160615
662705455
619937564
262827672
219357613
875176145
849822598
624529402
26775865
407109080
39184418
646722087
437837229
76509215
50076983
831246000
53151401
646722087
50076983
625265617
505598124
395592428
349067165
587794119
721975605
105931911
443597894
336688638
790913473
635903905
145890174
503820754
550108197
891133711
7955177
270126934
399030270
94369653
793579441
742195507
845387670
617463022
36763615
647754346
737412896
246278083
241406032
821850609
153577410
376155775
617392640
796615351
907633081
757209190
967767811
445160124
100143425
307932198
335635883
173589785
597154336
433542198
376105755
887574746
421815990
217326067
381531565
946834436
792269689
961279863
138427074
886284085
556662046
297906736
490906417
511221908
690156289
39184418
724375904
843375293
583842224
918249125
508934685
442978422
182249464
496735408
826229632
328007285
874718708
625265617
427022397
936431990
213365808
429773903
499684943
503820754
475986985
352148949
936943972
393968570
641824951
252182386
619937564
552305014
963350393
742195507
15621481
731313009
127742572
918249125
519538951
597154336
831246000
576648372
76509215
269640574
692154973
286328913
330071010
156718647
253393837
637755348
407109080
26775865
442978422
324427572
623949819
852255821
30044105
875176145
421041684
190854494
818523903
145960493
657623354
134987030
624798357
879826418
234282809
527540091
307995464
883376533
181835744
831645340
420830147
433542198
403302687
648614096
33596459
287287950
789494345
845387670
114784526
989340132
230794978
437837229
447661653
536358444
483278328
468761331
718704342
239711587
953422530
447134763
592208081
433542198
158015844
107189439
242595933
559323106
790913473
421041684
599417764
765160615
134580960
7955177
255730595
713281639
219357613
790913473
26775865
884673890
617463022
230794978
884673890
610830865
374017416
270126934
344389456
332853516
839372857
13549321
