! 0
{"id":"124","type":"contests","op":"create","data":{"formal_name":"test","penalty_time":20,"start_time":"2021-07-08T02:06:01+02:00","end_time":"2021-08-08T02:06:00+02:00","duration":"743:59:59.000","scoreboard_freeze_duration":"696:00:00.000","id":"3","external_id":null,"name":"test","shortname":"test"},"time":"2021-07-07T19:29:19.500+02:00"}
{"id":"125","type":"judgement-types","op":"create","data":{"id":"AC","name":"correct","penalty":false,"solved":true},"time":"2021-07-07T19:29:19.512+02:00"}
{"id":"126","type":"judgement-types","op":"create","data":{"id":"CE","name":"compiler error","penalty":true,"solved":false},"time":"2021-07-07T19:29:19.532+02:00"}
{"id":"127","type":"judgement-types","op":"create","data":{"id":"MLE","name":"memory limit","penalty":true,"solved":false},"time":"2021-07-07T19:29:19.535+02:00"}
{"id":"128","type":"judgement-types","op":"create","data":{"id":"NO","name":"no output","penalty":true,"solved":false},"time":"2021-07-07T19:29:19.537+02:00"}
{"id":"129","type":"judgement-types","op":"create","data":{"id":"OLE","name":"output limit","penalty":true,"solved":false},"time":"2021-07-07T19:29:19.539+02:00"}
{"id":"130","type":"judgement-types","op":"create","data":{"id":"PE","name":"presentation error","penalty":true,"solved":false},"time":"2021-07-07T19:29:19.540+02:00"}
{"id":"131","type":"judgement-types","op":"create","data":{"id":"RTE","name":"run error","penalty":true,"solved":false},"time":"2021-07-07T19:29:19.543+02:00"}
{"id":"132","type":"judgement-types","op":"create","data":{"id":"TLE","name":"timelimit","penalty":true,"solved":false},"time":"2021-07-07T19:29:19.545+02:00"}
{"id":"133","type":"judgement-types","op":"create","data":{"id":"WA","name":"wrong answer","penalty":true,"solved":false},"time":"2021-07-07T19:29:19.548+02:00"}
{"id":"134","type":"languages","op":"create","data":{"id":"c","name":"C","extensions":["c"],"allow_judge":true,"time_factor":1,"require_entry_point":false,"entry_point_description":null},"time":"2021-07-07T19:29:19.553+02:00"}
{"id":"135","type":"languages","op":"create","data":{"id":"cpp","name":"C++","extensions":["cpp","cc","cxx","c++"],"allow_judge":true,"time_factor":1,"require_entry_point":false,"entry_point_description":null},"time":"2021-07-07T19:29:19.556+02:00"}
{"id":"136","type":"languages","op":"create","data":{"id":"csharp","name":"C#","extensions":["csharp","cs"],"allow_judge":true,"time_factor":1,"require_entry_point":false,"entry_point_description":null},"time":"2021-07-07T19:29:19.560+02:00"}
{"id":"137","type":"languages","op":"create","data":{"id":"java","name":"Java","extensions":["java"],"allow_judge":true,"time_factor":1,"require_entry_point":false,"entry_point_description":"Main class"},"time":"2021-07-07T19:29:19.561+02:00"}
{"id":"138","type":"languages","op":"create","data":{"id":"pl","name":"Perl","extensions":["pl"],"allow_judge":true,"time_factor":1,"require_entry_point":false,"entry_point_description":"Main file"},"time":"2021-07-07T19:29:19.564+02:00"}
{"id":"139","type":"languages","op":"create","data":{"id":"python3","name":"Python 3","extensions":["py3"],"allow_judge":true,"time_factor":1,"require_entry_point":false,"entry_point_description":"Main file"},"time":"2021-07-07T19:29:19.568+02:00"}
{"id":"140","type":"languages","op":"create","data":{"id":"sh","name":"POSIX shell","extensions":["sh"],"allow_judge":true,"time_factor":1,"require_entry_point":false,"entry_point_description":"Main file"},"time":"2021-07-07T19:29:19.570+02:00"}
{"id":"141","type":"problems","op":"create","data":{"ordinal":0,"short_name":"A","id":"1","label":"A","time_limit":5,"externalid":"hello","name":"Hello World","test_data_count":1},"time":"2021-07-07T19:29:19.583+02:00"}
{"id":"142","type":"problems","op":"create","data":{"ordinal":1,"short_name":"b","id":"2","label":"b","time_limit":5,"externalid":"fltcmp","name":"Float special compare test","test_data_count":3},"time":"2021-07-07T19:29:19.586+02:00"}
{"id":"143","type":"problems","op":"create","data":{"ordinal":2,"short_name":"c","id":"3","label":"c","time_limit":5,"externalid":"boolfind","name":"Boolean switch search","test_data_count":1},"time":"2021-07-07T19:29:19.588+02:00"}
{"id":"144","type":"groups","op":"create","data":{"hidden":true,"icpc_id":"1","id":"1","name":"System","sortorder":9,"color":"#ff2bea"},"time":"2021-07-07T19:29:19.594+02:00"}
{"id":"145","type":"groups","op":"create","data":{"hidden":false,"icpc_id":"2","id":"2","name":"Self-Registered","sortorder":8,"color":"#33cc44"},"time":"2021-07-07T19:29:19.597+02:00"}
{"id":"146","type":"groups","op":"create","data":{"hidden":false,"icpc_id":"3","id":"3","name":"Participants","sortorder":0,"color":"#ffc7ce"},"time":"2021-07-07T19:29:19.600+02:00"}
{"id":"147","type":"groups","op":"create","data":{"hidden":false,"icpc_id":"4","id":"4","name":"Observers","sortorder":1,"color":"#ffcc33"},"time":"2021-07-07T19:29:19.603+02:00"}
{"id":"148","type":"groups","op":"create","data":{"hidden":true,"icpc_id":"5","id":"5","name":"Organisation","sortorder":1,"color":"#ff99cc"},"time":"2021-07-07T19:29:19.604+02:00"}
{"id":"149","type":"organizations","op":"create","data":{"icpc_id":"3","shortname":"UECCI","id":"3","name":"UECCI","formal_name":"GPC - UNIECCI","country":"COL"},"time":"2021-07-07T19:29:19.610+02:00"}
{"id":"150","type":"teams","op":"create","data":{"externalid":null,"group_ids":["1"],"affiliation":null,"nationality":null,"id":"1","icpc_id":null,"name":"DOMjudge","organization_id":null,"members":null},"time":"2021-07-07T19:29:19.616+02:00"}
{"id":"151","type":"teams","op":"create","data":{"externalid":null,"group_ids":["3"],"affiliation":null,"nationality":null,"id":"2","icpc_id":null,"name":"Example teamname","organization_id":null,"members":null},"time":"2021-07-07T19:29:19.619+02:00"}
{"id":"152","type":"teams","op":"create","data":{"externalid":null,"group_ids":["3"],"affiliation":"GPC - UNIECCI","nationality":"COL","id":"3","icpc_id":null,"name":"ARTEMISA","organization_id":"3","members":null},"time":"2021-07-07T19:29:19.621+02:00"}
{"id":"153","type":"state","op":"update","data":{"started":null,"ended":null,"frozen":null,"thawed":null,"finalized":null,"end_of_updates":null},"time":"2021-07-07T19:29:19.624+02:00"}
{"id":"154","type":"contests","op":"update","data":{"formal_name":"test","penalty_time":20,"start_time":"2021-07-08T02:06:01+02:00","end_time":"2021-08-08T02:06:00+02:00","duration":"743:59:59.000","scoreboard_freeze_duration":"696:00:00.000","id":"3","external_id":null,"name":"test","shortname":"test"},"time":"2021-07-07T19:29:19.496+02:00"}


{"id":"155","type":"state","op":"update","data":{"started":"2021-07-07T19:32:56.000+02:00","ended":null,"frozen":null,"thawed":null,"finalized":null,"end_of_updates":null},"time":"2021-07-07T19:32:56.558+02:00"}
{"id":"156","type":"contests","op":"update","data":{"formal_name":"test","penalty_time":20,"start_time":"2021-07-07T19:32:56+02:00","end_time":"2021-08-08T02:06:00+02:00","duration":"750:33:04.000","scoreboard_freeze_duration":"696:00:00.000","id":"3","external_id":null,"name":"test","shortname":"test"},"time":"2021-07-07T19:32:56.556+02:00"}





!Connection closed normally after event 156

!Connecting at event 156




























!Connecting at event 156












































































































































































































































































































{"id":"157","type":"state","op":"update","data":{"started":"2021-07-07T19:32:56.000+02:00","ended":null,"frozen":"2021-07-07T20:03:12.000+02:00","thawed":null,"finalized":null,"end_of_updates":null},"time":"2021-07-07T20:03:12.290+02:00"}
{"id":"158","type":"contests","op":"update","data":{"formal_name":"test","penalty_time":20,"start_time":"2021-07-07T19:32:56+02:00","end_time":"2021-08-08T02:06:00+02:00","duration":"750:33:04.000","scoreboard_freeze_duration":"750:02:48.000","id":"3","external_id":null,"name":"test","shortname":"test"},"time":"2021-07-07T20:03:12.288+02:00"}
{"id":"157","type":"state","op":"update","data":{"started":"2021-07-07T19:32:56.000+02:00","ended":null,"frozen":"2021-07-07T20:03:12.000+02:00","thawed":null,"finalized":null,"end_of_updates":null},"time":"2021-07-07T20:03:12.290+02:00"}

!Connection closed normally after event 157

!Connecting at event 157
{"id":"158","type":"contests","op":"update","data":{"formal_name":"test","penalty_time":20,"start_time":"2021-07-07T19:32:56+02:00","end_time":"2021-08-08T02:06:00+02:00","duration":"750:33:04.000","scoreboard_freeze_duration":"750:02:48.000","id":"3","external_id":null,"name":"test","shortname":"test"},"time":"2021-07-07T20:03:12.288+02:00"}

!Connection closed normally after event 158


!Connecting at event 158









{"id":"159","type":"state","op":"update","data":{"started":"2021-07-07T19:32:56.000+02:00","ended":"2021-07-07T20:04:09.000+02:00","frozen":"2021-07-07T20:03:12.000+02:00","thawed":null,"finalized":null,"end_of_updates":null},"time":"2021-07-07T20:04:09.866+02:00"}

!Connection closed normally after event 159
{"id":"159","type":"state","op":"update","data":{"started":"2021-07-07T19:32:56.000+02:00","ended":"2021-07-07T20:04:09.000+02:00","frozen":"2021-07-07T20:03:12.000+02:00","thawed":null,"finalized":null,"end_of_updates":null},"time":"2021-07-07T20:04:09.866+02:00"}
{"id":"160","type":"contests","op":"update","data":{"formal_name":"test","penalty_time":20,"start_time":"2021-07-07T19:32:56+02:00","end_time":"2021-07-07T20:04:09+02:00","duration":"0:31:13.000","scoreboard_freeze_duration":"0:00:57.000","id":"3","external_id":null,"name":"test","shortname":"test"},"time":"2021-07-07T20:04:09.863+02:00"}

!Connecting at event 159
{"id":"160","type":"contests","op":"update","data":{"formal_name":"test","penalty_time":20,"start_time":"2021-07-07T19:32:56+02:00","end_time":"2021-07-07T20:04:09+02:00","duration":"0:31:13.000","scoreboard_freeze_duration":"0:00:57.000","id":"3","external_id":null,"name":"test","shortname":"test"},"time":"2021-07-07T20:04:09.863+02:00"}

!Connection closed normally after event 160

!Connecting at event 160










{"id":"161","type":"state","op":"update","data":{"started":"2021-07-07T19:32:56.000+02:00","ended":"2021-07-07T20:04:09.000+02:00","frozen":"2021-07-07T20:03:12.000+02:00","thawed":"2021-07-07T20:05:05.000+02:00","finalized":null,"end_of_updates":null},"time":"2021-07-07T20:05:05.521+02:00"}
{"id":"162","type":"contests","op":"update","data":{"formal_name":"test","penalty_time":20,"start_time":"2021-07-07T19:32:56+02:00","end_time":"2021-07-07T20:04:09+02:00","duration":"0:31:13.000","scoreboard_freeze_duration":"0:00:57.000","id":"3","external_id":null,"name":"test","shortname":"test"},"time":"2021-07-07T20:05:05.518+02:00"}
{"id":"161","type":"state","op":"update","data":{"started":"2021-07-07T19:32:56.000+02:00","ended":"2021-07-07T20:04:09.000+02:00","frozen":"2021-07-07T20:03:12.000+02:00","thawed":"2021-07-07T20:05:05.000+02:00","finalized":null,"end_of_updates":null},"time":"2021-07-07T20:05:05.521+02:00"}

!Connection closed normally after event 161

!Connecting at event 161
{"id":"163","type":"state","op":"update","data":{"started":"2021-07-07T19:32:56.000+02:00","ended":"2021-07-07T20:04:09.000+02:00","frozen":"2021-07-07T20:03:12.000+02:00","thawed":"2021-07-07T20:05:05.000+02:00","finalized":"2021-07-07T20:05:10.845+02:00","end_of_updates":null},"time":"2021-07-07T20:05:11.012+02:00"}
{"id":"164","type":"state","op":"update","data":{"started":"2021-07-07T19:32:56.000+02:00","ended":"2021-07-07T20:04:09.000+02:00","frozen":"2021-07-07T20:03:12.000+02:00","thawed":"2021-07-07T20:05:05.000+02:00","finalized":"2021-07-07T20:05:10.845+02:00","end_of_updates":"2021-07-07T20:05:10.845+02:00"},"time":"2021-07-07T20:05:11.015+02:00"}
{"id":"162","type":"contests","op":"update","data":{"formal_name":"test","penalty_time":20,"start_time":"2021-07-07T19:32:56+02:00","end_time":"2021-07-07T20:04:09+02:00","duration":"0:31:13.000","scoreboard_freeze_duration":"0:00:57.000","id":"3","external_id":null,"name":"test","shortname":"test"},"time":"2021-07-07T20:05:05.518+02:00"}

!Connection closed normally after event 162

!Connecting at event 162
{"id":"163","type":"state","op":"update","data":{"started":"2021-07-07T19:32:56.000+02:00","ended":"2021-07-07T20:04:09.000+02:00","frozen":"2021-07-07T20:03:12.000+02:00","thawed":"2021-07-07T20:05:05.000+02:00","finalized":"2021-07-07T20:05:10.845+02:00","end_of_updates":null},"time":"2021-07-07T20:05:11.012+02:00"}

!Connection closed normally after event 163


!Connecting at event 163
{"id":"164","type":"state","op":"update","data":{"started":"2021-07-07T19:32:56.000+02:00","ended":"2021-07-07T20:04:09.000+02:00","frozen":"2021-07-07T20:03:12.000+02:00","thawed":"2021-07-07T20:05:05.000+02:00","finalized":"2021-07-07T20:05:10.845+02:00","end_of_updates":"2021-07-07T20:05:10.845+02:00"},"time":"2021-07-07T20:05:11.015+02:00"}

!Connection closed normally after event 164

















{
    "code": 500,
    "message": "Internal Server Error"
}
!Connection closed normally after event 164
